[2.806s] Invoking command in '/home/saeesh/ros2_ws/src/turtlesim_catch_them_all': CMAKE_PREFIX_PATH=/home/saeesh/ros2_ws/install/my_robot_interfaces:/home/saeesh/ros2_ws/install/my_robot_bringup:/home/saeesh/ros2_ws/install/my_robot_description:/home/saeesh/ROS2swarm/install/communication_interfaces:/home/saeesh/turtlebot3_ws/install/turtlebot3:/home/saeesh/turtlebot3_ws/install/turtlebot3_simulations:/home/saeesh/turtlebot3_ws/install/turtlebot3_bringup:/home/saeesh/turtlebot3_ws/install/turtlebot3_node:/home/saeesh/turtlebot3_ws/install/turtlebot3_navigation2:/home/saeesh/turtlebot3_ws/install/turtlebot3_fake_node:/home/saeesh/turtlebot3_ws/install/turtlebot3_msgs:/home/saeesh/turtlebot3_ws/install/turtlebot3_gazebo:/home/saeesh/turtlebot3_ws/install/turtlebot3_description:/home/saeesh/turtlebot3_ws/install/turtlebot3_cartographer LD_LIBRARY_PATH=/home/saeesh/ros2_ws/install/my_robot_interfaces/lib:/home/saeesh/ROS2swarm/install/communication_interfaces/lib:/home/saeesh/turtlebot3_ws/install/turtlebot3_msgs/lib:/usr/lib/x86_64-linux-gnu/gazebo-11/plugins:/opt/ros/humble/opt/rviz_ogre_vendor/lib:/opt/ros/humble/lib/x86_64-linux-gnu:/opt/ros/humble/lib:/usr/share/gazebo/../../lib/x86_64-linux-gnu/gazebo-11/plugins PYTHONPATH=/home/saeesh/ros2_ws/build/turtlesim_catch_them_all/prefix_override:/home/saeesh/ros2_ws/install/turtlesim_catch_them_all/lib/python3.10/site-packages:${PYTHONPATH} /usr/bin/python3 setup.py egg_info --egg-base ../../build/turtlesim_catch_them_all build --build-base /home/saeesh/ros2_ws/build/turtlesim_catch_them_all/build install --record /home/saeesh/ros2_ws/build/turtlesim_catch_them_all/install.log --single-version-externally-managed
[3.288s] running egg_info
[3.289s] writing ../../build/turtlesim_catch_them_all/turtlesim_catch_them_all.egg-info/PKG-INFO
[3.290s] writing dependency_links to ../../build/turtlesim_catch_them_all/turtlesim_catch_them_all.egg-info/dependency_links.txt
[3.290s] writing entry points to ../../build/turtlesim_catch_them_all/turtlesim_catch_them_all.egg-info/entry_points.txt
[3.291s] writing requirements to ../../build/turtlesim_catch_them_all/turtlesim_catch_them_all.egg-info/requires.txt
[3.291s] writing top-level names to ../../build/turtlesim_catch_them_all/turtlesim_catch_them_all.egg-info/top_level.txt
[3.296s] reading manifest file '../../build/turtlesim_catch_them_all/turtlesim_catch_them_all.egg-info/SOURCES.txt'
[3.349s] writing manifest file '../../build/turtlesim_catch_them_all/turtlesim_catch_them_all.egg-info/SOURCES.txt'
[3.349s] running build
[3.350s] running build_py
[3.366s] copying turtlesim_catch_them_all/turtle_spawner.py -> /home/saeesh/ros2_ws/build/turtlesim_catch_them_all/build/lib/turtlesim_catch_them_all
[3.386s] running install
[3.386s] running install_lib
[3.411s] copying /home/saeesh/ros2_ws/build/turtlesim_catch_them_all/build/lib/turtlesim_catch_them_all/turtle_spawner.py -> /home/saeesh/ros2_ws/install/turtlesim_catch_them_all/lib/python3.10/site-packages/turtlesim_catch_them_all
[3.436s] byte-compiling /home/saeesh/ros2_ws/install/turtlesim_catch_them_all/lib/python3.10/site-packages/turtlesim_catch_them_all/turtle_spawner.py to turtle_spawner.cpython-310.pyc
[3.438s] running install_data
[3.440s] copying package.xml -> /home/saeesh/ros2_ws/install/turtlesim_catch_them_all/share/turtlesim_catch_them_all
[3.445s] running install_egg_info
[3.449s] removing '/home/saeesh/ros2_ws/install/turtlesim_catch_them_all/lib/python3.10/site-packages/turtlesim_catch_them_all-0.0.0-py3.10.egg-info' (and everything under it)
[3.450s] Copying ../../build/turtlesim_catch_them_all/turtlesim_catch_them_all.egg-info to /home/saeesh/ros2_ws/install/turtlesim_catch_them_all/lib/python3.10/site-packages/turtlesim_catch_them_all-0.0.0-py3.10.egg-info
[3.465s] running install_scripts
[3.514s] Installing turtle_controller script to /home/saeesh/ros2_ws/install/turtlesim_catch_them_all/lib/turtlesim_catch_them_all
[3.543s] Installing turtle_spawner script to /home/saeesh/ros2_ws/install/turtlesim_catch_them_all/lib/turtlesim_catch_them_all
[3.544s] writing list of installed files to '/home/saeesh/ros2_ws/build/turtlesim_catch_them_all/install.log'
[3.604s] Invoked command in '/home/saeesh/ros2_ws/src/turtlesim_catch_them_all' returned '0': CMAKE_PREFIX_PATH=/home/saeesh/ros2_ws/install/my_robot_interfaces:/home/saeesh/ros2_ws/install/my_robot_bringup:/home/saeesh/ros2_ws/install/my_robot_description:/home/saeesh/ROS2swarm/install/communication_interfaces:/home/saeesh/turtlebot3_ws/install/turtlebot3:/home/saeesh/turtlebot3_ws/install/turtlebot3_simulations:/home/saeesh/turtlebot3_ws/install/turtlebot3_bringup:/home/saeesh/turtlebot3_ws/install/turtlebot3_node:/home/saeesh/turtlebot3_ws/install/turtlebot3_navigation2:/home/saeesh/turtlebot3_ws/install/turtlebot3_fake_node:/home/saeesh/turtlebot3_ws/install/turtlebot3_msgs:/home/saeesh/turtlebot3_ws/install/turtlebot3_gazebo:/home/saeesh/turtlebot3_ws/install/turtlebot3_description:/home/saeesh/turtlebot3_ws/install/turtlebot3_cartographer LD_LIBRARY_PATH=/home/saeesh/ros2_ws/install/my_robot_interfaces/lib:/home/saeesh/ROS2swarm/install/communication_interfaces/lib:/home/saeesh/turtlebot3_ws/install/turtlebot3_msgs/lib:/usr/lib/x86_64-linux-gnu/gazebo-11/plugins:/opt/ros/humble/opt/rviz_ogre_vendor/lib:/opt/ros/humble/lib/x86_64-linux-gnu:/opt/ros/humble/lib:/usr/share/gazebo/../../lib/x86_64-linux-gnu/gazebo-11/plugins PYTHONPATH=/home/saeesh/ros2_ws/build/turtlesim_catch_them_all/prefix_override:/home/saeesh/ros2_ws/install/turtlesim_catch_them_all/lib/python3.10/site-packages:${PYTHONPATH} /usr/bin/python3 setup.py egg_info --egg-base ../../build/turtlesim_catch_them_all build --build-base /home/saeesh/ros2_ws/build/turtlesim_catch_them_all/build install --record /home/saeesh/ros2_ws/build/turtlesim_catch_them_all/install.log --single-version-externally-managed
