[0.262s] Invoking command in '/home/saeesh/ros2_ws/build/my_robot_description': CMAKE_PREFIX_PATH=${CMAKE_PREFIX_PATH}:/home/saeesh/ros2_ws/install/turtlsim_catch_them_all:/home/saeesh/ros2_ws/install/turtlesim_catch_them_all:/home/saeesh/ros2_ws/install/my_py_pkg:/opt/ros/humble /usr/bin/cmake --build /home/saeesh/ros2_ws/build/my_robot_description -- -j4 -l4
[0.753s] Invoked command in '/home/saeesh/ros2_ws/build/my_robot_description' returned '0': CMAKE_PREFIX_PATH=${CMAKE_PREFIX_PATH}:/home/saeesh/ros2_ws/install/turtlsim_catch_them_all:/home/saeesh/ros2_ws/install/turtlesim_catch_them_all:/home/saeesh/ros2_ws/install/my_py_pkg:/opt/ros/humble /usr/bin/cmake --build /home/saeesh/ros2_ws/build/my_robot_description -- -j4 -l4
[0.810s] Invoking command in '/home/saeesh/ros2_ws/build/my_robot_description': CMAKE_PREFIX_PATH=${CMAKE_PREFIX_PATH}:/home/saeesh/ros2_ws/install/turtlsim_catch_them_all:/home/saeesh/ros2_ws/install/turtlesim_catch_them_all:/home/saeesh/ros2_ws/install/my_py_pkg:/opt/ros/humble /usr/bin/cmake --install /home/saeesh/ros2_ws/build/my_robot_description
[0.837s] -- Install configuration: ""
[0.838s] -- Execute custom install script
[0.840s] -- Up-to-date symlink: /home/saeesh/ros2_ws/install/my_robot_description/share/my_robot_description//urdf/common_properties.xacro
[0.840s] -- Up-to-date symlink: /home/saeesh/ros2_ws/install/my_robot_description/share/my_robot_description//urdf/mobile_base.xacro
[0.855s] -- Up-to-date symlink: /home/saeesh/ros2_ws/install/my_robot_description/share/my_robot_description//urdf/my_robot.urdf.xacro
[0.894s] -- Up-to-date symlink: /home/saeesh/ros2_ws/install/my_robot_description/share/my_robot_description//launch/display.launch.py
[0.894s] -- Up-to-date symlink: /home/saeesh/ros2_ws/install/my_robot_description/share/my_robot_description//launch/display.launch.xml
[0.909s] -- Up-to-date symlink: /home/saeesh/ros2_ws/install/my_robot_description/share/my_robot_description//rviz/urdf_config.rviz
[0.909s] -- Up-to-date symlink: /home/saeesh/ros2_ws/install/my_robot_description/share/ament_index/resource_index/package_run_dependencies/my_robot_description
[0.910s] -- Up-to-date symlink: /home/saeesh/ros2_ws/install/my_robot_description/share/ament_index/resource_index/parent_prefix_path/my_robot_description
[0.910s] -- Up-to-date symlink: /home/saeesh/ros2_ws/install/my_robot_description/share/my_robot_description/environment/ament_prefix_path.sh
[0.911s] -- Up-to-date symlink: /home/saeesh/ros2_ws/install/my_robot_description/share/my_robot_description/environment/ament_prefix_path.dsv
[0.911s] -- Up-to-date symlink: /home/saeesh/ros2_ws/install/my_robot_description/share/my_robot_description/environment/path.sh
[0.911s] -- Up-to-date symlink: /home/saeesh/ros2_ws/install/my_robot_description/share/my_robot_description/environment/path.dsv
[0.912s] -- Up-to-date symlink: /home/saeesh/ros2_ws/install/my_robot_description/share/my_robot_description/local_setup.bash
[0.912s] -- Up-to-date symlink: /home/saeesh/ros2_ws/install/my_robot_description/share/my_robot_description/local_setup.sh
[0.913s] -- Up-to-date symlink: /home/saeesh/ros2_ws/install/my_robot_description/share/my_robot_description/local_setup.zsh
[0.913s] -- Up-to-date symlink: /home/saeesh/ros2_ws/install/my_robot_description/share/my_robot_description/local_setup.dsv
[0.913s] -- Symlinking: /home/saeesh/ros2_ws/install/my_robot_description/share/my_robot_description/package.dsv
[0.963s] -- Up-to-date symlink: /home/saeesh/ros2_ws/install/my_robot_description/share/ament_index/resource_index/packages/my_robot_description
[0.963s] -- Up-to-date symlink: /home/saeesh/ros2_ws/install/my_robot_description/share/my_robot_description/cmake/my_robot_descriptionConfig.cmake
[0.964s] -- Up-to-date symlink: /home/saeesh/ros2_ws/install/my_robot_description/share/my_robot_description/cmake/my_robot_descriptionConfig-version.cmake
[0.964s] -- Up-to-date symlink: /home/saeesh/ros2_ws/install/my_robot_description/share/my_robot_description/package.xml
[0.967s] Invoked command in '/home/saeesh/ros2_ws/build/my_robot_description' returned '0': CMAKE_PREFIX_PATH=${CMAKE_PREFIX_PATH}:/home/saeesh/ros2_ws/install/turtlsim_catch_them_all:/home/saeesh/ros2_ws/install/turtlesim_catch_them_all:/home/saeesh/ros2_ws/install/my_py_pkg:/opt/ros/humble /usr/bin/cmake --install /home/saeesh/ros2_ws/build/my_robot_description
