[1.337s] DEBUG:colcon:Command line arguments: ['/usr/bin/colcon', 'build']
[1.337s] DEBUG:colcon:Parsed command line arguments: Namespace(log_base=None, log_level=None, verb_name='build', build_base='build', install_base='install', merge_install=False, symlink_install=False, test_result_base=None, continue_on_error=False, executor='parallel', parallel_workers=4, event_handlers=None, ignore_user_meta=False, metas=['./colcon.meta'], base_paths=['.'], packages_ignore=None, packages_ignore_regex=None, paths=None, packages_up_to=None, packages_up_to_regex=None, packages_above=None, packages_above_and_dependencies=None, packages_above_depth=None, packages_select_by_dep=None, packages_skip_by_dep=None, packages_skip_up_to=None, packages_select_build_failed=False, packages_skip_build_finished=False, packages_select_test_failures=False, packages_skip_test_passed=False, packages_select=None, packages_skip=None, packages_select_regex=None, packages_skip_regex=None, packages_start=None, packages_end=None, allow_overriding=[], cmake_args=None, cmake_target=None, cmake_target_skip_unavailable=False, cmake_clean_cache=False, cmake_clean_first=False, cmake_force_configure=False, ament_cmake_args=None, catkin_cmake_args=None, catkin_skip_building_tests=False, verb_parser=<colcon_defaults.argument_parser.defaults.DefaultArgumentsDecorator object at 0x7f8312653b80>, verb_extension=<colcon_core.verb.build.BuildVerb object at 0x7f83125ff880>, main=<bound method BuildVerb.main of <colcon_core.verb.build.BuildVerb object at 0x7f83125ff880>>)
[1.394s] Level 1:colcon.colcon_core.package_discovery:discover_packages(colcon_meta) check parameters
[1.394s] Level 1:colcon.colcon_core.package_discovery:discover_packages(recursive) check parameters
[1.394s] Level 1:colcon.colcon_core.package_discovery:discover_packages(ignore) check parameters
[1.394s] Level 1:colcon.colcon_core.package_discovery:discover_packages(path) check parameters
[1.394s] Level 1:colcon.colcon_core.package_discovery:discover_packages(colcon_meta) discover
[1.394s] Level 1:colcon.colcon_core.package_discovery:discover_packages(recursive) discover
[1.394s] INFO:colcon.colcon_core.package_discovery:Crawling recursively for packages in '/home/saeesh/ros2_ws'
[1.394s] Level 1:colcon.colcon_core.package_identification:_identify(.) by extensions ['ignore', 'ignore_ament_install']
[1.394s] Level 1:colcon.colcon_core.package_identification:_identify(.) by extension 'ignore'
[1.395s] Level 1:colcon.colcon_core.package_identification:_identify(.) by extension 'ignore_ament_install'
[1.395s] Level 1:colcon.colcon_core.package_identification:_identify(.) by extensions ['colcon_pkg']
[1.395s] Level 1:colcon.colcon_core.package_identification:_identify(.) by extension 'colcon_pkg'
[1.395s] Level 1:colcon.colcon_core.package_identification:_identify(.) by extensions ['colcon_meta']
[1.395s] Level 1:colcon.colcon_core.package_identification:_identify(.) by extension 'colcon_meta'
[1.395s] Level 1:colcon.colcon_core.package_identification:_identify(.) by extensions ['ros']
[1.395s] Level 1:colcon.colcon_core.package_identification:_identify(.) by extension 'ros'
[1.407s] Level 1:colcon.colcon_core.package_identification:_identify(.) by extensions ['cmake', 'python']
[1.407s] Level 1:colcon.colcon_core.package_identification:_identify(.) by extension 'cmake'
[1.407s] Level 1:colcon.colcon_core.package_identification:_identify(.) by extension 'python'
[1.407s] Level 1:colcon.colcon_core.package_identification:_identify(.) by extensions ['python_setup_py']
[1.407s] Level 1:colcon.colcon_core.package_identification:_identify(.) by extension 'python_setup_py'
[1.408s] Level 1:colcon.colcon_core.package_identification:_identify(build) by extensions ['ignore', 'ignore_ament_install']
[1.408s] Level 1:colcon.colcon_core.package_identification:_identify(build) by extension 'ignore'
[1.408s] Level 1:colcon.colcon_core.package_identification:_identify(build) ignored
[1.408s] Level 1:colcon.colcon_core.package_identification:_identify(install) by extensions ['ignore', 'ignore_ament_install']
[1.408s] Level 1:colcon.colcon_core.package_identification:_identify(install) by extension 'ignore'
[1.408s] Level 1:colcon.colcon_core.package_identification:_identify(install) ignored
[1.408s] Level 1:colcon.colcon_core.package_identification:_identify(log) by extensions ['ignore', 'ignore_ament_install']
[1.408s] Level 1:colcon.colcon_core.package_identification:_identify(log) by extension 'ignore'
[1.408s] Level 1:colcon.colcon_core.package_identification:_identify(log) ignored
[1.408s] Level 1:colcon.colcon_core.package_identification:_identify(src) by extensions ['ignore', 'ignore_ament_install']
[1.408s] Level 1:colcon.colcon_core.package_identification:_identify(src) by extension 'ignore'
[1.409s] Level 1:colcon.colcon_core.package_identification:_identify(src) by extension 'ignore_ament_install'
[1.409s] Level 1:colcon.colcon_core.package_identification:_identify(src) by extensions ['colcon_pkg']
[1.409s] Level 1:colcon.colcon_core.package_identification:_identify(src) by extension 'colcon_pkg'
[1.409s] Level 1:colcon.colcon_core.package_identification:_identify(src) by extensions ['colcon_meta']
[1.409s] Level 1:colcon.colcon_core.package_identification:_identify(src) by extension 'colcon_meta'
[1.409s] Level 1:colcon.colcon_core.package_identification:_identify(src) by extensions ['ros']
[1.409s] Level 1:colcon.colcon_core.package_identification:_identify(src) by extension 'ros'
[1.409s] Level 1:colcon.colcon_core.package_identification:_identify(src) by extensions ['cmake', 'python']
[1.409s] Level 1:colcon.colcon_core.package_identification:_identify(src) by extension 'cmake'
[1.409s] Level 1:colcon.colcon_core.package_identification:_identify(src) by extension 'python'
[1.409s] Level 1:colcon.colcon_core.package_identification:_identify(src) by extensions ['python_setup_py']
[1.409s] Level 1:colcon.colcon_core.package_identification:_identify(src) by extension 'python_setup_py'
[1.409s] Level 1:colcon.colcon_core.package_identification:_identify(src/my_py_pkg) by extensions ['ignore', 'ignore_ament_install']
[1.409s] Level 1:colcon.colcon_core.package_identification:_identify(src/my_py_pkg) by extension 'ignore'
[1.409s] Level 1:colcon.colcon_core.package_identification:_identify(src/my_py_pkg) by extension 'ignore_ament_install'
[1.409s] Level 1:colcon.colcon_core.package_identification:_identify(src/my_py_pkg) by extensions ['colcon_pkg']
[1.409s] Level 1:colcon.colcon_core.package_identification:_identify(src/my_py_pkg) by extension 'colcon_pkg'
[1.409s] Level 1:colcon.colcon_core.package_identification:_identify(src/my_py_pkg) by extensions ['colcon_meta']
[1.409s] Level 1:colcon.colcon_core.package_identification:_identify(src/my_py_pkg) by extension 'colcon_meta'
[1.410s] Level 1:colcon.colcon_core.package_identification:_identify(src/my_py_pkg) by extensions ['ros']
[1.410s] Level 1:colcon.colcon_core.package_identification:_identify(src/my_py_pkg) by extension 'ros'
[1.412s] DEBUG:colcon.colcon_core.package_identification:Package 'src/my_py_pkg' with type 'ros.ament_python' and name 'my_py_pkg'
[1.413s] Level 1:colcon.colcon_core.package_identification:_identify(src/my_robot_interfaces) by extensions ['ignore', 'ignore_ament_install']
[1.413s] Level 1:colcon.colcon_core.package_identification:_identify(src/my_robot_interfaces) by extension 'ignore'
[1.413s] Level 1:colcon.colcon_core.package_identification:_identify(src/my_robot_interfaces) by extension 'ignore_ament_install'
[1.413s] Level 1:colcon.colcon_core.package_identification:_identify(src/my_robot_interfaces) by extensions ['colcon_pkg']
[1.413s] Level 1:colcon.colcon_core.package_identification:_identify(src/my_robot_interfaces) by extension 'colcon_pkg'
[1.413s] Level 1:colcon.colcon_core.package_identification:_identify(src/my_robot_interfaces) by extensions ['colcon_meta']
[1.413s] Level 1:colcon.colcon_core.package_identification:_identify(src/my_robot_interfaces) by extension 'colcon_meta'
[1.413s] Level 1:colcon.colcon_core.package_identification:_identify(src/my_robot_interfaces) by extensions ['ros']
[1.413s] Level 1:colcon.colcon_core.package_identification:_identify(src/my_robot_interfaces) by extension 'ros'
[1.414s] DEBUG:colcon.colcon_core.package_identification:Package 'src/my_robot_interfaces' with type 'ros.ament_cmake' and name 'my_robot_interfaces'
[1.414s] Level 1:colcon.colcon_core.package_discovery:discover_packages(recursive) using defaults
[1.414s] Level 1:colcon.colcon_core.package_discovery:discover_packages(ignore) discover
[1.414s] Level 1:colcon.colcon_core.package_discovery:discover_packages(ignore) using defaults
[1.414s] Level 1:colcon.colcon_core.package_discovery:discover_packages(path) discover
[1.414s] Level 1:colcon.colcon_core.package_discovery:discover_packages(path) using defaults
[1.527s] Level 1:colcon.colcon_core.package_discovery:discover_packages(prefix_path) check parameters
[1.527s] Level 1:colcon.colcon_core.package_discovery:discover_packages(prefix_path) discover
[1.567s] DEBUG:colcon.colcon_installed_package_information.package_discovery:Found 2 installed packages in /home/saeesh/ros2_ws/install
[1.588s] DEBUG:colcon.colcon_installed_package_information.package_discovery:Found 270 installed packages in /opt/ros/humble
[1.606s] Level 1:colcon.colcon_core.package_discovery:discover_packages(prefix_path) using defaults
[1.712s] Level 5:colcon.colcon_core.verb:set package 'my_py_pkg' build argument 'cmake_args' from command line to 'None'
[1.712s] Level 5:colcon.colcon_core.verb:set package 'my_py_pkg' build argument 'cmake_target' from command line to 'None'
[1.713s] Level 5:colcon.colcon_core.verb:set package 'my_py_pkg' build argument 'cmake_target_skip_unavailable' from command line to 'False'
[1.713s] Level 5:colcon.colcon_core.verb:set package 'my_py_pkg' build argument 'cmake_clean_cache' from command line to 'False'
[1.713s] Level 5:colcon.colcon_core.verb:set package 'my_py_pkg' build argument 'cmake_clean_first' from command line to 'False'
[1.713s] Level 5:colcon.colcon_core.verb:set package 'my_py_pkg' build argument 'cmake_force_configure' from command line to 'False'
[1.713s] Level 5:colcon.colcon_core.verb:set package 'my_py_pkg' build argument 'ament_cmake_args' from command line to 'None'
[1.713s] Level 5:colcon.colcon_core.verb:set package 'my_py_pkg' build argument 'catkin_cmake_args' from command line to 'None'
[1.713s] Level 5:colcon.colcon_core.verb:set package 'my_py_pkg' build argument 'catkin_skip_building_tests' from command line to 'False'
[1.713s] DEBUG:colcon.colcon_core.verb:Building package 'my_py_pkg' with the following arguments: {'ament_cmake_args': None, 'build_base': '/home/saeesh/ros2_ws/build/my_py_pkg', 'catkin_cmake_args': None, 'catkin_skip_building_tests': False, 'cmake_args': None, 'cmake_clean_cache': False, 'cmake_clean_first': False, 'cmake_force_configure': False, 'cmake_target': None, 'cmake_target_skip_unavailable': False, 'install_base': '/home/saeesh/ros2_ws/install/my_py_pkg', 'merge_install': False, 'path': '/home/saeesh/ros2_ws/src/my_py_pkg', 'symlink_install': False, 'test_result_base': None}
[1.733s] Level 5:colcon.colcon_core.verb:set package 'my_robot_interfaces' build argument 'cmake_args' from command line to 'None'
[1.733s] Level 5:colcon.colcon_core.verb:set package 'my_robot_interfaces' build argument 'cmake_target' from command line to 'None'
[1.733s] Level 5:colcon.colcon_core.verb:set package 'my_robot_interfaces' build argument 'cmake_target_skip_unavailable' from command line to 'False'
[1.733s] Level 5:colcon.colcon_core.verb:set package 'my_robot_interfaces' build argument 'cmake_clean_cache' from command line to 'False'
[1.733s] Level 5:colcon.colcon_core.verb:set package 'my_robot_interfaces' build argument 'cmake_clean_first' from command line to 'False'
[1.733s] Level 5:colcon.colcon_core.verb:set package 'my_robot_interfaces' build argument 'cmake_force_configure' from command line to 'False'
[1.733s] Level 5:colcon.colcon_core.verb:set package 'my_robot_interfaces' build argument 'ament_cmake_args' from command line to 'None'
[1.733s] Level 5:colcon.colcon_core.verb:set package 'my_robot_interfaces' build argument 'catkin_cmake_args' from command line to 'None'
[1.733s] Level 5:colcon.colcon_core.verb:set package 'my_robot_interfaces' build argument 'catkin_skip_building_tests' from command line to 'False'
[1.733s] DEBUG:colcon.colcon_core.verb:Building package 'my_robot_interfaces' with the following arguments: {'ament_cmake_args': None, 'build_base': '/home/saeesh/ros2_ws/build/my_robot_interfaces', 'catkin_cmake_args': None, 'catkin_skip_building_tests': False, 'cmake_args': None, 'cmake_clean_cache': False, 'cmake_clean_first': False, 'cmake_force_configure': False, 'cmake_target': None, 'cmake_target_skip_unavailable': False, 'install_base': '/home/saeesh/ros2_ws/install/my_robot_interfaces', 'merge_install': False, 'path': '/home/saeesh/ros2_ws/src/my_robot_interfaces', 'symlink_install': False, 'test_result_base': None}
[1.753s] INFO:colcon.colcon_core.executor:Executing jobs using 'parallel' executor
[1.774s] DEBUG:colcon.colcon_parallel_executor.executor.parallel:run_until_complete
[1.774s] INFO:colcon.colcon_ros.task.ament_python.build:Building ROS package in '/home/saeesh/ros2_ws/src/my_py_pkg' with build type 'ament_python'
[1.774s] Level 1:colcon.colcon_core.shell:create_environment_hook('my_py_pkg', 'ament_prefix_path')
[1.796s] INFO:colcon.colcon_core.plugin_system:Skipping extension 'colcon_core.shell.bat': Not used on non-Windows systems
[1.796s] INFO:colcon.colcon_core.shell:Creating environment hook '/home/saeesh/ros2_ws/install/my_py_pkg/share/my_py_pkg/hook/ament_prefix_path.ps1'
[1.797s] INFO:colcon.colcon_core.shell:Creating environment descriptor '/home/saeesh/ros2_ws/install/my_py_pkg/share/my_py_pkg/hook/ament_prefix_path.dsv'
[1.797s] INFO:colcon.colcon_core.shell:Creating environment hook '/home/saeesh/ros2_ws/install/my_py_pkg/share/my_py_pkg/hook/ament_prefix_path.sh'
[1.821s] INFO:colcon.colcon_core.shell:Skip shell extension 'powershell' for command environment: Not usable outside of PowerShell
[1.821s] DEBUG:colcon.colcon_core.shell:Skip shell extension 'dsv' for command environment
[1.884s] INFO:colcon.colcon_ros.task.ament_cmake.build:Building ROS package in '/home/saeesh/ros2_ws/src/my_robot_interfaces' with build type 'ament_cmake'
[1.884s] INFO:colcon.colcon_cmake.task.cmake.build:Building CMake package in '/home/saeesh/ros2_ws/src/my_robot_interfaces'
[1.906s] INFO:colcon.colcon_core.shell:Skip shell extension 'powershell' for command environment: Not usable outside of PowerShell
[1.907s] DEBUG:colcon.colcon_core.shell:Skip shell extension 'dsv' for command environment
[2.320s] INFO:colcon.colcon_core.task.python.build:Building Python package in '/home/saeesh/ros2_ws/src/my_py_pkg'
[2.341s] INFO:colcon.colcon_core.shell:Skip shell extension 'powershell' for command environment: Not usable outside of PowerShell
[2.341s] DEBUG:colcon.colcon_core.shell:Skip shell extension 'dsv' for command environment
[2.408s] DEBUG:colcon.colcon_core.event_handler.log_command:Invoking command in '/home/saeesh/ros2_ws/build/my_robot_interfaces': CMAKE_PREFIX_PATH=/home/saeesh/ros2_ws/install/my_py_pkg:/opt/ros/humble /usr/bin/cmake /home/saeesh/ros2_ws/src/my_robot_interfaces -DCMAKE_INSTALL_PREFIX=/home/saeesh/ros2_ws/install/my_robot_interfaces
[2.733s] DEBUG:colcon.colcon_core.event_handler.log_command:Invoked command in '/home/saeesh/ros2_ws/build/my_robot_interfaces' returned '1': CMAKE_PREFIX_PATH=/home/saeesh/ros2_ws/install/my_py_pkg:/opt/ros/humble /usr/bin/cmake /home/saeesh/ros2_ws/src/my_robot_interfaces -DCMAKE_INSTALL_PREFIX=/home/saeesh/ros2_ws/install/my_robot_interfaces
[2.754s] Level 1:colcon.colcon_core.environment:create_environment_scripts_only(my_robot_interfaces)
[2.787s] Level 1:colcon.colcon_core.environment:checking '/home/saeesh/ros2_ws/install/my_robot_interfaces' for CMake module files
[2.788s] Level 1:colcon.colcon_core.environment:checking '/home/saeesh/ros2_ws/install/my_robot_interfaces' for CMake config files
[2.788s] Level 1:colcon.colcon_core.environment:checking '/home/saeesh/ros2_ws/install/my_robot_interfaces/bin'
[2.789s] Level 1:colcon.colcon_core.environment:checking '/home/saeesh/ros2_ws/install/my_robot_interfaces/lib/pkgconfig/my_robot_interfaces.pc'
[2.789s] Level 1:colcon.colcon_core.environment:checking '/home/saeesh/ros2_ws/install/my_robot_interfaces/lib/python3.10/site-packages'
[2.789s] Level 1:colcon.colcon_core.environment:checking '/home/saeesh/ros2_ws/install/my_robot_interfaces/bin'
[2.820s] INFO:colcon.colcon_core.shell:Creating package script '/home/saeesh/ros2_ws/install/my_robot_interfaces/share/my_robot_interfaces/package.ps1'
[2.822s] INFO:colcon.colcon_core.shell:Creating package descriptor '/home/saeesh/ros2_ws/install/my_robot_interfaces/share/my_robot_interfaces/package.dsv'
[2.822s] INFO:colcon.colcon_core.shell:Creating package script '/home/saeesh/ros2_ws/install/my_robot_interfaces/share/my_robot_interfaces/package.sh'
[2.824s] INFO:colcon.colcon_core.shell:Creating package script '/home/saeesh/ros2_ws/install/my_robot_interfaces/share/my_robot_interfaces/package.bash'
[2.825s] INFO:colcon.colcon_core.shell:Creating package script '/home/saeesh/ros2_ws/install/my_robot_interfaces/share/my_robot_interfaces/package.zsh'
[2.826s] Level 1:colcon.colcon_core.environment:create_file_with_runtime_dependencies(/home/saeesh/ros2_ws/install/my_robot_interfaces/share/colcon-core/packages/my_robot_interfaces)
[2.964s] DEBUG:colcon.colcon_parallel_executor.executor.parallel:closing loop
[2.964s] DEBUG:colcon.colcon_parallel_executor.executor.parallel:loop closed
[2.964s] DEBUG:colcon.colcon_parallel_executor.executor.parallel:run_until_complete finished with '1'
[2.965s] DEBUG:colcon.colcon_core.event_reactor:joining thread
[3.032s] INFO:colcon.colcon_core.plugin_system:Skipping extension 'colcon_notification.desktop_notification.terminal_notifier': Not used on non-Darwin systems
[3.032s] INFO:colcon.colcon_core.plugin_system:Skipping extension 'colcon_notification.desktop_notification.win32': Not used on non-Windows systems
[3.032s] INFO:colcon.colcon_notification.desktop_notification:Sending desktop notification using 'notify2'
[3.056s] DEBUG:colcon.colcon_core.event_reactor:joined thread
[3.111s] INFO:colcon.colcon_core.shell:Creating prefix script '/home/saeesh/ros2_ws/install/local_setup.ps1'
[3.113s] INFO:colcon.colcon_core.shell:Creating prefix util module '/home/saeesh/ros2_ws/install/_local_setup_util_ps1.py'
[3.116s] INFO:colcon.colcon_core.shell:Creating prefix chain script '/home/saeesh/ros2_ws/install/setup.ps1'
[3.165s] INFO:colcon.colcon_core.shell:Creating prefix script '/home/saeesh/ros2_ws/install/local_setup.sh'
[3.166s] INFO:colcon.colcon_core.shell:Creating prefix util module '/home/saeesh/ros2_ws/install/_local_setup_util_sh.py'
[3.168s] INFO:colcon.colcon_core.shell:Creating prefix chain script '/home/saeesh/ros2_ws/install/setup.sh'
[3.216s] INFO:colcon.colcon_core.shell:Creating prefix script '/home/saeesh/ros2_ws/install/local_setup.bash'
[3.218s] INFO:colcon.colcon_core.shell:Creating prefix chain script '/home/saeesh/ros2_ws/install/setup.bash'
[3.266s] INFO:colcon.colcon_core.shell:Creating prefix script '/home/saeesh/ros2_ws/install/local_setup.zsh'
[3.267s] INFO:colcon.colcon_core.shell:Creating prefix chain script '/home/saeesh/ros2_ws/install/setup.zsh'
