[1.049s] Invoking command in '/home/saeesh/ros2_ws/build/my_robot_description': CMAKE_PREFIX_PATH=${CMAKE_PREFIX_PATH}:/home/saeesh/ros2_ws/install/turtlsim_catch_them_all:/home/saeesh/ros2_ws/install/turtlesim_catch_them_all:/home/saeesh/ros2_ws/install/my_py_pkg:/opt/ros/humble /usr/bin/cmake --build /home/saeesh/ros2_ws/build/my_robot_description -- -j4 -l4
[1.178s] Invoked command in '/home/saeesh/ros2_ws/build/my_robot_description' returned '0': CMAKE_PREFIX_PATH=${CMAKE_PREFIX_PATH}:/home/saeesh/ros2_ws/install/turtlsim_catch_them_all:/home/saeesh/ros2_ws/install/turtlesim_catch_them_all:/home/saeesh/ros2_ws/install/my_py_pkg:/opt/ros/humble /usr/bin/cmake --build /home/saeesh/ros2_ws/build/my_robot_description -- -j4 -l4
[1.273s] Invoking command in '/home/saeesh/ros2_ws/build/my_robot_description': CMAKE_PREFIX_PATH=${CMAKE_PREFIX_PATH}:/home/saeesh/ros2_ws/install/turtlsim_catch_them_all:/home/saeesh/ros2_ws/install/turtlesim_catch_them_all:/home/saeesh/ros2_ws/install/my_py_pkg:/opt/ros/humble /usr/bin/cmake --install /home/saeesh/ros2_ws/build/my_robot_description
[1.293s] -- Install configuration: ""
[1.294s] -- Up-to-date: /home/saeesh/ros2_ws/install/my_robot_description/share/my_robot_description//urdf
[1.294s] -- Up-to-date: /home/saeesh/ros2_ws/install/my_robot_description/share/my_robot_description//urdf/my_robot.urdf
[1.294s] -- Up-to-date: /home/saeesh/ros2_ws/install/my_robot_description/share/my_robot_description//launch
[1.294s] -- Installing: /home/saeesh/ros2_ws/install/my_robot_description/share/my_robot_description//launch/display.launch.xml
[1.295s] -- Up-to-date: /home/saeesh/ros2_ws/install/my_robot_description/share/ament_index/resource_index/package_run_dependencies/my_robot_description
[1.295s] -- Up-to-date: /home/saeesh/ros2_ws/install/my_robot_description/share/ament_index/resource_index/parent_prefix_path/my_robot_description
[1.295s] -- Up-to-date: /home/saeesh/ros2_ws/install/my_robot_description/share/my_robot_description/environment/ament_prefix_path.sh
[1.296s] -- Up-to-date: /home/saeesh/ros2_ws/install/my_robot_description/share/my_robot_description/environment/ament_prefix_path.dsv
[1.296s] -- Up-to-date: /home/saeesh/ros2_ws/install/my_robot_description/share/my_robot_description/environment/path.sh
[1.296s] -- Up-to-date: /home/saeesh/ros2_ws/install/my_robot_description/share/my_robot_description/environment/path.dsv
[1.297s] -- Up-to-date: /home/saeesh/ros2_ws/install/my_robot_description/share/my_robot_description/local_setup.bash
[1.297s] -- Up-to-date: /home/saeesh/ros2_ws/install/my_robot_description/share/my_robot_description/local_setup.sh
[1.297s] -- Up-to-date: /home/saeesh/ros2_ws/install/my_robot_description/share/my_robot_description/local_setup.zsh
[1.298s] -- Up-to-date: /home/saeesh/ros2_ws/install/my_robot_description/share/my_robot_description/local_setup.dsv
[1.298s] -- Installing: /home/saeesh/ros2_ws/install/my_robot_description/share/my_robot_description/package.dsv
[1.298s] -- Up-to-date: /home/saeesh/ros2_ws/install/my_robot_description/share/ament_index/resource_index/packages/my_robot_description
[1.298s] -- Up-to-date: /home/saeesh/ros2_ws/install/my_robot_description/share/my_robot_description/cmake/my_robot_descriptionConfig.cmake
[1.298s] -- Up-to-date: /home/saeesh/ros2_ws/install/my_robot_description/share/my_robot_description/cmake/my_robot_descriptionConfig-version.cmake
[1.299s] -- Up-to-date: /home/saeesh/ros2_ws/install/my_robot_description/share/my_robot_description/package.xml
[1.303s] Invoked command in '/home/saeesh/ros2_ws/build/my_robot_description' returned '0': CMAKE_PREFIX_PATH=${CMAKE_PREFIX_PATH}:/home/saeesh/ros2_ws/install/turtlsim_catch_them_all:/home/saeesh/ros2_ws/install/turtlesim_catch_them_all:/home/saeesh/ros2_ws/install/my_py_pkg:/opt/ros/humble /usr/bin/cmake --install /home/saeesh/ros2_ws/build/my_robot_description
