[2.000s] DEBUG:colcon:Command line arguments: ['/usr/bin/colcon', 'build', '--packages-select', 'my_robot_interface']
[2.000s] DEBUG:colcon:Parsed command line arguments: Namespace(log_base=None, log_level=None, verb_name='build', build_base='build', install_base='install', merge_install=False, symlink_install=False, test_result_base=None, continue_on_error=False, executor='parallel', parallel_workers=4, event_handlers=None, ignore_user_meta=False, metas=['./colcon.meta'], base_paths=['.'], packages_ignore=None, packages_ignore_regex=None, paths=None, packages_up_to=None, packages_up_to_regex=None, packages_above=None, packages_above_and_dependencies=None, packages_above_depth=None, packages_select_by_dep=None, packages_skip_by_dep=None, packages_skip_up_to=None, packages_select_build_failed=False, packages_skip_build_finished=False, packages_select_test_failures=False, packages_skip_test_passed=False, packages_select=['my_robot_interface'], packages_skip=None, packages_select_regex=None, packages_skip_regex=None, packages_start=None, packages_end=None, allow_overriding=[], cmake_args=None, cmake_target=None, cmake_target_skip_unavailable=False, cmake_clean_cache=False, cmake_clean_first=False, cmake_force_configure=False, ament_cmake_args=None, catkin_cmake_args=None, catkin_skip_building_tests=False, verb_parser=<colcon_defaults.argument_parser.defaults.DefaultArgumentsDecorator object at 0x7984a9c3c070>, verb_extension=<colcon_core.verb.build.BuildVerb object at 0x7984a9db5a20>, main=<bound method BuildVerb.main of <colcon_core.verb.build.BuildVerb object at 0x7984a9db5a20>>)
[2.065s] Level 1:colcon.colcon_core.package_discovery:discover_packages(colcon_meta) check parameters
[2.065s] Level 1:colcon.colcon_core.package_discovery:discover_packages(recursive) check parameters
[2.065s] Level 1:colcon.colcon_core.package_discovery:discover_packages(ignore) check parameters
[2.065s] Level 1:colcon.colcon_core.package_discovery:discover_packages(path) check parameters
[2.065s] Level 1:colcon.colcon_core.package_discovery:discover_packages(colcon_meta) discover
[2.065s] Level 1:colcon.colcon_core.package_discovery:discover_packages(recursive) discover
[2.065s] INFO:colcon.colcon_core.package_discovery:Crawling recursively for packages in '/home/saeesh/ros2_ws'
[2.065s] Level 1:colcon.colcon_core.package_identification:_identify(.) by extensions ['ignore', 'ignore_ament_install']
[2.065s] Level 1:colcon.colcon_core.package_identification:_identify(.) by extension 'ignore'
[2.065s] Level 1:colcon.colcon_core.package_identification:_identify(.) by extension 'ignore_ament_install'
[2.065s] Level 1:colcon.colcon_core.package_identification:_identify(.) by extensions ['colcon_pkg']
[2.065s] Level 1:colcon.colcon_core.package_identification:_identify(.) by extension 'colcon_pkg'
[2.066s] Level 1:colcon.colcon_core.package_identification:_identify(.) by extensions ['colcon_meta']
[2.066s] Level 1:colcon.colcon_core.package_identification:_identify(.) by extension 'colcon_meta'
[2.066s] Level 1:colcon.colcon_core.package_identification:_identify(.) by extensions ['ros']
[2.066s] Level 1:colcon.colcon_core.package_identification:_identify(.) by extension 'ros'
[2.079s] Level 1:colcon.colcon_core.package_identification:_identify(.) by extensions ['cmake', 'python']
[2.079s] Level 1:colcon.colcon_core.package_identification:_identify(.) by extension 'cmake'
[2.079s] Level 1:colcon.colcon_core.package_identification:_identify(.) by extension 'python'
[2.079s] Level 1:colcon.colcon_core.package_identification:_identify(.) by extensions ['python_setup_py']
[2.079s] Level 1:colcon.colcon_core.package_identification:_identify(.) by extension 'python_setup_py'
[2.079s] Level 1:colcon.colcon_core.package_identification:_identify(build) by extensions ['ignore', 'ignore_ament_install']
[2.079s] Level 1:colcon.colcon_core.package_identification:_identify(build) by extension 'ignore'
[2.079s] Level 1:colcon.colcon_core.package_identification:_identify(build) ignored
[2.080s] Level 1:colcon.colcon_core.package_identification:_identify(install) by extensions ['ignore', 'ignore_ament_install']
[2.080s] Level 1:colcon.colcon_core.package_identification:_identify(install) by extension 'ignore'
[2.080s] Level 1:colcon.colcon_core.package_identification:_identify(install) ignored
[2.080s] Level 1:colcon.colcon_core.package_identification:_identify(log) by extensions ['ignore', 'ignore_ament_install']
[2.080s] Level 1:colcon.colcon_core.package_identification:_identify(log) by extension 'ignore'
[2.080s] Level 1:colcon.colcon_core.package_identification:_identify(log) ignored
[2.080s] Level 1:colcon.colcon_core.package_identification:_identify(src) by extensions ['ignore', 'ignore_ament_install']
[2.080s] Level 1:colcon.colcon_core.package_identification:_identify(src) by extension 'ignore'
[2.080s] Level 1:colcon.colcon_core.package_identification:_identify(src) by extension 'ignore_ament_install'
[2.080s] Level 1:colcon.colcon_core.package_identification:_identify(src) by extensions ['colcon_pkg']
[2.080s] Level 1:colcon.colcon_core.package_identification:_identify(src) by extension 'colcon_pkg'
[2.081s] Level 1:colcon.colcon_core.package_identification:_identify(src) by extensions ['colcon_meta']
[2.081s] Level 1:colcon.colcon_core.package_identification:_identify(src) by extension 'colcon_meta'
[2.081s] Level 1:colcon.colcon_core.package_identification:_identify(src) by extensions ['ros']
[2.081s] Level 1:colcon.colcon_core.package_identification:_identify(src) by extension 'ros'
[2.081s] Level 1:colcon.colcon_core.package_identification:_identify(src) by extensions ['cmake', 'python']
[2.081s] Level 1:colcon.colcon_core.package_identification:_identify(src) by extension 'cmake'
[2.081s] Level 1:colcon.colcon_core.package_identification:_identify(src) by extension 'python'
[2.081s] Level 1:colcon.colcon_core.package_identification:_identify(src) by extensions ['python_setup_py']
[2.081s] Level 1:colcon.colcon_core.package_identification:_identify(src) by extension 'python_setup_py'
[2.081s] Level 1:colcon.colcon_core.package_identification:_identify(src/microROS_bot) by extensions ['ignore', 'ignore_ament_install']
[2.081s] Level 1:colcon.colcon_core.package_identification:_identify(src/microROS_bot) by extension 'ignore'
[2.081s] Level 1:colcon.colcon_core.package_identification:_identify(src/microROS_bot) by extension 'ignore_ament_install'
[2.081s] Level 1:colcon.colcon_core.package_identification:_identify(src/microROS_bot) by extensions ['colcon_pkg']
[2.081s] Level 1:colcon.colcon_core.package_identification:_identify(src/microROS_bot) by extension 'colcon_pkg'
[2.081s] Level 1:colcon.colcon_core.package_identification:_identify(src/microROS_bot) by extensions ['colcon_meta']
[2.081s] Level 1:colcon.colcon_core.package_identification:_identify(src/microROS_bot) by extension 'colcon_meta'
[2.081s] Level 1:colcon.colcon_core.package_identification:_identify(src/microROS_bot) by extensions ['ros']
[2.081s] Level 1:colcon.colcon_core.package_identification:_identify(src/microROS_bot) by extension 'ros'
[2.082s] Level 1:colcon.colcon_core.package_identification:_identify(src/microROS_bot) by extensions ['cmake', 'python']
[2.082s] Level 1:colcon.colcon_core.package_identification:_identify(src/microROS_bot) by extension 'cmake'
[2.082s] Level 1:colcon.colcon_core.package_identification:_identify(src/microROS_bot) by extension 'python'
[2.082s] Level 1:colcon.colcon_core.package_identification:_identify(src/microROS_bot) by extensions ['python_setup_py']
[2.082s] Level 1:colcon.colcon_core.package_identification:_identify(src/microROS_bot) by extension 'python_setup_py'
[2.082s] Level 1:colcon.colcon_core.package_identification:_identify(src/microROS_bot/include) by extensions ['ignore', 'ignore_ament_install']
[2.082s] Level 1:colcon.colcon_core.package_identification:_identify(src/microROS_bot/include) by extension 'ignore'
[2.082s] Level 1:colcon.colcon_core.package_identification:_identify(src/microROS_bot/include) by extension 'ignore_ament_install'
[2.082s] Level 1:colcon.colcon_core.package_identification:_identify(src/microROS_bot/include) by extensions ['colcon_pkg']
[2.082s] Level 1:colcon.colcon_core.package_identification:_identify(src/microROS_bot/include) by extension 'colcon_pkg'
[2.082s] Level 1:colcon.colcon_core.package_identification:_identify(src/microROS_bot/include) by extensions ['colcon_meta']
[2.082s] Level 1:colcon.colcon_core.package_identification:_identify(src/microROS_bot/include) by extension 'colcon_meta'
[2.082s] Level 1:colcon.colcon_core.package_identification:_identify(src/microROS_bot/include) by extensions ['ros']
[2.082s] Level 1:colcon.colcon_core.package_identification:_identify(src/microROS_bot/include) by extension 'ros'
[2.082s] Level 1:colcon.colcon_core.package_identification:_identify(src/microROS_bot/include) by extensions ['cmake', 'python']
[2.082s] Level 1:colcon.colcon_core.package_identification:_identify(src/microROS_bot/include) by extension 'cmake'
[2.082s] Level 1:colcon.colcon_core.package_identification:_identify(src/microROS_bot/include) by extension 'python'
[2.082s] Level 1:colcon.colcon_core.package_identification:_identify(src/microROS_bot/include) by extensions ['python_setup_py']
[2.083s] Level 1:colcon.colcon_core.package_identification:_identify(src/microROS_bot/include) by extension 'python_setup_py'
[2.083s] Level 1:colcon.colcon_core.package_identification:_identify(src/microROS_bot/lib) by extensions ['ignore', 'ignore_ament_install']
[2.083s] Level 1:colcon.colcon_core.package_identification:_identify(src/microROS_bot/lib) by extension 'ignore'
[2.083s] Level 1:colcon.colcon_core.package_identification:_identify(src/microROS_bot/lib) by extension 'ignore_ament_install'
[2.083s] Level 1:colcon.colcon_core.package_identification:_identify(src/microROS_bot/lib) by extensions ['colcon_pkg']
[2.083s] Level 1:colcon.colcon_core.package_identification:_identify(src/microROS_bot/lib) by extension 'colcon_pkg'
[2.083s] Level 1:colcon.colcon_core.package_identification:_identify(src/microROS_bot/lib) by extensions ['colcon_meta']
[2.083s] Level 1:colcon.colcon_core.package_identification:_identify(src/microROS_bot/lib) by extension 'colcon_meta'
[2.083s] Level 1:colcon.colcon_core.package_identification:_identify(src/microROS_bot/lib) by extensions ['ros']
[2.083s] Level 1:colcon.colcon_core.package_identification:_identify(src/microROS_bot/lib) by extension 'ros'
[2.083s] Level 1:colcon.colcon_core.package_identification:_identify(src/microROS_bot/lib) by extensions ['cmake', 'python']
[2.083s] Level 1:colcon.colcon_core.package_identification:_identify(src/microROS_bot/lib) by extension 'cmake'
[2.083s] Level 1:colcon.colcon_core.package_identification:_identify(src/microROS_bot/lib) by extension 'python'
[2.083s] Level 1:colcon.colcon_core.package_identification:_identify(src/microROS_bot/lib) by extensions ['python_setup_py']
[2.083s] Level 1:colcon.colcon_core.package_identification:_identify(src/microROS_bot/lib) by extension 'python_setup_py'
[2.083s] Level 1:colcon.colcon_core.package_identification:_identify(src/microROS_bot/lib/motor_control) by extensions ['ignore', 'ignore_ament_install']
[2.084s] Level 1:colcon.colcon_core.package_identification:_identify(src/microROS_bot/lib/motor_control) by extension 'ignore'
[2.084s] Level 1:colcon.colcon_core.package_identification:_identify(src/microROS_bot/lib/motor_control) by extension 'ignore_ament_install'
[2.084s] Level 1:colcon.colcon_core.package_identification:_identify(src/microROS_bot/lib/motor_control) by extensions ['colcon_pkg']
[2.084s] Level 1:colcon.colcon_core.package_identification:_identify(src/microROS_bot/lib/motor_control) by extension 'colcon_pkg'
[2.084s] Level 1:colcon.colcon_core.package_identification:_identify(src/microROS_bot/lib/motor_control) by extensions ['colcon_meta']
[2.084s] Level 1:colcon.colcon_core.package_identification:_identify(src/microROS_bot/lib/motor_control) by extension 'colcon_meta'
[2.084s] Level 1:colcon.colcon_core.package_identification:_identify(src/microROS_bot/lib/motor_control) by extensions ['ros']
[2.084s] Level 1:colcon.colcon_core.package_identification:_identify(src/microROS_bot/lib/motor_control) by extension 'ros'
[2.084s] Level 1:colcon.colcon_core.package_identification:_identify(src/microROS_bot/lib/motor_control) by extensions ['cmake', 'python']
[2.084s] Level 1:colcon.colcon_core.package_identification:_identify(src/microROS_bot/lib/motor_control) by extension 'cmake'
[2.084s] Level 1:colcon.colcon_core.package_identification:_identify(src/microROS_bot/lib/motor_control) by extension 'python'
[2.084s] Level 1:colcon.colcon_core.package_identification:_identify(src/microROS_bot/lib/motor_control) by extensions ['python_setup_py']
[2.084s] Level 1:colcon.colcon_core.package_identification:_identify(src/microROS_bot/lib/motor_control) by extension 'python_setup_py'
[2.084s] Level 1:colcon.colcon_core.package_identification:_identify(src/microROS_bot/lib/oled_display) by extensions ['ignore', 'ignore_ament_install']
[2.084s] Level 1:colcon.colcon_core.package_identification:_identify(src/microROS_bot/lib/oled_display) by extension 'ignore'
[2.084s] Level 1:colcon.colcon_core.package_identification:_identify(src/microROS_bot/lib/oled_display) by extension 'ignore_ament_install'
[2.084s] Level 1:colcon.colcon_core.package_identification:_identify(src/microROS_bot/lib/oled_display) by extensions ['colcon_pkg']
[2.084s] Level 1:colcon.colcon_core.package_identification:_identify(src/microROS_bot/lib/oled_display) by extension 'colcon_pkg'
[2.085s] Level 1:colcon.colcon_core.package_identification:_identify(src/microROS_bot/lib/oled_display) by extensions ['colcon_meta']
[2.085s] Level 1:colcon.colcon_core.package_identification:_identify(src/microROS_bot/lib/oled_display) by extension 'colcon_meta'
[2.085s] Level 1:colcon.colcon_core.package_identification:_identify(src/microROS_bot/lib/oled_display) by extensions ['ros']
[2.085s] Level 1:colcon.colcon_core.package_identification:_identify(src/microROS_bot/lib/oled_display) by extension 'ros'
[2.085s] Level 1:colcon.colcon_core.package_identification:_identify(src/microROS_bot/lib/oled_display) by extensions ['cmake', 'python']
[2.085s] Level 1:colcon.colcon_core.package_identification:_identify(src/microROS_bot/lib/oled_display) by extension 'cmake'
[2.085s] Level 1:colcon.colcon_core.package_identification:_identify(src/microROS_bot/lib/oled_display) by extension 'python'
[2.085s] Level 1:colcon.colcon_core.package_identification:_identify(src/microROS_bot/lib/oled_display) by extensions ['python_setup_py']
[2.085s] Level 1:colcon.colcon_core.package_identification:_identify(src/microROS_bot/lib/oled_display) by extension 'python_setup_py'
[2.085s] Level 1:colcon.colcon_core.package_identification:_identify(src/microROS_bot/lib/ros_communication) by extensions ['ignore', 'ignore_ament_install']
[2.085s] Level 1:colcon.colcon_core.package_identification:_identify(src/microROS_bot/lib/ros_communication) by extension 'ignore'
[2.085s] Level 1:colcon.colcon_core.package_identification:_identify(src/microROS_bot/lib/ros_communication) by extension 'ignore_ament_install'
[2.085s] Level 1:colcon.colcon_core.package_identification:_identify(src/microROS_bot/lib/ros_communication) by extensions ['colcon_pkg']
[2.085s] Level 1:colcon.colcon_core.package_identification:_identify(src/microROS_bot/lib/ros_communication) by extension 'colcon_pkg'
[2.085s] Level 1:colcon.colcon_core.package_identification:_identify(src/microROS_bot/lib/ros_communication) by extensions ['colcon_meta']
[2.085s] Level 1:colcon.colcon_core.package_identification:_identify(src/microROS_bot/lib/ros_communication) by extension 'colcon_meta'
[2.085s] Level 1:colcon.colcon_core.package_identification:_identify(src/microROS_bot/lib/ros_communication) by extensions ['ros']
[2.085s] Level 1:colcon.colcon_core.package_identification:_identify(src/microROS_bot/lib/ros_communication) by extension 'ros'
[2.086s] Level 1:colcon.colcon_core.package_identification:_identify(src/microROS_bot/lib/ros_communication) by extensions ['cmake', 'python']
[2.086s] Level 1:colcon.colcon_core.package_identification:_identify(src/microROS_bot/lib/ros_communication) by extension 'cmake'
[2.086s] Level 1:colcon.colcon_core.package_identification:_identify(src/microROS_bot/lib/ros_communication) by extension 'python'
[2.086s] Level 1:colcon.colcon_core.package_identification:_identify(src/microROS_bot/lib/ros_communication) by extensions ['python_setup_py']
[2.086s] Level 1:colcon.colcon_core.package_identification:_identify(src/microROS_bot/lib/ros_communication) by extension 'python_setup_py'
[2.086s] Level 1:colcon.colcon_core.package_identification:_identify(src/microROS_bot/src) by extensions ['ignore', 'ignore_ament_install']
[2.086s] Level 1:colcon.colcon_core.package_identification:_identify(src/microROS_bot/src) by extension 'ignore'
[2.086s] Level 1:colcon.colcon_core.package_identification:_identify(src/microROS_bot/src) by extension 'ignore_ament_install'
[2.086s] Level 1:colcon.colcon_core.package_identification:_identify(src/microROS_bot/src) by extensions ['colcon_pkg']
[2.086s] Level 1:colcon.colcon_core.package_identification:_identify(src/microROS_bot/src) by extension 'colcon_pkg'
[2.086s] Level 1:colcon.colcon_core.package_identification:_identify(src/microROS_bot/src) by extensions ['colcon_meta']
[2.086s] Level 1:colcon.colcon_core.package_identification:_identify(src/microROS_bot/src) by extension 'colcon_meta'
[2.086s] Level 1:colcon.colcon_core.package_identification:_identify(src/microROS_bot/src) by extensions ['ros']
[2.086s] Level 1:colcon.colcon_core.package_identification:_identify(src/microROS_bot/src) by extension 'ros'
[2.086s] Level 1:colcon.colcon_core.package_identification:_identify(src/microROS_bot/src) by extensions ['cmake', 'python']
[2.086s] Level 1:colcon.colcon_core.package_identification:_identify(src/microROS_bot/src) by extension 'cmake'
[2.086s] Level 1:colcon.colcon_core.package_identification:_identify(src/microROS_bot/src) by extension 'python'
[2.086s] Level 1:colcon.colcon_core.package_identification:_identify(src/microROS_bot/src) by extensions ['python_setup_py']
[2.087s] Level 1:colcon.colcon_core.package_identification:_identify(src/microROS_bot/src) by extension 'python_setup_py'
[2.087s] Level 1:colcon.colcon_core.package_identification:_identify(src/microROS_bot/test) by extensions ['ignore', 'ignore_ament_install']
[2.087s] Level 1:colcon.colcon_core.package_identification:_identify(src/microROS_bot/test) by extension 'ignore'
[2.087s] Level 1:colcon.colcon_core.package_identification:_identify(src/microROS_bot/test) by extension 'ignore_ament_install'
[2.087s] Level 1:colcon.colcon_core.package_identification:_identify(src/microROS_bot/test) by extensions ['colcon_pkg']
[2.087s] Level 1:colcon.colcon_core.package_identification:_identify(src/microROS_bot/test) by extension 'colcon_pkg'
[2.087s] Level 1:colcon.colcon_core.package_identification:_identify(src/microROS_bot/test) by extensions ['colcon_meta']
[2.087s] Level 1:colcon.colcon_core.package_identification:_identify(src/microROS_bot/test) by extension 'colcon_meta'
[2.087s] Level 1:colcon.colcon_core.package_identification:_identify(src/microROS_bot/test) by extensions ['ros']
[2.087s] Level 1:colcon.colcon_core.package_identification:_identify(src/microROS_bot/test) by extension 'ros'
[2.087s] Level 1:colcon.colcon_core.package_identification:_identify(src/microROS_bot/test) by extensions ['cmake', 'python']
[2.087s] Level 1:colcon.colcon_core.package_identification:_identify(src/microROS_bot/test) by extension 'cmake'
[2.087s] Level 1:colcon.colcon_core.package_identification:_identify(src/microROS_bot/test) by extension 'python'
[2.087s] Level 1:colcon.colcon_core.package_identification:_identify(src/microROS_bot/test) by extensions ['python_setup_py']
[2.087s] Level 1:colcon.colcon_core.package_identification:_identify(src/microROS_bot/test) by extension 'python_setup_py'
[2.087s] Level 1:colcon.colcon_core.package_identification:_identify(src/my_py_pkg) by extensions ['ignore', 'ignore_ament_install']
[2.088s] Level 1:colcon.colcon_core.package_identification:_identify(src/my_py_pkg) by extension 'ignore'
[2.088s] Level 1:colcon.colcon_core.package_identification:_identify(src/my_py_pkg) by extension 'ignore_ament_install'
[2.088s] Level 1:colcon.colcon_core.package_identification:_identify(src/my_py_pkg) by extensions ['colcon_pkg']
[2.088s] Level 1:colcon.colcon_core.package_identification:_identify(src/my_py_pkg) by extension 'colcon_pkg'
[2.088s] Level 1:colcon.colcon_core.package_identification:_identify(src/my_py_pkg) by extensions ['colcon_meta']
[2.088s] Level 1:colcon.colcon_core.package_identification:_identify(src/my_py_pkg) by extension 'colcon_meta'
[2.088s] Level 1:colcon.colcon_core.package_identification:_identify(src/my_py_pkg) by extensions ['ros']
[2.088s] Level 1:colcon.colcon_core.package_identification:_identify(src/my_py_pkg) by extension 'ros'
[2.091s] DEBUG:colcon.colcon_core.package_identification:Package 'src/my_py_pkg' with type 'ros.ament_python' and name 'my_py_pkg'
[2.091s] Level 1:colcon.colcon_core.package_identification:_identify(src/my_robot_description) by extensions ['ignore', 'ignore_ament_install']
[2.091s] Level 1:colcon.colcon_core.package_identification:_identify(src/my_robot_description) by extension 'ignore'
[2.091s] Level 1:colcon.colcon_core.package_identification:_identify(src/my_robot_description) by extension 'ignore_ament_install'
[2.091s] Level 1:colcon.colcon_core.package_identification:_identify(src/my_robot_description) by extensions ['colcon_pkg']
[2.091s] Level 1:colcon.colcon_core.package_identification:_identify(src/my_robot_description) by extension 'colcon_pkg'
[2.091s] Level 1:colcon.colcon_core.package_identification:_identify(src/my_robot_description) by extensions ['colcon_meta']
[2.091s] Level 1:colcon.colcon_core.package_identification:_identify(src/my_robot_description) by extension 'colcon_meta'
[2.091s] Level 1:colcon.colcon_core.package_identification:_identify(src/my_robot_description) by extensions ['ros']
[2.091s] Level 1:colcon.colcon_core.package_identification:_identify(src/my_robot_description) by extension 'ros'
[2.092s] DEBUG:colcon.colcon_core.package_identification:Package 'src/my_robot_description' with type 'ros.ament_cmake' and name 'my_robot_description'
[2.092s] Level 1:colcon.colcon_core.package_identification:_identify(src/my_robot_interface) by extensions ['ignore', 'ignore_ament_install']
[2.092s] Level 1:colcon.colcon_core.package_identification:_identify(src/my_robot_interface) by extension 'ignore'
[2.092s] Level 1:colcon.colcon_core.package_identification:_identify(src/my_robot_interface) by extension 'ignore_ament_install'
[2.092s] Level 1:colcon.colcon_core.package_identification:_identify(src/my_robot_interface) by extensions ['colcon_pkg']
[2.092s] Level 1:colcon.colcon_core.package_identification:_identify(src/my_robot_interface) by extension 'colcon_pkg'
[2.092s] Level 1:colcon.colcon_core.package_identification:_identify(src/my_robot_interface) by extensions ['colcon_meta']
[2.092s] Level 1:colcon.colcon_core.package_identification:_identify(src/my_robot_interface) by extension 'colcon_meta'
[2.092s] Level 1:colcon.colcon_core.package_identification:_identify(src/my_robot_interface) by extensions ['ros']
[2.092s] Level 1:colcon.colcon_core.package_identification:_identify(src/my_robot_interface) by extension 'ros'
[2.093s] DEBUG:colcon.colcon_core.package_identification:Package 'src/my_robot_interface' with type 'ros.ament_cmake' and name 'my_robot_interface'
[2.093s] Level 1:colcon.colcon_core.package_identification:_identify(src/new_bot) by extensions ['ignore', 'ignore_ament_install']
[2.093s] Level 1:colcon.colcon_core.package_identification:_identify(src/new_bot) by extension 'ignore'
[2.093s] Level 1:colcon.colcon_core.package_identification:_identify(src/new_bot) by extension 'ignore_ament_install'
[2.093s] Level 1:colcon.colcon_core.package_identification:_identify(src/new_bot) by extensions ['colcon_pkg']
[2.093s] Level 1:colcon.colcon_core.package_identification:_identify(src/new_bot) by extension 'colcon_pkg'
[2.093s] Level 1:colcon.colcon_core.package_identification:_identify(src/new_bot) by extensions ['colcon_meta']
[2.093s] Level 1:colcon.colcon_core.package_identification:_identify(src/new_bot) by extension 'colcon_meta'
[2.094s] Level 1:colcon.colcon_core.package_identification:_identify(src/new_bot) by extensions ['ros']
[2.094s] Level 1:colcon.colcon_core.package_identification:_identify(src/new_bot) by extension 'ros'
[2.094s] Level 1:colcon.colcon_core.package_identification:_identify(src/new_bot) by extensions ['cmake', 'python']
[2.094s] Level 1:colcon.colcon_core.package_identification:_identify(src/new_bot) by extension 'cmake'
[2.094s] Level 1:colcon.colcon_core.package_identification:_identify(src/new_bot) by extension 'python'
[2.094s] Level 1:colcon.colcon_core.package_identification:_identify(src/new_bot) by extensions ['python_setup_py']
[2.094s] Level 1:colcon.colcon_core.package_identification:_identify(src/new_bot) by extension 'python_setup_py'
[2.094s] Level 1:colcon.colcon_core.package_identification:_identify(src/new_bot/include) by extensions ['ignore', 'ignore_ament_install']
[2.094s] Level 1:colcon.colcon_core.package_identification:_identify(src/new_bot/include) by extension 'ignore'
[2.094s] Level 1:colcon.colcon_core.package_identification:_identify(src/new_bot/include) by extension 'ignore_ament_install'
[2.094s] Level 1:colcon.colcon_core.package_identification:_identify(src/new_bot/include) by extensions ['colcon_pkg']
[2.094s] Level 1:colcon.colcon_core.package_identification:_identify(src/new_bot/include) by extension 'colcon_pkg'
[2.094s] Level 1:colcon.colcon_core.package_identification:_identify(src/new_bot/include) by extensions ['colcon_meta']
[2.094s] Level 1:colcon.colcon_core.package_identification:_identify(src/new_bot/include) by extension 'colcon_meta'
[2.094s] Level 1:colcon.colcon_core.package_identification:_identify(src/new_bot/include) by extensions ['ros']
[2.094s] Level 1:colcon.colcon_core.package_identification:_identify(src/new_bot/include) by extension 'ros'
[2.094s] Level 1:colcon.colcon_core.package_identification:_identify(src/new_bot/include) by extensions ['cmake', 'python']
[2.094s] Level 1:colcon.colcon_core.package_identification:_identify(src/new_bot/include) by extension 'cmake'
[2.095s] Level 1:colcon.colcon_core.package_identification:_identify(src/new_bot/include) by extension 'python'
[2.095s] Level 1:colcon.colcon_core.package_identification:_identify(src/new_bot/include) by extensions ['python_setup_py']
[2.095s] Level 1:colcon.colcon_core.package_identification:_identify(src/new_bot/include) by extension 'python_setup_py'
[2.095s] Level 1:colcon.colcon_core.package_identification:_identify(src/new_bot/lib) by extensions ['ignore', 'ignore_ament_install']
[2.095s] Level 1:colcon.colcon_core.package_identification:_identify(src/new_bot/lib) by extension 'ignore'
[2.095s] Level 1:colcon.colcon_core.package_identification:_identify(src/new_bot/lib) by extension 'ignore_ament_install'
[2.095s] Level 1:colcon.colcon_core.package_identification:_identify(src/new_bot/lib) by extensions ['colcon_pkg']
[2.095s] Level 1:colcon.colcon_core.package_identification:_identify(src/new_bot/lib) by extension 'colcon_pkg'
[2.095s] Level 1:colcon.colcon_core.package_identification:_identify(src/new_bot/lib) by extensions ['colcon_meta']
[2.095s] Level 1:colcon.colcon_core.package_identification:_identify(src/new_bot/lib) by extension 'colcon_meta'
[2.095s] Level 1:colcon.colcon_core.package_identification:_identify(src/new_bot/lib) by extensions ['ros']
[2.095s] Level 1:colcon.colcon_core.package_identification:_identify(src/new_bot/lib) by extension 'ros'
[2.095s] Level 1:colcon.colcon_core.package_identification:_identify(src/new_bot/lib) by extensions ['cmake', 'python']
[2.095s] Level 1:colcon.colcon_core.package_identification:_identify(src/new_bot/lib) by extension 'cmake'
[2.095s] Level 1:colcon.colcon_core.package_identification:_identify(src/new_bot/lib) by extension 'python'
[2.095s] Level 1:colcon.colcon_core.package_identification:_identify(src/new_bot/lib) by extensions ['python_setup_py']
[2.095s] Level 1:colcon.colcon_core.package_identification:_identify(src/new_bot/lib) by extension 'python_setup_py'
[2.096s] Level 1:colcon.colcon_core.package_identification:_identify(src/new_bot/src) by extensions ['ignore', 'ignore_ament_install']
[2.096s] Level 1:colcon.colcon_core.package_identification:_identify(src/new_bot/src) by extension 'ignore'
[2.096s] Level 1:colcon.colcon_core.package_identification:_identify(src/new_bot/src) by extension 'ignore_ament_install'
[2.096s] Level 1:colcon.colcon_core.package_identification:_identify(src/new_bot/src) by extensions ['colcon_pkg']
[2.096s] Level 1:colcon.colcon_core.package_identification:_identify(src/new_bot/src) by extension 'colcon_pkg'
[2.096s] Level 1:colcon.colcon_core.package_identification:_identify(src/new_bot/src) by extensions ['colcon_meta']
[2.096s] Level 1:colcon.colcon_core.package_identification:_identify(src/new_bot/src) by extension 'colcon_meta'
[2.096s] Level 1:colcon.colcon_core.package_identification:_identify(src/new_bot/src) by extensions ['ros']
[2.096s] Level 1:colcon.colcon_core.package_identification:_identify(src/new_bot/src) by extension 'ros'
[2.096s] Level 1:colcon.colcon_core.package_identification:_identify(src/new_bot/src) by extensions ['cmake', 'python']
[2.096s] Level 1:colcon.colcon_core.package_identification:_identify(src/new_bot/src) by extension 'cmake'
[2.096s] Level 1:colcon.colcon_core.package_identification:_identify(src/new_bot/src) by extension 'python'
[2.096s] Level 1:colcon.colcon_core.package_identification:_identify(src/new_bot/src) by extensions ['python_setup_py']
[2.096s] Level 1:colcon.colcon_core.package_identification:_identify(src/new_bot/src) by extension 'python_setup_py'
[2.096s] Level 1:colcon.colcon_core.package_identification:_identify(src/new_bot/test) by extensions ['ignore', 'ignore_ament_install']
[2.096s] Level 1:colcon.colcon_core.package_identification:_identify(src/new_bot/test) by extension 'ignore'
[2.096s] Level 1:colcon.colcon_core.package_identification:_identify(src/new_bot/test) by extension 'ignore_ament_install'
[2.096s] Level 1:colcon.colcon_core.package_identification:_identify(src/new_bot/test) by extensions ['colcon_pkg']
[2.097s] Level 1:colcon.colcon_core.package_identification:_identify(src/new_bot/test) by extension 'colcon_pkg'
[2.097s] Level 1:colcon.colcon_core.package_identification:_identify(src/new_bot/test) by extensions ['colcon_meta']
[2.097s] Level 1:colcon.colcon_core.package_identification:_identify(src/new_bot/test) by extension 'colcon_meta'
[2.097s] Level 1:colcon.colcon_core.package_identification:_identify(src/new_bot/test) by extensions ['ros']
[2.097s] Level 1:colcon.colcon_core.package_identification:_identify(src/new_bot/test) by extension 'ros'
[2.097s] Level 1:colcon.colcon_core.package_identification:_identify(src/new_bot/test) by extensions ['cmake', 'python']
[2.097s] Level 1:colcon.colcon_core.package_identification:_identify(src/new_bot/test) by extension 'cmake'
[2.097s] Level 1:colcon.colcon_core.package_identification:_identify(src/new_bot/test) by extension 'python'
[2.097s] Level 1:colcon.colcon_core.package_identification:_identify(src/new_bot/test) by extensions ['python_setup_py']
[2.097s] Level 1:colcon.colcon_core.package_identification:_identify(src/new_bot/test) by extension 'python_setup_py'
[2.097s] Level 1:colcon.colcon_core.package_identification:_identify(src/turtlesim_catch_them_all) by extensions ['ignore', 'ignore_ament_install']
[2.097s] Level 1:colcon.colcon_core.package_identification:_identify(src/turtlesim_catch_them_all) by extension 'ignore'
[2.097s] Level 1:colcon.colcon_core.package_identification:_identify(src/turtlesim_catch_them_all) by extension 'ignore_ament_install'
[2.097s] Level 1:colcon.colcon_core.package_identification:_identify(src/turtlesim_catch_them_all) by extensions ['colcon_pkg']
[2.097s] Level 1:colcon.colcon_core.package_identification:_identify(src/turtlesim_catch_them_all) by extension 'colcon_pkg'
[2.097s] Level 1:colcon.colcon_core.package_identification:_identify(src/turtlesim_catch_them_all) by extensions ['colcon_meta']
[2.097s] Level 1:colcon.colcon_core.package_identification:_identify(src/turtlesim_catch_them_all) by extension 'colcon_meta'
[2.097s] Level 1:colcon.colcon_core.package_identification:_identify(src/turtlesim_catch_them_all) by extensions ['ros']
[2.097s] Level 1:colcon.colcon_core.package_identification:_identify(src/turtlesim_catch_them_all) by extension 'ros'
[2.098s] DEBUG:colcon.colcon_core.package_identification:Package 'src/turtlesim_catch_them_all' with type 'ros.ament_python' and name 'turtlesim_catch_them_all'
[2.099s] Level 1:colcon.colcon_core.package_discovery:discover_packages(recursive) using defaults
[2.099s] Level 1:colcon.colcon_core.package_discovery:discover_packages(ignore) discover
[2.099s] Level 1:colcon.colcon_core.package_discovery:discover_packages(ignore) using defaults
[2.099s] Level 1:colcon.colcon_core.package_discovery:discover_packages(path) discover
[2.099s] Level 1:colcon.colcon_core.package_discovery:discover_packages(path) using defaults
[2.192s] INFO:colcon.colcon_core.package_selection:Skipping not selected package 'my_py_pkg' in 'src/my_py_pkg'
[2.192s] INFO:colcon.colcon_core.package_selection:Skipping not selected package 'my_robot_description' in 'src/my_robot_description'
[2.192s] INFO:colcon.colcon_core.package_selection:Skipping not selected package 'turtlesim_catch_them_all' in 'src/turtlesim_catch_them_all'
[2.237s] Level 1:colcon.colcon_core.package_discovery:discover_packages(prefix_path) check parameters
[2.237s] Level 1:colcon.colcon_core.package_discovery:discover_packages(prefix_path) discover
[2.301s] DEBUG:colcon.colcon_installed_package_information.package_discovery:Found 3 installed packages in /home/saeesh/ROS2swarm/install
[2.325s] DEBUG:colcon.colcon_installed_package_information.package_discovery:Found 12 installed packages in /home/saeesh/turtlebot3_ws/install
[2.348s] DEBUG:colcon.colcon_installed_package_information.package_discovery:Found 7 installed packages in /home/saeesh/ros2_ws/install
[2.372s] DEBUG:colcon.colcon_installed_package_information.package_discovery:Found 336 installed packages in /opt/ros/humble
[2.374s] Level 1:colcon.colcon_core.package_discovery:discover_packages(prefix_path) using defaults
[2.502s] Level 5:colcon.colcon_core.verb:set package 'my_robot_interface' build argument 'cmake_args' from command line to 'None'
[2.502s] Level 5:colcon.colcon_core.verb:set package 'my_robot_interface' build argument 'cmake_target' from command line to 'None'
[2.502s] Level 5:colcon.colcon_core.verb:set package 'my_robot_interface' build argument 'cmake_target_skip_unavailable' from command line to 'False'
[2.502s] Level 5:colcon.colcon_core.verb:set package 'my_robot_interface' build argument 'cmake_clean_cache' from command line to 'False'
[2.502s] Level 5:colcon.colcon_core.verb:set package 'my_robot_interface' build argument 'cmake_clean_first' from command line to 'False'
[2.502s] Level 5:colcon.colcon_core.verb:set package 'my_robot_interface' build argument 'cmake_force_configure' from command line to 'False'
[2.502s] Level 5:colcon.colcon_core.verb:set package 'my_robot_interface' build argument 'ament_cmake_args' from command line to 'None'
[2.502s] Level 5:colcon.colcon_core.verb:set package 'my_robot_interface' build argument 'catkin_cmake_args' from command line to 'None'
[2.502s] Level 5:colcon.colcon_core.verb:set package 'my_robot_interface' build argument 'catkin_skip_building_tests' from command line to 'False'
[2.502s] DEBUG:colcon.colcon_core.verb:Building package 'my_robot_interface' with the following arguments: {'ament_cmake_args': None, 'build_base': '/home/saeesh/ros2_ws/build/my_robot_interface', 'catkin_cmake_args': None, 'catkin_skip_building_tests': False, 'cmake_args': None, 'cmake_clean_cache': False, 'cmake_clean_first': False, 'cmake_force_configure': False, 'cmake_target': None, 'cmake_target_skip_unavailable': False, 'install_base': '/home/saeesh/ros2_ws/install/my_robot_interface', 'merge_install': False, 'path': '/home/saeesh/ros2_ws/src/my_robot_interface', 'symlink_install': False, 'test_result_base': None}
[2.525s] INFO:colcon.colcon_core.executor:Executing jobs using 'parallel' executor
[2.550s] DEBUG:colcon.colcon_parallel_executor.executor.parallel:run_until_complete
[2.550s] INFO:colcon.colcon_ros.task.ament_cmake.build:Building ROS package in '/home/saeesh/ros2_ws/src/my_robot_interface' with build type 'ament_cmake'
[2.551s] INFO:colcon.colcon_cmake.task.cmake.build:Building CMake package in '/home/saeesh/ros2_ws/src/my_robot_interface'
[2.578s] INFO:colcon.colcon_core.plugin_system:Skipping extension 'colcon_core.shell.bat': Not used on non-Windows systems
[2.578s] INFO:colcon.colcon_core.shell:Skip shell extension 'powershell' for command environment: Not usable outside of PowerShell
[2.578s] DEBUG:colcon.colcon_core.shell:Skip shell extension 'dsv' for command environment
[2.728s] DEBUG:colcon.colcon_core.event_handler.log_command:Invoking command in '/home/saeesh/ros2_ws/build/my_robot_interface': CMAKE_PREFIX_PATH=${CMAKE_PREFIX_PATH}:/home/saeesh/ros2_ws/install/turtlsim_catch_them_all:/home/saeesh/ros2_ws/install/turtlesim_catch_them_all:/home/saeesh/ros2_ws/install/my_py_pkg:/home/saeesh/ROS2swarm/install/ros2swarm:/home/saeesh/ROS2swarm/install/launch_gazebo:/home/saeesh/turtlebot3_ws/install/turtlebot3_teleop:/home/saeesh/turtlebot3_ws/install/turtlebot3_example:/opt/ros/humble /usr/bin/cmake --build /home/saeesh/ros2_ws/build/my_robot_interface -- -j4 -l4
[4.559s] DEBUG:colcon.colcon_core.event_handler.log_command:Invoked command in '/home/saeesh/ros2_ws/build/my_robot_interface' returned '2': CMAKE_PREFIX_PATH=${CMAKE_PREFIX_PATH}:/home/saeesh/ros2_ws/install/turtlsim_catch_them_all:/home/saeesh/ros2_ws/install/turtlesim_catch_them_all:/home/saeesh/ros2_ws/install/my_py_pkg:/home/saeesh/ROS2swarm/install/ros2swarm:/home/saeesh/ROS2swarm/install/launch_gazebo:/home/saeesh/turtlebot3_ws/install/turtlebot3_teleop:/home/saeesh/turtlebot3_ws/install/turtlebot3_example:/opt/ros/humble /usr/bin/cmake --build /home/saeesh/ros2_ws/build/my_robot_interface -- -j4 -l4
[4.718s] Level 1:colcon.colcon_core.environment:create_environment_scripts_only(my_robot_interface)
[4.745s] Level 1:colcon.colcon_core.environment:checking '/home/saeesh/ros2_ws/install/my_robot_interface' for CMake module files
[4.746s] Level 1:colcon.colcon_core.environment:checking '/home/saeesh/ros2_ws/install/my_robot_interface' for CMake config files
[4.746s] Level 1:colcon.colcon_core.shell:create_environment_hook('my_robot_interface', 'cmake_prefix_path')
[4.771s] INFO:colcon.colcon_core.shell:Creating environment hook '/home/saeesh/ros2_ws/install/my_robot_interface/share/my_robot_interface/hook/cmake_prefix_path.ps1'
[4.772s] INFO:colcon.colcon_core.shell:Creating environment descriptor '/home/saeesh/ros2_ws/install/my_robot_interface/share/my_robot_interface/hook/cmake_prefix_path.dsv'
[4.772s] INFO:colcon.colcon_core.shell:Creating environment hook '/home/saeesh/ros2_ws/install/my_robot_interface/share/my_robot_interface/hook/cmake_prefix_path.sh'
[4.773s] Level 1:colcon.colcon_core.environment:checking '/home/saeesh/ros2_ws/install/my_robot_interface/lib'
[4.773s] Level 1:colcon.colcon_core.shell:create_environment_hook('my_robot_interface', 'ld_library_path_lib')
[4.798s] INFO:colcon.colcon_core.shell:Creating environment hook '/home/saeesh/ros2_ws/install/my_robot_interface/share/my_robot_interface/hook/ld_library_path_lib.ps1'
[4.799s] INFO:colcon.colcon_core.shell:Creating environment descriptor '/home/saeesh/ros2_ws/install/my_robot_interface/share/my_robot_interface/hook/ld_library_path_lib.dsv'
[4.799s] INFO:colcon.colcon_core.shell:Creating environment hook '/home/saeesh/ros2_ws/install/my_robot_interface/share/my_robot_interface/hook/ld_library_path_lib.sh'
[4.799s] Level 1:colcon.colcon_core.environment:checking '/home/saeesh/ros2_ws/install/my_robot_interface/bin'
[4.799s] Level 1:colcon.colcon_core.environment:checking '/home/saeesh/ros2_ws/install/my_robot_interface/lib/pkgconfig/my_robot_interface.pc'
[4.800s] Level 1:colcon.colcon_core.environment:checking '/home/saeesh/ros2_ws/install/my_robot_interface/lib/python3.10/site-packages'
[4.800s] Level 1:colcon.colcon_core.environment:checking '/home/saeesh/ros2_ws/install/my_robot_interface/bin'
[4.823s] INFO:colcon.colcon_core.shell:Creating package script '/home/saeesh/ros2_ws/install/my_robot_interface/share/my_robot_interface/package.ps1'
[4.824s] INFO:colcon.colcon_core.shell:Creating package descriptor '/home/saeesh/ros2_ws/install/my_robot_interface/share/my_robot_interface/package.dsv'
[4.825s] INFO:colcon.colcon_core.shell:Creating package script '/home/saeesh/ros2_ws/install/my_robot_interface/share/my_robot_interface/package.sh'
[4.826s] INFO:colcon.colcon_core.shell:Creating package script '/home/saeesh/ros2_ws/install/my_robot_interface/share/my_robot_interface/package.bash'
[4.827s] INFO:colcon.colcon_core.shell:Creating package script '/home/saeesh/ros2_ws/install/my_robot_interface/share/my_robot_interface/package.zsh'
[4.827s] Level 1:colcon.colcon_core.environment:create_file_with_runtime_dependencies(/home/saeesh/ros2_ws/install/my_robot_interface/share/colcon-core/packages/my_robot_interface)
[4.838s] DEBUG:colcon.colcon_parallel_executor.executor.parallel:closing loop
[4.838s] DEBUG:colcon.colcon_parallel_executor.executor.parallel:loop closed
[4.838s] DEBUG:colcon.colcon_parallel_executor.executor.parallel:run_until_complete finished with '2'
[4.838s] DEBUG:colcon.colcon_core.event_reactor:joining thread
[4.918s] INFO:colcon.colcon_core.plugin_system:Skipping extension 'colcon_notification.desktop_notification.terminal_notifier': Not used on non-Darwin systems
[4.918s] INFO:colcon.colcon_core.plugin_system:Skipping extension 'colcon_notification.desktop_notification.win32': Not used on non-Windows systems
[4.918s] INFO:colcon.colcon_notification.desktop_notification:Sending desktop notification using 'notify2'
[4.932s] DEBUG:colcon.colcon_core.event_reactor:joined thread
[4.964s] INFO:colcon.colcon_core.shell:Creating prefix script '/home/saeesh/ros2_ws/install/local_setup.ps1'
[4.965s] INFO:colcon.colcon_core.shell:Creating prefix util module '/home/saeesh/ros2_ws/install/_local_setup_util_ps1.py'
[4.966s] INFO:colcon.colcon_core.shell:Creating prefix chain script '/home/saeesh/ros2_ws/install/setup.ps1'
[4.997s] INFO:colcon.colcon_core.shell:Creating prefix script '/home/saeesh/ros2_ws/install/local_setup.sh'
[4.997s] INFO:colcon.colcon_core.shell:Creating prefix util module '/home/saeesh/ros2_ws/install/_local_setup_util_sh.py'
[4.998s] INFO:colcon.colcon_core.shell:Creating prefix chain script '/home/saeesh/ros2_ws/install/setup.sh'
[5.028s] INFO:colcon.colcon_core.shell:Creating prefix script '/home/saeesh/ros2_ws/install/local_setup.bash'
[5.029s] INFO:colcon.colcon_core.shell:Creating prefix chain script '/home/saeesh/ros2_ws/install/setup.bash'
[5.058s] INFO:colcon.colcon_core.shell:Creating prefix script '/home/saeesh/ros2_ws/install/local_setup.zsh'
[5.058s] INFO:colcon.colcon_core.shell:Creating prefix chain script '/home/saeesh/ros2_ws/install/setup.zsh'
