[0.095s] Invoking command in '/home/saeesh/ros2_ws/build/my_robot_description': CMAKE_PREFIX_PATH=${CMAKE_PREFIX_PATH}:/home/saeesh/ros2_ws/install/turtlsim_catch_them_all:/home/saeesh/ros2_ws/install/turtlesim_catch_them_all:/home/saeesh/ros2_ws/install/my_py_pkg:/opt/ros/humble /usr/bin/cmake --build /home/saeesh/ros2_ws/build/my_robot_description -- -j4 -l4
[0.166s] Invoked command in '/home/saeesh/ros2_ws/build/my_robot_description' returned '0': CMAKE_PREFIX_PATH=${CMAKE_PREFIX_PATH}:/home/saeesh/ros2_ws/install/turtlsim_catch_them_all:/home/saeesh/ros2_ws/install/turtlesim_catch_them_all:/home/saeesh/ros2_ws/install/my_py_pkg:/opt/ros/humble /usr/bin/cmake --build /home/saeesh/ros2_ws/build/my_robot_description -- -j4 -l4
[0.214s] Invoking command in '/home/saeesh/ros2_ws/build/my_robot_description': CMAKE_PREFIX_PATH=${CMAKE_PREFIX_PATH}:/home/saeesh/ros2_ws/install/turtlsim_catch_them_all:/home/saeesh/ros2_ws/install/turtlesim_catch_them_all:/home/saeesh/ros2_ws/install/my_py_pkg:/opt/ros/humble /usr/bin/cmake --install /home/saeesh/ros2_ws/build/my_robot_description
[0.227s] -- Install configuration: ""
[0.228s] -- Execute custom install script
[0.229s] -- Up-to-date symlink: /home/saeesh/ros2_ws/install/my_robot_description/share/my_robot_description//urdf/common_properties.xacro
[0.229s] -- Up-to-date symlink: /home/saeesh/ros2_ws/install/my_robot_description/share/my_robot_description//urdf/mobile_base.xacro
[0.229s] -- Up-to-date symlink: /home/saeesh/ros2_ws/install/my_robot_description/share/my_robot_description//urdf/my_robot.urdf.xacro
[0.230s] -- Up-to-date symlink: /home/saeesh/ros2_ws/install/my_robot_description/share/my_robot_description//launch/display.launch.py
[0.230s] -- Up-to-date symlink: /home/saeesh/ros2_ws/install/my_robot_description/share/my_robot_description//launch/display.launch.xml
[0.230s] -- Up-to-date symlink: /home/saeesh/ros2_ws/install/my_robot_description/share/my_robot_description//rviz/urdf_config.rviz
[0.231s] -- Up-to-date symlink: /home/saeesh/ros2_ws/install/my_robot_description/share/ament_index/resource_index/package_run_dependencies/my_robot_description
[0.231s] -- Up-to-date symlink: /home/saeesh/ros2_ws/install/my_robot_description/share/ament_index/resource_index/parent_prefix_path/my_robot_description
[0.231s] -- Up-to-date symlink: /home/saeesh/ros2_ws/install/my_robot_description/share/my_robot_description/environment/ament_prefix_path.sh
[0.231s] -- Up-to-date symlink: /home/saeesh/ros2_ws/install/my_robot_description/share/my_robot_description/environment/ament_prefix_path.dsv
[0.232s] -- Up-to-date symlink: /home/saeesh/ros2_ws/install/my_robot_description/share/my_robot_description/environment/path.sh
[0.232s] -- Up-to-date symlink: /home/saeesh/ros2_ws/install/my_robot_description/share/my_robot_description/environment/path.dsv
[0.232s] -- Up-to-date symlink: /home/saeesh/ros2_ws/install/my_robot_description/share/my_robot_description/local_setup.bash
[0.232s] -- Up-to-date symlink: /home/saeesh/ros2_ws/install/my_robot_description/share/my_robot_description/local_setup.sh
[0.233s] -- Up-to-date symlink: /home/saeesh/ros2_ws/install/my_robot_description/share/my_robot_description/local_setup.zsh
[0.233s] -- Up-to-date symlink: /home/saeesh/ros2_ws/install/my_robot_description/share/my_robot_description/local_setup.dsv
[0.233s] -- Symlinking: /home/saeesh/ros2_ws/install/my_robot_description/share/my_robot_description/package.dsv
[0.250s] -- Up-to-date symlink: /home/saeesh/ros2_ws/install/my_robot_description/share/ament_index/resource_index/packages/my_robot_description
[0.250s] -- Up-to-date symlink: /home/saeesh/ros2_ws/install/my_robot_description/share/my_robot_description/cmake/my_robot_descriptionConfig.cmake
[0.250s] -- Up-to-date symlink: /home/saeesh/ros2_ws/install/my_robot_description/share/my_robot_description/cmake/my_robot_descriptionConfig-version.cmake
[0.251s] -- Up-to-date symlink: /home/saeesh/ros2_ws/install/my_robot_description/share/my_robot_description/package.xml
[0.254s] Invoked command in '/home/saeesh/ros2_ws/build/my_robot_description' returned '0': CMAKE_PREFIX_PATH=${CMAKE_PREFIX_PATH}:/home/saeesh/ros2_ws/install/turtlsim_catch_them_all:/home/saeesh/ros2_ws/install/turtlesim_catch_them_all:/home/saeesh/ros2_ws/install/my_py_pkg:/opt/ros/humble /usr/bin/cmake --install /home/saeesh/ros2_ws/build/my_robot_description
