[1.903s] DEBUG:colcon:Command line arguments: ['/usr/bin/colcon', 'build', '--symlink-install']
[1.904s] DEBUG:colcon:Parsed command line arguments: Namespace(log_base=None, log_level=None, verb_name='build', build_base='build', install_base='install', merge_install=False, symlink_install=True, test_result_base=None, continue_on_error=False, executor='parallel', parallel_workers=4, event_handlers=None, ignore_user_meta=False, metas=['./colcon.meta'], base_paths=['.'], packages_ignore=None, packages_ignore_regex=None, paths=None, packages_up_to=None, packages_up_to_regex=None, packages_above=None, packages_above_and_dependencies=None, packages_above_depth=None, packages_select_by_dep=None, packages_skip_by_dep=None, packages_skip_up_to=None, packages_select_build_failed=False, packages_skip_build_finished=False, packages_select_test_failures=False, packages_skip_test_passed=False, packages_select=None, packages_skip=None, packages_select_regex=None, packages_skip_regex=None, packages_start=None, packages_end=None, allow_overriding=[], cmake_args=None, cmake_target=None, cmake_target_skip_unavailable=False, cmake_clean_cache=False, cmake_clean_first=False, cmake_force_configure=False, ament_cmake_args=None, catkin_cmake_args=None, catkin_skip_building_tests=False, verb_parser=<colcon_defaults.argument_parser.defaults.DefaultArgumentsDecorator object at 0x7fa27ae98700>, verb_extension=<colcon_core.verb.build.BuildVerb object at 0x7fa27ae882b0>, main=<bound method BuildVerb.main of <colcon_core.verb.build.BuildVerb object at 0x7fa27ae882b0>>)
[1.987s] Level 1:colcon.colcon_core.package_discovery:discover_packages(colcon_meta) check parameters
[1.987s] Level 1:colcon.colcon_core.package_discovery:discover_packages(recursive) check parameters
[1.987s] Level 1:colcon.colcon_core.package_discovery:discover_packages(ignore) check parameters
[1.987s] Level 1:colcon.colcon_core.package_discovery:discover_packages(path) check parameters
[1.987s] Level 1:colcon.colcon_core.package_discovery:discover_packages(colcon_meta) discover
[1.988s] Level 1:colcon.colcon_core.package_discovery:discover_packages(recursive) discover
[1.988s] INFO:colcon.colcon_core.package_discovery:Crawling recursively for packages in '/home/saeesh/ros2_ws'
[1.988s] Level 1:colcon.colcon_core.package_identification:_identify(.) by extensions ['ignore', 'ignore_ament_install']
[1.988s] Level 1:colcon.colcon_core.package_identification:_identify(.) by extension 'ignore'
[1.988s] Level 1:colcon.colcon_core.package_identification:_identify(.) by extension 'ignore_ament_install'
[1.988s] Level 1:colcon.colcon_core.package_identification:_identify(.) by extensions ['colcon_pkg']
[1.988s] Level 1:colcon.colcon_core.package_identification:_identify(.) by extension 'colcon_pkg'
[1.988s] Level 1:colcon.colcon_core.package_identification:_identify(.) by extensions ['colcon_meta']
[1.988s] Level 1:colcon.colcon_core.package_identification:_identify(.) by extension 'colcon_meta'
[1.988s] Level 1:colcon.colcon_core.package_identification:_identify(.) by extensions ['ros']
[1.989s] Level 1:colcon.colcon_core.package_identification:_identify(.) by extension 'ros'
[2.007s] Level 1:colcon.colcon_core.package_identification:_identify(.) by extensions ['cmake', 'python']
[2.007s] Level 1:colcon.colcon_core.package_identification:_identify(.) by extension 'cmake'
[2.007s] Level 1:colcon.colcon_core.package_identification:_identify(.) by extension 'python'
[2.007s] Level 1:colcon.colcon_core.package_identification:_identify(.) by extensions ['python_setup_py']
[2.007s] Level 1:colcon.colcon_core.package_identification:_identify(.) by extension 'python_setup_py'
[2.008s] Level 1:colcon.colcon_core.package_identification:_identify(build) by extensions ['ignore', 'ignore_ament_install']
[2.008s] Level 1:colcon.colcon_core.package_identification:_identify(build) by extension 'ignore'
[2.008s] Level 1:colcon.colcon_core.package_identification:_identify(build) ignored
[2.008s] Level 1:colcon.colcon_core.package_identification:_identify(install) by extensions ['ignore', 'ignore_ament_install']
[2.008s] Level 1:colcon.colcon_core.package_identification:_identify(install) by extension 'ignore'
[2.008s] Level 1:colcon.colcon_core.package_identification:_identify(install) ignored
[2.009s] Level 1:colcon.colcon_core.package_identification:_identify(log) by extensions ['ignore', 'ignore_ament_install']
[2.009s] Level 1:colcon.colcon_core.package_identification:_identify(log) by extension 'ignore'
[2.009s] Level 1:colcon.colcon_core.package_identification:_identify(log) ignored
[2.009s] Level 1:colcon.colcon_core.package_identification:_identify(src) by extensions ['ignore', 'ignore_ament_install']
[2.009s] Level 1:colcon.colcon_core.package_identification:_identify(src) by extension 'ignore'
[2.009s] Level 1:colcon.colcon_core.package_identification:_identify(src) by extension 'ignore_ament_install'
[2.009s] Level 1:colcon.colcon_core.package_identification:_identify(src) by extensions ['colcon_pkg']
[2.009s] Level 1:colcon.colcon_core.package_identification:_identify(src) by extension 'colcon_pkg'
[2.009s] Level 1:colcon.colcon_core.package_identification:_identify(src) by extensions ['colcon_meta']
[2.009s] Level 1:colcon.colcon_core.package_identification:_identify(src) by extension 'colcon_meta'
[2.009s] Level 1:colcon.colcon_core.package_identification:_identify(src) by extensions ['ros']
[2.009s] Level 1:colcon.colcon_core.package_identification:_identify(src) by extension 'ros'
[2.010s] Level 1:colcon.colcon_core.package_identification:_identify(src) by extensions ['cmake', 'python']
[2.010s] Level 1:colcon.colcon_core.package_identification:_identify(src) by extension 'cmake'
[2.010s] Level 1:colcon.colcon_core.package_identification:_identify(src) by extension 'python'
[2.010s] Level 1:colcon.colcon_core.package_identification:_identify(src) by extensions ['python_setup_py']
[2.010s] Level 1:colcon.colcon_core.package_identification:_identify(src) by extension 'python_setup_py'
[2.010s] Level 1:colcon.colcon_core.package_identification:_identify(src/my_py_pkg) by extensions ['ignore', 'ignore_ament_install']
[2.010s] Level 1:colcon.colcon_core.package_identification:_identify(src/my_py_pkg) by extension 'ignore'
[2.010s] Level 1:colcon.colcon_core.package_identification:_identify(src/my_py_pkg) by extension 'ignore_ament_install'
[2.010s] Level 1:colcon.colcon_core.package_identification:_identify(src/my_py_pkg) by extensions ['colcon_pkg']
[2.010s] Level 1:colcon.colcon_core.package_identification:_identify(src/my_py_pkg) by extension 'colcon_pkg'
[2.010s] Level 1:colcon.colcon_core.package_identification:_identify(src/my_py_pkg) by extensions ['colcon_meta']
[2.010s] Level 1:colcon.colcon_core.package_identification:_identify(src/my_py_pkg) by extension 'colcon_meta'
[2.011s] Level 1:colcon.colcon_core.package_identification:_identify(src/my_py_pkg) by extensions ['ros']
[2.011s] Level 1:colcon.colcon_core.package_identification:_identify(src/my_py_pkg) by extension 'ros'
[2.015s] DEBUG:colcon.colcon_core.package_identification:Package 'src/my_py_pkg' with type 'ros.ament_python' and name 'my_py_pkg'
[2.015s] Level 1:colcon.colcon_core.package_identification:_identify(src/my_robot_bringup) by extensions ['ignore', 'ignore_ament_install']
[2.016s] Level 1:colcon.colcon_core.package_identification:_identify(src/my_robot_bringup) by extension 'ignore'
[2.016s] Level 1:colcon.colcon_core.package_identification:_identify(src/my_robot_bringup) by extension 'ignore_ament_install'
[2.016s] Level 1:colcon.colcon_core.package_identification:_identify(src/my_robot_bringup) by extensions ['colcon_pkg']
[2.016s] Level 1:colcon.colcon_core.package_identification:_identify(src/my_robot_bringup) by extension 'colcon_pkg'
[2.016s] Level 1:colcon.colcon_core.package_identification:_identify(src/my_robot_bringup) by extensions ['colcon_meta']
[2.016s] Level 1:colcon.colcon_core.package_identification:_identify(src/my_robot_bringup) by extension 'colcon_meta'
[2.016s] Level 1:colcon.colcon_core.package_identification:_identify(src/my_robot_bringup) by extensions ['ros']
[2.016s] Level 1:colcon.colcon_core.package_identification:_identify(src/my_robot_bringup) by extension 'ros'
[2.017s] DEBUG:colcon.colcon_core.package_identification:Package 'src/my_robot_bringup' with type 'ros.ament_cmake' and name 'my_robot_bringup'
[2.017s] Level 1:colcon.colcon_core.package_identification:_identify(src/my_robot_interfaces) by extensions ['ignore', 'ignore_ament_install']
[2.017s] Level 1:colcon.colcon_core.package_identification:_identify(src/my_robot_interfaces) by extension 'ignore'
[2.017s] Level 1:colcon.colcon_core.package_identification:_identify(src/my_robot_interfaces) by extension 'ignore_ament_install'
[2.017s] Level 1:colcon.colcon_core.package_identification:_identify(src/my_robot_interfaces) by extensions ['colcon_pkg']
[2.017s] Level 1:colcon.colcon_core.package_identification:_identify(src/my_robot_interfaces) by extension 'colcon_pkg'
[2.018s] Level 1:colcon.colcon_core.package_identification:_identify(src/my_robot_interfaces) by extensions ['colcon_meta']
[2.018s] Level 1:colcon.colcon_core.package_identification:_identify(src/my_robot_interfaces) by extension 'colcon_meta'
[2.018s] Level 1:colcon.colcon_core.package_identification:_identify(src/my_robot_interfaces) by extensions ['ros']
[2.018s] Level 1:colcon.colcon_core.package_identification:_identify(src/my_robot_interfaces) by extension 'ros'
[2.018s] DEBUG:colcon.colcon_core.package_identification:Package 'src/my_robot_interfaces' with type 'ros.ament_cmake' and name 'my_robot_interfaces'
[2.019s] Level 1:colcon.colcon_core.package_discovery:discover_packages(recursive) using defaults
[2.019s] Level 1:colcon.colcon_core.package_discovery:discover_packages(ignore) discover
[2.019s] Level 1:colcon.colcon_core.package_discovery:discover_packages(ignore) using defaults
[2.019s] Level 1:colcon.colcon_core.package_discovery:discover_packages(path) discover
[2.019s] Level 1:colcon.colcon_core.package_discovery:discover_packages(path) using defaults
[2.191s] Level 1:colcon.colcon_core.package_discovery:discover_packages(prefix_path) check parameters
[2.191s] Level 1:colcon.colcon_core.package_discovery:discover_packages(prefix_path) discover
[2.246s] DEBUG:colcon.colcon_installed_package_information.package_discovery:Found 3 installed packages in /home/saeesh/ros2_ws/install
[2.275s] DEBUG:colcon.colcon_installed_package_information.package_discovery:Found 270 installed packages in /opt/ros/humble
[2.309s] Level 1:colcon.colcon_core.package_discovery:discover_packages(prefix_path) using defaults
[2.467s] Level 5:colcon.colcon_core.verb:set package 'my_robot_interfaces' build argument 'cmake_args' from command line to 'None'
[2.467s] Level 5:colcon.colcon_core.verb:set package 'my_robot_interfaces' build argument 'cmake_target' from command line to 'None'
[2.467s] Level 5:colcon.colcon_core.verb:set package 'my_robot_interfaces' build argument 'cmake_target_skip_unavailable' from command line to 'False'
[2.467s] Level 5:colcon.colcon_core.verb:set package 'my_robot_interfaces' build argument 'cmake_clean_cache' from command line to 'False'
[2.467s] Level 5:colcon.colcon_core.verb:set package 'my_robot_interfaces' build argument 'cmake_clean_first' from command line to 'False'
[2.467s] Level 5:colcon.colcon_core.verb:set package 'my_robot_interfaces' build argument 'cmake_force_configure' from command line to 'False'
[2.467s] Level 5:colcon.colcon_core.verb:set package 'my_robot_interfaces' build argument 'ament_cmake_args' from command line to 'None'
[2.467s] Level 5:colcon.colcon_core.verb:set package 'my_robot_interfaces' build argument 'catkin_cmake_args' from command line to 'None'
[2.467s] Level 5:colcon.colcon_core.verb:set package 'my_robot_interfaces' build argument 'catkin_skip_building_tests' from command line to 'False'
[2.467s] DEBUG:colcon.colcon_core.verb:Building package 'my_robot_interfaces' with the following arguments: {'ament_cmake_args': None, 'build_base': '/home/saeesh/ros2_ws/build/my_robot_interfaces', 'catkin_cmake_args': None, 'catkin_skip_building_tests': False, 'cmake_args': None, 'cmake_clean_cache': False, 'cmake_clean_first': False, 'cmake_force_configure': False, 'cmake_target': None, 'cmake_target_skip_unavailable': False, 'install_base': '/home/saeesh/ros2_ws/install/my_robot_interfaces', 'merge_install': False, 'path': '/home/saeesh/ros2_ws/src/my_robot_interfaces', 'symlink_install': True, 'test_result_base': None}
[2.496s] Level 5:colcon.colcon_core.verb:set package 'my_py_pkg' build argument 'cmake_args' from command line to 'None'
[2.496s] Level 5:colcon.colcon_core.verb:set package 'my_py_pkg' build argument 'cmake_target' from command line to 'None'
[2.496s] Level 5:colcon.colcon_core.verb:set package 'my_py_pkg' build argument 'cmake_target_skip_unavailable' from command line to 'False'
[2.497s] Level 5:colcon.colcon_core.verb:set package 'my_py_pkg' build argument 'cmake_clean_cache' from command line to 'False'
[2.497s] Level 5:colcon.colcon_core.verb:set package 'my_py_pkg' build argument 'cmake_clean_first' from command line to 'False'
[2.497s] Level 5:colcon.colcon_core.verb:set package 'my_py_pkg' build argument 'cmake_force_configure' from command line to 'False'
[2.497s] Level 5:colcon.colcon_core.verb:set package 'my_py_pkg' build argument 'ament_cmake_args' from command line to 'None'
[2.497s] Level 5:colcon.colcon_core.verb:set package 'my_py_pkg' build argument 'catkin_cmake_args' from command line to 'None'
[2.497s] Level 5:colcon.colcon_core.verb:set package 'my_py_pkg' build argument 'catkin_skip_building_tests' from command line to 'False'
[2.497s] DEBUG:colcon.colcon_core.verb:Building package 'my_py_pkg' with the following arguments: {'ament_cmake_args': None, 'build_base': '/home/saeesh/ros2_ws/build/my_py_pkg', 'catkin_cmake_args': None, 'catkin_skip_building_tests': False, 'cmake_args': None, 'cmake_clean_cache': False, 'cmake_clean_first': False, 'cmake_force_configure': False, 'cmake_target': None, 'cmake_target_skip_unavailable': False, 'install_base': '/home/saeesh/ros2_ws/install/my_py_pkg', 'merge_install': False, 'path': '/home/saeesh/ros2_ws/src/my_py_pkg', 'symlink_install': True, 'test_result_base': None}
[2.526s] Level 5:colcon.colcon_core.verb:set package 'my_robot_bringup' build argument 'cmake_args' from command line to 'None'
[2.526s] Level 5:colcon.colcon_core.verb:set package 'my_robot_bringup' build argument 'cmake_target' from command line to 'None'
[2.526s] Level 5:colcon.colcon_core.verb:set package 'my_robot_bringup' build argument 'cmake_target_skip_unavailable' from command line to 'False'
[2.526s] Level 5:colcon.colcon_core.verb:set package 'my_robot_bringup' build argument 'cmake_clean_cache' from command line to 'False'
[2.526s] Level 5:colcon.colcon_core.verb:set package 'my_robot_bringup' build argument 'cmake_clean_first' from command line to 'False'
[2.526s] Level 5:colcon.colcon_core.verb:set package 'my_robot_bringup' build argument 'cmake_force_configure' from command line to 'False'
[2.526s] Level 5:colcon.colcon_core.verb:set package 'my_robot_bringup' build argument 'ament_cmake_args' from command line to 'None'
[2.527s] Level 5:colcon.colcon_core.verb:set package 'my_robot_bringup' build argument 'catkin_cmake_args' from command line to 'None'
[2.527s] Level 5:colcon.colcon_core.verb:set package 'my_robot_bringup' build argument 'catkin_skip_building_tests' from command line to 'False'
[2.527s] DEBUG:colcon.colcon_core.verb:Building package 'my_robot_bringup' with the following arguments: {'ament_cmake_args': None, 'build_base': '/home/saeesh/ros2_ws/build/my_robot_bringup', 'catkin_cmake_args': None, 'catkin_skip_building_tests': False, 'cmake_args': None, 'cmake_clean_cache': False, 'cmake_clean_first': False, 'cmake_force_configure': False, 'cmake_target': None, 'cmake_target_skip_unavailable': False, 'install_base': '/home/saeesh/ros2_ws/install/my_robot_bringup', 'merge_install': False, 'path': '/home/saeesh/ros2_ws/src/my_robot_bringup', 'symlink_install': True, 'test_result_base': None}
[2.555s] INFO:colcon.colcon_core.executor:Executing jobs using 'parallel' executor
[2.584s] DEBUG:colcon.colcon_parallel_executor.executor.parallel:run_until_complete
[2.584s] INFO:colcon.colcon_ros.task.ament_cmake.build:Building ROS package in '/home/saeesh/ros2_ws/src/my_robot_interfaces' with build type 'ament_cmake'
[2.585s] INFO:colcon.colcon_cmake.task.cmake.build:Building CMake package in '/home/saeesh/ros2_ws/src/my_robot_interfaces'
[2.619s] INFO:colcon.colcon_core.plugin_system:Skipping extension 'colcon_core.shell.bat': Not used on non-Windows systems
[2.620s] INFO:colcon.colcon_core.shell:Skip shell extension 'powershell' for command environment: Not usable outside of PowerShell
[2.620s] DEBUG:colcon.colcon_core.shell:Skip shell extension 'dsv' for command environment
[2.729s] DEBUG:colcon.colcon_core.event_handler.log_command:Invoking command in '/home/saeesh/ros2_ws/build/my_robot_interfaces': CMAKE_PREFIX_PATH=${CMAKE_PREFIX_PATH}:/home/saeesh/ros2_ws/install/my_py_pkg:/opt/ros/humble /usr/bin/cmake --build /home/saeesh/ros2_ws/build/my_robot_interfaces -- -j4 -l4
[2.851s] DEBUG:colcon.colcon_core.event_handler.log_command:Invoked command in '/home/saeesh/ros2_ws/build/my_robot_interfaces' returned '2': CMAKE_PREFIX_PATH=${CMAKE_PREFIX_PATH}:/home/saeesh/ros2_ws/install/my_py_pkg:/opt/ros/humble /usr/bin/cmake --build /home/saeesh/ros2_ws/build/my_robot_interfaces -- -j4 -l4
[3.069s] Level 1:colcon.colcon_core.environment:create_environment_scripts_only(my_robot_interfaces)
[3.102s] Level 1:colcon.colcon_core.environment:checking '/home/saeesh/ros2_ws/install/my_robot_interfaces' for CMake module files
[3.104s] Level 1:colcon.colcon_core.environment:checking '/home/saeesh/ros2_ws/install/my_robot_interfaces' for CMake config files
[3.104s] Level 1:colcon.colcon_core.shell:create_environment_hook('my_robot_interfaces', 'cmake_prefix_path')
[3.132s] INFO:colcon.colcon_core.shell:Creating environment hook '/home/saeesh/ros2_ws/install/my_robot_interfaces/share/my_robot_interfaces/hook/cmake_prefix_path.ps1'
[3.133s] INFO:colcon.colcon_core.shell:Creating environment descriptor '/home/saeesh/ros2_ws/install/my_robot_interfaces/share/my_robot_interfaces/hook/cmake_prefix_path.dsv'
[3.134s] INFO:colcon.colcon_core.shell:Creating environment hook '/home/saeesh/ros2_ws/install/my_robot_interfaces/share/my_robot_interfaces/hook/cmake_prefix_path.sh'
[3.136s] Level 1:colcon.colcon_core.environment:checking '/home/saeesh/ros2_ws/install/my_robot_interfaces/lib'
[3.136s] Level 1:colcon.colcon_core.shell:create_environment_hook('my_robot_interfaces', 'ld_library_path_lib')
[3.163s] INFO:colcon.colcon_core.shell:Creating environment hook '/home/saeesh/ros2_ws/install/my_robot_interfaces/share/my_robot_interfaces/hook/ld_library_path_lib.ps1'
[3.164s] INFO:colcon.colcon_core.shell:Creating environment descriptor '/home/saeesh/ros2_ws/install/my_robot_interfaces/share/my_robot_interfaces/hook/ld_library_path_lib.dsv'
[3.165s] INFO:colcon.colcon_core.shell:Creating environment hook '/home/saeesh/ros2_ws/install/my_robot_interfaces/share/my_robot_interfaces/hook/ld_library_path_lib.sh'
[3.165s] Level 1:colcon.colcon_core.environment:checking '/home/saeesh/ros2_ws/install/my_robot_interfaces/bin'
[3.166s] Level 1:colcon.colcon_core.environment:checking '/home/saeesh/ros2_ws/install/my_robot_interfaces/lib/pkgconfig/my_robot_interfaces.pc'
[3.166s] Level 1:colcon.colcon_core.environment:checking '/home/saeesh/ros2_ws/install/my_robot_interfaces/lib/python3.10/site-packages'
[3.166s] Level 1:colcon.colcon_core.environment:checking '/home/saeesh/ros2_ws/install/my_robot_interfaces/bin'
[3.195s] INFO:colcon.colcon_core.shell:Creating package script '/home/saeesh/ros2_ws/install/my_robot_interfaces/share/my_robot_interfaces/package.ps1'
[3.197s] INFO:colcon.colcon_core.shell:Creating package descriptor '/home/saeesh/ros2_ws/install/my_robot_interfaces/share/my_robot_interfaces/package.dsv'
[3.198s] INFO:colcon.colcon_core.shell:Creating package script '/home/saeesh/ros2_ws/install/my_robot_interfaces/share/my_robot_interfaces/package.sh'
[3.199s] INFO:colcon.colcon_core.shell:Creating package script '/home/saeesh/ros2_ws/install/my_robot_interfaces/share/my_robot_interfaces/package.bash'
[3.200s] INFO:colcon.colcon_core.shell:Creating package script '/home/saeesh/ros2_ws/install/my_robot_interfaces/share/my_robot_interfaces/package.zsh'
[3.202s] Level 1:colcon.colcon_core.environment:create_file_with_runtime_dependencies(/home/saeesh/ros2_ws/install/my_robot_interfaces/share/colcon-core/packages/my_robot_interfaces)
[3.213s] DEBUG:colcon.colcon_parallel_executor.executor.parallel:closing loop
[3.213s] DEBUG:colcon.colcon_parallel_executor.executor.parallel:loop closed
[3.214s] DEBUG:colcon.colcon_parallel_executor.executor.parallel:run_until_complete finished with '2'
[3.214s] DEBUG:colcon.colcon_core.event_reactor:joining thread
[3.254s] INFO:colcon.colcon_core.plugin_system:Skipping extension 'colcon_notification.desktop_notification.terminal_notifier': Not used on non-Darwin systems
[3.254s] INFO:colcon.colcon_core.plugin_system:Skipping extension 'colcon_notification.desktop_notification.win32': Not used on non-Windows systems
[3.255s] INFO:colcon.colcon_notification.desktop_notification:Sending desktop notification using 'notify2'
[3.276s] DEBUG:colcon.colcon_core.event_reactor:joined thread
[3.316s] INFO:colcon.colcon_core.shell:Creating prefix script '/home/saeesh/ros2_ws/install/local_setup.ps1'
[3.318s] INFO:colcon.colcon_core.shell:Creating prefix util module '/home/saeesh/ros2_ws/install/_local_setup_util_ps1.py'
[3.320s] INFO:colcon.colcon_core.shell:Creating prefix chain script '/home/saeesh/ros2_ws/install/setup.ps1'
[3.351s] INFO:colcon.colcon_core.shell:Creating prefix script '/home/saeesh/ros2_ws/install/local_setup.sh'
[3.352s] INFO:colcon.colcon_core.shell:Creating prefix util module '/home/saeesh/ros2_ws/install/_local_setup_util_sh.py'
[3.354s] INFO:colcon.colcon_core.shell:Creating prefix chain script '/home/saeesh/ros2_ws/install/setup.sh'
[3.384s] INFO:colcon.colcon_core.shell:Creating prefix script '/home/saeesh/ros2_ws/install/local_setup.bash'
[3.385s] INFO:colcon.colcon_core.shell:Creating prefix chain script '/home/saeesh/ros2_ws/install/setup.bash'
[3.420s] INFO:colcon.colcon_core.shell:Creating prefix script '/home/saeesh/ros2_ws/install/local_setup.zsh'
[3.421s] INFO:colcon.colcon_core.shell:Creating prefix chain script '/home/saeesh/ros2_ws/install/setup.zsh'
