[1.656s] Invoking command in '/home/saeesh/ros2_ws/src/my_py_pkg': PYTHONPATH=/home/saeesh/ros2_ws/build/my_py_pkg/prefix_override:/home/saeesh/ros2_ws/install/my_py_pkg/lib/python3.10/site-packages:${PYTHONPATH} /usr/bin/python3 setup.py egg_info --egg-base ../../build/my_py_pkg build --build-base /home/saeesh/ros2_ws/build/my_py_pkg/build install --record /home/saeesh/ros2_ws/build/my_py_pkg/install.log --single-version-externally-managed
[2.010s] running egg_info
[2.010s] creating ../../build/my_py_pkg/my_py_pkg.egg-info
[2.011s] writing ../../build/my_py_pkg/my_py_pkg.egg-info/PKG-INFO
[2.011s] writing dependency_links to ../../build/my_py_pkg/my_py_pkg.egg-info/dependency_links.txt
[2.011s] writing entry points to ../../build/my_py_pkg/my_py_pkg.egg-info/entry_points.txt
[2.011s] writing requirements to ../../build/my_py_pkg/my_py_pkg.egg-info/requires.txt
[2.011s] writing top-level names to ../../build/my_py_pkg/my_py_pkg.egg-info/top_level.txt
[2.012s] writing manifest file '../../build/my_py_pkg/my_py_pkg.egg-info/SOURCES.txt'
[2.014s] reading manifest file '../../build/my_py_pkg/my_py_pkg.egg-info/SOURCES.txt'
[2.014s] writing manifest file '../../build/my_py_pkg/my_py_pkg.egg-info/SOURCES.txt'
[2.015s] running build
[2.015s] running build_py
[2.015s] creating /home/saeesh/ros2_ws/build/my_py_pkg/build
[2.015s] creating /home/saeesh/ros2_ws/build/my_py_pkg/build/lib
[2.015s] creating /home/saeesh/ros2_ws/build/my_py_pkg/build/lib/my_py_pkg
[2.015s] copying my_py_pkg/__init__.py -> /home/saeesh/ros2_ws/build/my_py_pkg/build/lib/my_py_pkg
[2.016s] running install
[2.070s] /usr/lib/python3/dist-packages/setuptools/command/install.py:34: SetuptoolsDeprecationWarning: setup.py install is deprecated. Use build and pip and other standards-based tools.
[2.070s]   warnings.warn(
[2.070s] running install_lib
[2.072s] creating /home/saeesh/ros2_ws/install/my_py_pkg/lib/python3.10/site-packages/my_py_pkg
[2.072s] copying /home/saeesh/ros2_ws/build/my_py_pkg/build/lib/my_py_pkg/__init__.py -> /home/saeesh/ros2_ws/install/my_py_pkg/lib/python3.10/site-packages/my_py_pkg
[2.073s] byte-compiling /home/saeesh/ros2_ws/install/my_py_pkg/lib/python3.10/site-packages/my_py_pkg/__init__.py to __init__.cpython-310.pyc
[2.073s] running install_data
[2.074s] creating /home/saeesh/ros2_ws/install/my_py_pkg/share/ament_index
[2.074s] creating /home/saeesh/ros2_ws/install/my_py_pkg/share/ament_index/resource_index
[2.074s] creating /home/saeesh/ros2_ws/install/my_py_pkg/share/ament_index/resource_index/packages
[2.075s] copying resource/my_py_pkg -> /home/saeesh/ros2_ws/install/my_py_pkg/share/ament_index/resource_index/packages
[2.075s] copying package.xml -> /home/saeesh/ros2_ws/install/my_py_pkg/share/my_py_pkg
[2.075s] running install_egg_info
[2.077s] Copying ../../build/my_py_pkg/my_py_pkg.egg-info to /home/saeesh/ros2_ws/install/my_py_pkg/lib/python3.10/site-packages/my_py_pkg-0.0.0-py3.10.egg-info
[2.079s] running install_scripts
[2.104s] writing list of installed files to '/home/saeesh/ros2_ws/build/my_py_pkg/install.log'
[2.144s] Invoked command in '/home/saeesh/ros2_ws/src/my_py_pkg' returned '0': PYTHONPATH=/home/saeesh/ros2_ws/build/my_py_pkg/prefix_override:/home/saeesh/ros2_ws/install/my_py_pkg/lib/python3.10/site-packages:${PYTHONPATH} /usr/bin/python3 setup.py egg_info --egg-base ../../build/my_py_pkg build --build-base /home/saeesh/ros2_ws/build/my_py_pkg/build install --record /home/saeesh/ros2_ws/build/my_py_pkg/install.log --single-version-externally-managed
