[0.523s] Invoking command in '/home/saeesh/ros2_ws/build/my_robot_interfaces': CMAKE_PREFIX_PATH=/home/saeesh/ros2_ws/install/my_py_pkg:/opt/ros/humble /usr/bin/cmake /home/saeesh/ros2_ws/src/my_robot_interfaces -DCMAKE_INSTALL_PREFIX=/home/saeesh/ros2_ws/install/my_robot_interfaces
[0.543s] -- Found ament_cmake: 1.3.6 (/opt/ros/humble/share/ament_cmake/cmake)
[0.734s] -- Found ament_lint_auto: 0.12.9 (/opt/ros/humble/share/ament_lint_auto/cmake)
[0.843s] [31mCMake Error at CMakeLists.txt:27 (find_package):
[0.843s]   By not providing "Findrosidl_default_generator.cmake" in CMAKE_MODULE_PATH
[0.843s]   this project has asked CMake to find a package configuration file provided
[0.844s]   by "rosidl_default_generator", but CMake did not find one.
[0.844s] 
[0.844s]   Could not find a package configuration file provided by
[0.844s]   "rosidl_default_generator" with any of the following names:
[0.844s] 
[0.844s]     rosidl_default_generatorConfig.cmake
[0.844s]     rosidl_default_generator-config.cmake
[0.844s] 
[0.844s]   Add the installation prefix of "rosidl_default_generator" to
[0.844s]   CMAKE_PREFIX_PATH or set "rosidl_default_generator_DIR" to a directory
[0.845s]   containing one of the above files.  If "rosidl_default_generator" provides
[0.845s]   a separate development package or SDK, be sure it has been installed.
[0.845s] 
[0.845s] [0m
[0.845s] -- Configuring incomplete, errors occurred!
[0.845s] See also "/home/saeesh/ros2_ws/build/my_robot_interfaces/CMakeFiles/CMakeOutput.log".
[0.849s] Invoked command in '/home/saeesh/ros2_ws/build/my_robot_interfaces' returned '1': CMAKE_PREFIX_PATH=/home/saeesh/ros2_ws/install/my_py_pkg:/opt/ros/humble /usr/bin/cmake /home/saeesh/ros2_ws/src/my_robot_interfaces -DCMAKE_INSTALL_PREFIX=/home/saeesh/ros2_ws/install/my_robot_interfaces
