running develop
running egg_info
writing my_py_pkg.egg-info/PKG-INFO
writing dependency_links to my_py_pkg.egg-info/dependency_links.txt
writing entry points to my_py_pkg.egg-info/entry_points.txt
writing requirements to my_py_pkg.egg-info/requires.txt
writing top-level names to my_py_pkg.egg-info/top_level.txt
reading manifest file 'my_py_pkg.egg-info/SOURCES.txt'
writing manifest file 'my_py_pkg.egg-info/SOURCES.txt'
running build_ext
Creating /home/saeesh/ros2_ws/install/my_py_pkg/lib/python3.10/site-packages/my-py-pkg.egg-link (link to .)
Installing activity3_subscriber script to /home/saeesh/ros2_ws/install/my_py_pkg/lib/my_py_pkg
Installing activity_pub script to /home/saeesh/ros2_ws/install/my_py_pkg/lib/my_py_pkg
Installing activity_sub script to /home/saeesh/ros2_ws/install/my_py_pkg/lib/my_py_pkg
Installing add_two_numbers_cli script to /home/saeesh/ros2_ws/install/my_py_pkg/lib/my_py_pkg
Installing add_two_numbers_cli_oop script to /home/saeesh/ros2_ws/install/my_py_pkg/lib/my_py_pkg
Installing add_two_numbers_srv script to /home/saeesh/ros2_ws/install/my_py_pkg/lib/my_py_pkg
Installing bettery script to /home/saeesh/ros2_ws/install/my_py_pkg/lib/my_py_pkg
Installing hw_status_publisher script to /home/saeesh/ros2_ws/install/my_py_pkg/lib/my_py_pkg
Installing led_panel script to /home/saeesh/ros2_ws/install/my_py_pkg/lib/my_py_pkg
Installing py_node script to /home/saeesh/ros2_ws/install/my_py_pkg/lib/my_py_pkg
Installing robo_news script to /home/saeesh/ros2_ws/install/my_py_pkg/lib/my_py_pkg
Installing smartphone script to /home/saeesh/ros2_ws/install/my_py_pkg/lib/my_py_pkg

Installed /home/saeesh/ros2_ws/build/my_py_pkg
running install_data
