[0.208s] Invoking command in '/home/saeesh/ros2_ws/build/my_robot_interface': CMAKE_PREFIX_PATH=${CMAKE_PREFIX_PATH}:/home/saeesh/ros2_ws/install/turtlsim_catch_them_all:/home/saeesh/ros2_ws/install/turtlesim_catch_them_all:/home/saeesh/ros2_ws/install/my_py_pkg:/opt/ros/humble /usr/bin/cmake --build /home/saeesh/ros2_ws/build/my_robot_interface -- -j4 -l4
[0.292s] [35m[1mConsolidate compiler generated dependencies of target my_robot_interface__rosidl_generator_c[0m
[0.310s] [  2%] Built target my_robot_interface__cpp
[0.321s] [ 12%] Built target my_robot_interface__rosidl_generator_c
[0.337s] [ 12%] Built target ament_cmake_python_copy_my_robot_interface
[0.343s] [35m[1mConsolidate compiler generated dependencies of target my_robot_interface__rosidl_typesupport_introspection_cpp[0m
[0.344s] [35m[1mConsolidate compiler generated dependencies of target my_robot_interface__rosidl_typesupport_fastrtps_cpp[0m
[0.363s] [35m[1mConsolidate compiler generated dependencies of target my_robot_interface__rosidl_typesupport_fastrtps_c[0m
[0.371s] [35m[1mConsolidate compiler generated dependencies of target my_robot_interface__rosidl_typesupport_cpp[0m
[0.386s] [ 23%] Built target my_robot_interface__rosidl_typesupport_introspection_cpp
[0.388s] [ 34%] Built target my_robot_interface__rosidl_typesupport_fastrtps_cpp
[0.406s] [ 44%] Built target my_robot_interface__rosidl_typesupport_fastrtps_c
[0.413s] [35m[1mConsolidate compiler generated dependencies of target my_robot_interface__rosidl_typesupport_introspection_c[0m
[0.414s] [ 55%] Built target my_robot_interface__rosidl_typesupport_cpp
[0.427s] [35m[1mConsolidate compiler generated dependencies of target my_robot_interface__rosidl_typesupport_c[0m
[0.443s] [ 65%] Built target my_robot_interface__rosidl_typesupport_introspection_c
[0.452s] [ 76%] Built target my_robot_interface__rosidl_typesupport_c
[0.496s] [ 76%] Built target my_robot_interface
[0.542s] [ 78%] Built target my_robot_interface__py
[0.566s] [35m[1mConsolidate compiler generated dependencies of target my_robot_interface__rosidl_generator_py[0m
[0.599s] [ 87%] Built target my_robot_interface__rosidl_generator_py
[0.624s] [35m[1mConsolidate compiler generated dependencies of target my_robot_interface__rosidl_typesupport_introspection_c__pyext[0m
[0.630s] [35m[1mConsolidate compiler generated dependencies of target my_robot_interface__rosidl_typesupport_fastrtps_c__pyext[0m
[0.662s] [35m[1mConsolidate compiler generated dependencies of target my_robot_interface__rosidl_typesupport_c__pyext[0m
[0.665s] [ 91%] Built target my_robot_interface__rosidl_typesupport_introspection_c__pyext
[0.680s] [ 95%] Built target my_robot_interface__rosidl_typesupport_fastrtps_c__pyext
[0.696s] [100%] Built target my_robot_interface__rosidl_typesupport_c__pyext
[0.866s] running egg_info
[0.867s] writing my_robot_interface.egg-info/PKG-INFO
[0.867s] writing dependency_links to my_robot_interface.egg-info/dependency_links.txt
[0.868s] writing top-level names to my_robot_interface.egg-info/top_level.txt
[0.871s] reading manifest file 'my_robot_interface.egg-info/SOURCES.txt'
[0.872s] writing manifest file 'my_robot_interface.egg-info/SOURCES.txt'
[0.922s] [100%] Built target ament_cmake_python_build_my_robot_interface_egg
[0.944s] Invoked command in '/home/saeesh/ros2_ws/build/my_robot_interface' returned '0': CMAKE_PREFIX_PATH=${CMAKE_PREFIX_PATH}:/home/saeesh/ros2_ws/install/turtlsim_catch_them_all:/home/saeesh/ros2_ws/install/turtlesim_catch_them_all:/home/saeesh/ros2_ws/install/my_py_pkg:/opt/ros/humble /usr/bin/cmake --build /home/saeesh/ros2_ws/build/my_robot_interface -- -j4 -l4
[1.132s] Invoking command in '/home/saeesh/ros2_ws/build/my_robot_interface': CMAKE_PREFIX_PATH=${CMAKE_PREFIX_PATH}:/home/saeesh/ros2_ws/install/turtlsim_catch_them_all:/home/saeesh/ros2_ws/install/turtlesim_catch_them_all:/home/saeesh/ros2_ws/install/my_py_pkg:/opt/ros/humble /usr/bin/cmake --install /home/saeesh/ros2_ws/build/my_robot_interface
[1.147s] -- Install configuration: ""
[1.147s] -- Up-to-date: /home/saeesh/ros2_ws/install/my_robot_interface/share/ament_index/resource_index/rosidl_interfaces/my_robot_interface
[1.147s] -- Up-to-date: /home/saeesh/ros2_ws/install/my_robot_interface/include/my_robot_interface/my_robot_interface
[1.148s] -- Up-to-date: /home/saeesh/ros2_ws/install/my_robot_interface/include/my_robot_interface/my_robot_interface/srv
[1.148s] -- Up-to-date: /home/saeesh/ros2_ws/install/my_robot_interface/include/my_robot_interface/my_robot_interface/srv/detail
[1.148s] -- Up-to-date: /home/saeesh/ros2_ws/install/my_robot_interface/include/my_robot_interface/my_robot_interface/srv/detail/catchturtle__struct.h
[1.148s] -- Up-to-date: /home/saeesh/ros2_ws/install/my_robot_interface/include/my_robot_interface/my_robot_interface/srv/detail/catchturtle__functions.h
[1.149s] -- Up-to-date: /home/saeesh/ros2_ws/install/my_robot_interface/include/my_robot_interface/my_robot_interface/srv/detail/catchturtle__type_support.h
[1.149s] -- Up-to-date: /home/saeesh/ros2_ws/install/my_robot_interface/include/my_robot_interface/my_robot_interface/srv/detail/catchturtle__functions.c
[1.149s] -- Up-to-date: /home/saeesh/ros2_ws/install/my_robot_interface/include/my_robot_interface/my_robot_interface/srv/catchturtle.h
[1.149s] -- Up-to-date: /home/saeesh/ros2_ws/install/my_robot_interface/include/my_robot_interface/my_robot_interface/msg
[1.149s] -- Up-to-date: /home/saeesh/ros2_ws/install/my_robot_interface/include/my_robot_interface/my_robot_interface/msg/turtle.h
[1.150s] -- Up-to-date: /home/saeesh/ros2_ws/install/my_robot_interface/include/my_robot_interface/my_robot_interface/msg/rosidl_generator_c__visibility_control.h
[1.150s] -- Up-to-date: /home/saeesh/ros2_ws/install/my_robot_interface/include/my_robot_interface/my_robot_interface/msg/detail
[1.150s] -- Up-to-date: /home/saeesh/ros2_ws/install/my_robot_interface/include/my_robot_interface/my_robot_interface/msg/detail/turtle_array__functions.c
[1.150s] -- Up-to-date: /home/saeesh/ros2_ws/install/my_robot_interface/include/my_robot_interface/my_robot_interface/msg/detail/turtle_array__type_support.h
[1.150s] -- Up-to-date: /home/saeesh/ros2_ws/install/my_robot_interface/include/my_robot_interface/my_robot_interface/msg/detail/turtle__functions.h
[1.150s] -- Up-to-date: /home/saeesh/ros2_ws/install/my_robot_interface/include/my_robot_interface/my_robot_interface/msg/detail/turtle__struct.h
[1.151s] -- Up-to-date: /home/saeesh/ros2_ws/install/my_robot_interface/include/my_robot_interface/my_robot_interface/msg/detail/turtle_array__struct.h
[1.151s] -- Up-to-date: /home/saeesh/ros2_ws/install/my_robot_interface/include/my_robot_interface/my_robot_interface/msg/detail/turtle__type_support.h
[1.151s] -- Up-to-date: /home/saeesh/ros2_ws/install/my_robot_interface/include/my_robot_interface/my_robot_interface/msg/detail/turtle_array__functions.h
[1.151s] -- Up-to-date: /home/saeesh/ros2_ws/install/my_robot_interface/include/my_robot_interface/my_robot_interface/msg/detail/turtle__functions.c
[1.152s] -- Up-to-date: /home/saeesh/ros2_ws/install/my_robot_interface/include/my_robot_interface/my_robot_interface/msg/turtle_array.h
[1.152s] -- Up-to-date: /home/saeesh/ros2_ws/install/my_robot_interface/share/my_robot_interface/environment/library_path.sh
[1.152s] -- Up-to-date: /home/saeesh/ros2_ws/install/my_robot_interface/share/my_robot_interface/environment/library_path.dsv
[1.152s] -- Up-to-date: /home/saeesh/ros2_ws/install/my_robot_interface/lib/libmy_robot_interface__rosidl_generator_c.so
[1.152s] -- Up-to-date: /home/saeesh/ros2_ws/install/my_robot_interface/include/my_robot_interface/my_robot_interface
[1.152s] -- Up-to-date: /home/saeesh/ros2_ws/install/my_robot_interface/include/my_robot_interface/my_robot_interface/srv
[1.152s] -- Up-to-date: /home/saeesh/ros2_ws/install/my_robot_interface/include/my_robot_interface/my_robot_interface/srv/detail
[1.153s] -- Up-to-date: /home/saeesh/ros2_ws/install/my_robot_interface/include/my_robot_interface/my_robot_interface/srv/detail/catchturtle__rosidl_typesupport_fastrtps_c.h
[1.153s] -- Up-to-date: /home/saeesh/ros2_ws/install/my_robot_interface/include/my_robot_interface/my_robot_interface/msg
[1.153s] -- Up-to-date: /home/saeesh/ros2_ws/install/my_robot_interface/include/my_robot_interface/my_robot_interface/msg/rosidl_typesupport_fastrtps_c__visibility_control.h
[1.153s] -- Up-to-date: /home/saeesh/ros2_ws/install/my_robot_interface/include/my_robot_interface/my_robot_interface/msg/detail
[1.153s] -- Up-to-date: /home/saeesh/ros2_ws/install/my_robot_interface/include/my_robot_interface/my_robot_interface/msg/detail/turtle__rosidl_typesupport_fastrtps_c.h
[1.153s] -- Up-to-date: /home/saeesh/ros2_ws/install/my_robot_interface/include/my_robot_interface/my_robot_interface/msg/detail/turtle_array__rosidl_typesupport_fastrtps_c.h
[1.154s] -- Up-to-date: /home/saeesh/ros2_ws/install/my_robot_interface/lib/libmy_robot_interface__rosidl_typesupport_fastrtps_c.so
[1.154s] -- Up-to-date: /home/saeesh/ros2_ws/install/my_robot_interface/include/my_robot_interface/my_robot_interface
[1.154s] -- Up-to-date: /home/saeesh/ros2_ws/install/my_robot_interface/include/my_robot_interface/my_robot_interface/srv
[1.154s] -- Up-to-date: /home/saeesh/ros2_ws/install/my_robot_interface/include/my_robot_interface/my_robot_interface/srv/detail
[1.154s] -- Up-to-date: /home/saeesh/ros2_ws/install/my_robot_interface/include/my_robot_interface/my_robot_interface/srv/detail/catchturtle__type_support.c
[1.155s] -- Up-to-date: /home/saeesh/ros2_ws/install/my_robot_interface/include/my_robot_interface/my_robot_interface/srv/detail/catchturtle__rosidl_typesupport_introspection_c.h
[1.155s] -- Up-to-date: /home/saeesh/ros2_ws/install/my_robot_interface/include/my_robot_interface/my_robot_interface/msg
[1.155s] -- Up-to-date: /home/saeesh/ros2_ws/install/my_robot_interface/include/my_robot_interface/my_robot_interface/msg/detail
[1.155s] -- Up-to-date: /home/saeesh/ros2_ws/install/my_robot_interface/include/my_robot_interface/my_robot_interface/msg/detail/turtle__type_support.c
[1.155s] -- Up-to-date: /home/saeesh/ros2_ws/install/my_robot_interface/include/my_robot_interface/my_robot_interface/msg/detail/turtle__rosidl_typesupport_introspection_c.h
[1.155s] -- Up-to-date: /home/saeesh/ros2_ws/install/my_robot_interface/include/my_robot_interface/my_robot_interface/msg/detail/turtle_array__rosidl_typesupport_introspection_c.h
[1.156s] -- Up-to-date: /home/saeesh/ros2_ws/install/my_robot_interface/include/my_robot_interface/my_robot_interface/msg/detail/turtle_array__type_support.c
[1.156s] -- Up-to-date: /home/saeesh/ros2_ws/install/my_robot_interface/include/my_robot_interface/my_robot_interface/msg/rosidl_typesupport_introspection_c__visibility_control.h
[1.156s] -- Up-to-date: /home/saeesh/ros2_ws/install/my_robot_interface/lib/libmy_robot_interface__rosidl_typesupport_introspection_c.so
[1.156s] -- Up-to-date: /home/saeesh/ros2_ws/install/my_robot_interface/lib/libmy_robot_interface__rosidl_typesupport_c.so
[1.156s] -- Up-to-date: /home/saeesh/ros2_ws/install/my_robot_interface/include/my_robot_interface/my_robot_interface
[1.156s] -- Up-to-date: /home/saeesh/ros2_ws/install/my_robot_interface/include/my_robot_interface/my_robot_interface/srv
[1.156s] -- Up-to-date: /home/saeesh/ros2_ws/install/my_robot_interface/include/my_robot_interface/my_robot_interface/srv/detail
[1.156s] -- Up-to-date: /home/saeesh/ros2_ws/install/my_robot_interface/include/my_robot_interface/my_robot_interface/srv/detail/catchturtle__struct.hpp
[1.157s] -- Up-to-date: /home/saeesh/ros2_ws/install/my_robot_interface/include/my_robot_interface/my_robot_interface/srv/detail/catchturtle__traits.hpp
[1.157s] -- Up-to-date: /home/saeesh/ros2_ws/install/my_robot_interface/include/my_robot_interface/my_robot_interface/srv/detail/catchturtle__builder.hpp
[1.157s] -- Up-to-date: /home/saeesh/ros2_ws/install/my_robot_interface/include/my_robot_interface/my_robot_interface/srv/catchturtle.hpp
[1.157s] -- Up-to-date: /home/saeesh/ros2_ws/install/my_robot_interface/include/my_robot_interface/my_robot_interface/msg
[1.157s] -- Up-to-date: /home/saeesh/ros2_ws/install/my_robot_interface/include/my_robot_interface/my_robot_interface/msg/detail
[1.157s] -- Up-to-date: /home/saeesh/ros2_ws/install/my_robot_interface/include/my_robot_interface/my_robot_interface/msg/detail/turtle__traits.hpp
[1.158s] -- Up-to-date: /home/saeesh/ros2_ws/install/my_robot_interface/include/my_robot_interface/my_robot_interface/msg/detail/turtle__builder.hpp
[1.158s] -- Up-to-date: /home/saeesh/ros2_ws/install/my_robot_interface/include/my_robot_interface/my_robot_interface/msg/detail/turtle_array__builder.hpp
[1.158s] -- Up-to-date: /home/saeesh/ros2_ws/install/my_robot_interface/include/my_robot_interface/my_robot_interface/msg/detail/turtle__struct.hpp
[1.158s] -- Up-to-date: /home/saeesh/ros2_ws/install/my_robot_interface/include/my_robot_interface/my_robot_interface/msg/detail/turtle_array__traits.hpp
[1.158s] -- Up-to-date: /home/saeesh/ros2_ws/install/my_robot_interface/include/my_robot_interface/my_robot_interface/msg/detail/turtle_array__struct.hpp
[1.158s] -- Up-to-date: /home/saeesh/ros2_ws/install/my_robot_interface/include/my_robot_interface/my_robot_interface/msg/turtle.hpp
[1.159s] -- Up-to-date: /home/saeesh/ros2_ws/install/my_robot_interface/include/my_robot_interface/my_robot_interface/msg/turtle_array.hpp
[1.159s] -- Up-to-date: /home/saeesh/ros2_ws/install/my_robot_interface/include/my_robot_interface/my_robot_interface
[1.159s] -- Up-to-date: /home/saeesh/ros2_ws/install/my_robot_interface/include/my_robot_interface/my_robot_interface/srv
[1.159s] -- Up-to-date: /home/saeesh/ros2_ws/install/my_robot_interface/include/my_robot_interface/my_robot_interface/srv/detail
[1.159s] -- Up-to-date: /home/saeesh/ros2_ws/install/my_robot_interface/include/my_robot_interface/my_robot_interface/srv/detail/catchturtle__rosidl_typesupport_fastrtps_cpp.hpp
[1.159s] -- Up-to-date: /home/saeesh/ros2_ws/install/my_robot_interface/include/my_robot_interface/my_robot_interface/srv/detail/dds_fastrtps
[1.159s] -- Up-to-date: /home/saeesh/ros2_ws/install/my_robot_interface/include/my_robot_interface/my_robot_interface/msg
[1.160s] -- Up-to-date: /home/saeesh/ros2_ws/install/my_robot_interface/include/my_robot_interface/my_robot_interface/msg/detail
[1.160s] -- Up-to-date: /home/saeesh/ros2_ws/install/my_robot_interface/include/my_robot_interface/my_robot_interface/msg/detail/turtle__rosidl_typesupport_fastrtps_cpp.hpp
[1.160s] -- Up-to-date: /home/saeesh/ros2_ws/install/my_robot_interface/include/my_robot_interface/my_robot_interface/msg/detail/turtle_array__rosidl_typesupport_fastrtps_cpp.hpp
[1.160s] -- Up-to-date: /home/saeesh/ros2_ws/install/my_robot_interface/include/my_robot_interface/my_robot_interface/msg/detail/dds_fastrtps
[1.160s] -- Up-to-date: /home/saeesh/ros2_ws/install/my_robot_interface/include/my_robot_interface/my_robot_interface/msg/rosidl_typesupport_fastrtps_cpp__visibility_control.h
[1.160s] -- Up-to-date: /home/saeesh/ros2_ws/install/my_robot_interface/lib/libmy_robot_interface__rosidl_typesupport_fastrtps_cpp.so
[1.160s] -- Up-to-date: /home/saeesh/ros2_ws/install/my_robot_interface/include/my_robot_interface/my_robot_interface
[1.161s] -- Up-to-date: /home/saeesh/ros2_ws/install/my_robot_interface/include/my_robot_interface/my_robot_interface/srv
[1.161s] -- Up-to-date: /home/saeesh/ros2_ws/install/my_robot_interface/include/my_robot_interface/my_robot_interface/srv/detail
[1.161s] -- Up-to-date: /home/saeesh/ros2_ws/install/my_robot_interface/include/my_robot_interface/my_robot_interface/srv/detail/catchturtle__rosidl_typesupport_introspection_cpp.hpp
[1.161s] -- Up-to-date: /home/saeesh/ros2_ws/install/my_robot_interface/include/my_robot_interface/my_robot_interface/srv/detail/catchturtle__type_support.cpp
[1.161s] -- Up-to-date: /home/saeesh/ros2_ws/install/my_robot_interface/include/my_robot_interface/my_robot_interface/msg
[1.161s] -- Up-to-date: /home/saeesh/ros2_ws/install/my_robot_interface/include/my_robot_interface/my_robot_interface/msg/detail
[1.161s] -- Up-to-date: /home/saeesh/ros2_ws/install/my_robot_interface/include/my_robot_interface/my_robot_interface/msg/detail/turtle_array__type_support.cpp
[1.161s] -- Up-to-date: /home/saeesh/ros2_ws/install/my_robot_interface/include/my_robot_interface/my_robot_interface/msg/detail/turtle__type_support.cpp
[1.162s] -- Up-to-date: /home/saeesh/ros2_ws/install/my_robot_interface/include/my_robot_interface/my_robot_interface/msg/detail/turtle_array__rosidl_typesupport_introspection_cpp.hpp
[1.162s] -- Up-to-date: /home/saeesh/ros2_ws/install/my_robot_interface/include/my_robot_interface/my_robot_interface/msg/detail/turtle__rosidl_typesupport_introspection_cpp.hpp
[1.162s] -- Up-to-date: /home/saeesh/ros2_ws/install/my_robot_interface/lib/libmy_robot_interface__rosidl_typesupport_introspection_cpp.so
[1.162s] -- Up-to-date: /home/saeesh/ros2_ws/install/my_robot_interface/lib/libmy_robot_interface__rosidl_typesupport_cpp.so
[1.162s] -- Up-to-date: /home/saeesh/ros2_ws/install/my_robot_interface/share/my_robot_interface/environment/pythonpath.sh
[1.162s] -- Up-to-date: /home/saeesh/ros2_ws/install/my_robot_interface/share/my_robot_interface/environment/pythonpath.dsv
[1.162s] -- Up-to-date: /home/saeesh/ros2_ws/install/my_robot_interface/local/lib/python3.10/dist-packages/my_robot_interface-0.0.0-py3.10.egg-info
[1.162s] -- Installing: /home/saeesh/ros2_ws/install/my_robot_interface/local/lib/python3.10/dist-packages/my_robot_interface-0.0.0-py3.10.egg-info/SOURCES.txt
[1.163s] -- Installing: /home/saeesh/ros2_ws/install/my_robot_interface/local/lib/python3.10/dist-packages/my_robot_interface-0.0.0-py3.10.egg-info/PKG-INFO
[1.163s] -- Installing: /home/saeesh/ros2_ws/install/my_robot_interface/local/lib/python3.10/dist-packages/my_robot_interface-0.0.0-py3.10.egg-info/dependency_links.txt
[1.163s] -- Installing: /home/saeesh/ros2_ws/install/my_robot_interface/local/lib/python3.10/dist-packages/my_robot_interface-0.0.0-py3.10.egg-info/top_level.txt
[1.163s] -- Up-to-date: /home/saeesh/ros2_ws/install/my_robot_interface/local/lib/python3.10/dist-packages/my_robot_interface
[1.163s] -- Up-to-date: /home/saeesh/ros2_ws/install/my_robot_interface/local/lib/python3.10/dist-packages/my_robot_interface/my_robot_interface_s__rosidl_typesupport_introspection_c.cpython-310-x86_64-linux-gnu.so
[1.163s] -- Up-to-date: /home/saeesh/ros2_ws/install/my_robot_interface/local/lib/python3.10/dist-packages/my_robot_interface/srv
[1.163s] -- Up-to-date: /home/saeesh/ros2_ws/install/my_robot_interface/local/lib/python3.10/dist-packages/my_robot_interface/srv/_catchturtle_s.c
[1.163s] -- Up-to-date: /home/saeesh/ros2_ws/install/my_robot_interface/local/lib/python3.10/dist-packages/my_robot_interface/srv/_catchturtle.py
[1.164s] -- Up-to-date: /home/saeesh/ros2_ws/install/my_robot_interface/local/lib/python3.10/dist-packages/my_robot_interface/srv/__init__.py
[1.164s] -- Up-to-date: /home/saeesh/ros2_ws/install/my_robot_interface/local/lib/python3.10/dist-packages/my_robot_interface/msg
[1.164s] -- Up-to-date: /home/saeesh/ros2_ws/install/my_robot_interface/local/lib/python3.10/dist-packages/my_robot_interface/msg/_turtle_array.py
[1.164s] -- Up-to-date: /home/saeesh/ros2_ws/install/my_robot_interface/local/lib/python3.10/dist-packages/my_robot_interface/msg/_turtle_array_s.c
[1.164s] -- Up-to-date: /home/saeesh/ros2_ws/install/my_robot_interface/local/lib/python3.10/dist-packages/my_robot_interface/msg/_turtle.py
[1.164s] -- Up-to-date: /home/saeesh/ros2_ws/install/my_robot_interface/local/lib/python3.10/dist-packages/my_robot_interface/msg/__init__.py
[1.164s] -- Up-to-date: /home/saeesh/ros2_ws/install/my_robot_interface/local/lib/python3.10/dist-packages/my_robot_interface/msg/_turtle_s.c
[1.164s] -- Up-to-date: /home/saeesh/ros2_ws/install/my_robot_interface/local/lib/python3.10/dist-packages/my_robot_interface/_my_robot_interface_s.ep.rosidl_typesupport_fastrtps_c.c
[1.165s] -- Up-to-date: /home/saeesh/ros2_ws/install/my_robot_interface/local/lib/python3.10/dist-packages/my_robot_interface/_my_robot_interface_s.ep.rosidl_typesupport_c.c
[1.165s] -- Up-to-date: /home/saeesh/ros2_ws/install/my_robot_interface/local/lib/python3.10/dist-packages/my_robot_interface/libmy_robot_interface__rosidl_generator_py.so
[1.165s] -- Up-to-date: /home/saeesh/ros2_ws/install/my_robot_interface/local/lib/python3.10/dist-packages/my_robot_interface/my_robot_interface_s__rosidl_typesupport_c.cpython-310-x86_64-linux-gnu.so
[1.165s] -- Up-to-date: /home/saeesh/ros2_ws/install/my_robot_interface/local/lib/python3.10/dist-packages/my_robot_interface/_my_robot_interface_s.ep.rosidl_typesupport_introspection_c.c
[1.165s] -- Up-to-date: /home/saeesh/ros2_ws/install/my_robot_interface/local/lib/python3.10/dist-packages/my_robot_interface/my_robot_interface_s__rosidl_typesupport_fastrtps_c.cpython-310-x86_64-linux-gnu.so
[1.165s] -- Up-to-date: /home/saeesh/ros2_ws/install/my_robot_interface/local/lib/python3.10/dist-packages/my_robot_interface/__init__.py
[1.212s] Listing '/home/saeesh/ros2_ws/install/my_robot_interface/local/lib/python3.10/dist-packages/my_robot_interface'...
[1.212s] Listing '/home/saeesh/ros2_ws/install/my_robot_interface/local/lib/python3.10/dist-packages/my_robot_interface/msg'...
[1.212s] Listing '/home/saeesh/ros2_ws/install/my_robot_interface/local/lib/python3.10/dist-packages/my_robot_interface/srv'...
[1.220s] -- Up-to-date: /home/saeesh/ros2_ws/install/my_robot_interface/local/lib/python3.10/dist-packages/my_robot_interface/my_robot_interface_s__rosidl_typesupport_fastrtps_c.cpython-310-x86_64-linux-gnu.so
[1.220s] -- Up-to-date: /home/saeesh/ros2_ws/install/my_robot_interface/local/lib/python3.10/dist-packages/my_robot_interface/my_robot_interface_s__rosidl_typesupport_introspection_c.cpython-310-x86_64-linux-gnu.so
[1.221s] -- Up-to-date: /home/saeesh/ros2_ws/install/my_robot_interface/local/lib/python3.10/dist-packages/my_robot_interface/my_robot_interface_s__rosidl_typesupport_c.cpython-310-x86_64-linux-gnu.so
[1.221s] -- Up-to-date: /home/saeesh/ros2_ws/install/my_robot_interface/lib/libmy_robot_interface__rosidl_generator_py.so
[1.222s] -- Up-to-date: /home/saeesh/ros2_ws/install/my_robot_interface/share/my_robot_interface/msg/Turtle.idl
[1.222s] -- Up-to-date: /home/saeesh/ros2_ws/install/my_robot_interface/share/my_robot_interface/msg/TurtleArray.idl
[1.222s] -- Up-to-date: /home/saeesh/ros2_ws/install/my_robot_interface/share/my_robot_interface/srv/Catchturtle.idl
[1.222s] -- Up-to-date: /home/saeesh/ros2_ws/install/my_robot_interface/share/my_robot_interface/msg/Turtle.msg
[1.223s] -- Up-to-date: /home/saeesh/ros2_ws/install/my_robot_interface/share/my_robot_interface/msg/TurtleArray.msg
[1.223s] -- Up-to-date: /home/saeesh/ros2_ws/install/my_robot_interface/share/my_robot_interface/srv/Catchturtle.srv
[1.223s] -- Up-to-date: /home/saeesh/ros2_ws/install/my_robot_interface/share/my_robot_interface/srv/Catchturtle_Request.msg
[1.223s] -- Up-to-date: /home/saeesh/ros2_ws/install/my_robot_interface/share/my_robot_interface/srv/Catchturtle_Response.msg
[1.223s] -- Up-to-date: /home/saeesh/ros2_ws/install/my_robot_interface/share/ament_index/resource_index/package_run_dependencies/my_robot_interface
[1.224s] -- Up-to-date: /home/saeesh/ros2_ws/install/my_robot_interface/share/ament_index/resource_index/parent_prefix_path/my_robot_interface
[1.224s] -- Up-to-date: /home/saeesh/ros2_ws/install/my_robot_interface/share/my_robot_interface/environment/ament_prefix_path.sh
[1.224s] -- Up-to-date: /home/saeesh/ros2_ws/install/my_robot_interface/share/my_robot_interface/environment/ament_prefix_path.dsv
[1.224s] -- Up-to-date: /home/saeesh/ros2_ws/install/my_robot_interface/share/my_robot_interface/environment/path.sh
[1.224s] -- Up-to-date: /home/saeesh/ros2_ws/install/my_robot_interface/share/my_robot_interface/environment/path.dsv
[1.224s] -- Up-to-date: /home/saeesh/ros2_ws/install/my_robot_interface/share/my_robot_interface/local_setup.bash
[1.225s] -- Up-to-date: /home/saeesh/ros2_ws/install/my_robot_interface/share/my_robot_interface/local_setup.sh
[1.225s] -- Up-to-date: /home/saeesh/ros2_ws/install/my_robot_interface/share/my_robot_interface/local_setup.zsh
[1.225s] -- Up-to-date: /home/saeesh/ros2_ws/install/my_robot_interface/share/my_robot_interface/local_setup.dsv
[1.225s] -- Installing: /home/saeesh/ros2_ws/install/my_robot_interface/share/my_robot_interface/package.dsv
[1.225s] -- Up-to-date: /home/saeesh/ros2_ws/install/my_robot_interface/share/ament_index/resource_index/packages/my_robot_interface
[1.227s] -- Up-to-date: /home/saeesh/ros2_ws/install/my_robot_interface/share/my_robot_interface/cmake/export_my_robot_interface__rosidl_generator_cExport.cmake
[1.227s] -- Up-to-date: /home/saeesh/ros2_ws/install/my_robot_interface/share/my_robot_interface/cmake/export_my_robot_interface__rosidl_generator_cExport-noconfig.cmake
[1.228s] -- Up-to-date: /home/saeesh/ros2_ws/install/my_robot_interface/share/my_robot_interface/cmake/export_my_robot_interface__rosidl_typesupport_fastrtps_cExport.cmake
[1.228s] -- Up-to-date: /home/saeesh/ros2_ws/install/my_robot_interface/share/my_robot_interface/cmake/export_my_robot_interface__rosidl_typesupport_fastrtps_cExport-noconfig.cmake
[1.228s] -- Up-to-date: /home/saeesh/ros2_ws/install/my_robot_interface/share/my_robot_interface/cmake/my_robot_interface__rosidl_typesupport_introspection_cExport.cmake
[1.228s] -- Up-to-date: /home/saeesh/ros2_ws/install/my_robot_interface/share/my_robot_interface/cmake/my_robot_interface__rosidl_typesupport_introspection_cExport-noconfig.cmake
[1.228s] -- Up-to-date: /home/saeesh/ros2_ws/install/my_robot_interface/share/my_robot_interface/cmake/my_robot_interface__rosidl_typesupport_cExport.cmake
[1.228s] -- Up-to-date: /home/saeesh/ros2_ws/install/my_robot_interface/share/my_robot_interface/cmake/my_robot_interface__rosidl_typesupport_cExport-noconfig.cmake
[1.228s] -- Up-to-date: /home/saeesh/ros2_ws/install/my_robot_interface/share/my_robot_interface/cmake/export_my_robot_interface__rosidl_generator_cppExport.cmake
[1.229s] -- Up-to-date: /home/saeesh/ros2_ws/install/my_robot_interface/share/my_robot_interface/cmake/export_my_robot_interface__rosidl_typesupport_fastrtps_cppExport.cmake
[1.229s] -- Up-to-date: /home/saeesh/ros2_ws/install/my_robot_interface/share/my_robot_interface/cmake/export_my_robot_interface__rosidl_typesupport_fastrtps_cppExport-noconfig.cmake
[1.229s] -- Up-to-date: /home/saeesh/ros2_ws/install/my_robot_interface/share/my_robot_interface/cmake/my_robot_interface__rosidl_typesupport_introspection_cppExport.cmake
[1.229s] -- Up-to-date: /home/saeesh/ros2_ws/install/my_robot_interface/share/my_robot_interface/cmake/my_robot_interface__rosidl_typesupport_introspection_cppExport-noconfig.cmake
[1.229s] -- Up-to-date: /home/saeesh/ros2_ws/install/my_robot_interface/share/my_robot_interface/cmake/my_robot_interface__rosidl_typesupport_cppExport.cmake
[1.230s] -- Up-to-date: /home/saeesh/ros2_ws/install/my_robot_interface/share/my_robot_interface/cmake/my_robot_interface__rosidl_typesupport_cppExport-noconfig.cmake
[1.230s] -- Up-to-date: /home/saeesh/ros2_ws/install/my_robot_interface/share/my_robot_interface/cmake/export_my_robot_interface__rosidl_generator_pyExport.cmake
[1.230s] -- Up-to-date: /home/saeesh/ros2_ws/install/my_robot_interface/share/my_robot_interface/cmake/export_my_robot_interface__rosidl_generator_pyExport-noconfig.cmake
[1.230s] -- Up-to-date: /home/saeesh/ros2_ws/install/my_robot_interface/share/my_robot_interface/cmake/rosidl_cmake-extras.cmake
[1.230s] -- Up-to-date: /home/saeesh/ros2_ws/install/my_robot_interface/share/my_robot_interface/cmake/ament_cmake_export_include_directories-extras.cmake
[1.230s] -- Up-to-date: /home/saeesh/ros2_ws/install/my_robot_interface/share/my_robot_interface/cmake/ament_cmake_export_libraries-extras.cmake
[1.230s] -- Up-to-date: /home/saeesh/ros2_ws/install/my_robot_interface/share/my_robot_interface/cmake/ament_cmake_export_targets-extras.cmake
[1.231s] -- Up-to-date: /home/saeesh/ros2_ws/install/my_robot_interface/share/my_robot_interface/cmake/rosidl_cmake_export_typesupport_targets-extras.cmake
[1.231s] -- Up-to-date: /home/saeesh/ros2_ws/install/my_robot_interface/share/my_robot_interface/cmake/ament_cmake_export_dependencies-extras.cmake
[1.231s] -- Up-to-date: /home/saeesh/ros2_ws/install/my_robot_interface/share/my_robot_interface/cmake/rosidl_cmake_export_typesupport_libraries-extras.cmake
[1.231s] -- Up-to-date: /home/saeesh/ros2_ws/install/my_robot_interface/share/my_robot_interface/cmake/my_robot_interfaceConfig.cmake
[1.233s] -- Up-to-date: /home/saeesh/ros2_ws/install/my_robot_interface/share/my_robot_interface/cmake/my_robot_interfaceConfig-version.cmake
[1.233s] -- Up-to-date: /home/saeesh/ros2_ws/install/my_robot_interface/share/my_robot_interface/package.xml
[1.233s] Invoked command in '/home/saeesh/ros2_ws/build/my_robot_interface' returned '0': CMAKE_PREFIX_PATH=${CMAKE_PREFIX_PATH}:/home/saeesh/ros2_ws/install/turtlsim_catch_them_all:/home/saeesh/ros2_ws/install/turtlesim_catch_them_all:/home/saeesh/ros2_ws/install/my_py_pkg:/opt/ros/humble /usr/bin/cmake --install /home/saeesh/ros2_ws/build/my_robot_interface
