[0.174s] Invoking command in '/home/saeesh/ros2_ws/build/my_robot_interfaces': CMAKE_PREFIX_PATH=${CMAKE_PREFIX_PATH}:/home/saeesh/ros2_ws/install/turtlsim_catch_them_all:/home/saeesh/ros2_ws/install/turtlesim_catch_them_all:/home/saeesh/ros2_ws/install/my_py_pkg:/home/saeesh/ROS2swarm/install/ros2swarm:/home/saeesh/ROS2swarm/install/launch_gazebo:/home/saeesh/turtlebot3_ws/install/turtlebot3_teleop:/home/saeesh/turtlebot3_ws/install/turtlebot3_example:/opt/ros/humble /usr/bin/cmake --build /home/saeesh/ros2_ws/build/my_robot_interfaces -- -j4 -l4
[0.286s] [ 10%] Built target my_robot_interfaces__cpp
[0.287s] [ 12%] Built target my_robot_interfaces__rosidl_generator_c
[0.304s] [ 12%] Built target ament_cmake_python_copy_my_robot_interfaces
[0.336s] [ 23%] Built target my_robot_interfaces__rosidl_typesupport_c
[0.340s] [ 34%] Built target my_robot_interfaces__rosidl_typesupport_fastrtps_c
[0.346s] [ 44%] Built target my_robot_interfaces__rosidl_typesupport_introspection_c
[0.371s] [ 55%] Built target my_robot_interfaces__rosidl_typesupport_fastrtps_cpp
[0.387s] [ 65%] Built target my_robot_interfaces__rosidl_typesupport_introspection_cpp
[0.392s] [ 76%] Built target my_robot_interfaces__rosidl_typesupport_cpp
[0.432s] [ 76%] Built target my_robot_interfaces
[0.471s] [ 78%] Built target my_robot_interfaces__py
[0.513s] [ 87%] Built target my_robot_interfaces__rosidl_generator_py
[0.562s] [ 91%] Built target my_robot_interfaces__rosidl_typesupport_fastrtps_c__pyext
[0.564s] [ 95%] Built target my_robot_interfaces__rosidl_typesupport_c__pyext
[0.573s] [100%] Built target my_robot_interfaces__rosidl_typesupport_introspection_c__pyext
[0.830s] running egg_info
[0.831s] writing my_robot_interfaces.egg-info/PKG-INFO
[0.832s] writing dependency_links to my_robot_interfaces.egg-info/dependency_links.txt
[0.832s] writing top-level names to my_robot_interfaces.egg-info/top_level.txt
[0.836s] reading manifest file 'my_robot_interfaces.egg-info/SOURCES.txt'
[0.836s] writing manifest file 'my_robot_interfaces.egg-info/SOURCES.txt'
[0.887s] [100%] Built target ament_cmake_python_build_my_robot_interfaces_egg
[0.912s] Invoked command in '/home/saeesh/ros2_ws/build/my_robot_interfaces' returned '0': CMAKE_PREFIX_PATH=${CMAKE_PREFIX_PATH}:/home/saeesh/ros2_ws/install/turtlsim_catch_them_all:/home/saeesh/ros2_ws/install/turtlesim_catch_them_all:/home/saeesh/ros2_ws/install/my_py_pkg:/home/saeesh/ROS2swarm/install/ros2swarm:/home/saeesh/ROS2swarm/install/launch_gazebo:/home/saeesh/turtlebot3_ws/install/turtlebot3_teleop:/home/saeesh/turtlebot3_ws/install/turtlebot3_example:/opt/ros/humble /usr/bin/cmake --build /home/saeesh/ros2_ws/build/my_robot_interfaces -- -j4 -l4
[1.107s] Invoking command in '/home/saeesh/ros2_ws/build/my_robot_interfaces': CMAKE_PREFIX_PATH=${CMAKE_PREFIX_PATH}:/home/saeesh/ros2_ws/install/turtlsim_catch_them_all:/home/saeesh/ros2_ws/install/turtlesim_catch_them_all:/home/saeesh/ros2_ws/install/my_py_pkg:/home/saeesh/ROS2swarm/install/ros2swarm:/home/saeesh/ROS2swarm/install/launch_gazebo:/home/saeesh/turtlebot3_ws/install/turtlebot3_teleop:/home/saeesh/turtlebot3_ws/install/turtlebot3_example:/opt/ros/humble /usr/bin/cmake --install /home/saeesh/ros2_ws/build/my_robot_interfaces
[1.121s] -- Install configuration: ""
[1.121s] -- Up-to-date: /home/saeesh/ros2_ws/install/my_robot_interfaces/share/ament_index/resource_index/rosidl_interfaces/my_robot_interfaces
[1.121s] -- Up-to-date: /home/saeesh/ros2_ws/install/my_robot_interfaces/include/my_robot_interfaces/my_robot_interfaces
[1.122s] -- Up-to-date: /home/saeesh/ros2_ws/install/my_robot_interfaces/include/my_robot_interfaces/my_robot_interfaces/srv
[1.122s] -- Up-to-date: /home/saeesh/ros2_ws/install/my_robot_interfaces/include/my_robot_interfaces/my_robot_interfaces/srv/detail
[1.122s] -- Up-to-date: /home/saeesh/ros2_ws/install/my_robot_interfaces/include/my_robot_interfaces/my_robot_interfaces/srv/detail/catch_turtle__type_support.h
[1.122s] -- Up-to-date: /home/saeesh/ros2_ws/install/my_robot_interfaces/include/my_robot_interfaces/my_robot_interfaces/srv/detail/catch_turtle__functions.h
[1.122s] -- Up-to-date: /home/saeesh/ros2_ws/install/my_robot_interfaces/include/my_robot_interfaces/my_robot_interfaces/srv/detail/catch_turtle__struct.h
[1.122s] -- Up-to-date: /home/saeesh/ros2_ws/install/my_robot_interfaces/include/my_robot_interfaces/my_robot_interfaces/srv/detail/catch_turtle__functions.c
[1.122s] -- Up-to-date: /home/saeesh/ros2_ws/install/my_robot_interfaces/include/my_robot_interfaces/my_robot_interfaces/srv/catch_turtle.h
[1.123s] -- Up-to-date: /home/saeesh/ros2_ws/install/my_robot_interfaces/include/my_robot_interfaces/my_robot_interfaces/msg
[1.123s] -- Up-to-date: /home/saeesh/ros2_ws/install/my_robot_interfaces/include/my_robot_interfaces/my_robot_interfaces/msg/turtle.h
[1.123s] -- Up-to-date: /home/saeesh/ros2_ws/install/my_robot_interfaces/include/my_robot_interfaces/my_robot_interfaces/msg/rosidl_generator_c__visibility_control.h
[1.123s] -- Up-to-date: /home/saeesh/ros2_ws/install/my_robot_interfaces/include/my_robot_interfaces/my_robot_interfaces/msg/detail
[1.123s] -- Up-to-date: /home/saeesh/ros2_ws/install/my_robot_interfaces/include/my_robot_interfaces/my_robot_interfaces/msg/detail/turtle_array__functions.c
[1.123s] -- Up-to-date: /home/saeesh/ros2_ws/install/my_robot_interfaces/include/my_robot_interfaces/my_robot_interfaces/msg/detail/turtle_array__type_support.h
[1.123s] -- Up-to-date: /home/saeesh/ros2_ws/install/my_robot_interfaces/include/my_robot_interfaces/my_robot_interfaces/msg/detail/turtle__functions.h
[1.124s] -- Up-to-date: /home/saeesh/ros2_ws/install/my_robot_interfaces/include/my_robot_interfaces/my_robot_interfaces/msg/detail/turtle__struct.h
[1.124s] -- Up-to-date: /home/saeesh/ros2_ws/install/my_robot_interfaces/include/my_robot_interfaces/my_robot_interfaces/msg/detail/turtle_array__struct.h
[1.124s] -- Up-to-date: /home/saeesh/ros2_ws/install/my_robot_interfaces/include/my_robot_interfaces/my_robot_interfaces/msg/detail/turtle__type_support.h
[1.124s] -- Up-to-date: /home/saeesh/ros2_ws/install/my_robot_interfaces/include/my_robot_interfaces/my_robot_interfaces/msg/detail/turtle_array__functions.h
[1.124s] -- Up-to-date: /home/saeesh/ros2_ws/install/my_robot_interfaces/include/my_robot_interfaces/my_robot_interfaces/msg/detail/turtle__functions.c
[1.124s] -- Up-to-date: /home/saeesh/ros2_ws/install/my_robot_interfaces/include/my_robot_interfaces/my_robot_interfaces/msg/turtle_array.h
[1.124s] -- Up-to-date: /home/saeesh/ros2_ws/install/my_robot_interfaces/share/my_robot_interfaces/environment/library_path.sh
[1.124s] -- Up-to-date: /home/saeesh/ros2_ws/install/my_robot_interfaces/share/my_robot_interfaces/environment/library_path.dsv
[1.125s] -- Up-to-date: /home/saeesh/ros2_ws/install/my_robot_interfaces/lib/libmy_robot_interfaces__rosidl_generator_c.so
[1.125s] -- Up-to-date: /home/saeesh/ros2_ws/install/my_robot_interfaces/include/my_robot_interfaces/my_robot_interfaces
[1.125s] -- Up-to-date: /home/saeesh/ros2_ws/install/my_robot_interfaces/include/my_robot_interfaces/my_robot_interfaces/srv
[1.125s] -- Up-to-date: /home/saeesh/ros2_ws/install/my_robot_interfaces/include/my_robot_interfaces/my_robot_interfaces/srv/detail
[1.125s] -- Up-to-date: /home/saeesh/ros2_ws/install/my_robot_interfaces/include/my_robot_interfaces/my_robot_interfaces/srv/detail/catch_turtle__rosidl_typesupport_fastrtps_c.h
[1.125s] -- Up-to-date: /home/saeesh/ros2_ws/install/my_robot_interfaces/include/my_robot_interfaces/my_robot_interfaces/msg
[1.125s] -- Up-to-date: /home/saeesh/ros2_ws/install/my_robot_interfaces/include/my_robot_interfaces/my_robot_interfaces/msg/rosidl_typesupport_fastrtps_c__visibility_control.h
[1.126s] -- Up-to-date: /home/saeesh/ros2_ws/install/my_robot_interfaces/include/my_robot_interfaces/my_robot_interfaces/msg/detail
[1.126s] -- Up-to-date: /home/saeesh/ros2_ws/install/my_robot_interfaces/include/my_robot_interfaces/my_robot_interfaces/msg/detail/turtle__rosidl_typesupport_fastrtps_c.h
[1.127s] -- Up-to-date: /home/saeesh/ros2_ws/install/my_robot_interfaces/include/my_robot_interfaces/my_robot_interfaces/msg/detail/turtle_array__rosidl_typesupport_fastrtps_c.h
[1.127s] -- Up-to-date: /home/saeesh/ros2_ws/install/my_robot_interfaces/lib/libmy_robot_interfaces__rosidl_typesupport_fastrtps_c.so
[1.127s] -- Up-to-date: /home/saeesh/ros2_ws/install/my_robot_interfaces/include/my_robot_interfaces/my_robot_interfaces
[1.127s] -- Up-to-date: /home/saeesh/ros2_ws/install/my_robot_interfaces/include/my_robot_interfaces/my_robot_interfaces/srv
[1.127s] -- Up-to-date: /home/saeesh/ros2_ws/install/my_robot_interfaces/include/my_robot_interfaces/my_robot_interfaces/srv/detail
[1.127s] -- Up-to-date: /home/saeesh/ros2_ws/install/my_robot_interfaces/include/my_robot_interfaces/my_robot_interfaces/srv/detail/catch_turtle__type_support.c
[1.127s] -- Up-to-date: /home/saeesh/ros2_ws/install/my_robot_interfaces/include/my_robot_interfaces/my_robot_interfaces/srv/detail/catch_turtle__rosidl_typesupport_introspection_c.h
[1.127s] -- Up-to-date: /home/saeesh/ros2_ws/install/my_robot_interfaces/include/my_robot_interfaces/my_robot_interfaces/msg
[1.128s] -- Up-to-date: /home/saeesh/ros2_ws/install/my_robot_interfaces/include/my_robot_interfaces/my_robot_interfaces/msg/detail
[1.128s] -- Up-to-date: /home/saeesh/ros2_ws/install/my_robot_interfaces/include/my_robot_interfaces/my_robot_interfaces/msg/detail/turtle__type_support.c
[1.128s] -- Up-to-date: /home/saeesh/ros2_ws/install/my_robot_interfaces/include/my_robot_interfaces/my_robot_interfaces/msg/detail/turtle__rosidl_typesupport_introspection_c.h
[1.128s] -- Up-to-date: /home/saeesh/ros2_ws/install/my_robot_interfaces/include/my_robot_interfaces/my_robot_interfaces/msg/detail/turtle_array__rosidl_typesupport_introspection_c.h
[1.128s] -- Up-to-date: /home/saeesh/ros2_ws/install/my_robot_interfaces/include/my_robot_interfaces/my_robot_interfaces/msg/detail/turtle_array__type_support.c
[1.128s] -- Up-to-date: /home/saeesh/ros2_ws/install/my_robot_interfaces/include/my_robot_interfaces/my_robot_interfaces/msg/rosidl_typesupport_introspection_c__visibility_control.h
[1.128s] -- Up-to-date: /home/saeesh/ros2_ws/install/my_robot_interfaces/lib/libmy_robot_interfaces__rosidl_typesupport_introspection_c.so
[1.128s] -- Up-to-date: /home/saeesh/ros2_ws/install/my_robot_interfaces/lib/libmy_robot_interfaces__rosidl_typesupport_c.so
[1.129s] -- Up-to-date: /home/saeesh/ros2_ws/install/my_robot_interfaces/include/my_robot_interfaces/my_robot_interfaces
[1.129s] -- Up-to-date: /home/saeesh/ros2_ws/install/my_robot_interfaces/include/my_robot_interfaces/my_robot_interfaces/srv
[1.129s] -- Up-to-date: /home/saeesh/ros2_ws/install/my_robot_interfaces/include/my_robot_interfaces/my_robot_interfaces/srv/detail
[1.129s] -- Up-to-date: /home/saeesh/ros2_ws/install/my_robot_interfaces/include/my_robot_interfaces/my_robot_interfaces/srv/detail/catch_turtle__traits.hpp
[1.129s] -- Up-to-date: /home/saeesh/ros2_ws/install/my_robot_interfaces/include/my_robot_interfaces/my_robot_interfaces/srv/detail/catch_turtle__builder.hpp
[1.129s] -- Up-to-date: /home/saeesh/ros2_ws/install/my_robot_interfaces/include/my_robot_interfaces/my_robot_interfaces/srv/detail/catch_turtle__struct.hpp
[1.129s] -- Up-to-date: /home/saeesh/ros2_ws/install/my_robot_interfaces/include/my_robot_interfaces/my_robot_interfaces/srv/catch_turtle.hpp
[1.129s] -- Up-to-date: /home/saeesh/ros2_ws/install/my_robot_interfaces/include/my_robot_interfaces/my_robot_interfaces/msg
[1.130s] -- Up-to-date: /home/saeesh/ros2_ws/install/my_robot_interfaces/include/my_robot_interfaces/my_robot_interfaces/msg/detail
[1.130s] -- Up-to-date: /home/saeesh/ros2_ws/install/my_robot_interfaces/include/my_robot_interfaces/my_robot_interfaces/msg/detail/turtle__traits.hpp
[1.130s] -- Up-to-date: /home/saeesh/ros2_ws/install/my_robot_interfaces/include/my_robot_interfaces/my_robot_interfaces/msg/detail/turtle__builder.hpp
[1.130s] -- Up-to-date: /home/saeesh/ros2_ws/install/my_robot_interfaces/include/my_robot_interfaces/my_robot_interfaces/msg/detail/turtle_array__builder.hpp
[1.130s] -- Up-to-date: /home/saeesh/ros2_ws/install/my_robot_interfaces/include/my_robot_interfaces/my_robot_interfaces/msg/detail/turtle__struct.hpp
[1.130s] -- Up-to-date: /home/saeesh/ros2_ws/install/my_robot_interfaces/include/my_robot_interfaces/my_robot_interfaces/msg/detail/turtle_array__traits.hpp
[1.130s] -- Up-to-date: /home/saeesh/ros2_ws/install/my_robot_interfaces/include/my_robot_interfaces/my_robot_interfaces/msg/detail/turtle_array__struct.hpp
[1.130s] -- Up-to-date: /home/saeesh/ros2_ws/install/my_robot_interfaces/include/my_robot_interfaces/my_robot_interfaces/msg/turtle.hpp
[1.131s] -- Up-to-date: /home/saeesh/ros2_ws/install/my_robot_interfaces/include/my_robot_interfaces/my_robot_interfaces/msg/turtle_array.hpp
[1.131s] -- Up-to-date: /home/saeesh/ros2_ws/install/my_robot_interfaces/include/my_robot_interfaces/my_robot_interfaces
[1.131s] -- Up-to-date: /home/saeesh/ros2_ws/install/my_robot_interfaces/include/my_robot_interfaces/my_robot_interfaces/srv
[1.131s] -- Up-to-date: /home/saeesh/ros2_ws/install/my_robot_interfaces/include/my_robot_interfaces/my_robot_interfaces/srv/detail
[1.131s] -- Up-to-date: /home/saeesh/ros2_ws/install/my_robot_interfaces/include/my_robot_interfaces/my_robot_interfaces/srv/detail/catch_turtle__rosidl_typesupport_fastrtps_cpp.hpp
[1.131s] -- Up-to-date: /home/saeesh/ros2_ws/install/my_robot_interfaces/include/my_robot_interfaces/my_robot_interfaces/srv/detail/dds_fastrtps
[1.131s] -- Up-to-date: /home/saeesh/ros2_ws/install/my_robot_interfaces/include/my_robot_interfaces/my_robot_interfaces/msg
[1.131s] -- Up-to-date: /home/saeesh/ros2_ws/install/my_robot_interfaces/include/my_robot_interfaces/my_robot_interfaces/msg/detail
[1.132s] -- Up-to-date: /home/saeesh/ros2_ws/install/my_robot_interfaces/include/my_robot_interfaces/my_robot_interfaces/msg/detail/turtle__rosidl_typesupport_fastrtps_cpp.hpp
[1.132s] -- Up-to-date: /home/saeesh/ros2_ws/install/my_robot_interfaces/include/my_robot_interfaces/my_robot_interfaces/msg/detail/turtle_array__rosidl_typesupport_fastrtps_cpp.hpp
[1.132s] -- Up-to-date: /home/saeesh/ros2_ws/install/my_robot_interfaces/include/my_robot_interfaces/my_robot_interfaces/msg/detail/dds_fastrtps
[1.132s] -- Up-to-date: /home/saeesh/ros2_ws/install/my_robot_interfaces/include/my_robot_interfaces/my_robot_interfaces/msg/rosidl_typesupport_fastrtps_cpp__visibility_control.h
[1.132s] -- Up-to-date: /home/saeesh/ros2_ws/install/my_robot_interfaces/lib/libmy_robot_interfaces__rosidl_typesupport_fastrtps_cpp.so
[1.133s] -- Up-to-date: /home/saeesh/ros2_ws/install/my_robot_interfaces/include/my_robot_interfaces/my_robot_interfaces
[1.133s] -- Up-to-date: /home/saeesh/ros2_ws/install/my_robot_interfaces/include/my_robot_interfaces/my_robot_interfaces/srv
[1.133s] -- Up-to-date: /home/saeesh/ros2_ws/install/my_robot_interfaces/include/my_robot_interfaces/my_robot_interfaces/srv/detail
[1.133s] -- Up-to-date: /home/saeesh/ros2_ws/install/my_robot_interfaces/include/my_robot_interfaces/my_robot_interfaces/srv/detail/catch_turtle__rosidl_typesupport_introspection_cpp.hpp
[1.133s] -- Up-to-date: /home/saeesh/ros2_ws/install/my_robot_interfaces/include/my_robot_interfaces/my_robot_interfaces/srv/detail/catch_turtle__type_support.cpp
[1.133s] -- Up-to-date: /home/saeesh/ros2_ws/install/my_robot_interfaces/include/my_robot_interfaces/my_robot_interfaces/msg
[1.134s] -- Up-to-date: /home/saeesh/ros2_ws/install/my_robot_interfaces/include/my_robot_interfaces/my_robot_interfaces/msg/detail
[1.134s] -- Up-to-date: /home/saeesh/ros2_ws/install/my_robot_interfaces/include/my_robot_interfaces/my_robot_interfaces/msg/detail/turtle_array__type_support.cpp
[1.134s] -- Up-to-date: /home/saeesh/ros2_ws/install/my_robot_interfaces/include/my_robot_interfaces/my_robot_interfaces/msg/detail/turtle__type_support.cpp
[1.134s] -- Up-to-date: /home/saeesh/ros2_ws/install/my_robot_interfaces/include/my_robot_interfaces/my_robot_interfaces/msg/detail/turtle_array__rosidl_typesupport_introspection_cpp.hpp
[1.134s] -- Up-to-date: /home/saeesh/ros2_ws/install/my_robot_interfaces/include/my_robot_interfaces/my_robot_interfaces/msg/detail/turtle__rosidl_typesupport_introspection_cpp.hpp
[1.134s] -- Up-to-date: /home/saeesh/ros2_ws/install/my_robot_interfaces/lib/libmy_robot_interfaces__rosidl_typesupport_introspection_cpp.so
[1.135s] -- Up-to-date: /home/saeesh/ros2_ws/install/my_robot_interfaces/lib/libmy_robot_interfaces__rosidl_typesupport_cpp.so
[1.135s] -- Up-to-date: /home/saeesh/ros2_ws/install/my_robot_interfaces/share/my_robot_interfaces/environment/pythonpath.sh
[1.135s] -- Up-to-date: /home/saeesh/ros2_ws/install/my_robot_interfaces/share/my_robot_interfaces/environment/pythonpath.dsv
[1.135s] -- Up-to-date: /home/saeesh/ros2_ws/install/my_robot_interfaces/local/lib/python3.10/dist-packages/my_robot_interfaces-0.0.0-py3.10.egg-info
[1.135s] -- Installing: /home/saeesh/ros2_ws/install/my_robot_interfaces/local/lib/python3.10/dist-packages/my_robot_interfaces-0.0.0-py3.10.egg-info/SOURCES.txt
[1.135s] -- Installing: /home/saeesh/ros2_ws/install/my_robot_interfaces/local/lib/python3.10/dist-packages/my_robot_interfaces-0.0.0-py3.10.egg-info/PKG-INFO
[1.135s] -- Installing: /home/saeesh/ros2_ws/install/my_robot_interfaces/local/lib/python3.10/dist-packages/my_robot_interfaces-0.0.0-py3.10.egg-info/dependency_links.txt
[1.135s] -- Installing: /home/saeesh/ros2_ws/install/my_robot_interfaces/local/lib/python3.10/dist-packages/my_robot_interfaces-0.0.0-py3.10.egg-info/top_level.txt
[1.135s] -- Up-to-date: /home/saeesh/ros2_ws/install/my_robot_interfaces/local/lib/python3.10/dist-packages/my_robot_interfaces
[1.135s] -- Up-to-date: /home/saeesh/ros2_ws/install/my_robot_interfaces/local/lib/python3.10/dist-packages/my_robot_interfaces/srv
[1.135s] -- Up-to-date: /home/saeesh/ros2_ws/install/my_robot_interfaces/local/lib/python3.10/dist-packages/my_robot_interfaces/srv/_catch_turtle.py
[1.136s] -- Up-to-date: /home/saeesh/ros2_ws/install/my_robot_interfaces/local/lib/python3.10/dist-packages/my_robot_interfaces/srv/_catch_turtle_s.c
[1.136s] -- Up-to-date: /home/saeesh/ros2_ws/install/my_robot_interfaces/local/lib/python3.10/dist-packages/my_robot_interfaces/srv/__init__.py
[1.136s] -- Up-to-date: /home/saeesh/ros2_ws/install/my_robot_interfaces/local/lib/python3.10/dist-packages/my_robot_interfaces/_my_robot_interfaces_s.ep.rosidl_typesupport_c.c
[1.136s] -- Up-to-date: /home/saeesh/ros2_ws/install/my_robot_interfaces/local/lib/python3.10/dist-packages/my_robot_interfaces/msg
[1.136s] -- Up-to-date: /home/saeesh/ros2_ws/install/my_robot_interfaces/local/lib/python3.10/dist-packages/my_robot_interfaces/msg/_turtle_array.py
[1.136s] -- Up-to-date: /home/saeesh/ros2_ws/install/my_robot_interfaces/local/lib/python3.10/dist-packages/my_robot_interfaces/msg/_turtle_array_s.c
[1.136s] -- Up-to-date: /home/saeesh/ros2_ws/install/my_robot_interfaces/local/lib/python3.10/dist-packages/my_robot_interfaces/msg/_turtle.py
[1.136s] -- Up-to-date: /home/saeesh/ros2_ws/install/my_robot_interfaces/local/lib/python3.10/dist-packages/my_robot_interfaces/msg/__init__.py
[1.136s] -- Up-to-date: /home/saeesh/ros2_ws/install/my_robot_interfaces/local/lib/python3.10/dist-packages/my_robot_interfaces/msg/_turtle_s.c
[1.136s] -- Up-to-date: /home/saeesh/ros2_ws/install/my_robot_interfaces/local/lib/python3.10/dist-packages/my_robot_interfaces/_my_robot_interfaces_s.ep.rosidl_typesupport_introspection_c.c
[1.136s] -- Up-to-date: /home/saeesh/ros2_ws/install/my_robot_interfaces/local/lib/python3.10/dist-packages/my_robot_interfaces/_my_robot_interfaces_s.ep.rosidl_typesupport_fastrtps_c.c
[1.136s] -- Up-to-date: /home/saeesh/ros2_ws/install/my_robot_interfaces/local/lib/python3.10/dist-packages/my_robot_interfaces/my_robot_interfaces_s__rosidl_typesupport_fastrtps_c.cpython-310-x86_64-linux-gnu.so
[1.137s] -- Up-to-date: /home/saeesh/ros2_ws/install/my_robot_interfaces/local/lib/python3.10/dist-packages/my_robot_interfaces/my_robot_interfaces_s__rosidl_typesupport_introspection_c.cpython-310-x86_64-linux-gnu.so
[1.137s] -- Up-to-date: /home/saeesh/ros2_ws/install/my_robot_interfaces/local/lib/python3.10/dist-packages/my_robot_interfaces/my_robot_interfaces_s__rosidl_typesupport_c.cpython-310-x86_64-linux-gnu.so
[1.137s] -- Up-to-date: /home/saeesh/ros2_ws/install/my_robot_interfaces/local/lib/python3.10/dist-packages/my_robot_interfaces/__init__.py
[1.137s] -- Up-to-date: /home/saeesh/ros2_ws/install/my_robot_interfaces/local/lib/python3.10/dist-packages/my_robot_interfaces/libmy_robot_interfaces__rosidl_generator_py.so
[1.191s] Listing '/home/saeesh/ros2_ws/install/my_robot_interfaces/local/lib/python3.10/dist-packages/my_robot_interfaces'...
[1.191s] Listing '/home/saeesh/ros2_ws/install/my_robot_interfaces/local/lib/python3.10/dist-packages/my_robot_interfaces/msg'...
[1.191s] Listing '/home/saeesh/ros2_ws/install/my_robot_interfaces/local/lib/python3.10/dist-packages/my_robot_interfaces/srv'...
[1.197s] -- Up-to-date: /home/saeesh/ros2_ws/install/my_robot_interfaces/local/lib/python3.10/dist-packages/my_robot_interfaces/my_robot_interfaces_s__rosidl_typesupport_fastrtps_c.cpython-310-x86_64-linux-gnu.so
[1.197s] -- Up-to-date: /home/saeesh/ros2_ws/install/my_robot_interfaces/local/lib/python3.10/dist-packages/my_robot_interfaces/my_robot_interfaces_s__rosidl_typesupport_introspection_c.cpython-310-x86_64-linux-gnu.so
[1.198s] -- Up-to-date: /home/saeesh/ros2_ws/install/my_robot_interfaces/local/lib/python3.10/dist-packages/my_robot_interfaces/my_robot_interfaces_s__rosidl_typesupport_c.cpython-310-x86_64-linux-gnu.so
[1.198s] -- Up-to-date: /home/saeesh/ros2_ws/install/my_robot_interfaces/lib/libmy_robot_interfaces__rosidl_generator_py.so
[1.199s] -- Up-to-date: /home/saeesh/ros2_ws/install/my_robot_interfaces/share/my_robot_interfaces/msg/Turtle.idl
[1.199s] -- Up-to-date: /home/saeesh/ros2_ws/install/my_robot_interfaces/share/my_robot_interfaces/msg/TurtleArray.idl
[1.199s] -- Up-to-date: /home/saeesh/ros2_ws/install/my_robot_interfaces/share/my_robot_interfaces/srv/CatchTurtle.idl
[1.199s] -- Up-to-date: /home/saeesh/ros2_ws/install/my_robot_interfaces/share/my_robot_interfaces/msg/Turtle.msg
[1.199s] -- Up-to-date: /home/saeesh/ros2_ws/install/my_robot_interfaces/share/my_robot_interfaces/msg/TurtleArray.msg
[1.199s] -- Up-to-date: /home/saeesh/ros2_ws/install/my_robot_interfaces/share/my_robot_interfaces/srv/CatchTurtle.srv
[1.199s] -- Up-to-date: /home/saeesh/ros2_ws/install/my_robot_interfaces/share/my_robot_interfaces/srv/CatchTurtle_Request.msg
[1.199s] -- Up-to-date: /home/saeesh/ros2_ws/install/my_robot_interfaces/share/my_robot_interfaces/srv/CatchTurtle_Response.msg
[1.199s] -- Up-to-date: /home/saeesh/ros2_ws/install/my_robot_interfaces/share/ament_index/resource_index/package_run_dependencies/my_robot_interfaces
[1.200s] -- Up-to-date: /home/saeesh/ros2_ws/install/my_robot_interfaces/share/ament_index/resource_index/parent_prefix_path/my_robot_interfaces
[1.200s] -- Up-to-date: /home/saeesh/ros2_ws/install/my_robot_interfaces/share/my_robot_interfaces/environment/ament_prefix_path.sh
[1.200s] -- Up-to-date: /home/saeesh/ros2_ws/install/my_robot_interfaces/share/my_robot_interfaces/environment/ament_prefix_path.dsv
[1.200s] -- Up-to-date: /home/saeesh/ros2_ws/install/my_robot_interfaces/share/my_robot_interfaces/environment/path.sh
[1.200s] -- Up-to-date: /home/saeesh/ros2_ws/install/my_robot_interfaces/share/my_robot_interfaces/environment/path.dsv
[1.200s] -- Up-to-date: /home/saeesh/ros2_ws/install/my_robot_interfaces/share/my_robot_interfaces/local_setup.bash
[1.200s] -- Up-to-date: /home/saeesh/ros2_ws/install/my_robot_interfaces/share/my_robot_interfaces/local_setup.sh
[1.201s] -- Up-to-date: /home/saeesh/ros2_ws/install/my_robot_interfaces/share/my_robot_interfaces/local_setup.zsh
[1.201s] -- Up-to-date: /home/saeesh/ros2_ws/install/my_robot_interfaces/share/my_robot_interfaces/local_setup.dsv
[1.201s] -- Installing: /home/saeesh/ros2_ws/install/my_robot_interfaces/share/my_robot_interfaces/package.dsv
[1.201s] -- Up-to-date: /home/saeesh/ros2_ws/install/my_robot_interfaces/share/ament_index/resource_index/packages/my_robot_interfaces
[1.201s] -- Up-to-date: /home/saeesh/ros2_ws/install/my_robot_interfaces/share/my_robot_interfaces/cmake/export_my_robot_interfaces__rosidl_generator_cExport.cmake
[1.201s] -- Up-to-date: /home/saeesh/ros2_ws/install/my_robot_interfaces/share/my_robot_interfaces/cmake/export_my_robot_interfaces__rosidl_generator_cExport-noconfig.cmake
[1.201s] -- Up-to-date: /home/saeesh/ros2_ws/install/my_robot_interfaces/share/my_robot_interfaces/cmake/export_my_robot_interfaces__rosidl_typesupport_fastrtps_cExport.cmake
[1.201s] -- Up-to-date: /home/saeesh/ros2_ws/install/my_robot_interfaces/share/my_robot_interfaces/cmake/export_my_robot_interfaces__rosidl_typesupport_fastrtps_cExport-noconfig.cmake
[1.201s] -- Up-to-date: /home/saeesh/ros2_ws/install/my_robot_interfaces/share/my_robot_interfaces/cmake/my_robot_interfaces__rosidl_typesupport_introspection_cExport.cmake
[1.201s] -- Up-to-date: /home/saeesh/ros2_ws/install/my_robot_interfaces/share/my_robot_interfaces/cmake/my_robot_interfaces__rosidl_typesupport_introspection_cExport-noconfig.cmake
[1.202s] -- Up-to-date: /home/saeesh/ros2_ws/install/my_robot_interfaces/share/my_robot_interfaces/cmake/my_robot_interfaces__rosidl_typesupport_cExport.cmake
[1.202s] -- Up-to-date: /home/saeesh/ros2_ws/install/my_robot_interfaces/share/my_robot_interfaces/cmake/my_robot_interfaces__rosidl_typesupport_cExport-noconfig.cmake
[1.202s] -- Up-to-date: /home/saeesh/ros2_ws/install/my_robot_interfaces/share/my_robot_interfaces/cmake/export_my_robot_interfaces__rosidl_generator_cppExport.cmake
[1.202s] -- Up-to-date: /home/saeesh/ros2_ws/install/my_robot_interfaces/share/my_robot_interfaces/cmake/export_my_robot_interfaces__rosidl_typesupport_fastrtps_cppExport.cmake
[1.202s] -- Up-to-date: /home/saeesh/ros2_ws/install/my_robot_interfaces/share/my_robot_interfaces/cmake/export_my_robot_interfaces__rosidl_typesupport_fastrtps_cppExport-noconfig.cmake
[1.202s] -- Up-to-date: /home/saeesh/ros2_ws/install/my_robot_interfaces/share/my_robot_interfaces/cmake/my_robot_interfaces__rosidl_typesupport_introspection_cppExport.cmake
[1.202s] -- Up-to-date: /home/saeesh/ros2_ws/install/my_robot_interfaces/share/my_robot_interfaces/cmake/my_robot_interfaces__rosidl_typesupport_introspection_cppExport-noconfig.cmake
[1.202s] -- Up-to-date: /home/saeesh/ros2_ws/install/my_robot_interfaces/share/my_robot_interfaces/cmake/my_robot_interfaces__rosidl_typesupport_cppExport.cmake
[1.202s] -- Up-to-date: /home/saeesh/ros2_ws/install/my_robot_interfaces/share/my_robot_interfaces/cmake/my_robot_interfaces__rosidl_typesupport_cppExport-noconfig.cmake
[1.203s] -- Up-to-date: /home/saeesh/ros2_ws/install/my_robot_interfaces/share/my_robot_interfaces/cmake/export_my_robot_interfaces__rosidl_generator_pyExport.cmake
[1.203s] -- Up-to-date: /home/saeesh/ros2_ws/install/my_robot_interfaces/share/my_robot_interfaces/cmake/export_my_robot_interfaces__rosidl_generator_pyExport-noconfig.cmake
[1.203s] -- Up-to-date: /home/saeesh/ros2_ws/install/my_robot_interfaces/share/my_robot_interfaces/cmake/rosidl_cmake-extras.cmake
[1.203s] -- Up-to-date: /home/saeesh/ros2_ws/install/my_robot_interfaces/share/my_robot_interfaces/cmake/ament_cmake_export_include_directories-extras.cmake
[1.203s] -- Up-to-date: /home/saeesh/ros2_ws/install/my_robot_interfaces/share/my_robot_interfaces/cmake/ament_cmake_export_libraries-extras.cmake
[1.203s] -- Up-to-date: /home/saeesh/ros2_ws/install/my_robot_interfaces/share/my_robot_interfaces/cmake/ament_cmake_export_targets-extras.cmake
[1.204s] -- Up-to-date: /home/saeesh/ros2_ws/install/my_robot_interfaces/share/my_robot_interfaces/cmake/rosidl_cmake_export_typesupport_targets-extras.cmake
[1.204s] -- Up-to-date: /home/saeesh/ros2_ws/install/my_robot_interfaces/share/my_robot_interfaces/cmake/ament_cmake_export_dependencies-extras.cmake
[1.204s] -- Up-to-date: /home/saeesh/ros2_ws/install/my_robot_interfaces/share/my_robot_interfaces/cmake/rosidl_cmake_export_typesupport_libraries-extras.cmake
[1.204s] -- Up-to-date: /home/saeesh/ros2_ws/install/my_robot_interfaces/share/my_robot_interfaces/cmake/my_robot_interfacesConfig.cmake
[1.204s] -- Up-to-date: /home/saeesh/ros2_ws/install/my_robot_interfaces/share/my_robot_interfaces/cmake/my_robot_interfacesConfig-version.cmake
[1.204s] -- Up-to-date: /home/saeesh/ros2_ws/install/my_robot_interfaces/share/my_robot_interfaces/package.xml
[1.208s] Invoked command in '/home/saeesh/ros2_ws/build/my_robot_interfaces' returned '0': CMAKE_PREFIX_PATH=${CMAKE_PREFIX_PATH}:/home/saeesh/ros2_ws/install/turtlsim_catch_them_all:/home/saeesh/ros2_ws/install/turtlesim_catch_them_all:/home/saeesh/ros2_ws/install/my_py_pkg:/home/saeesh/ROS2swarm/install/ros2swarm:/home/saeesh/ROS2swarm/install/launch_gazebo:/home/saeesh/turtlebot3_ws/install/turtlebot3_teleop:/home/saeesh/turtlebot3_ws/install/turtlebot3_example:/opt/ros/humble /usr/bin/cmake --install /home/saeesh/ros2_ws/build/my_robot_interfaces
