[2.993s] Invoking command in '/home/saeesh/ros2_ws/src/turtlesim_catch_them_all': CMAKE_PREFIX_PATH=/home/saeesh/ros2_ws/install/my_robot_interfaces:/home/saeesh/ros2_ws/install/my_robot_description:/home/saeesh/ros2_ws/install/my_robot_bringup:/home/saeesh/ROS2swarm/install/communication_interfaces:/home/saeesh/turtlebot3_ws/install/turtlebot3:/home/saeesh/turtlebot3_ws/install/turtlebot3_simulations:/home/saeesh/turtlebot3_ws/install/turtlebot3_bringup:/home/saeesh/turtlebot3_ws/install/turtlebot3_node:/home/saeesh/turtlebot3_ws/install/turtlebot3_navigation2:/home/saeesh/turtlebot3_ws/install/turtlebot3_fake_node:/home/saeesh/turtlebot3_ws/install/turtlebot3_msgs:/home/saeesh/turtlebot3_ws/install/turtlebot3_gazebo:/home/saeesh/turtlebot3_ws/install/turtlebot3_description:/home/saeesh/turtlebot3_ws/install/turtlebot3_cartographer LD_LIBRARY_PATH=/home/saeesh/ros2_ws/install/my_robot_interfaces/lib:/home/saeesh/ROS2swarm/install/communication_interfaces/lib:/home/saeesh/turtlebot3_ws/install/turtlebot3_msgs/lib:/usr/lib/x86_64-linux-gnu/gazebo-11/plugins:/opt/ros/humble/opt/rviz_ogre_vendor/lib:/opt/ros/humble/lib/x86_64-linux-gnu:/opt/ros/humble/lib:/usr/share/gazebo/../../lib/x86_64-linux-gnu/gazebo-11/plugins PYTHONPATH=/home/saeesh/ros2_ws/build/turtlesim_catch_them_all/prefix_override:/home/saeesh/ros2_ws/install/turtlesim_catch_them_all/lib/python3.10/site-packages:${PYTHONPATH} /usr/bin/python3 setup.py egg_info --egg-base ../../build/turtlesim_catch_them_all build --build-base /home/saeesh/ros2_ws/build/turtlesim_catch_them_all/build install --record /home/saeesh/ros2_ws/build/turtlesim_catch_them_all/install.log --single-version-externally-managed
[3.619s] running egg_info
[3.621s] writing ../../build/turtlesim_catch_them_all/turtlesim_catch_them_all.egg-info/PKG-INFO
[3.621s] writing dependency_links to ../../build/turtlesim_catch_them_all/turtlesim_catch_them_all.egg-info/dependency_links.txt
[3.621s] writing entry points to ../../build/turtlesim_catch_them_all/turtlesim_catch_them_all.egg-info/entry_points.txt
[3.622s] writing requirements to ../../build/turtlesim_catch_them_all/turtlesim_catch_them_all.egg-info/requires.txt
[3.622s] writing top-level names to ../../build/turtlesim_catch_them_all/turtlesim_catch_them_all.egg-info/top_level.txt
[3.627s] reading manifest file '../../build/turtlesim_catch_them_all/turtlesim_catch_them_all.egg-info/SOURCES.txt'
[3.683s] writing manifest file '../../build/turtlesim_catch_them_all/turtlesim_catch_them_all.egg-info/SOURCES.txt'
[3.683s] running build
[3.683s] running build_py
[3.683s] running install
[3.684s] running install_lib
[3.687s] running install_data
[3.689s] running install_egg_info
[3.692s] removing '/home/saeesh/ros2_ws/install/turtlesim_catch_them_all/lib/python3.10/site-packages/turtlesim_catch_them_all-0.0.0-py3.10.egg-info' (and everything under it)
[3.693s] Copying ../../build/turtlesim_catch_them_all/turtlesim_catch_them_all.egg-info to /home/saeesh/ros2_ws/install/turtlesim_catch_them_all/lib/python3.10/site-packages/turtlesim_catch_them_all-0.0.0-py3.10.egg-info
[3.742s] running install_scripts
[3.788s] Installing turtle_controller script to /home/saeesh/ros2_ws/install/turtlesim_catch_them_all/lib/turtlesim_catch_them_all
[3.807s] Installing turtle_spawner script to /home/saeesh/ros2_ws/install/turtlesim_catch_them_all/lib/turtlesim_catch_them_all
[3.808s] writing list of installed files to '/home/saeesh/ros2_ws/build/turtlesim_catch_them_all/install.log'
[3.905s] Invoked command in '/home/saeesh/ros2_ws/src/turtlesim_catch_them_all' returned '0': CMAKE_PREFIX_PATH=/home/saeesh/ros2_ws/install/my_robot_interfaces:/home/saeesh/ros2_ws/install/my_robot_description:/home/saeesh/ros2_ws/install/my_robot_bringup:/home/saeesh/ROS2swarm/install/communication_interfaces:/home/saeesh/turtlebot3_ws/install/turtlebot3:/home/saeesh/turtlebot3_ws/install/turtlebot3_simulations:/home/saeesh/turtlebot3_ws/install/turtlebot3_bringup:/home/saeesh/turtlebot3_ws/install/turtlebot3_node:/home/saeesh/turtlebot3_ws/install/turtlebot3_navigation2:/home/saeesh/turtlebot3_ws/install/turtlebot3_fake_node:/home/saeesh/turtlebot3_ws/install/turtlebot3_msgs:/home/saeesh/turtlebot3_ws/install/turtlebot3_gazebo:/home/saeesh/turtlebot3_ws/install/turtlebot3_description:/home/saeesh/turtlebot3_ws/install/turtlebot3_cartographer LD_LIBRARY_PATH=/home/saeesh/ros2_ws/install/my_robot_interfaces/lib:/home/saeesh/ROS2swarm/install/communication_interfaces/lib:/home/saeesh/turtlebot3_ws/install/turtlebot3_msgs/lib:/usr/lib/x86_64-linux-gnu/gazebo-11/plugins:/opt/ros/humble/opt/rviz_ogre_vendor/lib:/opt/ros/humble/lib/x86_64-linux-gnu:/opt/ros/humble/lib:/usr/share/gazebo/../../lib/x86_64-linux-gnu/gazebo-11/plugins PYTHONPATH=/home/saeesh/ros2_ws/build/turtlesim_catch_them_all/prefix_override:/home/saeesh/ros2_ws/install/turtlesim_catch_them_all/lib/python3.10/site-packages:${PYTHONPATH} /usr/bin/python3 setup.py egg_info --egg-base ../../build/turtlesim_catch_them_all build --build-base /home/saeesh/ros2_ws/build/turtlesim_catch_them_all/build install --record /home/saeesh/ros2_ws/build/turtlesim_catch_them_all/install.log --single-version-externally-managed
