[0.451s] Invoking command in '/home/saeesh/ros2_ws/build/my_robot_interface': CMAKE_PREFIX_PATH=${CMAKE_PREFIX_PATH}:/home/saeesh/ros2_ws/install/turtlsim_catch_them_all:/home/saeesh/ros2_ws/install/turtlesim_catch_them_all:/home/saeesh/ros2_ws/install/my_py_pkg:/opt/ros/humble /usr/bin/cmake --build /home/saeesh/ros2_ws/build/my_robot_interface -- -j4 -l4
[1.324s] [ 12%] Built target my_robot_interface__cpp
[1.324s] [ 12%] Built target my_robot_interface__rosidl_generator_c
[1.324s] [ 12%] Built target ament_cmake_python_copy_my_robot_interface
[1.325s] [ 23%] Built target my_robot_interface__rosidl_typesupport_cpp
[1.325s] [ 34%] Built target my_robot_interface__rosidl_typesupport_fastrtps_cpp
[1.325s] [ 44%] Built target my_robot_interface__rosidl_typesupport_introspection_cpp
[1.325s] [ 55%] Built target my_robot_interface__rosidl_typesupport_fastrtps_c
[1.325s] [ 65%] Built target my_robot_interface__rosidl_typesupport_introspection_c
[1.325s] [ 76%] Built target my_robot_interface__rosidl_typesupport_c
[1.326s] [ 76%] Built target my_robot_interface
[1.326s] [ 78%] Built target my_robot_interface__py
[1.326s] [ 87%] Built target my_robot_interface__rosidl_generator_py
[1.326s] [ 91%] Built target my_robot_interface__rosidl_typesupport_fastrtps_c__pyext
[1.326s] [ 95%] Built target my_robot_interface__rosidl_typesupport_introspection_c__pyext
[1.326s] [100%] Built target my_robot_interface__rosidl_typesupport_c__pyext
[1.374s] running egg_info
[1.377s] writing my_robot_interface.egg-info/PKG-INFO
[1.377s] writing dependency_links to my_robot_interface.egg-info/dependency_links.txt
[1.377s] writing top-level names to my_robot_interface.egg-info/top_level.txt
[1.384s] reading manifest file 'my_robot_interface.egg-info/SOURCES.txt'
[1.385s] writing manifest file 'my_robot_interface.egg-info/SOURCES.txt'
[1.482s] [100%] Built target ament_cmake_python_build_my_robot_interface_egg
[1.515s] Invoked command in '/home/saeesh/ros2_ws/build/my_robot_interface' returned '0': CMAKE_PREFIX_PATH=${CMAKE_PREFIX_PATH}:/home/saeesh/ros2_ws/install/turtlsim_catch_them_all:/home/saeesh/ros2_ws/install/turtlesim_catch_them_all:/home/saeesh/ros2_ws/install/my_py_pkg:/opt/ros/humble /usr/bin/cmake --build /home/saeesh/ros2_ws/build/my_robot_interface -- -j4 -l4
[1.849s] Invoking command in '/home/saeesh/ros2_ws/build/my_robot_interface': CMAKE_PREFIX_PATH=${CMAKE_PREFIX_PATH}:/home/saeesh/ros2_ws/install/turtlsim_catch_them_all:/home/saeesh/ros2_ws/install/turtlesim_catch_them_all:/home/saeesh/ros2_ws/install/my_py_pkg:/opt/ros/humble /usr/bin/cmake --install /home/saeesh/ros2_ws/build/my_robot_interface
[1.875s] -- Install configuration: ""
[1.876s] -- Up-to-date: /home/saeesh/ros2_ws/install/my_robot_interface/share/ament_index/resource_index/rosidl_interfaces/my_robot_interface
[1.876s] -- Up-to-date: /home/saeesh/ros2_ws/install/my_robot_interface/include/my_robot_interface/my_robot_interface
[1.877s] -- Up-to-date: /home/saeesh/ros2_ws/install/my_robot_interface/include/my_robot_interface/my_robot_interface/srv
[1.877s] -- Up-to-date: /home/saeesh/ros2_ws/install/my_robot_interface/include/my_robot_interface/my_robot_interface/srv/detail
[1.877s] -- Up-to-date: /home/saeesh/ros2_ws/install/my_robot_interface/include/my_robot_interface/my_robot_interface/srv/detail/catchturtle__struct.h
[1.878s] -- Up-to-date: /home/saeesh/ros2_ws/install/my_robot_interface/include/my_robot_interface/my_robot_interface/srv/detail/catchturtle__functions.h
[1.878s] -- Up-to-date: /home/saeesh/ros2_ws/install/my_robot_interface/include/my_robot_interface/my_robot_interface/srv/detail/catchturtle__type_support.h
[1.878s] -- Up-to-date: /home/saeesh/ros2_ws/install/my_robot_interface/include/my_robot_interface/my_robot_interface/srv/detail/catchturtle__functions.c
[1.878s] -- Up-to-date: /home/saeesh/ros2_ws/install/my_robot_interface/include/my_robot_interface/my_robot_interface/srv/catchturtle.h
[1.879s] -- Up-to-date: /home/saeesh/ros2_ws/install/my_robot_interface/include/my_robot_interface/my_robot_interface/msg
[1.879s] -- Up-to-date: /home/saeesh/ros2_ws/install/my_robot_interface/include/my_robot_interface/my_robot_interface/msg/turtle.h
[1.879s] -- Up-to-date: /home/saeesh/ros2_ws/install/my_robot_interface/include/my_robot_interface/my_robot_interface/msg/rosidl_generator_c__visibility_control.h
[1.879s] -- Up-to-date: /home/saeesh/ros2_ws/install/my_robot_interface/include/my_robot_interface/my_robot_interface/msg/detail
[1.880s] -- Up-to-date: /home/saeesh/ros2_ws/install/my_robot_interface/include/my_robot_interface/my_robot_interface/msg/detail/turtle_array__functions.c
[1.880s] -- Up-to-date: /home/saeesh/ros2_ws/install/my_robot_interface/include/my_robot_interface/my_robot_interface/msg/detail/turtle_array__type_support.h
[1.880s] -- Up-to-date: /home/saeesh/ros2_ws/install/my_robot_interface/include/my_robot_interface/my_robot_interface/msg/detail/turtle__functions.h
[1.880s] -- Up-to-date: /home/saeesh/ros2_ws/install/my_robot_interface/include/my_robot_interface/my_robot_interface/msg/detail/turtle__struct.h
[1.880s] -- Up-to-date: /home/saeesh/ros2_ws/install/my_robot_interface/include/my_robot_interface/my_robot_interface/msg/detail/turtle_array__struct.h
[1.880s] -- Up-to-date: /home/saeesh/ros2_ws/install/my_robot_interface/include/my_robot_interface/my_robot_interface/msg/detail/turtle__type_support.h
[1.881s] -- Up-to-date: /home/saeesh/ros2_ws/install/my_robot_interface/include/my_robot_interface/my_robot_interface/msg/detail/turtle_array__functions.h
[1.881s] -- Up-to-date: /home/saeesh/ros2_ws/install/my_robot_interface/include/my_robot_interface/my_robot_interface/msg/detail/turtle__functions.c
[1.881s] -- Up-to-date: /home/saeesh/ros2_ws/install/my_robot_interface/include/my_robot_interface/my_robot_interface/msg/turtle_array.h
[1.881s] -- Up-to-date: /home/saeesh/ros2_ws/install/my_robot_interface/share/my_robot_interface/environment/library_path.sh
[1.881s] -- Up-to-date: /home/saeesh/ros2_ws/install/my_robot_interface/share/my_robot_interface/environment/library_path.dsv
[1.882s] -- Up-to-date: /home/saeesh/ros2_ws/install/my_robot_interface/lib/libmy_robot_interface__rosidl_generator_c.so
[1.882s] -- Up-to-date: /home/saeesh/ros2_ws/install/my_robot_interface/include/my_robot_interface/my_robot_interface
[1.882s] -- Up-to-date: /home/saeesh/ros2_ws/install/my_robot_interface/include/my_robot_interface/my_robot_interface/srv
[1.882s] -- Up-to-date: /home/saeesh/ros2_ws/install/my_robot_interface/include/my_robot_interface/my_robot_interface/srv/detail
[1.882s] -- Up-to-date: /home/saeesh/ros2_ws/install/my_robot_interface/include/my_robot_interface/my_robot_interface/srv/detail/catchturtle__rosidl_typesupport_fastrtps_c.h
[1.882s] -- Up-to-date: /home/saeesh/ros2_ws/install/my_robot_interface/include/my_robot_interface/my_robot_interface/msg
[1.883s] -- Up-to-date: /home/saeesh/ros2_ws/install/my_robot_interface/include/my_robot_interface/my_robot_interface/msg/rosidl_typesupport_fastrtps_c__visibility_control.h
[1.883s] -- Up-to-date: /home/saeesh/ros2_ws/install/my_robot_interface/include/my_robot_interface/my_robot_interface/msg/detail
[1.883s] -- Up-to-date: /home/saeesh/ros2_ws/install/my_robot_interface/include/my_robot_interface/my_robot_interface/msg/detail/turtle__rosidl_typesupport_fastrtps_c.h
[1.883s] -- Up-to-date: /home/saeesh/ros2_ws/install/my_robot_interface/include/my_robot_interface/my_robot_interface/msg/detail/turtle_array__rosidl_typesupport_fastrtps_c.h
[1.884s] -- Up-to-date: /home/saeesh/ros2_ws/install/my_robot_interface/lib/libmy_robot_interface__rosidl_typesupport_fastrtps_c.so
[1.884s] -- Up-to-date: /home/saeesh/ros2_ws/install/my_robot_interface/include/my_robot_interface/my_robot_interface
[1.885s] -- Up-to-date: /home/saeesh/ros2_ws/install/my_robot_interface/include/my_robot_interface/my_robot_interface/srv
[1.885s] -- Up-to-date: /home/saeesh/ros2_ws/install/my_robot_interface/include/my_robot_interface/my_robot_interface/srv/detail
[1.885s] -- Up-to-date: /home/saeesh/ros2_ws/install/my_robot_interface/include/my_robot_interface/my_robot_interface/srv/detail/catchturtle__type_support.c
[1.886s] -- Up-to-date: /home/saeesh/ros2_ws/install/my_robot_interface/include/my_robot_interface/my_robot_interface/srv/detail/catchturtle__rosidl_typesupport_introspection_c.h
[1.886s] -- Up-to-date: /home/saeesh/ros2_ws/install/my_robot_interface/include/my_robot_interface/my_robot_interface/msg
[1.886s] -- Up-to-date: /home/saeesh/ros2_ws/install/my_robot_interface/include/my_robot_interface/my_robot_interface/msg/detail
[1.886s] -- Up-to-date: /home/saeesh/ros2_ws/install/my_robot_interface/include/my_robot_interface/my_robot_interface/msg/detail/turtle__type_support.c
[1.887s] -- Up-to-date: /home/saeesh/ros2_ws/install/my_robot_interface/include/my_robot_interface/my_robot_interface/msg/detail/turtle__rosidl_typesupport_introspection_c.h
[1.887s] -- Up-to-date: /home/saeesh/ros2_ws/install/my_robot_interface/include/my_robot_interface/my_robot_interface/msg/detail/turtle_array__rosidl_typesupport_introspection_c.h
[1.887s] -- Up-to-date: /home/saeesh/ros2_ws/install/my_robot_interface/include/my_robot_interface/my_robot_interface/msg/detail/turtle_array__type_support.c
[1.888s] -- Up-to-date: /home/saeesh/ros2_ws/install/my_robot_interface/include/my_robot_interface/my_robot_interface/msg/rosidl_typesupport_introspection_c__visibility_control.h
[1.888s] -- Up-to-date: /home/saeesh/ros2_ws/install/my_robot_interface/lib/libmy_robot_interface__rosidl_typesupport_introspection_c.so
[1.888s] -- Up-to-date: /home/saeesh/ros2_ws/install/my_robot_interface/lib/libmy_robot_interface__rosidl_typesupport_c.so
[1.888s] -- Up-to-date: /home/saeesh/ros2_ws/install/my_robot_interface/include/my_robot_interface/my_robot_interface
[1.888s] -- Up-to-date: /home/saeesh/ros2_ws/install/my_robot_interface/include/my_robot_interface/my_robot_interface/srv
[1.889s] -- Up-to-date: /home/saeesh/ros2_ws/install/my_robot_interface/include/my_robot_interface/my_robot_interface/srv/detail
[1.889s] -- Up-to-date: /home/saeesh/ros2_ws/install/my_robot_interface/include/my_robot_interface/my_robot_interface/srv/detail/catchturtle__struct.hpp
[1.889s] -- Up-to-date: /home/saeesh/ros2_ws/install/my_robot_interface/include/my_robot_interface/my_robot_interface/srv/detail/catchturtle__traits.hpp
[1.889s] -- Up-to-date: /home/saeesh/ros2_ws/install/my_robot_interface/include/my_robot_interface/my_robot_interface/srv/detail/catchturtle__builder.hpp
[1.890s] -- Up-to-date: /home/saeesh/ros2_ws/install/my_robot_interface/include/my_robot_interface/my_robot_interface/srv/catchturtle.hpp
[1.890s] -- Up-to-date: /home/saeesh/ros2_ws/install/my_robot_interface/include/my_robot_interface/my_robot_interface/msg
[1.890s] -- Up-to-date: /home/saeesh/ros2_ws/install/my_robot_interface/include/my_robot_interface/my_robot_interface/msg/detail
[1.890s] -- Up-to-date: /home/saeesh/ros2_ws/install/my_robot_interface/include/my_robot_interface/my_robot_interface/msg/detail/turtle__traits.hpp
[1.891s] -- Up-to-date: /home/saeesh/ros2_ws/install/my_robot_interface/include/my_robot_interface/my_robot_interface/msg/detail/turtle__builder.hpp
[1.891s] -- Up-to-date: /home/saeesh/ros2_ws/install/my_robot_interface/include/my_robot_interface/my_robot_interface/msg/detail/turtle_array__builder.hpp
[1.891s] -- Up-to-date: /home/saeesh/ros2_ws/install/my_robot_interface/include/my_robot_interface/my_robot_interface/msg/detail/turtle__struct.hpp
[1.891s] -- Up-to-date: /home/saeesh/ros2_ws/install/my_robot_interface/include/my_robot_interface/my_robot_interface/msg/detail/turtle_array__traits.hpp
[1.892s] -- Up-to-date: /home/saeesh/ros2_ws/install/my_robot_interface/include/my_robot_interface/my_robot_interface/msg/detail/turtle_array__struct.hpp
[1.892s] -- Up-to-date: /home/saeesh/ros2_ws/install/my_robot_interface/include/my_robot_interface/my_robot_interface/msg/turtle.hpp
[1.892s] -- Up-to-date: /home/saeesh/ros2_ws/install/my_robot_interface/include/my_robot_interface/my_robot_interface/msg/turtle_array.hpp
[1.892s] -- Up-to-date: /home/saeesh/ros2_ws/install/my_robot_interface/include/my_robot_interface/my_robot_interface
[1.892s] -- Up-to-date: /home/saeesh/ros2_ws/install/my_robot_interface/include/my_robot_interface/my_robot_interface/srv
[1.893s] -- Up-to-date: /home/saeesh/ros2_ws/install/my_robot_interface/include/my_robot_interface/my_robot_interface/srv/detail
[1.893s] -- Up-to-date: /home/saeesh/ros2_ws/install/my_robot_interface/include/my_robot_interface/my_robot_interface/srv/detail/catchturtle__rosidl_typesupport_fastrtps_cpp.hpp
[1.893s] -- Up-to-date: /home/saeesh/ros2_ws/install/my_robot_interface/include/my_robot_interface/my_robot_interface/srv/detail/dds_fastrtps
[1.893s] -- Up-to-date: /home/saeesh/ros2_ws/install/my_robot_interface/include/my_robot_interface/my_robot_interface/msg
[1.893s] -- Up-to-date: /home/saeesh/ros2_ws/install/my_robot_interface/include/my_robot_interface/my_robot_interface/msg/detail
[1.894s] -- Up-to-date: /home/saeesh/ros2_ws/install/my_robot_interface/include/my_robot_interface/my_robot_interface/msg/detail/turtle__rosidl_typesupport_fastrtps_cpp.hpp
[1.894s] -- Up-to-date: /home/saeesh/ros2_ws/install/my_robot_interface/include/my_robot_interface/my_robot_interface/msg/detail/turtle_array__rosidl_typesupport_fastrtps_cpp.hpp
[1.894s] -- Up-to-date: /home/saeesh/ros2_ws/install/my_robot_interface/include/my_robot_interface/my_robot_interface/msg/detail/dds_fastrtps
[1.894s] -- Up-to-date: /home/saeesh/ros2_ws/install/my_robot_interface/include/my_robot_interface/my_robot_interface/msg/rosidl_typesupport_fastrtps_cpp__visibility_control.h
[1.894s] -- Up-to-date: /home/saeesh/ros2_ws/install/my_robot_interface/lib/libmy_robot_interface__rosidl_typesupport_fastrtps_cpp.so
[1.894s] -- Up-to-date: /home/saeesh/ros2_ws/install/my_robot_interface/include/my_robot_interface/my_robot_interface
[1.895s] -- Up-to-date: /home/saeesh/ros2_ws/install/my_robot_interface/include/my_robot_interface/my_robot_interface/srv
[1.895s] -- Up-to-date: /home/saeesh/ros2_ws/install/my_robot_interface/include/my_robot_interface/my_robot_interface/srv/detail
[1.895s] -- Up-to-date: /home/saeesh/ros2_ws/install/my_robot_interface/include/my_robot_interface/my_robot_interface/srv/detail/catchturtle__rosidl_typesupport_introspection_cpp.hpp
[1.895s] -- Up-to-date: /home/saeesh/ros2_ws/install/my_robot_interface/include/my_robot_interface/my_robot_interface/srv/detail/catchturtle__type_support.cpp
[1.896s] -- Up-to-date: /home/saeesh/ros2_ws/install/my_robot_interface/include/my_robot_interface/my_robot_interface/msg
[1.896s] -- Up-to-date: /home/saeesh/ros2_ws/install/my_robot_interface/include/my_robot_interface/my_robot_interface/msg/detail
[1.896s] -- Up-to-date: /home/saeesh/ros2_ws/install/my_robot_interface/include/my_robot_interface/my_robot_interface/msg/detail/turtle_array__type_support.cpp
[1.896s] -- Up-to-date: /home/saeesh/ros2_ws/install/my_robot_interface/include/my_robot_interface/my_robot_interface/msg/detail/turtle__type_support.cpp
[1.896s] -- Up-to-date: /home/saeesh/ros2_ws/install/my_robot_interface/include/my_robot_interface/my_robot_interface/msg/detail/turtle_array__rosidl_typesupport_introspection_cpp.hpp
[1.896s] -- Up-to-date: /home/saeesh/ros2_ws/install/my_robot_interface/include/my_robot_interface/my_robot_interface/msg/detail/turtle__rosidl_typesupport_introspection_cpp.hpp
[1.897s] -- Up-to-date: /home/saeesh/ros2_ws/install/my_robot_interface/lib/libmy_robot_interface__rosidl_typesupport_introspection_cpp.so
[1.897s] -- Up-to-date: /home/saeesh/ros2_ws/install/my_robot_interface/lib/libmy_robot_interface__rosidl_typesupport_cpp.so
[1.897s] -- Up-to-date: /home/saeesh/ros2_ws/install/my_robot_interface/share/my_robot_interface/environment/pythonpath.sh
[1.897s] -- Up-to-date: /home/saeesh/ros2_ws/install/my_robot_interface/share/my_robot_interface/environment/pythonpath.dsv
[1.897s] -- Up-to-date: /home/saeesh/ros2_ws/install/my_robot_interface/local/lib/python3.10/dist-packages/my_robot_interface-0.0.0-py3.10.egg-info
[1.898s] -- Installing: /home/saeesh/ros2_ws/install/my_robot_interface/local/lib/python3.10/dist-packages/my_robot_interface-0.0.0-py3.10.egg-info/SOURCES.txt
[1.898s] -- Installing: /home/saeesh/ros2_ws/install/my_robot_interface/local/lib/python3.10/dist-packages/my_robot_interface-0.0.0-py3.10.egg-info/PKG-INFO
[1.898s] -- Installing: /home/saeesh/ros2_ws/install/my_robot_interface/local/lib/python3.10/dist-packages/my_robot_interface-0.0.0-py3.10.egg-info/dependency_links.txt
[1.900s] -- Installing: /home/saeesh/ros2_ws/install/my_robot_interface/local/lib/python3.10/dist-packages/my_robot_interface-0.0.0-py3.10.egg-info/top_level.txt
[1.903s] -- Up-to-date: /home/saeesh/ros2_ws/install/my_robot_interface/local/lib/python3.10/dist-packages/my_robot_interface
[1.903s] -- Up-to-date: /home/saeesh/ros2_ws/install/my_robot_interface/local/lib/python3.10/dist-packages/my_robot_interface/my_robot_interface_s__rosidl_typesupport_introspection_c.cpython-310-x86_64-linux-gnu.so
[1.904s] -- Up-to-date: /home/saeesh/ros2_ws/install/my_robot_interface/local/lib/python3.10/dist-packages/my_robot_interface/srv
[1.904s] -- Up-to-date: /home/saeesh/ros2_ws/install/my_robot_interface/local/lib/python3.10/dist-packages/my_robot_interface/srv/_catchturtle_s.c
[1.905s] -- Up-to-date: /home/saeesh/ros2_ws/install/my_robot_interface/local/lib/python3.10/dist-packages/my_robot_interface/srv/_catchturtle.py
[1.905s] -- Up-to-date: /home/saeesh/ros2_ws/install/my_robot_interface/local/lib/python3.10/dist-packages/my_robot_interface/srv/__init__.py
[1.905s] -- Up-to-date: /home/saeesh/ros2_ws/install/my_robot_interface/local/lib/python3.10/dist-packages/my_robot_interface/msg
[1.906s] -- Up-to-date: /home/saeesh/ros2_ws/install/my_robot_interface/local/lib/python3.10/dist-packages/my_robot_interface/msg/_turtle_array.py
[1.906s] -- Up-to-date: /home/saeesh/ros2_ws/install/my_robot_interface/local/lib/python3.10/dist-packages/my_robot_interface/msg/_turtle_array_s.c
[1.906s] -- Up-to-date: /home/saeesh/ros2_ws/install/my_robot_interface/local/lib/python3.10/dist-packages/my_robot_interface/msg/_turtle.py
[1.906s] -- Up-to-date: /home/saeesh/ros2_ws/install/my_robot_interface/local/lib/python3.10/dist-packages/my_robot_interface/msg/__init__.py
[1.907s] -- Up-to-date: /home/saeesh/ros2_ws/install/my_robot_interface/local/lib/python3.10/dist-packages/my_robot_interface/msg/_turtle_s.c
[1.907s] -- Up-to-date: /home/saeesh/ros2_ws/install/my_robot_interface/local/lib/python3.10/dist-packages/my_robot_interface/_my_robot_interface_s.ep.rosidl_typesupport_fastrtps_c.c
[1.907s] -- Up-to-date: /home/saeesh/ros2_ws/install/my_robot_interface/local/lib/python3.10/dist-packages/my_robot_interface/_my_robot_interface_s.ep.rosidl_typesupport_c.c
[1.908s] -- Up-to-date: /home/saeesh/ros2_ws/install/my_robot_interface/local/lib/python3.10/dist-packages/my_robot_interface/libmy_robot_interface__rosidl_generator_py.so
[1.908s] -- Up-to-date: /home/saeesh/ros2_ws/install/my_robot_interface/local/lib/python3.10/dist-packages/my_robot_interface/my_robot_interface_s__rosidl_typesupport_c.cpython-310-x86_64-linux-gnu.so
[1.909s] -- Up-to-date: /home/saeesh/ros2_ws/install/my_robot_interface/local/lib/python3.10/dist-packages/my_robot_interface/_my_robot_interface_s.ep.rosidl_typesupport_introspection_c.c
[1.909s] -- Up-to-date: /home/saeesh/ros2_ws/install/my_robot_interface/local/lib/python3.10/dist-packages/my_robot_interface/my_robot_interface_s__rosidl_typesupport_fastrtps_c.cpython-310-x86_64-linux-gnu.so
[1.910s] -- Up-to-date: /home/saeesh/ros2_ws/install/my_robot_interface/local/lib/python3.10/dist-packages/my_robot_interface/__init__.py
[2.023s] Listing '/home/saeesh/ros2_ws/install/my_robot_interface/local/lib/python3.10/dist-packages/my_robot_interface'...
[2.024s] Listing '/home/saeesh/ros2_ws/install/my_robot_interface/local/lib/python3.10/dist-packages/my_robot_interface/msg'...
[2.024s] Listing '/home/saeesh/ros2_ws/install/my_robot_interface/local/lib/python3.10/dist-packages/my_robot_interface/srv'...
[2.042s] -- Up-to-date: /home/saeesh/ros2_ws/install/my_robot_interface/local/lib/python3.10/dist-packages/my_robot_interface/my_robot_interface_s__rosidl_typesupport_fastrtps_c.cpython-310-x86_64-linux-gnu.so
[2.044s] -- Up-to-date: /home/saeesh/ros2_ws/install/my_robot_interface/local/lib/python3.10/dist-packages/my_robot_interface/my_robot_interface_s__rosidl_typesupport_introspection_c.cpython-310-x86_64-linux-gnu.so
[2.046s] -- Up-to-date: /home/saeesh/ros2_ws/install/my_robot_interface/local/lib/python3.10/dist-packages/my_robot_interface/my_robot_interface_s__rosidl_typesupport_c.cpython-310-x86_64-linux-gnu.so
[2.049s] -- Up-to-date: /home/saeesh/ros2_ws/install/my_robot_interface/lib/libmy_robot_interface__rosidl_generator_py.so
[2.050s] -- Up-to-date: /home/saeesh/ros2_ws/install/my_robot_interface/share/my_robot_interface/msg/Turtle.idl
[2.050s] -- Up-to-date: /home/saeesh/ros2_ws/install/my_robot_interface/share/my_robot_interface/msg/TurtleArray.idl
[2.050s] -- Up-to-date: /home/saeesh/ros2_ws/install/my_robot_interface/share/my_robot_interface/srv/Catchturtle.idl
[2.050s] -- Up-to-date: /home/saeesh/ros2_ws/install/my_robot_interface/share/my_robot_interface/msg/Turtle.msg
[2.050s] -- Up-to-date: /home/saeesh/ros2_ws/install/my_robot_interface/share/my_robot_interface/msg/TurtleArray.msg
[2.051s] -- Up-to-date: /home/saeesh/ros2_ws/install/my_robot_interface/share/my_robot_interface/srv/Catchturtle.srv
[2.051s] -- Up-to-date: /home/saeesh/ros2_ws/install/my_robot_interface/share/my_robot_interface/srv/Catchturtle_Request.msg
[2.051s] -- Up-to-date: /home/saeesh/ros2_ws/install/my_robot_interface/share/my_robot_interface/srv/Catchturtle_Response.msg
[2.051s] -- Up-to-date: /home/saeesh/ros2_ws/install/my_robot_interface/share/ament_index/resource_index/package_run_dependencies/my_robot_interface
[2.051s] -- Up-to-date: /home/saeesh/ros2_ws/install/my_robot_interface/share/ament_index/resource_index/parent_prefix_path/my_robot_interface
[2.052s] -- Up-to-date: /home/saeesh/ros2_ws/install/my_robot_interface/share/my_robot_interface/environment/ament_prefix_path.sh
[2.052s] -- Up-to-date: /home/saeesh/ros2_ws/install/my_robot_interface/share/my_robot_interface/environment/ament_prefix_path.dsv
[2.052s] -- Up-to-date: /home/saeesh/ros2_ws/install/my_robot_interface/share/my_robot_interface/environment/path.sh
[2.052s] -- Up-to-date: /home/saeesh/ros2_ws/install/my_robot_interface/share/my_robot_interface/environment/path.dsv
[2.052s] -- Up-to-date: /home/saeesh/ros2_ws/install/my_robot_interface/share/my_robot_interface/local_setup.bash
[2.053s] -- Up-to-date: /home/saeesh/ros2_ws/install/my_robot_interface/share/my_robot_interface/local_setup.sh
[2.053s] -- Up-to-date: /home/saeesh/ros2_ws/install/my_robot_interface/share/my_robot_interface/local_setup.zsh
[2.053s] -- Up-to-date: /home/saeesh/ros2_ws/install/my_robot_interface/share/my_robot_interface/local_setup.dsv
[2.053s] -- Installing: /home/saeesh/ros2_ws/install/my_robot_interface/share/my_robot_interface/package.dsv
[2.053s] -- Up-to-date: /home/saeesh/ros2_ws/install/my_robot_interface/share/ament_index/resource_index/packages/my_robot_interface
[2.054s] -- Up-to-date: /home/saeesh/ros2_ws/install/my_robot_interface/share/my_robot_interface/cmake/export_my_robot_interface__rosidl_generator_cExport.cmake
[2.054s] -- Up-to-date: /home/saeesh/ros2_ws/install/my_robot_interface/share/my_robot_interface/cmake/export_my_robot_interface__rosidl_generator_cExport-noconfig.cmake
[2.054s] -- Up-to-date: /home/saeesh/ros2_ws/install/my_robot_interface/share/my_robot_interface/cmake/export_my_robot_interface__rosidl_typesupport_fastrtps_cExport.cmake
[2.054s] -- Up-to-date: /home/saeesh/ros2_ws/install/my_robot_interface/share/my_robot_interface/cmake/export_my_robot_interface__rosidl_typesupport_fastrtps_cExport-noconfig.cmake
[2.055s] -- Up-to-date: /home/saeesh/ros2_ws/install/my_robot_interface/share/my_robot_interface/cmake/my_robot_interface__rosidl_typesupport_introspection_cExport.cmake
[2.055s] -- Up-to-date: /home/saeesh/ros2_ws/install/my_robot_interface/share/my_robot_interface/cmake/my_robot_interface__rosidl_typesupport_introspection_cExport-noconfig.cmake
[2.056s] -- Up-to-date: /home/saeesh/ros2_ws/install/my_robot_interface/share/my_robot_interface/cmake/my_robot_interface__rosidl_typesupport_cExport.cmake
[2.056s] -- Up-to-date: /home/saeesh/ros2_ws/install/my_robot_interface/share/my_robot_interface/cmake/my_robot_interface__rosidl_typesupport_cExport-noconfig.cmake
[2.056s] -- Up-to-date: /home/saeesh/ros2_ws/install/my_robot_interface/share/my_robot_interface/cmake/export_my_robot_interface__rosidl_generator_cppExport.cmake
[2.057s] -- Up-to-date: /home/saeesh/ros2_ws/install/my_robot_interface/share/my_robot_interface/cmake/export_my_robot_interface__rosidl_typesupport_fastrtps_cppExport.cmake
[2.057s] -- Up-to-date: /home/saeesh/ros2_ws/install/my_robot_interface/share/my_robot_interface/cmake/export_my_robot_interface__rosidl_typesupport_fastrtps_cppExport-noconfig.cmake
[2.057s] -- Up-to-date: /home/saeesh/ros2_ws/install/my_robot_interface/share/my_robot_interface/cmake/my_robot_interface__rosidl_typesupport_introspection_cppExport.cmake
[2.058s] -- Up-to-date: /home/saeesh/ros2_ws/install/my_robot_interface/share/my_robot_interface/cmake/my_robot_interface__rosidl_typesupport_introspection_cppExport-noconfig.cmake
[2.058s] -- Up-to-date: /home/saeesh/ros2_ws/install/my_robot_interface/share/my_robot_interface/cmake/my_robot_interface__rosidl_typesupport_cppExport.cmake
[2.058s] -- Up-to-date: /home/saeesh/ros2_ws/install/my_robot_interface/share/my_robot_interface/cmake/my_robot_interface__rosidl_typesupport_cppExport-noconfig.cmake
[2.058s] -- Up-to-date: /home/saeesh/ros2_ws/install/my_robot_interface/share/my_robot_interface/cmake/export_my_robot_interface__rosidl_generator_pyExport.cmake
[2.058s] -- Up-to-date: /home/saeesh/ros2_ws/install/my_robot_interface/share/my_robot_interface/cmake/export_my_robot_interface__rosidl_generator_pyExport-noconfig.cmake
[2.059s] -- Up-to-date: /home/saeesh/ros2_ws/install/my_robot_interface/share/my_robot_interface/cmake/rosidl_cmake-extras.cmake
[2.059s] -- Up-to-date: /home/saeesh/ros2_ws/install/my_robot_interface/share/my_robot_interface/cmake/ament_cmake_export_include_directories-extras.cmake
[2.059s] -- Up-to-date: /home/saeesh/ros2_ws/install/my_robot_interface/share/my_robot_interface/cmake/ament_cmake_export_libraries-extras.cmake
[2.059s] -- Up-to-date: /home/saeesh/ros2_ws/install/my_robot_interface/share/my_robot_interface/cmake/ament_cmake_export_targets-extras.cmake
[2.060s] -- Up-to-date: /home/saeesh/ros2_ws/install/my_robot_interface/share/my_robot_interface/cmake/rosidl_cmake_export_typesupport_targets-extras.cmake
[2.060s] -- Up-to-date: /home/saeesh/ros2_ws/install/my_robot_interface/share/my_robot_interface/cmake/ament_cmake_export_dependencies-extras.cmake
[2.061s] -- Up-to-date: /home/saeesh/ros2_ws/install/my_robot_interface/share/my_robot_interface/cmake/rosidl_cmake_export_typesupport_libraries-extras.cmake
[2.061s] -- Up-to-date: /home/saeesh/ros2_ws/install/my_robot_interface/share/my_robot_interface/cmake/my_robot_interfaceConfig.cmake
[2.061s] -- Up-to-date: /home/saeesh/ros2_ws/install/my_robot_interface/share/my_robot_interface/cmake/my_robot_interfaceConfig-version.cmake
[2.061s] -- Up-to-date: /home/saeesh/ros2_ws/install/my_robot_interface/share/my_robot_interface/package.xml
[2.067s] Invoked command in '/home/saeesh/ros2_ws/build/my_robot_interface' returned '0': CMAKE_PREFIX_PATH=${CMAKE_PREFIX_PATH}:/home/saeesh/ros2_ws/install/turtlsim_catch_them_all:/home/saeesh/ros2_ws/install/turtlesim_catch_them_all:/home/saeesh/ros2_ws/install/my_py_pkg:/opt/ros/humble /usr/bin/cmake --install /home/saeesh/ros2_ws/build/my_robot_interface
