[1.680s] DEBUG:colcon:Command line arguments: ['/usr/bin/colcon', 'build', '--packages-select', 'turtlsim_catch_them_all']
[1.680s] DEBUG:colcon:Parsed command line arguments: Namespace(log_base=None, log_level=None, verb_name='build', build_base='build', install_base='install', merge_install=False, symlink_install=False, test_result_base=None, continue_on_error=False, executor='parallel', parallel_workers=4, event_handlers=None, ignore_user_meta=False, metas=['./colcon.meta'], base_paths=['.'], packages_ignore=None, packages_ignore_regex=None, paths=None, packages_up_to=None, packages_up_to_regex=None, packages_above=None, packages_above_and_dependencies=None, packages_above_depth=None, packages_select_by_dep=None, packages_skip_by_dep=None, packages_skip_up_to=None, packages_select_build_failed=False, packages_skip_build_finished=False, packages_select_test_failures=False, packages_skip_test_passed=False, packages_select=['turtlsim_catch_them_all'], packages_skip=None, packages_select_regex=None, packages_skip_regex=None, packages_start=None, packages_end=None, allow_overriding=[], cmake_args=None, cmake_target=None, cmake_target_skip_unavailable=False, cmake_clean_cache=False, cmake_clean_first=False, cmake_force_configure=False, ament_cmake_args=None, catkin_cmake_args=None, catkin_skip_building_tests=False, verb_parser=<colcon_defaults.argument_parser.defaults.DefaultArgumentsDecorator object at 0x7f0f7c74dc60>, verb_extension=<colcon_core.verb.build.BuildVerb object at 0x7f0f7c73b700>, main=<bound method BuildVerb.main of <colcon_core.verb.build.BuildVerb object at 0x7f0f7c73b700>>)
[1.738s] Level 1:colcon.colcon_core.package_discovery:discover_packages(colcon_meta) check parameters
[1.738s] Level 1:colcon.colcon_core.package_discovery:discover_packages(recursive) check parameters
[1.738s] Level 1:colcon.colcon_core.package_discovery:discover_packages(ignore) check parameters
[1.738s] Level 1:colcon.colcon_core.package_discovery:discover_packages(path) check parameters
[1.738s] Level 1:colcon.colcon_core.package_discovery:discover_packages(colcon_meta) discover
[1.738s] Level 1:colcon.colcon_core.package_discovery:discover_packages(recursive) discover
[1.738s] INFO:colcon.colcon_core.package_discovery:Crawling recursively for packages in '/home/saeesh/ros2_ws'
[1.738s] Level 1:colcon.colcon_core.package_identification:_identify(.) by extensions ['ignore', 'ignore_ament_install']
[1.739s] Level 1:colcon.colcon_core.package_identification:_identify(.) by extension 'ignore'
[1.739s] Level 1:colcon.colcon_core.package_identification:_identify(.) by extension 'ignore_ament_install'
[1.739s] Level 1:colcon.colcon_core.package_identification:_identify(.) by extensions ['colcon_pkg']
[1.739s] Level 1:colcon.colcon_core.package_identification:_identify(.) by extension 'colcon_pkg'
[1.739s] Level 1:colcon.colcon_core.package_identification:_identify(.) by extensions ['colcon_meta']
[1.739s] Level 1:colcon.colcon_core.package_identification:_identify(.) by extension 'colcon_meta'
[1.739s] Level 1:colcon.colcon_core.package_identification:_identify(.) by extensions ['ros']
[1.739s] Level 1:colcon.colcon_core.package_identification:_identify(.) by extension 'ros'
[1.751s] Level 1:colcon.colcon_core.package_identification:_identify(.) by extensions ['cmake', 'python']
[1.751s] Level 1:colcon.colcon_core.package_identification:_identify(.) by extension 'cmake'
[1.751s] Level 1:colcon.colcon_core.package_identification:_identify(.) by extension 'python'
[1.751s] Level 1:colcon.colcon_core.package_identification:_identify(.) by extensions ['python_setup_py']
[1.752s] Level 1:colcon.colcon_core.package_identification:_identify(.) by extension 'python_setup_py'
[1.752s] Level 1:colcon.colcon_core.package_identification:_identify(build) by extensions ['ignore', 'ignore_ament_install']
[1.752s] Level 1:colcon.colcon_core.package_identification:_identify(build) by extension 'ignore'
[1.752s] Level 1:colcon.colcon_core.package_identification:_identify(build) ignored
[1.752s] Level 1:colcon.colcon_core.package_identification:_identify(install) by extensions ['ignore', 'ignore_ament_install']
[1.752s] Level 1:colcon.colcon_core.package_identification:_identify(install) by extension 'ignore'
[1.752s] Level 1:colcon.colcon_core.package_identification:_identify(install) ignored
[1.752s] Level 1:colcon.colcon_core.package_identification:_identify(log) by extensions ['ignore', 'ignore_ament_install']
[1.752s] Level 1:colcon.colcon_core.package_identification:_identify(log) by extension 'ignore'
[1.752s] Level 1:colcon.colcon_core.package_identification:_identify(log) ignored
[1.753s] Level 1:colcon.colcon_core.package_identification:_identify(src) by extensions ['ignore', 'ignore_ament_install']
[1.753s] Level 1:colcon.colcon_core.package_identification:_identify(src) by extension 'ignore'
[1.753s] Level 1:colcon.colcon_core.package_identification:_identify(src) by extension 'ignore_ament_install'
[1.753s] Level 1:colcon.colcon_core.package_identification:_identify(src) by extensions ['colcon_pkg']
[1.753s] Level 1:colcon.colcon_core.package_identification:_identify(src) by extension 'colcon_pkg'
[1.753s] Level 1:colcon.colcon_core.package_identification:_identify(src) by extensions ['colcon_meta']
[1.753s] Level 1:colcon.colcon_core.package_identification:_identify(src) by extension 'colcon_meta'
[1.753s] Level 1:colcon.colcon_core.package_identification:_identify(src) by extensions ['ros']
[1.753s] Level 1:colcon.colcon_core.package_identification:_identify(src) by extension 'ros'
[1.753s] Level 1:colcon.colcon_core.package_identification:_identify(src) by extensions ['cmake', 'python']
[1.753s] Level 1:colcon.colcon_core.package_identification:_identify(src) by extension 'cmake'
[1.753s] Level 1:colcon.colcon_core.package_identification:_identify(src) by extension 'python'
[1.753s] Level 1:colcon.colcon_core.package_identification:_identify(src) by extensions ['python_setup_py']
[1.753s] Level 1:colcon.colcon_core.package_identification:_identify(src) by extension 'python_setup_py'
[1.753s] Level 1:colcon.colcon_core.package_identification:_identify(src/my_py_pkg) by extensions ['ignore', 'ignore_ament_install']
[1.753s] Level 1:colcon.colcon_core.package_identification:_identify(src/my_py_pkg) by extension 'ignore'
[1.753s] Level 1:colcon.colcon_core.package_identification:_identify(src/my_py_pkg) by extension 'ignore_ament_install'
[1.754s] Level 1:colcon.colcon_core.package_identification:_identify(src/my_py_pkg) by extensions ['colcon_pkg']
[1.754s] Level 1:colcon.colcon_core.package_identification:_identify(src/my_py_pkg) by extension 'colcon_pkg'
[1.754s] Level 1:colcon.colcon_core.package_identification:_identify(src/my_py_pkg) by extensions ['colcon_meta']
[1.754s] Level 1:colcon.colcon_core.package_identification:_identify(src/my_py_pkg) by extension 'colcon_meta'
[1.754s] Level 1:colcon.colcon_core.package_identification:_identify(src/my_py_pkg) by extensions ['ros']
[1.754s] Level 1:colcon.colcon_core.package_identification:_identify(src/my_py_pkg) by extension 'ros'
[1.758s] DEBUG:colcon.colcon_core.package_identification:Package 'src/my_py_pkg' with type 'ros.ament_python' and name 'my_py_pkg'
[1.758s] Level 1:colcon.colcon_core.package_identification:_identify(src/my_robot_bringup) by extensions ['ignore', 'ignore_ament_install']
[1.758s] Level 1:colcon.colcon_core.package_identification:_identify(src/my_robot_bringup) by extension 'ignore'
[1.758s] Level 1:colcon.colcon_core.package_identification:_identify(src/my_robot_bringup) by extension 'ignore_ament_install'
[1.758s] Level 1:colcon.colcon_core.package_identification:_identify(src/my_robot_bringup) by extensions ['colcon_pkg']
[1.758s] Level 1:colcon.colcon_core.package_identification:_identify(src/my_robot_bringup) by extension 'colcon_pkg'
[1.758s] Level 1:colcon.colcon_core.package_identification:_identify(src/my_robot_bringup) by extensions ['colcon_meta']
[1.758s] Level 1:colcon.colcon_core.package_identification:_identify(src/my_robot_bringup) by extension 'colcon_meta'
[1.758s] Level 1:colcon.colcon_core.package_identification:_identify(src/my_robot_bringup) by extensions ['ros']
[1.758s] Level 1:colcon.colcon_core.package_identification:_identify(src/my_robot_bringup) by extension 'ros'
[1.759s] DEBUG:colcon.colcon_core.package_identification:Package 'src/my_robot_bringup' with type 'ros.ament_cmake' and name 'my_robot_bringup'
[1.759s] Level 1:colcon.colcon_core.package_identification:_identify(src/my_robot_interfaces) by extensions ['ignore', 'ignore_ament_install']
[1.759s] Level 1:colcon.colcon_core.package_identification:_identify(src/my_robot_interfaces) by extension 'ignore'
[1.759s] Level 1:colcon.colcon_core.package_identification:_identify(src/my_robot_interfaces) by extension 'ignore_ament_install'
[1.759s] Level 1:colcon.colcon_core.package_identification:_identify(src/my_robot_interfaces) by extensions ['colcon_pkg']
[1.759s] Level 1:colcon.colcon_core.package_identification:_identify(src/my_robot_interfaces) by extension 'colcon_pkg'
[1.759s] Level 1:colcon.colcon_core.package_identification:_identify(src/my_robot_interfaces) by extensions ['colcon_meta']
[1.759s] Level 1:colcon.colcon_core.package_identification:_identify(src/my_robot_interfaces) by extension 'colcon_meta'
[1.760s] Level 1:colcon.colcon_core.package_identification:_identify(src/my_robot_interfaces) by extensions ['ros']
[1.760s] Level 1:colcon.colcon_core.package_identification:_identify(src/my_robot_interfaces) by extension 'ros'
[1.760s] DEBUG:colcon.colcon_core.package_identification:Package 'src/my_robot_interfaces' with type 'ros.ament_cmake' and name 'my_robot_interfaces'
[1.760s] Level 1:colcon.colcon_core.package_identification:_identify(src/turtlsim_catch_them_all) by extensions ['ignore', 'ignore_ament_install']
[1.760s] Level 1:colcon.colcon_core.package_identification:_identify(src/turtlsim_catch_them_all) by extension 'ignore'
[1.760s] Level 1:colcon.colcon_core.package_identification:_identify(src/turtlsim_catch_them_all) by extension 'ignore_ament_install'
[1.760s] Level 1:colcon.colcon_core.package_identification:_identify(src/turtlsim_catch_them_all) by extensions ['colcon_pkg']
[1.760s] Level 1:colcon.colcon_core.package_identification:_identify(src/turtlsim_catch_them_all) by extension 'colcon_pkg'
[1.760s] Level 1:colcon.colcon_core.package_identification:_identify(src/turtlsim_catch_them_all) by extensions ['colcon_meta']
[1.760s] Level 1:colcon.colcon_core.package_identification:_identify(src/turtlsim_catch_them_all) by extension 'colcon_meta'
[1.761s] Level 1:colcon.colcon_core.package_identification:_identify(src/turtlsim_catch_them_all) by extensions ['ros']
[1.761s] Level 1:colcon.colcon_core.package_identification:_identify(src/turtlsim_catch_them_all) by extension 'ros'
[1.761s] DEBUG:colcon.colcon_core.package_identification:Package 'src/turtlsim_catch_them_all' with type 'ros.ament_python' and name 'turtlsim_catch_them_all'
[1.761s] Level 1:colcon.colcon_core.package_discovery:discover_packages(recursive) using defaults
[1.761s] Level 1:colcon.colcon_core.package_discovery:discover_packages(ignore) discover
[1.761s] Level 1:colcon.colcon_core.package_discovery:discover_packages(ignore) using defaults
[1.761s] Level 1:colcon.colcon_core.package_discovery:discover_packages(path) discover
[1.761s] Level 1:colcon.colcon_core.package_discovery:discover_packages(path) using defaults
[1.840s] INFO:colcon.colcon_core.package_selection:Skipping not selected package 'my_robot_interfaces' in 'src/my_robot_interfaces'
[1.840s] INFO:colcon.colcon_core.package_selection:Skipping not selected package 'my_py_pkg' in 'src/my_py_pkg'
[1.840s] INFO:colcon.colcon_core.package_selection:Skipping not selected package 'my_robot_bringup' in 'src/my_robot_bringup'
[1.877s] Level 1:colcon.colcon_core.package_discovery:discover_packages(prefix_path) check parameters
[1.877s] Level 1:colcon.colcon_core.package_discovery:discover_packages(prefix_path) discover
[1.917s] DEBUG:colcon.colcon_installed_package_information.package_discovery:Found 4 installed packages in /home/saeesh/ros2_ws/install
[1.939s] DEBUG:colcon.colcon_installed_package_information.package_discovery:Found 275 installed packages in /opt/ros/humble
[1.956s] Level 1:colcon.colcon_core.package_discovery:discover_packages(prefix_path) using defaults
[2.066s] Level 5:colcon.colcon_core.verb:set package 'turtlsim_catch_them_all' build argument 'cmake_args' from command line to 'None'
[2.066s] Level 5:colcon.colcon_core.verb:set package 'turtlsim_catch_them_all' build argument 'cmake_target' from command line to 'None'
[2.066s] Level 5:colcon.colcon_core.verb:set package 'turtlsim_catch_them_all' build argument 'cmake_target_skip_unavailable' from command line to 'False'
[2.066s] Level 5:colcon.colcon_core.verb:set package 'turtlsim_catch_them_all' build argument 'cmake_clean_cache' from command line to 'False'
[2.066s] Level 5:colcon.colcon_core.verb:set package 'turtlsim_catch_them_all' build argument 'cmake_clean_first' from command line to 'False'
[2.066s] Level 5:colcon.colcon_core.verb:set package 'turtlsim_catch_them_all' build argument 'cmake_force_configure' from command line to 'False'
[2.066s] Level 5:colcon.colcon_core.verb:set package 'turtlsim_catch_them_all' build argument 'ament_cmake_args' from command line to 'None'
[2.066s] Level 5:colcon.colcon_core.verb:set package 'turtlsim_catch_them_all' build argument 'catkin_cmake_args' from command line to 'None'
[2.066s] Level 5:colcon.colcon_core.verb:set package 'turtlsim_catch_them_all' build argument 'catkin_skip_building_tests' from command line to 'False'
[2.066s] DEBUG:colcon.colcon_core.verb:Building package 'turtlsim_catch_them_all' with the following arguments: {'ament_cmake_args': None, 'build_base': '/home/saeesh/ros2_ws/build/turtlsim_catch_them_all', 'catkin_cmake_args': None, 'catkin_skip_building_tests': False, 'cmake_args': None, 'cmake_clean_cache': False, 'cmake_clean_first': False, 'cmake_force_configure': False, 'cmake_target': None, 'cmake_target_skip_unavailable': False, 'install_base': '/home/saeesh/ros2_ws/install/turtlsim_catch_them_all', 'merge_install': False, 'path': '/home/saeesh/ros2_ws/src/turtlsim_catch_them_all', 'symlink_install': False, 'test_result_base': None}
[2.085s] INFO:colcon.colcon_core.executor:Executing jobs using 'parallel' executor
[2.105s] DEBUG:colcon.colcon_parallel_executor.executor.parallel:run_until_complete
[2.105s] INFO:colcon.colcon_ros.task.ament_python.build:Building ROS package in '/home/saeesh/ros2_ws/src/turtlsim_catch_them_all' with build type 'ament_python'
[2.105s] Level 1:colcon.colcon_core.shell:create_environment_hook('turtlsim_catch_them_all', 'ament_prefix_path')
[2.146s] INFO:colcon.colcon_core.plugin_system:Skipping extension 'colcon_core.shell.bat': Not used on non-Windows systems
[2.146s] INFO:colcon.colcon_core.shell:Creating environment hook '/home/saeesh/ros2_ws/install/turtlsim_catch_them_all/share/turtlsim_catch_them_all/hook/ament_prefix_path.ps1'
[2.147s] INFO:colcon.colcon_core.shell:Creating environment descriptor '/home/saeesh/ros2_ws/install/turtlsim_catch_them_all/share/turtlsim_catch_them_all/hook/ament_prefix_path.dsv'
[2.147s] INFO:colcon.colcon_core.shell:Creating environment hook '/home/saeesh/ros2_ws/install/turtlsim_catch_them_all/share/turtlsim_catch_them_all/hook/ament_prefix_path.sh'
[2.171s] INFO:colcon.colcon_core.shell:Skip shell extension 'powershell' for command environment: Not usable outside of PowerShell
[2.171s] DEBUG:colcon.colcon_core.shell:Skip shell extension 'dsv' for command environment
[2.602s] INFO:colcon.colcon_core.task.python.build:Building Python package in '/home/saeesh/ros2_ws/src/turtlsim_catch_them_all'
[2.647s] INFO:colcon.colcon_core.shell:Skip shell extension 'powershell' for command environment: Not usable outside of PowerShell
[2.647s] DEBUG:colcon.colcon_core.shell:Skip shell extension 'dsv' for command environment
[3.145s] DEBUG:colcon.colcon_core.event_handler.log_command:Invoking command in '/home/saeesh/ros2_ws/src/turtlsim_catch_them_all': PYTHONPATH=/home/saeesh/ros2_ws/build/turtlsim_catch_them_all/prefix_override:/home/saeesh/ros2_ws/install/turtlsim_catch_them_all/lib/python3.10/site-packages:${PYTHONPATH} /usr/bin/python3 setup.py egg_info --egg-base ../../build/turtlsim_catch_them_all build --build-base /home/saeesh/ros2_ws/build/turtlsim_catch_them_all/build install --record /home/saeesh/ros2_ws/build/turtlsim_catch_them_all/install.log --single-version-externally-managed
[3.529s] DEBUG:colcon.colcon_core.event_handler.log_command:Invoked command in '/home/saeesh/ros2_ws/src/turtlsim_catch_them_all' returned '0': PYTHONPATH=/home/saeesh/ros2_ws/build/turtlsim_catch_them_all/prefix_override:/home/saeesh/ros2_ws/install/turtlsim_catch_them_all/lib/python3.10/site-packages:${PYTHONPATH} /usr/bin/python3 setup.py egg_info --egg-base ../../build/turtlsim_catch_them_all build --build-base /home/saeesh/ros2_ws/build/turtlsim_catch_them_all/build install --record /home/saeesh/ros2_ws/build/turtlsim_catch_them_all/install.log --single-version-externally-managed
[3.589s] Level 1:colcon.colcon_core.environment:checking '/home/saeesh/ros2_ws/install/turtlsim_catch_them_all' for CMake module files
[3.590s] Level 1:colcon.colcon_core.environment:checking '/home/saeesh/ros2_ws/install/turtlsim_catch_them_all' for CMake config files
[3.591s] Level 1:colcon.colcon_core.environment:checking '/home/saeesh/ros2_ws/install/turtlsim_catch_them_all/lib'
[3.592s] Level 1:colcon.colcon_core.environment:checking '/home/saeesh/ros2_ws/install/turtlsim_catch_them_all/bin'
[3.592s] Level 1:colcon.colcon_core.environment:checking '/home/saeesh/ros2_ws/install/turtlsim_catch_them_all/lib/pkgconfig/turtlsim_catch_them_all.pc'
[3.592s] Level 1:colcon.colcon_core.environment:checking '/home/saeesh/ros2_ws/install/turtlsim_catch_them_all/lib/python3.10/site-packages'
[3.593s] Level 1:colcon.colcon_core.shell:create_environment_hook('turtlsim_catch_them_all', 'pythonpath')
[3.622s] INFO:colcon.colcon_core.shell:Creating environment hook '/home/saeesh/ros2_ws/install/turtlsim_catch_them_all/share/turtlsim_catch_them_all/hook/pythonpath.ps1'
[3.623s] INFO:colcon.colcon_core.shell:Creating environment descriptor '/home/saeesh/ros2_ws/install/turtlsim_catch_them_all/share/turtlsim_catch_them_all/hook/pythonpath.dsv'
[3.623s] INFO:colcon.colcon_core.shell:Creating environment hook '/home/saeesh/ros2_ws/install/turtlsim_catch_them_all/share/turtlsim_catch_them_all/hook/pythonpath.sh'
[3.623s] Level 1:colcon.colcon_core.environment:checking '/home/saeesh/ros2_ws/install/turtlsim_catch_them_all/bin'
[3.623s] Level 1:colcon.colcon_core.environment:create_environment_scripts_only(turtlsim_catch_them_all)
[3.643s] INFO:colcon.colcon_core.shell:Creating package script '/home/saeesh/ros2_ws/install/turtlsim_catch_them_all/share/turtlsim_catch_them_all/package.ps1'
[3.644s] INFO:colcon.colcon_core.shell:Creating package descriptor '/home/saeesh/ros2_ws/install/turtlsim_catch_them_all/share/turtlsim_catch_them_all/package.dsv'
[3.645s] INFO:colcon.colcon_core.shell:Creating package script '/home/saeesh/ros2_ws/install/turtlsim_catch_them_all/share/turtlsim_catch_them_all/package.sh'
[3.646s] INFO:colcon.colcon_core.shell:Creating package script '/home/saeesh/ros2_ws/install/turtlsim_catch_them_all/share/turtlsim_catch_them_all/package.bash'
[3.646s] INFO:colcon.colcon_core.shell:Creating package script '/home/saeesh/ros2_ws/install/turtlsim_catch_them_all/share/turtlsim_catch_them_all/package.zsh'
[3.647s] Level 1:colcon.colcon_core.environment:create_file_with_runtime_dependencies(/home/saeesh/ros2_ws/install/turtlsim_catch_them_all/share/colcon-core/packages/turtlsim_catch_them_all)
[3.647s] DEBUG:colcon.colcon_parallel_executor.executor.parallel:closing loop
[3.648s] DEBUG:colcon.colcon_parallel_executor.executor.parallel:loop closed
[3.648s] DEBUG:colcon.colcon_parallel_executor.executor.parallel:run_until_complete finished with '0'
[3.648s] DEBUG:colcon.colcon_core.event_reactor:joining thread
[3.678s] INFO:colcon.colcon_core.plugin_system:Skipping extension 'colcon_notification.desktop_notification.terminal_notifier': Not used on non-Darwin systems
[3.678s] INFO:colcon.colcon_core.plugin_system:Skipping extension 'colcon_notification.desktop_notification.win32': Not used on non-Windows systems
[3.678s] INFO:colcon.colcon_notification.desktop_notification:Sending desktop notification using 'notify2'
[3.693s] DEBUG:colcon.colcon_core.event_reactor:joined thread
[3.722s] INFO:colcon.colcon_core.shell:Creating prefix script '/home/saeesh/ros2_ws/install/local_setup.ps1'
[3.723s] INFO:colcon.colcon_core.shell:Creating prefix util module '/home/saeesh/ros2_ws/install/_local_setup_util_ps1.py'
[3.725s] INFO:colcon.colcon_core.shell:Creating prefix chain script '/home/saeesh/ros2_ws/install/setup.ps1'
[3.748s] INFO:colcon.colcon_core.shell:Creating prefix script '/home/saeesh/ros2_ws/install/local_setup.sh'
[3.749s] INFO:colcon.colcon_core.shell:Creating prefix util module '/home/saeesh/ros2_ws/install/_local_setup_util_sh.py'
[3.750s] INFO:colcon.colcon_core.shell:Creating prefix chain script '/home/saeesh/ros2_ws/install/setup.sh'
[3.772s] INFO:colcon.colcon_core.shell:Creating prefix script '/home/saeesh/ros2_ws/install/local_setup.bash'
[3.773s] INFO:colcon.colcon_core.shell:Creating prefix chain script '/home/saeesh/ros2_ws/install/setup.bash'
[3.795s] INFO:colcon.colcon_core.shell:Creating prefix script '/home/saeesh/ros2_ws/install/local_setup.zsh'
[3.795s] INFO:colcon.colcon_core.shell:Creating prefix chain script '/home/saeesh/ros2_ws/install/setup.zsh'
