[1.538s] DEBUG:colcon:Command line arguments: ['/usr/bin/colcon', 'build', '--packages-select', 'my_robot_interface']
[1.538s] DEBUG:colcon:Parsed command line arguments: Namespace(log_base=None, log_level=None, verb_name='build', build_base='build', install_base='install', merge_install=False, symlink_install=False, test_result_base=None, continue_on_error=False, executor='parallel', parallel_workers=4, event_handlers=None, ignore_user_meta=False, metas=['./colcon.meta'], base_paths=['.'], packages_ignore=None, packages_ignore_regex=None, paths=None, packages_up_to=None, packages_up_to_regex=None, packages_above=None, packages_above_and_dependencies=None, packages_above_depth=None, packages_select_by_dep=None, packages_skip_by_dep=None, packages_skip_up_to=None, packages_select_build_failed=False, packages_skip_build_finished=False, packages_select_test_failures=False, packages_skip_test_passed=False, packages_select=['my_robot_interface'], packages_skip=None, packages_select_regex=None, packages_skip_regex=None, packages_start=None, packages_end=None, allow_overriding=[], cmake_args=None, cmake_target=None, cmake_target_skip_unavailable=False, cmake_clean_cache=False, cmake_clean_first=False, cmake_force_configure=False, ament_cmake_args=None, catkin_cmake_args=None, catkin_skip_building_tests=False, verb_parser=<colcon_defaults.argument_parser.defaults.DefaultArgumentsDecorator object at 0x769c9f73e410>, verb_extension=<colcon_core.verb.build.BuildVerb object at 0x769c9f8b9e40>, main=<bound method BuildVerb.main of <colcon_core.verb.build.BuildVerb object at 0x769c9f8b9e40>>)
[1.602s] Level 1:colcon.colcon_core.package_discovery:discover_packages(colcon_meta) check parameters
[1.602s] Level 1:colcon.colcon_core.package_discovery:discover_packages(recursive) check parameters
[1.602s] Level 1:colcon.colcon_core.package_discovery:discover_packages(ignore) check parameters
[1.602s] Level 1:colcon.colcon_core.package_discovery:discover_packages(path) check parameters
[1.602s] Level 1:colcon.colcon_core.package_discovery:discover_packages(colcon_meta) discover
[1.602s] Level 1:colcon.colcon_core.package_discovery:discover_packages(recursive) discover
[1.602s] INFO:colcon.colcon_core.package_discovery:Crawling recursively for packages in '/home/saeesh/ros2_ws'
[1.603s] Level 1:colcon.colcon_core.package_identification:_identify(.) by extensions ['ignore', 'ignore_ament_install']
[1.603s] Level 1:colcon.colcon_core.package_identification:_identify(.) by extension 'ignore'
[1.603s] Level 1:colcon.colcon_core.package_identification:_identify(.) by extension 'ignore_ament_install'
[1.603s] Level 1:colcon.colcon_core.package_identification:_identify(.) by extensions ['colcon_pkg']
[1.603s] Level 1:colcon.colcon_core.package_identification:_identify(.) by extension 'colcon_pkg'
[1.603s] Level 1:colcon.colcon_core.package_identification:_identify(.) by extensions ['colcon_meta']
[1.603s] Level 1:colcon.colcon_core.package_identification:_identify(.) by extension 'colcon_meta'
[1.603s] Level 1:colcon.colcon_core.package_identification:_identify(.) by extensions ['ros']
[1.603s] Level 1:colcon.colcon_core.package_identification:_identify(.) by extension 'ros'
[1.616s] Level 1:colcon.colcon_core.package_identification:_identify(.) by extensions ['cmake', 'python']
[1.616s] Level 1:colcon.colcon_core.package_identification:_identify(.) by extension 'cmake'
[1.616s] Level 1:colcon.colcon_core.package_identification:_identify(.) by extension 'python'
[1.616s] Level 1:colcon.colcon_core.package_identification:_identify(.) by extensions ['python_setup_py']
[1.616s] Level 1:colcon.colcon_core.package_identification:_identify(.) by extension 'python_setup_py'
[1.617s] Level 1:colcon.colcon_core.package_identification:_identify(build) by extensions ['ignore', 'ignore_ament_install']
[1.617s] Level 1:colcon.colcon_core.package_identification:_identify(build) by extension 'ignore'
[1.617s] Level 1:colcon.colcon_core.package_identification:_identify(build) ignored
[1.617s] Level 1:colcon.colcon_core.package_identification:_identify(install) by extensions ['ignore', 'ignore_ament_install']
[1.617s] Level 1:colcon.colcon_core.package_identification:_identify(install) by extension 'ignore'
[1.617s] Level 1:colcon.colcon_core.package_identification:_identify(install) ignored
[1.617s] Level 1:colcon.colcon_core.package_identification:_identify(log) by extensions ['ignore', 'ignore_ament_install']
[1.617s] Level 1:colcon.colcon_core.package_identification:_identify(log) by extension 'ignore'
[1.618s] Level 1:colcon.colcon_core.package_identification:_identify(log) ignored
[1.618s] Level 1:colcon.colcon_core.package_identification:_identify(src) by extensions ['ignore', 'ignore_ament_install']
[1.618s] Level 1:colcon.colcon_core.package_identification:_identify(src) by extension 'ignore'
[1.618s] Level 1:colcon.colcon_core.package_identification:_identify(src) by extension 'ignore_ament_install'
[1.618s] Level 1:colcon.colcon_core.package_identification:_identify(src) by extensions ['colcon_pkg']
[1.618s] Level 1:colcon.colcon_core.package_identification:_identify(src) by extension 'colcon_pkg'
[1.618s] Level 1:colcon.colcon_core.package_identification:_identify(src) by extensions ['colcon_meta']
[1.618s] Level 1:colcon.colcon_core.package_identification:_identify(src) by extension 'colcon_meta'
[1.618s] Level 1:colcon.colcon_core.package_identification:_identify(src) by extensions ['ros']
[1.618s] Level 1:colcon.colcon_core.package_identification:_identify(src) by extension 'ros'
[1.618s] Level 1:colcon.colcon_core.package_identification:_identify(src) by extensions ['cmake', 'python']
[1.618s] Level 1:colcon.colcon_core.package_identification:_identify(src) by extension 'cmake'
[1.618s] Level 1:colcon.colcon_core.package_identification:_identify(src) by extension 'python'
[1.618s] Level 1:colcon.colcon_core.package_identification:_identify(src) by extensions ['python_setup_py']
[1.618s] Level 1:colcon.colcon_core.package_identification:_identify(src) by extension 'python_setup_py'
[1.618s] Level 1:colcon.colcon_core.package_identification:_identify(src/microROS_bot) by extensions ['ignore', 'ignore_ament_install']
[1.618s] Level 1:colcon.colcon_core.package_identification:_identify(src/microROS_bot) by extension 'ignore'
[1.619s] Level 1:colcon.colcon_core.package_identification:_identify(src/microROS_bot) by extension 'ignore_ament_install'
[1.619s] Level 1:colcon.colcon_core.package_identification:_identify(src/microROS_bot) by extensions ['colcon_pkg']
[1.619s] Level 1:colcon.colcon_core.package_identification:_identify(src/microROS_bot) by extension 'colcon_pkg'
[1.619s] Level 1:colcon.colcon_core.package_identification:_identify(src/microROS_bot) by extensions ['colcon_meta']
[1.619s] Level 1:colcon.colcon_core.package_identification:_identify(src/microROS_bot) by extension 'colcon_meta'
[1.619s] Level 1:colcon.colcon_core.package_identification:_identify(src/microROS_bot) by extensions ['ros']
[1.619s] Level 1:colcon.colcon_core.package_identification:_identify(src/microROS_bot) by extension 'ros'
[1.619s] Level 1:colcon.colcon_core.package_identification:_identify(src/microROS_bot) by extensions ['cmake', 'python']
[1.619s] Level 1:colcon.colcon_core.package_identification:_identify(src/microROS_bot) by extension 'cmake'
[1.619s] Level 1:colcon.colcon_core.package_identification:_identify(src/microROS_bot) by extension 'python'
[1.619s] Level 1:colcon.colcon_core.package_identification:_identify(src/microROS_bot) by extensions ['python_setup_py']
[1.619s] Level 1:colcon.colcon_core.package_identification:_identify(src/microROS_bot) by extension 'python_setup_py'
[1.619s] Level 1:colcon.colcon_core.package_identification:_identify(src/microROS_bot/include) by extensions ['ignore', 'ignore_ament_install']
[1.619s] Level 1:colcon.colcon_core.package_identification:_identify(src/microROS_bot/include) by extension 'ignore'
[1.619s] Level 1:colcon.colcon_core.package_identification:_identify(src/microROS_bot/include) by extension 'ignore_ament_install'
[1.619s] Level 1:colcon.colcon_core.package_identification:_identify(src/microROS_bot/include) by extensions ['colcon_pkg']
[1.619s] Level 1:colcon.colcon_core.package_identification:_identify(src/microROS_bot/include) by extension 'colcon_pkg'
[1.619s] Level 1:colcon.colcon_core.package_identification:_identify(src/microROS_bot/include) by extensions ['colcon_meta']
[1.620s] Level 1:colcon.colcon_core.package_identification:_identify(src/microROS_bot/include) by extension 'colcon_meta'
[1.620s] Level 1:colcon.colcon_core.package_identification:_identify(src/microROS_bot/include) by extensions ['ros']
[1.620s] Level 1:colcon.colcon_core.package_identification:_identify(src/microROS_bot/include) by extension 'ros'
[1.620s] Level 1:colcon.colcon_core.package_identification:_identify(src/microROS_bot/include) by extensions ['cmake', 'python']
[1.620s] Level 1:colcon.colcon_core.package_identification:_identify(src/microROS_bot/include) by extension 'cmake'
[1.620s] Level 1:colcon.colcon_core.package_identification:_identify(src/microROS_bot/include) by extension 'python'
[1.620s] Level 1:colcon.colcon_core.package_identification:_identify(src/microROS_bot/include) by extensions ['python_setup_py']
[1.620s] Level 1:colcon.colcon_core.package_identification:_identify(src/microROS_bot/include) by extension 'python_setup_py'
[1.620s] Level 1:colcon.colcon_core.package_identification:_identify(src/microROS_bot/lib) by extensions ['ignore', 'ignore_ament_install']
[1.620s] Level 1:colcon.colcon_core.package_identification:_identify(src/microROS_bot/lib) by extension 'ignore'
[1.620s] Level 1:colcon.colcon_core.package_identification:_identify(src/microROS_bot/lib) by extension 'ignore_ament_install'
[1.620s] Level 1:colcon.colcon_core.package_identification:_identify(src/microROS_bot/lib) by extensions ['colcon_pkg']
[1.620s] Level 1:colcon.colcon_core.package_identification:_identify(src/microROS_bot/lib) by extension 'colcon_pkg'
[1.620s] Level 1:colcon.colcon_core.package_identification:_identify(src/microROS_bot/lib) by extensions ['colcon_meta']
[1.620s] Level 1:colcon.colcon_core.package_identification:_identify(src/microROS_bot/lib) by extension 'colcon_meta'
[1.620s] Level 1:colcon.colcon_core.package_identification:_identify(src/microROS_bot/lib) by extensions ['ros']
[1.620s] Level 1:colcon.colcon_core.package_identification:_identify(src/microROS_bot/lib) by extension 'ros'
[1.620s] Level 1:colcon.colcon_core.package_identification:_identify(src/microROS_bot/lib) by extensions ['cmake', 'python']
[1.620s] Level 1:colcon.colcon_core.package_identification:_identify(src/microROS_bot/lib) by extension 'cmake'
[1.621s] Level 1:colcon.colcon_core.package_identification:_identify(src/microROS_bot/lib) by extension 'python'
[1.621s] Level 1:colcon.colcon_core.package_identification:_identify(src/microROS_bot/lib) by extensions ['python_setup_py']
[1.621s] Level 1:colcon.colcon_core.package_identification:_identify(src/microROS_bot/lib) by extension 'python_setup_py'
[1.621s] Level 1:colcon.colcon_core.package_identification:_identify(src/microROS_bot/lib/motor_control) by extensions ['ignore', 'ignore_ament_install']
[1.621s] Level 1:colcon.colcon_core.package_identification:_identify(src/microROS_bot/lib/motor_control) by extension 'ignore'
[1.621s] Level 1:colcon.colcon_core.package_identification:_identify(src/microROS_bot/lib/motor_control) by extension 'ignore_ament_install'
[1.621s] Level 1:colcon.colcon_core.package_identification:_identify(src/microROS_bot/lib/motor_control) by extensions ['colcon_pkg']
[1.621s] Level 1:colcon.colcon_core.package_identification:_identify(src/microROS_bot/lib/motor_control) by extension 'colcon_pkg'
[1.621s] Level 1:colcon.colcon_core.package_identification:_identify(src/microROS_bot/lib/motor_control) by extensions ['colcon_meta']
[1.621s] Level 1:colcon.colcon_core.package_identification:_identify(src/microROS_bot/lib/motor_control) by extension 'colcon_meta'
[1.621s] Level 1:colcon.colcon_core.package_identification:_identify(src/microROS_bot/lib/motor_control) by extensions ['ros']
[1.621s] Level 1:colcon.colcon_core.package_identification:_identify(src/microROS_bot/lib/motor_control) by extension 'ros'
[1.621s] Level 1:colcon.colcon_core.package_identification:_identify(src/microROS_bot/lib/motor_control) by extensions ['cmake', 'python']
[1.621s] Level 1:colcon.colcon_core.package_identification:_identify(src/microROS_bot/lib/motor_control) by extension 'cmake'
[1.621s] Level 1:colcon.colcon_core.package_identification:_identify(src/microROS_bot/lib/motor_control) by extension 'python'
[1.621s] Level 1:colcon.colcon_core.package_identification:_identify(src/microROS_bot/lib/motor_control) by extensions ['python_setup_py']
[1.621s] Level 1:colcon.colcon_core.package_identification:_identify(src/microROS_bot/lib/motor_control) by extension 'python_setup_py'
[1.622s] Level 1:colcon.colcon_core.package_identification:_identify(src/microROS_bot/lib/oled_display) by extensions ['ignore', 'ignore_ament_install']
[1.622s] Level 1:colcon.colcon_core.package_identification:_identify(src/microROS_bot/lib/oled_display) by extension 'ignore'
[1.622s] Level 1:colcon.colcon_core.package_identification:_identify(src/microROS_bot/lib/oled_display) by extension 'ignore_ament_install'
[1.622s] Level 1:colcon.colcon_core.package_identification:_identify(src/microROS_bot/lib/oled_display) by extensions ['colcon_pkg']
[1.622s] Level 1:colcon.colcon_core.package_identification:_identify(src/microROS_bot/lib/oled_display) by extension 'colcon_pkg'
[1.622s] Level 1:colcon.colcon_core.package_identification:_identify(src/microROS_bot/lib/oled_display) by extensions ['colcon_meta']
[1.622s] Level 1:colcon.colcon_core.package_identification:_identify(src/microROS_bot/lib/oled_display) by extension 'colcon_meta'
[1.622s] Level 1:colcon.colcon_core.package_identification:_identify(src/microROS_bot/lib/oled_display) by extensions ['ros']
[1.622s] Level 1:colcon.colcon_core.package_identification:_identify(src/microROS_bot/lib/oled_display) by extension 'ros'
[1.622s] Level 1:colcon.colcon_core.package_identification:_identify(src/microROS_bot/lib/oled_display) by extensions ['cmake', 'python']
[1.622s] Level 1:colcon.colcon_core.package_identification:_identify(src/microROS_bot/lib/oled_display) by extension 'cmake'
[1.622s] Level 1:colcon.colcon_core.package_identification:_identify(src/microROS_bot/lib/oled_display) by extension 'python'
[1.622s] Level 1:colcon.colcon_core.package_identification:_identify(src/microROS_bot/lib/oled_display) by extensions ['python_setup_py']
[1.622s] Level 1:colcon.colcon_core.package_identification:_identify(src/microROS_bot/lib/oled_display) by extension 'python_setup_py'
[1.622s] Level 1:colcon.colcon_core.package_identification:_identify(src/microROS_bot/lib/ros_communication) by extensions ['ignore', 'ignore_ament_install']
[1.622s] Level 1:colcon.colcon_core.package_identification:_identify(src/microROS_bot/lib/ros_communication) by extension 'ignore'
[1.622s] Level 1:colcon.colcon_core.package_identification:_identify(src/microROS_bot/lib/ros_communication) by extension 'ignore_ament_install'
[1.623s] Level 1:colcon.colcon_core.package_identification:_identify(src/microROS_bot/lib/ros_communication) by extensions ['colcon_pkg']
[1.623s] Level 1:colcon.colcon_core.package_identification:_identify(src/microROS_bot/lib/ros_communication) by extension 'colcon_pkg'
[1.623s] Level 1:colcon.colcon_core.package_identification:_identify(src/microROS_bot/lib/ros_communication) by extensions ['colcon_meta']
[1.623s] Level 1:colcon.colcon_core.package_identification:_identify(src/microROS_bot/lib/ros_communication) by extension 'colcon_meta'
[1.623s] Level 1:colcon.colcon_core.package_identification:_identify(src/microROS_bot/lib/ros_communication) by extensions ['ros']
[1.623s] Level 1:colcon.colcon_core.package_identification:_identify(src/microROS_bot/lib/ros_communication) by extension 'ros'
[1.623s] Level 1:colcon.colcon_core.package_identification:_identify(src/microROS_bot/lib/ros_communication) by extensions ['cmake', 'python']
[1.623s] Level 1:colcon.colcon_core.package_identification:_identify(src/microROS_bot/lib/ros_communication) by extension 'cmake'
[1.623s] Level 1:colcon.colcon_core.package_identification:_identify(src/microROS_bot/lib/ros_communication) by extension 'python'
[1.623s] Level 1:colcon.colcon_core.package_identification:_identify(src/microROS_bot/lib/ros_communication) by extensions ['python_setup_py']
[1.623s] Level 1:colcon.colcon_core.package_identification:_identify(src/microROS_bot/lib/ros_communication) by extension 'python_setup_py'
[1.623s] Level 1:colcon.colcon_core.package_identification:_identify(src/microROS_bot/src) by extensions ['ignore', 'ignore_ament_install']
[1.623s] Level 1:colcon.colcon_core.package_identification:_identify(src/microROS_bot/src) by extension 'ignore'
[1.623s] Level 1:colcon.colcon_core.package_identification:_identify(src/microROS_bot/src) by extension 'ignore_ament_install'
[1.623s] Level 1:colcon.colcon_core.package_identification:_identify(src/microROS_bot/src) by extensions ['colcon_pkg']
[1.623s] Level 1:colcon.colcon_core.package_identification:_identify(src/microROS_bot/src) by extension 'colcon_pkg'
[1.623s] Level 1:colcon.colcon_core.package_identification:_identify(src/microROS_bot/src) by extensions ['colcon_meta']
[1.623s] Level 1:colcon.colcon_core.package_identification:_identify(src/microROS_bot/src) by extension 'colcon_meta'
[1.624s] Level 1:colcon.colcon_core.package_identification:_identify(src/microROS_bot/src) by extensions ['ros']
[1.624s] Level 1:colcon.colcon_core.package_identification:_identify(src/microROS_bot/src) by extension 'ros'
[1.624s] Level 1:colcon.colcon_core.package_identification:_identify(src/microROS_bot/src) by extensions ['cmake', 'python']
[1.624s] Level 1:colcon.colcon_core.package_identification:_identify(src/microROS_bot/src) by extension 'cmake'
[1.624s] Level 1:colcon.colcon_core.package_identification:_identify(src/microROS_bot/src) by extension 'python'
[1.624s] Level 1:colcon.colcon_core.package_identification:_identify(src/microROS_bot/src) by extensions ['python_setup_py']
[1.624s] Level 1:colcon.colcon_core.package_identification:_identify(src/microROS_bot/src) by extension 'python_setup_py'
[1.624s] Level 1:colcon.colcon_core.package_identification:_identify(src/microROS_bot/test) by extensions ['ignore', 'ignore_ament_install']
[1.624s] Level 1:colcon.colcon_core.package_identification:_identify(src/microROS_bot/test) by extension 'ignore'
[1.624s] Level 1:colcon.colcon_core.package_identification:_identify(src/microROS_bot/test) by extension 'ignore_ament_install'
[1.624s] Level 1:colcon.colcon_core.package_identification:_identify(src/microROS_bot/test) by extensions ['colcon_pkg']
[1.624s] Level 1:colcon.colcon_core.package_identification:_identify(src/microROS_bot/test) by extension 'colcon_pkg'
[1.624s] Level 1:colcon.colcon_core.package_identification:_identify(src/microROS_bot/test) by extensions ['colcon_meta']
[1.624s] Level 1:colcon.colcon_core.package_identification:_identify(src/microROS_bot/test) by extension 'colcon_meta'
[1.624s] Level 1:colcon.colcon_core.package_identification:_identify(src/microROS_bot/test) by extensions ['ros']
[1.624s] Level 1:colcon.colcon_core.package_identification:_identify(src/microROS_bot/test) by extension 'ros'
[1.624s] Level 1:colcon.colcon_core.package_identification:_identify(src/microROS_bot/test) by extensions ['cmake', 'python']
[1.624s] Level 1:colcon.colcon_core.package_identification:_identify(src/microROS_bot/test) by extension 'cmake'
[1.624s] Level 1:colcon.colcon_core.package_identification:_identify(src/microROS_bot/test) by extension 'python'
[1.625s] Level 1:colcon.colcon_core.package_identification:_identify(src/microROS_bot/test) by extensions ['python_setup_py']
[1.625s] Level 1:colcon.colcon_core.package_identification:_identify(src/microROS_bot/test) by extension 'python_setup_py'
[1.625s] Level 1:colcon.colcon_core.package_identification:_identify(src/my_py_pkg) by extensions ['ignore', 'ignore_ament_install']
[1.625s] Level 1:colcon.colcon_core.package_identification:_identify(src/my_py_pkg) by extension 'ignore'
[1.625s] Level 1:colcon.colcon_core.package_identification:_identify(src/my_py_pkg) by extension 'ignore_ament_install'
[1.625s] Level 1:colcon.colcon_core.package_identification:_identify(src/my_py_pkg) by extensions ['colcon_pkg']
[1.625s] Level 1:colcon.colcon_core.package_identification:_identify(src/my_py_pkg) by extension 'colcon_pkg'
[1.625s] Level 1:colcon.colcon_core.package_identification:_identify(src/my_py_pkg) by extensions ['colcon_meta']
[1.625s] Level 1:colcon.colcon_core.package_identification:_identify(src/my_py_pkg) by extension 'colcon_meta'
[1.625s] Level 1:colcon.colcon_core.package_identification:_identify(src/my_py_pkg) by extensions ['ros']
[1.625s] Level 1:colcon.colcon_core.package_identification:_identify(src/my_py_pkg) by extension 'ros'
[1.628s] DEBUG:colcon.colcon_core.package_identification:Package 'src/my_py_pkg' with type 'ros.ament_python' and name 'my_py_pkg'
[1.628s] Level 1:colcon.colcon_core.package_identification:_identify(src/my_robot_description) by extensions ['ignore', 'ignore_ament_install']
[1.628s] Level 1:colcon.colcon_core.package_identification:_identify(src/my_robot_description) by extension 'ignore'
[1.628s] Level 1:colcon.colcon_core.package_identification:_identify(src/my_robot_description) by extension 'ignore_ament_install'
[1.628s] Level 1:colcon.colcon_core.package_identification:_identify(src/my_robot_description) by extensions ['colcon_pkg']
[1.628s] Level 1:colcon.colcon_core.package_identification:_identify(src/my_robot_description) by extension 'colcon_pkg'
[1.629s] Level 1:colcon.colcon_core.package_identification:_identify(src/my_robot_description) by extensions ['colcon_meta']
[1.629s] Level 1:colcon.colcon_core.package_identification:_identify(src/my_robot_description) by extension 'colcon_meta'
[1.629s] Level 1:colcon.colcon_core.package_identification:_identify(src/my_robot_description) by extensions ['ros']
[1.629s] Level 1:colcon.colcon_core.package_identification:_identify(src/my_robot_description) by extension 'ros'
[1.629s] DEBUG:colcon.colcon_core.package_identification:Package 'src/my_robot_description' with type 'ros.ament_cmake' and name 'my_robot_description'
[1.629s] Level 1:colcon.colcon_core.package_identification:_identify(src/my_robot_interface) by extensions ['ignore', 'ignore_ament_install']
[1.629s] Level 1:colcon.colcon_core.package_identification:_identify(src/my_robot_interface) by extension 'ignore'
[1.629s] Level 1:colcon.colcon_core.package_identification:_identify(src/my_robot_interface) by extension 'ignore_ament_install'
[1.629s] Level 1:colcon.colcon_core.package_identification:_identify(src/my_robot_interface) by extensions ['colcon_pkg']
[1.630s] Level 1:colcon.colcon_core.package_identification:_identify(src/my_robot_interface) by extension 'colcon_pkg'
[1.630s] Level 1:colcon.colcon_core.package_identification:_identify(src/my_robot_interface) by extensions ['colcon_meta']
[1.630s] Level 1:colcon.colcon_core.package_identification:_identify(src/my_robot_interface) by extension 'colcon_meta'
[1.630s] Level 1:colcon.colcon_core.package_identification:_identify(src/my_robot_interface) by extensions ['ros']
[1.630s] Level 1:colcon.colcon_core.package_identification:_identify(src/my_robot_interface) by extension 'ros'
[1.630s] DEBUG:colcon.colcon_core.package_identification:Package 'src/my_robot_interface' with type 'ros.ament_cmake' and name 'my_robot_interface'
[1.630s] Level 1:colcon.colcon_core.package_identification:_identify(src/new_bot) by extensions ['ignore', 'ignore_ament_install']
[1.630s] Level 1:colcon.colcon_core.package_identification:_identify(src/new_bot) by extension 'ignore'
[1.630s] Level 1:colcon.colcon_core.package_identification:_identify(src/new_bot) by extension 'ignore_ament_install'
[1.631s] Level 1:colcon.colcon_core.package_identification:_identify(src/new_bot) by extensions ['colcon_pkg']
[1.631s] Level 1:colcon.colcon_core.package_identification:_identify(src/new_bot) by extension 'colcon_pkg'
[1.631s] Level 1:colcon.colcon_core.package_identification:_identify(src/new_bot) by extensions ['colcon_meta']
[1.631s] Level 1:colcon.colcon_core.package_identification:_identify(src/new_bot) by extension 'colcon_meta'
[1.631s] Level 1:colcon.colcon_core.package_identification:_identify(src/new_bot) by extensions ['ros']
[1.631s] Level 1:colcon.colcon_core.package_identification:_identify(src/new_bot) by extension 'ros'
[1.631s] Level 1:colcon.colcon_core.package_identification:_identify(src/new_bot) by extensions ['cmake', 'python']
[1.631s] Level 1:colcon.colcon_core.package_identification:_identify(src/new_bot) by extension 'cmake'
[1.631s] Level 1:colcon.colcon_core.package_identification:_identify(src/new_bot) by extension 'python'
[1.631s] Level 1:colcon.colcon_core.package_identification:_identify(src/new_bot) by extensions ['python_setup_py']
[1.631s] Level 1:colcon.colcon_core.package_identification:_identify(src/new_bot) by extension 'python_setup_py'
[1.631s] Level 1:colcon.colcon_core.package_identification:_identify(src/new_bot/include) by extensions ['ignore', 'ignore_ament_install']
[1.631s] Level 1:colcon.colcon_core.package_identification:_identify(src/new_bot/include) by extension 'ignore'
[1.631s] Level 1:colcon.colcon_core.package_identification:_identify(src/new_bot/include) by extension 'ignore_ament_install'
[1.631s] Level 1:colcon.colcon_core.package_identification:_identify(src/new_bot/include) by extensions ['colcon_pkg']
[1.631s] Level 1:colcon.colcon_core.package_identification:_identify(src/new_bot/include) by extension 'colcon_pkg'
[1.631s] Level 1:colcon.colcon_core.package_identification:_identify(src/new_bot/include) by extensions ['colcon_meta']
[1.631s] Level 1:colcon.colcon_core.package_identification:_identify(src/new_bot/include) by extension 'colcon_meta'
[1.632s] Level 1:colcon.colcon_core.package_identification:_identify(src/new_bot/include) by extensions ['ros']
[1.632s] Level 1:colcon.colcon_core.package_identification:_identify(src/new_bot/include) by extension 'ros'
[1.632s] Level 1:colcon.colcon_core.package_identification:_identify(src/new_bot/include) by extensions ['cmake', 'python']
[1.632s] Level 1:colcon.colcon_core.package_identification:_identify(src/new_bot/include) by extension 'cmake'
[1.632s] Level 1:colcon.colcon_core.package_identification:_identify(src/new_bot/include) by extension 'python'
[1.632s] Level 1:colcon.colcon_core.package_identification:_identify(src/new_bot/include) by extensions ['python_setup_py']
[1.632s] Level 1:colcon.colcon_core.package_identification:_identify(src/new_bot/include) by extension 'python_setup_py'
[1.632s] Level 1:colcon.colcon_core.package_identification:_identify(src/new_bot/lib) by extensions ['ignore', 'ignore_ament_install']
[1.632s] Level 1:colcon.colcon_core.package_identification:_identify(src/new_bot/lib) by extension 'ignore'
[1.632s] Level 1:colcon.colcon_core.package_identification:_identify(src/new_bot/lib) by extension 'ignore_ament_install'
[1.632s] Level 1:colcon.colcon_core.package_identification:_identify(src/new_bot/lib) by extensions ['colcon_pkg']
[1.632s] Level 1:colcon.colcon_core.package_identification:_identify(src/new_bot/lib) by extension 'colcon_pkg'
[1.632s] Level 1:colcon.colcon_core.package_identification:_identify(src/new_bot/lib) by extensions ['colcon_meta']
[1.632s] Level 1:colcon.colcon_core.package_identification:_identify(src/new_bot/lib) by extension 'colcon_meta'
[1.632s] Level 1:colcon.colcon_core.package_identification:_identify(src/new_bot/lib) by extensions ['ros']
[1.632s] Level 1:colcon.colcon_core.package_identification:_identify(src/new_bot/lib) by extension 'ros'
[1.632s] Level 1:colcon.colcon_core.package_identification:_identify(src/new_bot/lib) by extensions ['cmake', 'python']
[1.632s] Level 1:colcon.colcon_core.package_identification:_identify(src/new_bot/lib) by extension 'cmake'
[1.632s] Level 1:colcon.colcon_core.package_identification:_identify(src/new_bot/lib) by extension 'python'
[1.633s] Level 1:colcon.colcon_core.package_identification:_identify(src/new_bot/lib) by extensions ['python_setup_py']
[1.633s] Level 1:colcon.colcon_core.package_identification:_identify(src/new_bot/lib) by extension 'python_setup_py'
[1.633s] Level 1:colcon.colcon_core.package_identification:_identify(src/new_bot/src) by extensions ['ignore', 'ignore_ament_install']
[1.633s] Level 1:colcon.colcon_core.package_identification:_identify(src/new_bot/src) by extension 'ignore'
[1.633s] Level 1:colcon.colcon_core.package_identification:_identify(src/new_bot/src) by extension 'ignore_ament_install'
[1.633s] Level 1:colcon.colcon_core.package_identification:_identify(src/new_bot/src) by extensions ['colcon_pkg']
[1.633s] Level 1:colcon.colcon_core.package_identification:_identify(src/new_bot/src) by extension 'colcon_pkg'
[1.633s] Level 1:colcon.colcon_core.package_identification:_identify(src/new_bot/src) by extensions ['colcon_meta']
[1.633s] Level 1:colcon.colcon_core.package_identification:_identify(src/new_bot/src) by extension 'colcon_meta'
[1.633s] Level 1:colcon.colcon_core.package_identification:_identify(src/new_bot/src) by extensions ['ros']
[1.633s] Level 1:colcon.colcon_core.package_identification:_identify(src/new_bot/src) by extension 'ros'
[1.633s] Level 1:colcon.colcon_core.package_identification:_identify(src/new_bot/src) by extensions ['cmake', 'python']
[1.633s] Level 1:colcon.colcon_core.package_identification:_identify(src/new_bot/src) by extension 'cmake'
[1.633s] Level 1:colcon.colcon_core.package_identification:_identify(src/new_bot/src) by extension 'python'
[1.633s] Level 1:colcon.colcon_core.package_identification:_identify(src/new_bot/src) by extensions ['python_setup_py']
[1.633s] Level 1:colcon.colcon_core.package_identification:_identify(src/new_bot/src) by extension 'python_setup_py'
[1.633s] Level 1:colcon.colcon_core.package_identification:_identify(src/new_bot/test) by extensions ['ignore', 'ignore_ament_install']
[1.634s] Level 1:colcon.colcon_core.package_identification:_identify(src/new_bot/test) by extension 'ignore'
[1.634s] Level 1:colcon.colcon_core.package_identification:_identify(src/new_bot/test) by extension 'ignore_ament_install'
[1.634s] Level 1:colcon.colcon_core.package_identification:_identify(src/new_bot/test) by extensions ['colcon_pkg']
[1.634s] Level 1:colcon.colcon_core.package_identification:_identify(src/new_bot/test) by extension 'colcon_pkg'
[1.634s] Level 1:colcon.colcon_core.package_identification:_identify(src/new_bot/test) by extensions ['colcon_meta']
[1.634s] Level 1:colcon.colcon_core.package_identification:_identify(src/new_bot/test) by extension 'colcon_meta'
[1.634s] Level 1:colcon.colcon_core.package_identification:_identify(src/new_bot/test) by extensions ['ros']
[1.634s] Level 1:colcon.colcon_core.package_identification:_identify(src/new_bot/test) by extension 'ros'
[1.634s] Level 1:colcon.colcon_core.package_identification:_identify(src/new_bot/test) by extensions ['cmake', 'python']
[1.634s] Level 1:colcon.colcon_core.package_identification:_identify(src/new_bot/test) by extension 'cmake'
[1.634s] Level 1:colcon.colcon_core.package_identification:_identify(src/new_bot/test) by extension 'python'
[1.634s] Level 1:colcon.colcon_core.package_identification:_identify(src/new_bot/test) by extensions ['python_setup_py']
[1.634s] Level 1:colcon.colcon_core.package_identification:_identify(src/new_bot/test) by extension 'python_setup_py'
[1.634s] Level 1:colcon.colcon_core.package_identification:_identify(src/turtlesim_catch_them_all) by extensions ['ignore', 'ignore_ament_install']
[1.634s] Level 1:colcon.colcon_core.package_identification:_identify(src/turtlesim_catch_them_all) by extension 'ignore'
[1.634s] Level 1:colcon.colcon_core.package_identification:_identify(src/turtlesim_catch_them_all) by extension 'ignore_ament_install'
[1.634s] Level 1:colcon.colcon_core.package_identification:_identify(src/turtlesim_catch_them_all) by extensions ['colcon_pkg']
[1.634s] Level 1:colcon.colcon_core.package_identification:_identify(src/turtlesim_catch_them_all) by extension 'colcon_pkg'
[1.634s] Level 1:colcon.colcon_core.package_identification:_identify(src/turtlesim_catch_them_all) by extensions ['colcon_meta']
[1.635s] Level 1:colcon.colcon_core.package_identification:_identify(src/turtlesim_catch_them_all) by extension 'colcon_meta'
[1.635s] Level 1:colcon.colcon_core.package_identification:_identify(src/turtlesim_catch_them_all) by extensions ['ros']
[1.635s] Level 1:colcon.colcon_core.package_identification:_identify(src/turtlesim_catch_them_all) by extension 'ros'
[1.636s] DEBUG:colcon.colcon_core.package_identification:Package 'src/turtlesim_catch_them_all' with type 'ros.ament_python' and name 'turtlesim_catch_them_all'
[1.636s] Level 1:colcon.colcon_core.package_discovery:discover_packages(recursive) using defaults
[1.636s] Level 1:colcon.colcon_core.package_discovery:discover_packages(ignore) discover
[1.636s] Level 1:colcon.colcon_core.package_discovery:discover_packages(ignore) using defaults
[1.636s] Level 1:colcon.colcon_core.package_discovery:discover_packages(path) discover
[1.636s] Level 1:colcon.colcon_core.package_discovery:discover_packages(path) using defaults
[1.727s] INFO:colcon.colcon_core.package_selection:Skipping not selected package 'my_py_pkg' in 'src/my_py_pkg'
[1.727s] INFO:colcon.colcon_core.package_selection:Skipping not selected package 'my_robot_description' in 'src/my_robot_description'
[1.727s] INFO:colcon.colcon_core.package_selection:Skipping not selected package 'turtlesim_catch_them_all' in 'src/turtlesim_catch_them_all'
[1.771s] Level 1:colcon.colcon_core.package_discovery:discover_packages(prefix_path) check parameters
[1.771s] Level 1:colcon.colcon_core.package_discovery:discover_packages(prefix_path) discover
[1.811s] WARNING:colcon.colcon_ros.prefix_path.ament:The path '/home/saeesh/ros2_ws/install/my_robot_interfaces' in the environment variable AMENT_PREFIX_PATH doesn't exist
[1.812s] WARNING:colcon.colcon_ros.prefix_path.catkin:The path '/home/saeesh/ros2_ws/install/my_robot_interfaces' in the environment variable CMAKE_PREFIX_PATH doesn't exist
[1.837s] DEBUG:colcon.colcon_installed_package_information.package_discovery:Found 3 installed packages in /home/saeesh/ROS2swarm/install
[1.862s] DEBUG:colcon.colcon_installed_package_information.package_discovery:Found 12 installed packages in /home/saeesh/turtlebot3_ws/install
[1.885s] DEBUG:colcon.colcon_installed_package_information.package_discovery:Found 6 installed packages in /home/saeesh/ros2_ws/install
[1.909s] DEBUG:colcon.colcon_installed_package_information.package_discovery:Found 336 installed packages in /opt/ros/humble
[1.911s] Level 1:colcon.colcon_core.package_discovery:discover_packages(prefix_path) using defaults
[2.043s] Level 5:colcon.colcon_core.verb:set package 'my_robot_interface' build argument 'cmake_args' from command line to 'None'
[2.043s] Level 5:colcon.colcon_core.verb:set package 'my_robot_interface' build argument 'cmake_target' from command line to 'None'
[2.043s] Level 5:colcon.colcon_core.verb:set package 'my_robot_interface' build argument 'cmake_target_skip_unavailable' from command line to 'False'
[2.043s] Level 5:colcon.colcon_core.verb:set package 'my_robot_interface' build argument 'cmake_clean_cache' from command line to 'False'
[2.043s] Level 5:colcon.colcon_core.verb:set package 'my_robot_interface' build argument 'cmake_clean_first' from command line to 'False'
[2.043s] Level 5:colcon.colcon_core.verb:set package 'my_robot_interface' build argument 'cmake_force_configure' from command line to 'False'
[2.043s] Level 5:colcon.colcon_core.verb:set package 'my_robot_interface' build argument 'ament_cmake_args' from command line to 'None'
[2.043s] Level 5:colcon.colcon_core.verb:set package 'my_robot_interface' build argument 'catkin_cmake_args' from command line to 'None'
[2.043s] Level 5:colcon.colcon_core.verb:set package 'my_robot_interface' build argument 'catkin_skip_building_tests' from command line to 'False'
[2.043s] DEBUG:colcon.colcon_core.verb:Building package 'my_robot_interface' with the following arguments: {'ament_cmake_args': None, 'build_base': '/home/saeesh/ros2_ws/build/my_robot_interface', 'catkin_cmake_args': None, 'catkin_skip_building_tests': False, 'cmake_args': None, 'cmake_clean_cache': False, 'cmake_clean_first': False, 'cmake_force_configure': False, 'cmake_target': None, 'cmake_target_skip_unavailable': False, 'install_base': '/home/saeesh/ros2_ws/install/my_robot_interface', 'merge_install': False, 'path': '/home/saeesh/ros2_ws/src/my_robot_interface', 'symlink_install': False, 'test_result_base': None}
[2.065s] INFO:colcon.colcon_core.executor:Executing jobs using 'parallel' executor
[2.088s] DEBUG:colcon.colcon_parallel_executor.executor.parallel:run_until_complete
[2.088s] INFO:colcon.colcon_ros.task.ament_cmake.build:Building ROS package in '/home/saeesh/ros2_ws/src/my_robot_interface' with build type 'ament_cmake'
[2.089s] INFO:colcon.colcon_cmake.task.cmake.build:Building CMake package in '/home/saeesh/ros2_ws/src/my_robot_interface'
[2.116s] INFO:colcon.colcon_core.plugin_system:Skipping extension 'colcon_core.shell.bat': Not used on non-Windows systems
[2.116s] INFO:colcon.colcon_core.shell:Skip shell extension 'powershell' for command environment: Not usable outside of PowerShell
[2.116s] DEBUG:colcon.colcon_core.shell:Skip shell extension 'dsv' for command environment
[2.252s] DEBUG:colcon.colcon_core.event_handler.log_command:Invoking command in '/home/saeesh/ros2_ws/build/my_robot_interface': CMAKE_PREFIX_PATH=${CMAKE_PREFIX_PATH}:/home/saeesh/ros2_ws/install/turtlsim_catch_them_all:/home/saeesh/ros2_ws/install/turtlesim_catch_them_all:/home/saeesh/ros2_ws/install/my_py_pkg:/home/saeesh/ROS2swarm/install/ros2swarm:/home/saeesh/ROS2swarm/install/launch_gazebo:/home/saeesh/turtlebot3_ws/install/turtlebot3_teleop:/home/saeesh/turtlebot3_ws/install/turtlebot3_example:/opt/ros/humble /usr/bin/cmake --build /home/saeesh/ros2_ws/build/my_robot_interface -- -j4 -l4
[2.396s] DEBUG:colcon.colcon_core.event_handler.log_command:Invoked command in '/home/saeesh/ros2_ws/build/my_robot_interface' returned '2': CMAKE_PREFIX_PATH=${CMAKE_PREFIX_PATH}:/home/saeesh/ros2_ws/install/turtlsim_catch_them_all:/home/saeesh/ros2_ws/install/turtlesim_catch_them_all:/home/saeesh/ros2_ws/install/my_py_pkg:/home/saeesh/ROS2swarm/install/ros2swarm:/home/saeesh/ROS2swarm/install/launch_gazebo:/home/saeesh/turtlebot3_ws/install/turtlebot3_teleop:/home/saeesh/turtlebot3_ws/install/turtlebot3_example:/opt/ros/humble /usr/bin/cmake --build /home/saeesh/ros2_ws/build/my_robot_interface -- -j4 -l4
[2.602s] Level 1:colcon.colcon_core.environment:create_environment_scripts_only(my_robot_interface)
[2.651s] Level 1:colcon.colcon_core.environment:checking '/home/saeesh/ros2_ws/install/my_robot_interface' for CMake module files
[2.652s] Level 1:colcon.colcon_core.environment:checking '/home/saeesh/ros2_ws/install/my_robot_interface' for CMake config files
[2.653s] Level 1:colcon.colcon_core.shell:create_environment_hook('my_robot_interface', 'cmake_prefix_path')
[2.685s] INFO:colcon.colcon_core.shell:Creating environment hook '/home/saeesh/ros2_ws/install/my_robot_interface/share/my_robot_interface/hook/cmake_prefix_path.ps1'
[2.686s] INFO:colcon.colcon_core.shell:Creating environment descriptor '/home/saeesh/ros2_ws/install/my_robot_interface/share/my_robot_interface/hook/cmake_prefix_path.dsv'
[2.686s] INFO:colcon.colcon_core.shell:Creating environment hook '/home/saeesh/ros2_ws/install/my_robot_interface/share/my_robot_interface/hook/cmake_prefix_path.sh'
[2.688s] Level 1:colcon.colcon_core.environment:checking '/home/saeesh/ros2_ws/install/my_robot_interface/lib'
[2.688s] Level 1:colcon.colcon_core.shell:create_environment_hook('my_robot_interface', 'ld_library_path_lib')
[2.718s] INFO:colcon.colcon_core.shell:Creating environment hook '/home/saeesh/ros2_ws/install/my_robot_interface/share/my_robot_interface/hook/ld_library_path_lib.ps1'
[2.719s] INFO:colcon.colcon_core.shell:Creating environment descriptor '/home/saeesh/ros2_ws/install/my_robot_interface/share/my_robot_interface/hook/ld_library_path_lib.dsv'
[2.719s] INFO:colcon.colcon_core.shell:Creating environment hook '/home/saeesh/ros2_ws/install/my_robot_interface/share/my_robot_interface/hook/ld_library_path_lib.sh'
[2.720s] Level 1:colcon.colcon_core.environment:checking '/home/saeesh/ros2_ws/install/my_robot_interface/bin'
[2.720s] Level 1:colcon.colcon_core.environment:checking '/home/saeesh/ros2_ws/install/my_robot_interface/lib/pkgconfig/my_robot_interface.pc'
[2.721s] Level 1:colcon.colcon_core.environment:checking '/home/saeesh/ros2_ws/install/my_robot_interface/lib/python3.10/site-packages'
[2.721s] Level 1:colcon.colcon_core.environment:checking '/home/saeesh/ros2_ws/install/my_robot_interface/bin'
[2.749s] INFO:colcon.colcon_core.shell:Creating package script '/home/saeesh/ros2_ws/install/my_robot_interface/share/my_robot_interface/package.ps1'
[2.750s] INFO:colcon.colcon_core.shell:Creating package descriptor '/home/saeesh/ros2_ws/install/my_robot_interface/share/my_robot_interface/package.dsv'
[2.751s] INFO:colcon.colcon_core.shell:Creating package script '/home/saeesh/ros2_ws/install/my_robot_interface/share/my_robot_interface/package.sh'
[2.752s] INFO:colcon.colcon_core.shell:Creating package script '/home/saeesh/ros2_ws/install/my_robot_interface/share/my_robot_interface/package.bash'
[2.753s] INFO:colcon.colcon_core.shell:Creating package script '/home/saeesh/ros2_ws/install/my_robot_interface/share/my_robot_interface/package.zsh'
[2.754s] Level 1:colcon.colcon_core.environment:create_file_with_runtime_dependencies(/home/saeesh/ros2_ws/install/my_robot_interface/share/colcon-core/packages/my_robot_interface)
[2.765s] DEBUG:colcon.colcon_parallel_executor.executor.parallel:closing loop
[2.765s] DEBUG:colcon.colcon_parallel_executor.executor.parallel:loop closed
[2.765s] DEBUG:colcon.colcon_parallel_executor.executor.parallel:run_until_complete finished with '2'
[2.765s] DEBUG:colcon.colcon_core.event_reactor:joining thread
[2.806s] INFO:colcon.colcon_core.plugin_system:Skipping extension 'colcon_notification.desktop_notification.terminal_notifier': Not used on non-Darwin systems
[2.806s] INFO:colcon.colcon_core.plugin_system:Skipping extension 'colcon_notification.desktop_notification.win32': Not used on non-Windows systems
[2.807s] INFO:colcon.colcon_notification.desktop_notification:Sending desktop notification using 'notify2'
[2.830s] DEBUG:colcon.colcon_core.event_reactor:joined thread
[2.859s] INFO:colcon.colcon_core.shell:Creating prefix script '/home/saeesh/ros2_ws/install/local_setup.ps1'
[2.861s] INFO:colcon.colcon_core.shell:Creating prefix util module '/home/saeesh/ros2_ws/install/_local_setup_util_ps1.py'
[2.863s] INFO:colcon.colcon_core.shell:Creating prefix chain script '/home/saeesh/ros2_ws/install/setup.ps1'
[2.890s] INFO:colcon.colcon_core.shell:Creating prefix script '/home/saeesh/ros2_ws/install/local_setup.sh'
[2.891s] INFO:colcon.colcon_core.shell:Creating prefix util module '/home/saeesh/ros2_ws/install/_local_setup_util_sh.py'
[2.892s] INFO:colcon.colcon_core.shell:Creating prefix chain script '/home/saeesh/ros2_ws/install/setup.sh'
[2.919s] INFO:colcon.colcon_core.shell:Creating prefix script '/home/saeesh/ros2_ws/install/local_setup.bash'
[2.920s] INFO:colcon.colcon_core.shell:Creating prefix chain script '/home/saeesh/ros2_ws/install/setup.bash'
[2.948s] INFO:colcon.colcon_core.shell:Creating prefix script '/home/saeesh/ros2_ws/install/local_setup.zsh'
[2.949s] INFO:colcon.colcon_core.shell:Creating prefix chain script '/home/saeesh/ros2_ws/install/setup.zsh'
