[0.654s] Invoking command in '/home/saeesh/ros2_ws/build/my_robot_interface': CMAKE_PREFIX_PATH=${CMAKE_PREFIX_PATH}:/home/saeesh/ros2_ws/install/turtlsim_catch_them_all:/home/saeesh/ros2_ws/install/turtlesim_catch_them_all:/home/saeesh/ros2_ws/install/my_py_pkg:/opt/ros/humble /usr/bin/cmake /home/saeesh/ros2_ws/src/my_robot_interface -DCMAKE_INSTALL_PREFIX=/home/saeesh/ros2_ws/install/my_robot_interface
[1.199s] -- The C compiler identification is GNU 11.4.0
[2.132s] -- The CXX compiler identification is GNU 11.4.0
[2.145s] -- Detecting C compiler ABI info
[2.321s] -- Detecting C compiler ABI info - done
[2.335s] -- Check for working C compiler: /usr/bin/cc - skipped
[2.335s] -- Detecting C compile features
[2.392s] -- Detecting C compile features - done
[2.401s] -- Detecting CXX compiler ABI info
[2.644s] -- Detecting CXX compiler ABI info - done
[2.659s] -- Check for working CXX compiler: /usr/bin/c++ - skipped
[2.661s] -- Detecting CXX compile features
[2.661s] -- Detecting CXX compile features - done
[2.730s] -- Found ament_cmake: 1.3.6 (/opt/ros/humble/share/ament_cmake/cmake)
[3.024s] -- Found Python3: /usr/bin/python3.10 (found version "3.10.12") found components: Interpreter 
[3.215s] -- Found rosidl_default_generators: 1.2.0 (/opt/ros/humble/share/rosidl_default_generators/cmake)
[3.221s] -- Using all available rosidl_typesupport_c: rosidl_typesupport_fastrtps_c;rosidl_typesupport_introspection_c
[3.272s] -- Found rosidl_adapter: 3.1.5 (/opt/ros/humble/share/rosidl_adapter/cmake)
[3.330s] -- Using all available rosidl_typesupport_cpp: rosidl_typesupport_fastrtps_cpp;rosidl_typesupport_introspection_cpp
[3.525s] -- Configuring done
[3.539s] -- Generating done
[3.543s] -- Build files have been written to: /home/saeesh/ros2_ws/build/my_robot_interface
