[1.564s] Invoking command in '/home/saeesh/ros2_ws/src/my_py_pkg': PYTHONPATH=/home/saeesh/ros2_ws/build/my_py_pkg/prefix_override:/home/saeesh/ros2_ws/install/my_py_pkg/lib/python3.10/site-packages:${PYTHONPATH} /usr/bin/python3 setup.py egg_info --egg-base ../../build/my_py_pkg build --build-base /home/saeesh/ros2_ws/build/my_py_pkg/build install --record /home/saeesh/ros2_ws/build/my_py_pkg/install.log --single-version-externally-managed
[1.934s] running egg_info
[1.936s] writing ../../build/my_py_pkg/my_py_pkg.egg-info/PKG-INFO
[1.938s] writing dependency_links to ../../build/my_py_pkg/my_py_pkg.egg-info/dependency_links.txt
[1.938s] writing entry points to ../../build/my_py_pkg/my_py_pkg.egg-info/entry_points.txt
[1.939s] writing requirements to ../../build/my_py_pkg/my_py_pkg.egg-info/requires.txt
[1.939s] writing top-level names to ../../build/my_py_pkg/my_py_pkg.egg-info/top_level.txt
[1.944s] reading manifest file '../../build/my_py_pkg/my_py_pkg.egg-info/SOURCES.txt'
[1.976s] writing manifest file '../../build/my_py_pkg/my_py_pkg.egg-info/SOURCES.txt'
[1.977s] running build
[1.977s] running build_py
[1.979s] copying my_py_pkg/add _two_numbers_cli_oop.py -> /home/saeesh/ros2_ws/build/my_py_pkg/build/lib/my_py_pkg
[1.980s] running install
[1.980s] running install_lib
[1.982s] copying /home/saeesh/ros2_ws/build/my_py_pkg/build/lib/my_py_pkg/add _two_numbers_cli_oop.py -> /home/saeesh/ros2_ws/install/my_py_pkg/lib/python3.10/site-packages/my_py_pkg
[1.984s] byte-compiling /home/saeesh/ros2_ws/install/my_py_pkg/lib/python3.10/site-packages/my_py_pkg/add _two_numbers_cli_oop.py to add _two_numbers_cli_oop.cpython-310.pyc
[1.985s] running install_data
[1.986s] running install_egg_info
[1.989s] removing '/home/saeesh/ros2_ws/install/my_py_pkg/lib/python3.10/site-packages/my_py_pkg-0.0.0-py3.10.egg-info' (and everything under it)
[1.990s] Copying ../../build/my_py_pkg/my_py_pkg.egg-info to /home/saeesh/ros2_ws/install/my_py_pkg/lib/python3.10/site-packages/my_py_pkg-0.0.0-py3.10.egg-info
[2.041s] running install_scripts
[2.098s] Installing activity_pub script to /home/saeesh/ros2_ws/install/my_py_pkg/lib/my_py_pkg
[2.104s] Installing activity_sub script to /home/saeesh/ros2_ws/install/my_py_pkg/lib/my_py_pkg
[2.104s] Installing add_two_numbers_cli script to /home/saeesh/ros2_ws/install/my_py_pkg/lib/my_py_pkg
[2.105s] Installing add_two_numbers_cli_oop script to /home/saeesh/ros2_ws/install/my_py_pkg/lib/my_py_pkg
[2.105s] Installing add_two_numbers_srv script to /home/saeesh/ros2_ws/install/my_py_pkg/lib/my_py_pkg
[2.105s] Installing py_node script to /home/saeesh/ros2_ws/install/my_py_pkg/lib/my_py_pkg
[2.106s] Installing robo_news script to /home/saeesh/ros2_ws/install/my_py_pkg/lib/my_py_pkg
[2.106s] Installing smartphone script to /home/saeesh/ros2_ws/install/my_py_pkg/lib/my_py_pkg
[2.108s] writing list of installed files to '/home/saeesh/ros2_ws/build/my_py_pkg/install.log'
[2.158s] Invoked command in '/home/saeesh/ros2_ws/src/my_py_pkg' returned '0': PYTHONPATH=/home/saeesh/ros2_ws/build/my_py_pkg/prefix_override:/home/saeesh/ros2_ws/install/my_py_pkg/lib/python3.10/site-packages:${PYTHONPATH} /usr/bin/python3 setup.py egg_info --egg-base ../../build/my_py_pkg build --build-base /home/saeesh/ros2_ws/build/my_py_pkg/build install --record /home/saeesh/ros2_ws/build/my_py_pkg/install.log --single-version-externally-managed
