[1.560s] DEBUG:colcon:Command line arguments: ['/usr/bin/colcon', 'build']
[1.561s] DEBUG:colcon:Parsed command line arguments: Namespace(log_base=None, log_level=None, verb_name='build', build_base='build', install_base='install', merge_install=False, symlink_install=False, test_result_base=None, continue_on_error=False, executor='parallel', parallel_workers=4, event_handlers=None, ignore_user_meta=False, metas=['./colcon.meta'], base_paths=['.'], packages_ignore=None, packages_ignore_regex=None, paths=None, packages_up_to=None, packages_up_to_regex=None, packages_above=None, packages_above_and_dependencies=None, packages_above_depth=None, packages_select_by_dep=None, packages_skip_by_dep=None, packages_skip_up_to=None, packages_select_build_failed=False, packages_skip_build_finished=False, packages_select_test_failures=False, packages_skip_test_passed=False, packages_select=None, packages_skip=None, packages_select_regex=None, packages_skip_regex=None, packages_start=None, packages_end=None, allow_overriding=[], cmake_args=None, cmake_target=None, cmake_target_skip_unavailable=False, cmake_clean_cache=False, cmake_clean_first=False, cmake_force_configure=False, ament_cmake_args=None, catkin_cmake_args=None, catkin_skip_building_tests=False, verb_parser=<colcon_defaults.argument_parser.defaults.DefaultArgumentsDecorator object at 0x7fd0a6884cd0>, verb_extension=<colcon_core.verb.build.BuildVerb object at 0x7fd0a6871720>, main=<bound method BuildVerb.main of <colcon_core.verb.build.BuildVerb object at 0x7fd0a6871720>>)
[1.852s] Level 1:colcon.colcon_core.package_discovery:discover_packages(colcon_meta) check parameters
[1.853s] Level 1:colcon.colcon_core.package_discovery:discover_packages(recursive) check parameters
[1.853s] Level 1:colcon.colcon_core.package_discovery:discover_packages(ignore) check parameters
[1.853s] Level 1:colcon.colcon_core.package_discovery:discover_packages(path) check parameters
[1.853s] Level 1:colcon.colcon_core.package_discovery:discover_packages(colcon_meta) discover
[1.853s] Level 1:colcon.colcon_core.package_discovery:discover_packages(recursive) discover
[1.853s] INFO:colcon.colcon_core.package_discovery:Crawling recursively for packages in '/home/saeesh/ros2_ws'
[1.853s] Level 1:colcon.colcon_core.package_identification:_identify(.) by extensions ['ignore', 'ignore_ament_install']
[1.854s] Level 1:colcon.colcon_core.package_identification:_identify(.) by extension 'ignore'
[1.854s] Level 1:colcon.colcon_core.package_identification:_identify(.) by extension 'ignore_ament_install'
[1.854s] Level 1:colcon.colcon_core.package_identification:_identify(.) by extensions ['colcon_pkg']
[1.854s] Level 1:colcon.colcon_core.package_identification:_identify(.) by extension 'colcon_pkg'
[1.854s] Level 1:colcon.colcon_core.package_identification:_identify(.) by extensions ['colcon_meta']
[1.854s] Level 1:colcon.colcon_core.package_identification:_identify(.) by extension 'colcon_meta'
[1.854s] Level 1:colcon.colcon_core.package_identification:_identify(.) by extensions ['ros']
[1.854s] Level 1:colcon.colcon_core.package_identification:_identify(.) by extension 'ros'
[1.908s] Level 1:colcon.colcon_core.package_identification:_identify(.) by extensions ['cmake', 'python']
[1.908s] Level 1:colcon.colcon_core.package_identification:_identify(.) by extension 'cmake'
[1.908s] Level 1:colcon.colcon_core.package_identification:_identify(.) by extension 'python'
[1.908s] Level 1:colcon.colcon_core.package_identification:_identify(.) by extensions ['python_setup_py']
[1.908s] Level 1:colcon.colcon_core.package_identification:_identify(.) by extension 'python_setup_py'
[1.909s] Level 1:colcon.colcon_core.package_identification:_identify(build) by extensions ['ignore', 'ignore_ament_install']
[1.909s] Level 1:colcon.colcon_core.package_identification:_identify(build) by extension 'ignore'
[1.909s] Level 1:colcon.colcon_core.package_identification:_identify(build) ignored
[1.909s] Level 1:colcon.colcon_core.package_identification:_identify(install) by extensions ['ignore', 'ignore_ament_install']
[1.909s] Level 1:colcon.colcon_core.package_identification:_identify(install) by extension 'ignore'
[1.910s] Level 1:colcon.colcon_core.package_identification:_identify(install) ignored
[1.910s] Level 1:colcon.colcon_core.package_identification:_identify(log) by extensions ['ignore', 'ignore_ament_install']
[1.910s] Level 1:colcon.colcon_core.package_identification:_identify(log) by extension 'ignore'
[1.910s] Level 1:colcon.colcon_core.package_identification:_identify(log) ignored
[1.910s] Level 1:colcon.colcon_core.package_identification:_identify(src) by extensions ['ignore', 'ignore_ament_install']
[1.911s] Level 1:colcon.colcon_core.package_identification:_identify(src) by extension 'ignore'
[1.911s] Level 1:colcon.colcon_core.package_identification:_identify(src) by extension 'ignore_ament_install'
[1.911s] Level 1:colcon.colcon_core.package_identification:_identify(src) by extensions ['colcon_pkg']
[1.911s] Level 1:colcon.colcon_core.package_identification:_identify(src) by extension 'colcon_pkg'
[1.911s] Level 1:colcon.colcon_core.package_identification:_identify(src) by extensions ['colcon_meta']
[1.911s] Level 1:colcon.colcon_core.package_identification:_identify(src) by extension 'colcon_meta'
[1.911s] Level 1:colcon.colcon_core.package_identification:_identify(src) by extensions ['ros']
[1.911s] Level 1:colcon.colcon_core.package_identification:_identify(src) by extension 'ros'
[1.912s] Level 1:colcon.colcon_core.package_identification:_identify(src) by extensions ['cmake', 'python']
[1.912s] Level 1:colcon.colcon_core.package_identification:_identify(src) by extension 'cmake'
[1.912s] Level 1:colcon.colcon_core.package_identification:_identify(src) by extension 'python'
[1.912s] Level 1:colcon.colcon_core.package_identification:_identify(src) by extensions ['python_setup_py']
[1.912s] Level 1:colcon.colcon_core.package_identification:_identify(src) by extension 'python_setup_py'
[1.912s] Level 1:colcon.colcon_core.package_identification:_identify(src/my_py_pkg) by extensions ['ignore', 'ignore_ament_install']
[1.912s] Level 1:colcon.colcon_core.package_identification:_identify(src/my_py_pkg) by extension 'ignore'
[1.912s] Level 1:colcon.colcon_core.package_identification:_identify(src/my_py_pkg) by extension 'ignore_ament_install'
[1.913s] Level 1:colcon.colcon_core.package_identification:_identify(src/my_py_pkg) by extensions ['colcon_pkg']
[1.913s] Level 1:colcon.colcon_core.package_identification:_identify(src/my_py_pkg) by extension 'colcon_pkg'
[1.913s] Level 1:colcon.colcon_core.package_identification:_identify(src/my_py_pkg) by extensions ['colcon_meta']
[1.913s] Level 1:colcon.colcon_core.package_identification:_identify(src/my_py_pkg) by extension 'colcon_meta'
[1.913s] Level 1:colcon.colcon_core.package_identification:_identify(src/my_py_pkg) by extensions ['ros']
[1.913s] Level 1:colcon.colcon_core.package_identification:_identify(src/my_py_pkg) by extension 'ros'
[1.941s] DEBUG:colcon.colcon_core.package_identification:Package 'src/my_py_pkg' with type 'ros.ament_python' and name 'my_py_pkg'
[1.959s] Level 1:colcon.colcon_core.package_identification:_identify(src/my_robot_interfaces) by extensions ['ignore', 'ignore_ament_install']
[1.959s] Level 1:colcon.colcon_core.package_identification:_identify(src/my_robot_interfaces) by extension 'ignore'
[1.959s] Level 1:colcon.colcon_core.package_identification:_identify(src/my_robot_interfaces) by extension 'ignore_ament_install'
[1.959s] Level 1:colcon.colcon_core.package_identification:_identify(src/my_robot_interfaces) by extensions ['colcon_pkg']
[1.959s] Level 1:colcon.colcon_core.package_identification:_identify(src/my_robot_interfaces) by extension 'colcon_pkg'
[1.960s] Level 1:colcon.colcon_core.package_identification:_identify(src/my_robot_interfaces) by extensions ['colcon_meta']
[1.960s] Level 1:colcon.colcon_core.package_identification:_identify(src/my_robot_interfaces) by extension 'colcon_meta'
[1.960s] Level 1:colcon.colcon_core.package_identification:_identify(src/my_robot_interfaces) by extensions ['ros']
[1.960s] Level 1:colcon.colcon_core.package_identification:_identify(src/my_robot_interfaces) by extension 'ros'
[1.969s] DEBUG:colcon.colcon_core.package_identification:Package 'src/my_robot_interfaces' with type 'ros.ament_cmake' and name 'my_robot_interfaces'
[1.969s] Level 1:colcon.colcon_core.package_discovery:discover_packages(recursive) using defaults
[1.970s] Level 1:colcon.colcon_core.package_discovery:discover_packages(ignore) discover
[1.970s] Level 1:colcon.colcon_core.package_discovery:discover_packages(ignore) using defaults
[1.970s] Level 1:colcon.colcon_core.package_discovery:discover_packages(path) discover
[1.970s] Level 1:colcon.colcon_core.package_discovery:discover_packages(path) using defaults
[2.328s] Level 1:colcon.colcon_core.package_discovery:discover_packages(prefix_path) check parameters
[2.328s] Level 1:colcon.colcon_core.package_discovery:discover_packages(prefix_path) discover
[2.375s] DEBUG:colcon.colcon_installed_package_information.package_discovery:Found 2 installed packages in /home/saeesh/ros2_ws/install
[2.396s] DEBUG:colcon.colcon_installed_package_information.package_discovery:Found 270 installed packages in /opt/ros/humble
[2.413s] Level 1:colcon.colcon_core.package_discovery:discover_packages(prefix_path) using defaults
[2.578s] Level 5:colcon.colcon_core.verb:set package 'my_robot_interfaces' build argument 'cmake_args' from command line to 'None'
[2.578s] Level 5:colcon.colcon_core.verb:set package 'my_robot_interfaces' build argument 'cmake_target' from command line to 'None'
[2.578s] Level 5:colcon.colcon_core.verb:set package 'my_robot_interfaces' build argument 'cmake_target_skip_unavailable' from command line to 'False'
[2.578s] Level 5:colcon.colcon_core.verb:set package 'my_robot_interfaces' build argument 'cmake_clean_cache' from command line to 'False'
[2.578s] Level 5:colcon.colcon_core.verb:set package 'my_robot_interfaces' build argument 'cmake_clean_first' from command line to 'False'
[2.578s] Level 5:colcon.colcon_core.verb:set package 'my_robot_interfaces' build argument 'cmake_force_configure' from command line to 'False'
[2.578s] Level 5:colcon.colcon_core.verb:set package 'my_robot_interfaces' build argument 'ament_cmake_args' from command line to 'None'
[2.578s] Level 5:colcon.colcon_core.verb:set package 'my_robot_interfaces' build argument 'catkin_cmake_args' from command line to 'None'
[2.578s] Level 5:colcon.colcon_core.verb:set package 'my_robot_interfaces' build argument 'catkin_skip_building_tests' from command line to 'False'
[2.578s] DEBUG:colcon.colcon_core.verb:Building package 'my_robot_interfaces' with the following arguments: {'ament_cmake_args': None, 'build_base': '/home/saeesh/ros2_ws/build/my_robot_interfaces', 'catkin_cmake_args': None, 'catkin_skip_building_tests': False, 'cmake_args': None, 'cmake_clean_cache': False, 'cmake_clean_first': False, 'cmake_force_configure': False, 'cmake_target': None, 'cmake_target_skip_unavailable': False, 'install_base': '/home/saeesh/ros2_ws/install/my_robot_interfaces', 'merge_install': False, 'path': '/home/saeesh/ros2_ws/src/my_robot_interfaces', 'symlink_install': False, 'test_result_base': None}
[2.597s] Level 5:colcon.colcon_core.verb:set package 'my_py_pkg' build argument 'cmake_args' from command line to 'None'
[2.597s] Level 5:colcon.colcon_core.verb:set package 'my_py_pkg' build argument 'cmake_target' from command line to 'None'
[2.597s] Level 5:colcon.colcon_core.verb:set package 'my_py_pkg' build argument 'cmake_target_skip_unavailable' from command line to 'False'
[2.597s] Level 5:colcon.colcon_core.verb:set package 'my_py_pkg' build argument 'cmake_clean_cache' from command line to 'False'
[2.597s] Level 5:colcon.colcon_core.verb:set package 'my_py_pkg' build argument 'cmake_clean_first' from command line to 'False'
[2.597s] Level 5:colcon.colcon_core.verb:set package 'my_py_pkg' build argument 'cmake_force_configure' from command line to 'False'
[2.597s] Level 5:colcon.colcon_core.verb:set package 'my_py_pkg' build argument 'ament_cmake_args' from command line to 'None'
[2.597s] Level 5:colcon.colcon_core.verb:set package 'my_py_pkg' build argument 'catkin_cmake_args' from command line to 'None'
[2.597s] Level 5:colcon.colcon_core.verb:set package 'my_py_pkg' build argument 'catkin_skip_building_tests' from command line to 'False'
[2.597s] DEBUG:colcon.colcon_core.verb:Building package 'my_py_pkg' with the following arguments: {'ament_cmake_args': None, 'build_base': '/home/saeesh/ros2_ws/build/my_py_pkg', 'catkin_cmake_args': None, 'catkin_skip_building_tests': False, 'cmake_args': None, 'cmake_clean_cache': False, 'cmake_clean_first': False, 'cmake_force_configure': False, 'cmake_target': None, 'cmake_target_skip_unavailable': False, 'install_base': '/home/saeesh/ros2_ws/install/my_py_pkg', 'merge_install': False, 'path': '/home/saeesh/ros2_ws/src/my_py_pkg', 'symlink_install': False, 'test_result_base': None}
[2.615s] INFO:colcon.colcon_core.executor:Executing jobs using 'parallel' executor
[2.634s] DEBUG:colcon.colcon_parallel_executor.executor.parallel:run_until_complete
[2.634s] INFO:colcon.colcon_ros.task.ament_cmake.build:Building ROS package in '/home/saeesh/ros2_ws/src/my_robot_interfaces' with build type 'ament_cmake'
[2.634s] INFO:colcon.colcon_cmake.task.cmake.build:Building CMake package in '/home/saeesh/ros2_ws/src/my_robot_interfaces'
[2.683s] INFO:colcon.colcon_core.plugin_system:Skipping extension 'colcon_core.shell.bat': Not used on non-Windows systems
[2.684s] INFO:colcon.colcon_core.shell:Skip shell extension 'powershell' for command environment: Not usable outside of PowerShell
[2.684s] DEBUG:colcon.colcon_core.shell:Skip shell extension 'dsv' for command environment
[2.825s] DEBUG:colcon.colcon_core.event_handler.log_command:Invoking command in '/home/saeesh/ros2_ws/build/my_robot_interfaces': CMAKE_PREFIX_PATH=${CMAKE_PREFIX_PATH}:/home/saeesh/ros2_ws/install/my_py_pkg:/opt/ros/humble /usr/bin/cmake --build /home/saeesh/ros2_ws/build/my_robot_interfaces -- -j4 -l4
[4.929s] DEBUG:colcon.colcon_core.event_handler.log_command:Invoked command in '/home/saeesh/ros2_ws/build/my_robot_interfaces' returned '0': CMAKE_PREFIX_PATH=${CMAKE_PREFIX_PATH}:/home/saeesh/ros2_ws/install/my_py_pkg:/opt/ros/humble /usr/bin/cmake --build /home/saeesh/ros2_ws/build/my_robot_interfaces -- -j4 -l4
[5.224s] DEBUG:colcon.colcon_core.event_handler.log_command:Invoking command in '/home/saeesh/ros2_ws/build/my_robot_interfaces': CMAKE_PREFIX_PATH=${CMAKE_PREFIX_PATH}:/home/saeesh/ros2_ws/install/my_py_pkg:/opt/ros/humble /usr/bin/cmake --install /home/saeesh/ros2_ws/build/my_robot_interfaces
[5.457s] Level 1:colcon.colcon_core.environment:create_environment_scripts_only(my_robot_interfaces)
[5.467s] DEBUG:colcon.colcon_core.event_handler.log_command:Invoked command in '/home/saeesh/ros2_ws/build/my_robot_interfaces' returned '0': CMAKE_PREFIX_PATH=${CMAKE_PREFIX_PATH}:/home/saeesh/ros2_ws/install/my_py_pkg:/opt/ros/humble /usr/bin/cmake --install /home/saeesh/ros2_ws/build/my_robot_interfaces
[5.532s] Level 1:colcon.colcon_core.environment:checking '/home/saeesh/ros2_ws/install/my_robot_interfaces' for CMake module files
[5.533s] Level 1:colcon.colcon_core.environment:checking '/home/saeesh/ros2_ws/install/my_robot_interfaces' for CMake config files
[5.533s] Level 1:colcon.colcon_core.shell:create_environment_hook('my_robot_interfaces', 'cmake_prefix_path')
[5.558s] INFO:colcon.colcon_core.shell:Creating environment hook '/home/saeesh/ros2_ws/install/my_robot_interfaces/share/my_robot_interfaces/hook/cmake_prefix_path.ps1'
[5.575s] INFO:colcon.colcon_core.shell:Creating environment descriptor '/home/saeesh/ros2_ws/install/my_robot_interfaces/share/my_robot_interfaces/hook/cmake_prefix_path.dsv'
[5.576s] INFO:colcon.colcon_core.shell:Creating environment hook '/home/saeesh/ros2_ws/install/my_robot_interfaces/share/my_robot_interfaces/hook/cmake_prefix_path.sh'
[5.579s] Level 1:colcon.colcon_core.environment:checking '/home/saeesh/ros2_ws/install/my_robot_interfaces/lib'
[5.580s] Level 1:colcon.colcon_core.shell:create_environment_hook('my_robot_interfaces', 'ld_library_path_lib')
[5.618s] INFO:colcon.colcon_core.shell:Creating environment hook '/home/saeesh/ros2_ws/install/my_robot_interfaces/share/my_robot_interfaces/hook/ld_library_path_lib.ps1'
[5.619s] INFO:colcon.colcon_core.shell:Creating environment descriptor '/home/saeesh/ros2_ws/install/my_robot_interfaces/share/my_robot_interfaces/hook/ld_library_path_lib.dsv'
[5.620s] INFO:colcon.colcon_core.shell:Creating environment hook '/home/saeesh/ros2_ws/install/my_robot_interfaces/share/my_robot_interfaces/hook/ld_library_path_lib.sh'
[5.621s] Level 1:colcon.colcon_core.environment:checking '/home/saeesh/ros2_ws/install/my_robot_interfaces/bin'
[5.621s] Level 1:colcon.colcon_core.environment:checking '/home/saeesh/ros2_ws/install/my_robot_interfaces/lib/pkgconfig/my_robot_interfaces.pc'
[5.621s] Level 1:colcon.colcon_core.environment:checking '/home/saeesh/ros2_ws/install/my_robot_interfaces/lib/python3.10/site-packages'
[5.622s] Level 1:colcon.colcon_core.environment:checking '/home/saeesh/ros2_ws/install/my_robot_interfaces/bin'
[5.663s] INFO:colcon.colcon_core.shell:Creating package script '/home/saeesh/ros2_ws/install/my_robot_interfaces/share/my_robot_interfaces/package.ps1'
[5.665s] INFO:colcon.colcon_core.shell:Creating package descriptor '/home/saeesh/ros2_ws/install/my_robot_interfaces/share/my_robot_interfaces/package.dsv'
[5.667s] INFO:colcon.colcon_core.shell:Creating package script '/home/saeesh/ros2_ws/install/my_robot_interfaces/share/my_robot_interfaces/package.sh'
[5.669s] INFO:colcon.colcon_core.shell:Creating package script '/home/saeesh/ros2_ws/install/my_robot_interfaces/share/my_robot_interfaces/package.bash'
[5.712s] INFO:colcon.colcon_core.shell:Creating package script '/home/saeesh/ros2_ws/install/my_robot_interfaces/share/my_robot_interfaces/package.zsh'
[5.713s] Level 1:colcon.colcon_core.environment:create_file_with_runtime_dependencies(/home/saeesh/ros2_ws/install/my_robot_interfaces/share/colcon-core/packages/my_robot_interfaces)
[6.059s] Level 1:colcon.colcon_core.environment:create_environment_scripts_only(my_robot_interfaces)
[6.109s] Level 1:colcon.colcon_core.environment:checking '/home/saeesh/ros2_ws/install/my_robot_interfaces' for CMake module files
[6.111s] Level 1:colcon.colcon_core.environment:checking '/home/saeesh/ros2_ws/install/my_robot_interfaces' for CMake config files
[6.112s] Level 1:colcon.colcon_core.shell:create_environment_hook('my_robot_interfaces', 'cmake_prefix_path')
[6.156s] INFO:colcon.colcon_core.shell:Creating environment hook '/home/saeesh/ros2_ws/install/my_robot_interfaces/share/my_robot_interfaces/hook/cmake_prefix_path.ps1'
[6.157s] INFO:colcon.colcon_core.shell:Creating environment descriptor '/home/saeesh/ros2_ws/install/my_robot_interfaces/share/my_robot_interfaces/hook/cmake_prefix_path.dsv'
[6.158s] INFO:colcon.colcon_core.shell:Creating environment hook '/home/saeesh/ros2_ws/install/my_robot_interfaces/share/my_robot_interfaces/hook/cmake_prefix_path.sh'
[6.159s] Level 1:colcon.colcon_core.environment:checking '/home/saeesh/ros2_ws/install/my_robot_interfaces/lib'
[6.159s] Level 1:colcon.colcon_core.shell:create_environment_hook('my_robot_interfaces', 'ld_library_path_lib')
[6.200s] INFO:colcon.colcon_core.shell:Creating environment hook '/home/saeesh/ros2_ws/install/my_robot_interfaces/share/my_robot_interfaces/hook/ld_library_path_lib.ps1'
[6.201s] INFO:colcon.colcon_core.shell:Creating environment descriptor '/home/saeesh/ros2_ws/install/my_robot_interfaces/share/my_robot_interfaces/hook/ld_library_path_lib.dsv'
[6.202s] INFO:colcon.colcon_core.shell:Creating environment hook '/home/saeesh/ros2_ws/install/my_robot_interfaces/share/my_robot_interfaces/hook/ld_library_path_lib.sh'
[6.203s] Level 1:colcon.colcon_core.environment:checking '/home/saeesh/ros2_ws/install/my_robot_interfaces/bin'
[6.203s] Level 1:colcon.colcon_core.environment:checking '/home/saeesh/ros2_ws/install/my_robot_interfaces/lib/pkgconfig/my_robot_interfaces.pc'
[6.204s] Level 1:colcon.colcon_core.environment:checking '/home/saeesh/ros2_ws/install/my_robot_interfaces/lib/python3.10/site-packages'
[6.204s] Level 1:colcon.colcon_core.environment:checking '/home/saeesh/ros2_ws/install/my_robot_interfaces/bin'
[6.247s] INFO:colcon.colcon_core.shell:Creating package script '/home/saeesh/ros2_ws/install/my_robot_interfaces/share/my_robot_interfaces/package.ps1'
[6.248s] INFO:colcon.colcon_core.shell:Creating package descriptor '/home/saeesh/ros2_ws/install/my_robot_interfaces/share/my_robot_interfaces/package.dsv'
[6.250s] INFO:colcon.colcon_core.shell:Creating package script '/home/saeesh/ros2_ws/install/my_robot_interfaces/share/my_robot_interfaces/package.sh'
[6.251s] INFO:colcon.colcon_core.shell:Creating package script '/home/saeesh/ros2_ws/install/my_robot_interfaces/share/my_robot_interfaces/package.bash'
[6.252s] INFO:colcon.colcon_core.shell:Creating package script '/home/saeesh/ros2_ws/install/my_robot_interfaces/share/my_robot_interfaces/package.zsh'
[6.252s] Level 1:colcon.colcon_core.environment:create_file_with_runtime_dependencies(/home/saeesh/ros2_ws/install/my_robot_interfaces/share/colcon-core/packages/my_robot_interfaces)
[6.253s] INFO:colcon.colcon_ros.task.ament_python.build:Building ROS package in '/home/saeesh/ros2_ws/src/my_py_pkg' with build type 'ament_python'
[6.253s] Level 1:colcon.colcon_core.shell:create_environment_hook('my_py_pkg', 'ament_prefix_path')
[6.300s] INFO:colcon.colcon_core.shell:Creating environment hook '/home/saeesh/ros2_ws/install/my_py_pkg/share/my_py_pkg/hook/ament_prefix_path.ps1'
[6.301s] INFO:colcon.colcon_core.shell:Creating environment descriptor '/home/saeesh/ros2_ws/install/my_py_pkg/share/my_py_pkg/hook/ament_prefix_path.dsv'
[6.301s] INFO:colcon.colcon_core.shell:Creating environment hook '/home/saeesh/ros2_ws/install/my_py_pkg/share/my_py_pkg/hook/ament_prefix_path.sh'
[6.341s] INFO:colcon.colcon_core.shell:Skip shell extension 'powershell' for command environment: Not usable outside of PowerShell
[6.341s] DEBUG:colcon.colcon_core.shell:Skip shell extension 'dsv' for command environment
[6.890s] INFO:colcon.colcon_core.task.python.build:Building Python package in '/home/saeesh/ros2_ws/src/my_py_pkg'
[6.939s] INFO:colcon.colcon_core.shell:Skip shell extension 'powershell' for command environment: Not usable outside of PowerShell
[6.939s] DEBUG:colcon.colcon_core.shell:Skip shell extension 'dsv' for command environment
[7.769s] DEBUG:colcon.colcon_core.event_handler.log_command:Invoking command in '/home/saeesh/ros2_ws/src/my_py_pkg': PYTHONPATH=/home/saeesh/ros2_ws/build/my_py_pkg/prefix_override:/home/saeesh/ros2_ws/install/my_py_pkg/lib/python3.10/site-packages:${PYTHONPATH} /usr/bin/python3 setup.py egg_info --egg-base ../../build/my_py_pkg build --build-base /home/saeesh/ros2_ws/build/my_py_pkg/build install --record /home/saeesh/ros2_ws/build/my_py_pkg/install.log --single-version-externally-managed
[8.515s] DEBUG:colcon.colcon_core.event_handler.log_command:Invoked command in '/home/saeesh/ros2_ws/src/my_py_pkg' returned '0': PYTHONPATH=/home/saeesh/ros2_ws/build/my_py_pkg/prefix_override:/home/saeesh/ros2_ws/install/my_py_pkg/lib/python3.10/site-packages:${PYTHONPATH} /usr/bin/python3 setup.py egg_info --egg-base ../../build/my_py_pkg build --build-base /home/saeesh/ros2_ws/build/my_py_pkg/build install --record /home/saeesh/ros2_ws/build/my_py_pkg/install.log --single-version-externally-managed
[8.576s] Level 1:colcon.colcon_core.environment:checking '/home/saeesh/ros2_ws/install/my_py_pkg' for CMake module files
[8.578s] Level 1:colcon.colcon_core.environment:checking '/home/saeesh/ros2_ws/install/my_py_pkg' for CMake config files
[8.580s] Level 1:colcon.colcon_core.environment:checking '/home/saeesh/ros2_ws/install/my_py_pkg/lib'
[8.581s] Level 1:colcon.colcon_core.environment:checking '/home/saeesh/ros2_ws/install/my_py_pkg/bin'
[8.581s] Level 1:colcon.colcon_core.environment:checking '/home/saeesh/ros2_ws/install/my_py_pkg/lib/pkgconfig/my_py_pkg.pc'
[8.581s] Level 1:colcon.colcon_core.environment:checking '/home/saeesh/ros2_ws/install/my_py_pkg/lib/python3.10/site-packages'
[8.582s] Level 1:colcon.colcon_core.shell:create_environment_hook('my_py_pkg', 'pythonpath')
[8.635s] INFO:colcon.colcon_core.shell:Creating environment hook '/home/saeesh/ros2_ws/install/my_py_pkg/share/my_py_pkg/hook/pythonpath.ps1'
[8.636s] INFO:colcon.colcon_core.shell:Creating environment descriptor '/home/saeesh/ros2_ws/install/my_py_pkg/share/my_py_pkg/hook/pythonpath.dsv'
[8.637s] INFO:colcon.colcon_core.shell:Creating environment hook '/home/saeesh/ros2_ws/install/my_py_pkg/share/my_py_pkg/hook/pythonpath.sh'
[8.638s] Level 1:colcon.colcon_core.environment:checking '/home/saeesh/ros2_ws/install/my_py_pkg/bin'
[8.638s] Level 1:colcon.colcon_core.environment:create_environment_scripts_only(my_py_pkg)
[8.683s] INFO:colcon.colcon_core.shell:Creating package script '/home/saeesh/ros2_ws/install/my_py_pkg/share/my_py_pkg/package.ps1'
[8.685s] INFO:colcon.colcon_core.shell:Creating package descriptor '/home/saeesh/ros2_ws/install/my_py_pkg/share/my_py_pkg/package.dsv'
[8.688s] INFO:colcon.colcon_core.shell:Creating package script '/home/saeesh/ros2_ws/install/my_py_pkg/share/my_py_pkg/package.sh'
[8.690s] INFO:colcon.colcon_core.shell:Creating package script '/home/saeesh/ros2_ws/install/my_py_pkg/share/my_py_pkg/package.bash'
[8.691s] INFO:colcon.colcon_core.shell:Creating package script '/home/saeesh/ros2_ws/install/my_py_pkg/share/my_py_pkg/package.zsh'
[8.692s] Level 1:colcon.colcon_core.environment:create_file_with_runtime_dependencies(/home/saeesh/ros2_ws/install/my_py_pkg/share/colcon-core/packages/my_py_pkg)
[8.693s] DEBUG:colcon.colcon_parallel_executor.executor.parallel:closing loop
[8.693s] DEBUG:colcon.colcon_parallel_executor.executor.parallel:loop closed
[8.694s] DEBUG:colcon.colcon_parallel_executor.executor.parallel:run_until_complete finished with '0'
[8.694s] DEBUG:colcon.colcon_core.event_reactor:joining thread
[8.778s] INFO:colcon.colcon_core.plugin_system:Skipping extension 'colcon_notification.desktop_notification.terminal_notifier': Not used on non-Darwin systems
[8.778s] INFO:colcon.colcon_core.plugin_system:Skipping extension 'colcon_notification.desktop_notification.win32': Not used on non-Windows systems
[8.778s] INFO:colcon.colcon_notification.desktop_notification:Sending desktop notification using 'notify2'
[8.838s] DEBUG:colcon.colcon_core.event_reactor:joined thread
[8.887s] INFO:colcon.colcon_core.shell:Creating prefix script '/home/saeesh/ros2_ws/install/local_setup.ps1'
[8.890s] INFO:colcon.colcon_core.shell:Creating prefix util module '/home/saeesh/ros2_ws/install/_local_setup_util_ps1.py'
[8.894s] INFO:colcon.colcon_core.shell:Creating prefix chain script '/home/saeesh/ros2_ws/install/setup.ps1'
[8.926s] INFO:colcon.colcon_core.shell:Creating prefix script '/home/saeesh/ros2_ws/install/local_setup.sh'
[8.927s] INFO:colcon.colcon_core.shell:Creating prefix util module '/home/saeesh/ros2_ws/install/_local_setup_util_sh.py'
[8.927s] INFO:colcon.colcon_core.shell:Creating prefix chain script '/home/saeesh/ros2_ws/install/setup.sh'
[8.954s] INFO:colcon.colcon_core.shell:Creating prefix script '/home/saeesh/ros2_ws/install/local_setup.bash'
[8.955s] INFO:colcon.colcon_core.shell:Creating prefix chain script '/home/saeesh/ros2_ws/install/setup.bash'
[8.978s] INFO:colcon.colcon_core.shell:Creating prefix script '/home/saeesh/ros2_ws/install/local_setup.zsh'
[8.979s] INFO:colcon.colcon_core.shell:Creating prefix chain script '/home/saeesh/ros2_ws/install/setup.zsh'
