[1.801s] Invoking command in '/home/saeesh/ros2_ws/build/turtlesim_catch_them_all': CMAKE_PREFIX_PATH=/home/saeesh/ros2_ws/install/my_robot_interface:/home/saeesh/ros2_ws/install/my_robot_bringup:/home/saeesh/ros2_ws/install/my_robot_interfaces LD_LIBRARY_PATH=/home/saeesh/ros2_ws/install/my_robot_interface/lib:/home/saeesh/ros2_ws/install/my_robot_interfaces/lib:/usr/lib/x86_64-linux-gnu/gazebo-11/plugins:/opt/ros/humble/opt/rviz_ogre_vendor/lib:/opt/ros/humble/lib/x86_64-linux-gnu:/opt/ros/humble/lib:/usr/share/gazebo/../../lib/x86_64-linux-gnu/gazebo-11/plugins PYTHONPATH=/home/saeesh/ros2_ws/build/turtlesim_catch_them_all/prefix_override:/home/saeesh/ros2_ws/install/turtlesim_catch_them_all/lib/python3.10/site-packages:${PYTHONPATH} /usr/bin/python3 setup.py develop --uninstall --editable --build-directory /home/saeesh/ros2_ws/build/turtlesim_catch_them_all/build
[2.314s] running develop
[2.661s] Removing /home/saeesh/ros2_ws/install/turtlesim_catch_them_all/lib/python3.10/site-packages/turtlesim-catch-them-all.egg-link (link to .)
[2.750s] Invoked command in '/home/saeesh/ros2_ws/build/turtlesim_catch_them_all' returned '0': CMAKE_PREFIX_PATH=/home/saeesh/ros2_ws/install/my_robot_interface:/home/saeesh/ros2_ws/install/my_robot_bringup:/home/saeesh/ros2_ws/install/my_robot_interfaces LD_LIBRARY_PATH=/home/saeesh/ros2_ws/install/my_robot_interface/lib:/home/saeesh/ros2_ws/install/my_robot_interfaces/lib:/usr/lib/x86_64-linux-gnu/gazebo-11/plugins:/opt/ros/humble/opt/rviz_ogre_vendor/lib:/opt/ros/humble/lib/x86_64-linux-gnu:/opt/ros/humble/lib:/usr/share/gazebo/../../lib/x86_64-linux-gnu/gazebo-11/plugins PYTHONPATH=/home/saeesh/ros2_ws/build/turtlesim_catch_them_all/prefix_override:/home/saeesh/ros2_ws/install/turtlesim_catch_them_all/lib/python3.10/site-packages:${PYTHONPATH} /usr/bin/python3 setup.py develop --uninstall --editable --build-directory /home/saeesh/ros2_ws/build/turtlesim_catch_them_all/build
[2.753s] Invoking command in '/home/saeesh/ros2_ws/src/turtlesim_catch_them_all': CMAKE_PREFIX_PATH=/home/saeesh/ros2_ws/install/my_robot_interface:/home/saeesh/ros2_ws/install/my_robot_bringup:/home/saeesh/ros2_ws/install/my_robot_interfaces LD_LIBRARY_PATH=/home/saeesh/ros2_ws/install/my_robot_interface/lib:/home/saeesh/ros2_ws/install/my_robot_interfaces/lib:/usr/lib/x86_64-linux-gnu/gazebo-11/plugins:/opt/ros/humble/opt/rviz_ogre_vendor/lib:/opt/ros/humble/lib/x86_64-linux-gnu:/opt/ros/humble/lib:/usr/share/gazebo/../../lib/x86_64-linux-gnu/gazebo-11/plugins PYTHONPATH=/home/saeesh/ros2_ws/build/turtlesim_catch_them_all/prefix_override:/home/saeesh/ros2_ws/install/turtlesim_catch_them_all/lib/python3.10/site-packages:${PYTHONPATH} /usr/bin/python3 setup.py egg_info --egg-base ../../build/turtlesim_catch_them_all build --build-base /home/saeesh/ros2_ws/build/turtlesim_catch_them_all/build install --record /home/saeesh/ros2_ws/build/turtlesim_catch_them_all/install.log --single-version-externally-managed
[3.255s] running egg_info
[3.256s] writing ../../build/turtlesim_catch_them_all/turtlesim_catch_them_all.egg-info/PKG-INFO
[3.257s] writing dependency_links to ../../build/turtlesim_catch_them_all/turtlesim_catch_them_all.egg-info/dependency_links.txt
[3.257s] writing entry points to ../../build/turtlesim_catch_them_all/turtlesim_catch_them_all.egg-info/entry_points.txt
[3.258s] writing requirements to ../../build/turtlesim_catch_them_all/turtlesim_catch_them_all.egg-info/requires.txt
[3.258s] writing top-level names to ../../build/turtlesim_catch_them_all/turtlesim_catch_them_all.egg-info/top_level.txt
[3.261s] reading manifest file '../../build/turtlesim_catch_them_all/turtlesim_catch_them_all.egg-info/SOURCES.txt'
[3.329s] writing manifest file '../../build/turtlesim_catch_them_all/turtlesim_catch_them_all.egg-info/SOURCES.txt'
[3.329s] running build
[3.329s] running build_py
[3.346s] copying turtlesim_catch_them_all/turtle_spawner.py -> /home/saeesh/ros2_ws/build/turtlesim_catch_them_all/build/lib/turtlesim_catch_them_all
[3.352s] copying turtlesim_catch_them_all/turtle_controller.py -> /home/saeesh/ros2_ws/build/turtlesim_catch_them_all/build/lib/turtlesim_catch_them_all
[3.362s] running install
[3.362s] running install_lib
[3.364s] creating /home/saeesh/ros2_ws/install/turtlesim_catch_them_all/lib/python3.10/site-packages/turtlesim_catch_them_all
[3.365s] copying /home/saeesh/ros2_ws/build/turtlesim_catch_them_all/build/lib/turtlesim_catch_them_all/archives.py -> /home/saeesh/ros2_ws/install/turtlesim_catch_them_all/lib/python3.10/site-packages/turtlesim_catch_them_all
[3.365s] copying /home/saeesh/ros2_ws/build/turtlesim_catch_them_all/build/lib/turtlesim_catch_them_all/turtle_spawner.py -> /home/saeesh/ros2_ws/install/turtlesim_catch_them_all/lib/python3.10/site-packages/turtlesim_catch_them_all
[3.365s] copying /home/saeesh/ros2_ws/build/turtlesim_catch_them_all/build/lib/turtlesim_catch_them_all/turtle_controller.py -> /home/saeesh/ros2_ws/install/turtlesim_catch_them_all/lib/python3.10/site-packages/turtlesim_catch_them_all
[3.365s] copying /home/saeesh/ros2_ws/build/turtlesim_catch_them_all/build/lib/turtlesim_catch_them_all/__init__.py -> /home/saeesh/ros2_ws/install/turtlesim_catch_them_all/lib/python3.10/site-packages/turtlesim_catch_them_all
[3.366s] byte-compiling /home/saeesh/ros2_ws/install/turtlesim_catch_them_all/lib/python3.10/site-packages/turtlesim_catch_them_all/archives.py to archives.cpython-310.pyc
[3.366s] byte-compiling /home/saeesh/ros2_ws/install/turtlesim_catch_them_all/lib/python3.10/site-packages/turtlesim_catch_them_all/turtle_spawner.py to turtle_spawner.cpython-310.pyc
[3.368s] byte-compiling /home/saeesh/ros2_ws/install/turtlesim_catch_them_all/lib/python3.10/site-packages/turtlesim_catch_them_all/turtle_controller.py to turtle_controller.cpython-310.pyc
[3.369s] byte-compiling /home/saeesh/ros2_ws/install/turtlesim_catch_them_all/lib/python3.10/site-packages/turtlesim_catch_them_all/__init__.py to __init__.cpython-310.pyc
[3.369s] running install_data
[3.371s] running install_egg_info
[3.374s] Copying ../../build/turtlesim_catch_them_all/turtlesim_catch_them_all.egg-info to /home/saeesh/ros2_ws/install/turtlesim_catch_them_all/lib/python3.10/site-packages/turtlesim_catch_them_all-0.0.0-py3.10.egg-info
[3.420s] running install_scripts
[3.457s] Installing turtle_controller script to /home/saeesh/ros2_ws/install/turtlesim_catch_them_all/lib/turtlesim_catch_them_all
[3.458s] Installing turtle_spawner script to /home/saeesh/ros2_ws/install/turtlesim_catch_them_all/lib/turtlesim_catch_them_all
[3.458s] writing list of installed files to '/home/saeesh/ros2_ws/build/turtlesim_catch_them_all/install.log'
[3.528s] Invoked command in '/home/saeesh/ros2_ws/src/turtlesim_catch_them_all' returned '0': CMAKE_PREFIX_PATH=/home/saeesh/ros2_ws/install/my_robot_interface:/home/saeesh/ros2_ws/install/my_robot_bringup:/home/saeesh/ros2_ws/install/my_robot_interfaces LD_LIBRARY_PATH=/home/saeesh/ros2_ws/install/my_robot_interface/lib:/home/saeesh/ros2_ws/install/my_robot_interfaces/lib:/usr/lib/x86_64-linux-gnu/gazebo-11/plugins:/opt/ros/humble/opt/rviz_ogre_vendor/lib:/opt/ros/humble/lib/x86_64-linux-gnu:/opt/ros/humble/lib:/usr/share/gazebo/../../lib/x86_64-linux-gnu/gazebo-11/plugins PYTHONPATH=/home/saeesh/ros2_ws/build/turtlesim_catch_them_all/prefix_override:/home/saeesh/ros2_ws/install/turtlesim_catch_them_all/lib/python3.10/site-packages:${PYTHONPATH} /usr/bin/python3 setup.py egg_info --egg-base ../../build/turtlesim_catch_them_all build --build-base /home/saeesh/ros2_ws/build/turtlesim_catch_them_all/build install --record /home/saeesh/ros2_ws/build/turtlesim_catch_them_all/install.log --single-version-externally-managed
