[5.946s] DEBUG:colcon:Command line arguments: ['/usr/bin/colcon', 'build']
[5.946s] DEBUG:colcon:Parsed command line arguments: Namespace(log_base=None, log_level=None, verb_name='build', build_base='build', install_base='install', merge_install=False, symlink_install=False, test_result_base=None, continue_on_error=False, executor='parallel', parallel_workers=4, event_handlers=None, ignore_user_meta=False, metas=['./colcon.meta'], base_paths=['.'], packages_ignore=None, packages_ignore_regex=None, paths=None, packages_up_to=None, packages_up_to_regex=None, packages_above=None, packages_above_and_dependencies=None, packages_above_depth=None, packages_select_by_dep=None, packages_skip_by_dep=None, packages_skip_up_to=None, packages_select_build_failed=False, packages_skip_build_finished=False, packages_select_test_failures=False, packages_skip_test_passed=False, packages_select=None, packages_skip=None, packages_select_regex=None, packages_skip_regex=None, packages_start=None, packages_end=None, allow_overriding=[], cmake_args=None, cmake_target=None, cmake_target_skip_unavailable=False, cmake_clean_cache=False, cmake_clean_first=False, cmake_force_configure=False, ament_cmake_args=None, catkin_cmake_args=None, catkin_skip_building_tests=False, verb_parser=<colcon_defaults.argument_parser.defaults.DefaultArgumentsDecorator object at 0x7f0d76a9c730>, verb_extension=<colcon_core.verb.build.BuildVerb object at 0x7f0d76a8aef0>, main=<bound method BuildVerb.main of <colcon_core.verb.build.BuildVerb object at 0x7f0d76a8aef0>>)
[6.204s] Level 1:colcon.colcon_core.package_discovery:discover_packages(colcon_meta) check parameters
[6.204s] Level 1:colcon.colcon_core.package_discovery:discover_packages(recursive) check parameters
[6.204s] Level 1:colcon.colcon_core.package_discovery:discover_packages(ignore) check parameters
[6.204s] Level 1:colcon.colcon_core.package_discovery:discover_packages(path) check parameters
[6.205s] Level 1:colcon.colcon_core.package_discovery:discover_packages(colcon_meta) discover
[6.205s] Level 1:colcon.colcon_core.package_discovery:discover_packages(recursive) discover
[6.205s] INFO:colcon.colcon_core.package_discovery:Crawling recursively for packages in '/home/saeesh/ros2_ws'
[6.205s] Level 1:colcon.colcon_core.package_identification:_identify(.) by extensions ['ignore', 'ignore_ament_install']
[6.205s] Level 1:colcon.colcon_core.package_identification:_identify(.) by extension 'ignore'
[6.205s] Level 1:colcon.colcon_core.package_identification:_identify(.) by extension 'ignore_ament_install'
[6.205s] Level 1:colcon.colcon_core.package_identification:_identify(.) by extensions ['colcon_pkg']
[6.205s] Level 1:colcon.colcon_core.package_identification:_identify(.) by extension 'colcon_pkg'
[6.205s] Level 1:colcon.colcon_core.package_identification:_identify(.) by extensions ['colcon_meta']
[6.205s] Level 1:colcon.colcon_core.package_identification:_identify(.) by extension 'colcon_meta'
[6.205s] Level 1:colcon.colcon_core.package_identification:_identify(.) by extensions ['ros']
[6.205s] Level 1:colcon.colcon_core.package_identification:_identify(.) by extension 'ros'
[6.222s] Level 1:colcon.colcon_core.package_identification:_identify(.) by extensions ['cmake', 'python']
[6.222s] Level 1:colcon.colcon_core.package_identification:_identify(.) by extension 'cmake'
[6.222s] Level 1:colcon.colcon_core.package_identification:_identify(.) by extension 'python'
[6.222s] Level 1:colcon.colcon_core.package_identification:_identify(.) by extensions ['python_setup_py']
[6.222s] Level 1:colcon.colcon_core.package_identification:_identify(.) by extension 'python_setup_py'
[6.222s] Level 1:colcon.colcon_core.package_identification:_identify(build) by extensions ['ignore', 'ignore_ament_install']
[6.223s] Level 1:colcon.colcon_core.package_identification:_identify(build) by extension 'ignore'
[6.223s] Level 1:colcon.colcon_core.package_identification:_identify(build) ignored
[6.223s] Level 1:colcon.colcon_core.package_identification:_identify(install) by extensions ['ignore', 'ignore_ament_install']
[6.223s] Level 1:colcon.colcon_core.package_identification:_identify(install) by extension 'ignore'
[6.223s] Level 1:colcon.colcon_core.package_identification:_identify(install) ignored
[6.223s] Level 1:colcon.colcon_core.package_identification:_identify(log) by extensions ['ignore', 'ignore_ament_install']
[6.224s] Level 1:colcon.colcon_core.package_identification:_identify(log) by extension 'ignore'
[6.224s] Level 1:colcon.colcon_core.package_identification:_identify(log) ignored
[6.224s] Level 1:colcon.colcon_core.package_identification:_identify(src) by extensions ['ignore', 'ignore_ament_install']
[6.224s] Level 1:colcon.colcon_core.package_identification:_identify(src) by extension 'ignore'
[6.224s] Level 1:colcon.colcon_core.package_identification:_identify(src) by extension 'ignore_ament_install'
[6.224s] Level 1:colcon.colcon_core.package_identification:_identify(src) by extensions ['colcon_pkg']
[6.224s] Level 1:colcon.colcon_core.package_identification:_identify(src) by extension 'colcon_pkg'
[6.224s] Level 1:colcon.colcon_core.package_identification:_identify(src) by extensions ['colcon_meta']
[6.224s] Level 1:colcon.colcon_core.package_identification:_identify(src) by extension 'colcon_meta'
[6.225s] Level 1:colcon.colcon_core.package_identification:_identify(src) by extensions ['ros']
[6.225s] Level 1:colcon.colcon_core.package_identification:_identify(src) by extension 'ros'
[6.225s] Level 1:colcon.colcon_core.package_identification:_identify(src) by extensions ['cmake', 'python']
[6.225s] Level 1:colcon.colcon_core.package_identification:_identify(src) by extension 'cmake'
[6.225s] Level 1:colcon.colcon_core.package_identification:_identify(src) by extension 'python'
[6.225s] Level 1:colcon.colcon_core.package_identification:_identify(src) by extensions ['python_setup_py']
[6.225s] Level 1:colcon.colcon_core.package_identification:_identify(src) by extension 'python_setup_py'
[6.225s] Level 1:colcon.colcon_core.package_identification:_identify(src/my_py_pkg) by extensions ['ignore', 'ignore_ament_install']
[6.225s] Level 1:colcon.colcon_core.package_identification:_identify(src/my_py_pkg) by extension 'ignore'
[6.226s] Level 1:colcon.colcon_core.package_identification:_identify(src/my_py_pkg) by extension 'ignore_ament_install'
[6.226s] Level 1:colcon.colcon_core.package_identification:_identify(src/my_py_pkg) by extensions ['colcon_pkg']
[6.226s] Level 1:colcon.colcon_core.package_identification:_identify(src/my_py_pkg) by extension 'colcon_pkg'
[6.226s] Level 1:colcon.colcon_core.package_identification:_identify(src/my_py_pkg) by extensions ['colcon_meta']
[6.226s] Level 1:colcon.colcon_core.package_identification:_identify(src/my_py_pkg) by extension 'colcon_meta'
[6.226s] Level 1:colcon.colcon_core.package_identification:_identify(src/my_py_pkg) by extensions ['ros']
[6.226s] Level 1:colcon.colcon_core.package_identification:_identify(src/my_py_pkg) by extension 'ros'
[6.237s] DEBUG:colcon.colcon_core.package_identification:Package 'src/my_py_pkg' with type 'ros.ament_python' and name 'my_py_pkg'
[6.237s] Level 1:colcon.colcon_core.package_discovery:discover_packages(recursive) using defaults
[6.237s] Level 1:colcon.colcon_core.package_discovery:discover_packages(ignore) discover
[6.237s] Level 1:colcon.colcon_core.package_discovery:discover_packages(ignore) using defaults
[6.237s] Level 1:colcon.colcon_core.package_discovery:discover_packages(path) discover
[6.237s] Level 1:colcon.colcon_core.package_discovery:discover_packages(path) using defaults
[6.484s] Level 1:colcon.colcon_core.package_discovery:discover_packages(prefix_path) check parameters
[6.485s] Level 1:colcon.colcon_core.package_discovery:discover_packages(prefix_path) discover
[6.536s] DEBUG:colcon.colcon_installed_package_information.package_discovery:Found 1 installed packages in /home/saeesh/ros2_ws/install
[6.564s] DEBUG:colcon.colcon_installed_package_information.package_discovery:Found 270 installed packages in /opt/ros/humble
[6.591s] Level 1:colcon.colcon_core.package_discovery:discover_packages(prefix_path) using defaults
[6.783s] Level 5:colcon.colcon_core.verb:set package 'my_py_pkg' build argument 'cmake_args' from command line to 'None'
[6.783s] Level 5:colcon.colcon_core.verb:set package 'my_py_pkg' build argument 'cmake_target' from command line to 'None'
[6.783s] Level 5:colcon.colcon_core.verb:set package 'my_py_pkg' build argument 'cmake_target_skip_unavailable' from command line to 'False'
[6.783s] Level 5:colcon.colcon_core.verb:set package 'my_py_pkg' build argument 'cmake_clean_cache' from command line to 'False'
[6.783s] Level 5:colcon.colcon_core.verb:set package 'my_py_pkg' build argument 'cmake_clean_first' from command line to 'False'
[6.783s] Level 5:colcon.colcon_core.verb:set package 'my_py_pkg' build argument 'cmake_force_configure' from command line to 'False'
[6.783s] Level 5:colcon.colcon_core.verb:set package 'my_py_pkg' build argument 'ament_cmake_args' from command line to 'None'
[6.783s] Level 5:colcon.colcon_core.verb:set package 'my_py_pkg' build argument 'catkin_cmake_args' from command line to 'None'
[6.783s] Level 5:colcon.colcon_core.verb:set package 'my_py_pkg' build argument 'catkin_skip_building_tests' from command line to 'False'
[6.783s] DEBUG:colcon.colcon_core.verb:Building package 'my_py_pkg' with the following arguments: {'ament_cmake_args': None, 'build_base': '/home/saeesh/ros2_ws/build/my_py_pkg', 'catkin_cmake_args': None, 'catkin_skip_building_tests': False, 'cmake_args': None, 'cmake_clean_cache': False, 'cmake_clean_first': False, 'cmake_force_configure': False, 'cmake_target': None, 'cmake_target_skip_unavailable': False, 'install_base': '/home/saeesh/ros2_ws/install/my_py_pkg', 'merge_install': False, 'path': '/home/saeesh/ros2_ws/src/my_py_pkg', 'symlink_install': False, 'test_result_base': None}
[6.807s] INFO:colcon.colcon_core.executor:Executing jobs using 'parallel' executor
[6.849s] DEBUG:colcon.colcon_parallel_executor.executor.parallel:run_until_complete
[6.850s] INFO:colcon.colcon_ros.task.ament_python.build:Building ROS package in '/home/saeesh/ros2_ws/src/my_py_pkg' with build type 'ament_python'
[6.850s] Level 1:colcon.colcon_core.shell:create_environment_hook('my_py_pkg', 'ament_prefix_path')
[6.887s] INFO:colcon.colcon_core.plugin_system:Skipping extension 'colcon_core.shell.bat': Not used on non-Windows systems
[6.887s] INFO:colcon.colcon_core.shell:Creating environment hook '/home/saeesh/ros2_ws/install/my_py_pkg/share/my_py_pkg/hook/ament_prefix_path.ps1'
[6.889s] INFO:colcon.colcon_core.shell:Creating environment descriptor '/home/saeesh/ros2_ws/install/my_py_pkg/share/my_py_pkg/hook/ament_prefix_path.dsv'
[6.891s] INFO:colcon.colcon_core.shell:Creating environment hook '/home/saeesh/ros2_ws/install/my_py_pkg/share/my_py_pkg/hook/ament_prefix_path.sh'
[6.919s] INFO:colcon.colcon_core.shell:Skip shell extension 'powershell' for command environment: Not usable outside of PowerShell
[6.920s] DEBUG:colcon.colcon_core.shell:Skip shell extension 'dsv' for command environment
[7.614s] INFO:colcon.colcon_core.task.python.build:Building Python package in '/home/saeesh/ros2_ws/src/my_py_pkg'
[7.646s] INFO:colcon.colcon_core.shell:Skip shell extension 'powershell' for command environment: Not usable outside of PowerShell
[7.646s] DEBUG:colcon.colcon_core.shell:Skip shell extension 'dsv' for command environment
[8.897s] DEBUG:colcon.colcon_core.event_handler.log_command:Invoking command in '/home/saeesh/ros2_ws/src/my_py_pkg': PYTHONPATH=/home/saeesh/ros2_ws/build/my_py_pkg/prefix_override:/home/saeesh/ros2_ws/install/my_py_pkg/lib/python3.10/site-packages:${PYTHONPATH} /usr/bin/python3 setup.py egg_info --egg-base ../../build/my_py_pkg build --build-base /home/saeesh/ros2_ws/build/my_py_pkg/build install --record /home/saeesh/ros2_ws/build/my_py_pkg/install.log --single-version-externally-managed
[9.540s] DEBUG:colcon.colcon_core.event_handler.log_command:Invoked command in '/home/saeesh/ros2_ws/src/my_py_pkg' returned '0': PYTHONPATH=/home/saeesh/ros2_ws/build/my_py_pkg/prefix_override:/home/saeesh/ros2_ws/install/my_py_pkg/lib/python3.10/site-packages:${PYTHONPATH} /usr/bin/python3 setup.py egg_info --egg-base ../../build/my_py_pkg build --build-base /home/saeesh/ros2_ws/build/my_py_pkg/build install --record /home/saeesh/ros2_ws/build/my_py_pkg/install.log --single-version-externally-managed
[9.569s] Level 1:colcon.colcon_core.environment:checking '/home/saeesh/ros2_ws/install/my_py_pkg' for CMake module files
[9.570s] Level 1:colcon.colcon_core.environment:checking '/home/saeesh/ros2_ws/install/my_py_pkg' for CMake config files
[9.572s] Level 1:colcon.colcon_core.environment:checking '/home/saeesh/ros2_ws/install/my_py_pkg/lib'
[9.572s] Level 1:colcon.colcon_core.environment:checking '/home/saeesh/ros2_ws/install/my_py_pkg/bin'
[9.572s] Level 1:colcon.colcon_core.environment:checking '/home/saeesh/ros2_ws/install/my_py_pkg/lib/pkgconfig/my_py_pkg.pc'
[9.572s] Level 1:colcon.colcon_core.environment:checking '/home/saeesh/ros2_ws/install/my_py_pkg/lib/python3.10/site-packages'
[9.573s] Level 1:colcon.colcon_core.shell:create_environment_hook('my_py_pkg', 'pythonpath')
[9.596s] INFO:colcon.colcon_core.shell:Creating environment hook '/home/saeesh/ros2_ws/install/my_py_pkg/share/my_py_pkg/hook/pythonpath.ps1'
[9.597s] INFO:colcon.colcon_core.shell:Creating environment descriptor '/home/saeesh/ros2_ws/install/my_py_pkg/share/my_py_pkg/hook/pythonpath.dsv'
[9.597s] INFO:colcon.colcon_core.shell:Creating environment hook '/home/saeesh/ros2_ws/install/my_py_pkg/share/my_py_pkg/hook/pythonpath.sh'
[9.598s] Level 1:colcon.colcon_core.environment:checking '/home/saeesh/ros2_ws/install/my_py_pkg/bin'
[9.598s] Level 1:colcon.colcon_core.environment:create_environment_scripts_only(my_py_pkg)
[9.620s] INFO:colcon.colcon_core.shell:Creating package script '/home/saeesh/ros2_ws/install/my_py_pkg/share/my_py_pkg/package.ps1'
[9.651s] INFO:colcon.colcon_core.shell:Creating package descriptor '/home/saeesh/ros2_ws/install/my_py_pkg/share/my_py_pkg/package.dsv'
[9.663s] INFO:colcon.colcon_core.shell:Creating package script '/home/saeesh/ros2_ws/install/my_py_pkg/share/my_py_pkg/package.sh'
[9.665s] INFO:colcon.colcon_core.shell:Creating package script '/home/saeesh/ros2_ws/install/my_py_pkg/share/my_py_pkg/package.bash'
[9.667s] INFO:colcon.colcon_core.shell:Creating package script '/home/saeesh/ros2_ws/install/my_py_pkg/share/my_py_pkg/package.zsh'
[9.679s] Level 1:colcon.colcon_core.environment:create_file_with_runtime_dependencies(/home/saeesh/ros2_ws/install/my_py_pkg/share/colcon-core/packages/my_py_pkg)
[9.680s] DEBUG:colcon.colcon_parallel_executor.executor.parallel:closing loop
[9.680s] DEBUG:colcon.colcon_parallel_executor.executor.parallel:loop closed
[9.681s] DEBUG:colcon.colcon_parallel_executor.executor.parallel:run_until_complete finished with '0'
[9.681s] DEBUG:colcon.colcon_core.event_reactor:joining thread
[9.878s] INFO:colcon.colcon_core.plugin_system:Skipping extension 'colcon_notification.desktop_notification.terminal_notifier': Not used on non-Darwin systems
[9.878s] INFO:colcon.colcon_core.plugin_system:Skipping extension 'colcon_notification.desktop_notification.win32': Not used on non-Windows systems
[9.879s] INFO:colcon.colcon_notification.desktop_notification:Sending desktop notification using 'notify2'
[10.012s] DEBUG:colcon.colcon_core.event_reactor:joined thread
[10.064s] INFO:colcon.colcon_core.shell:Creating prefix script '/home/saeesh/ros2_ws/install/local_setup.ps1'
[10.069s] INFO:colcon.colcon_core.shell:Creating prefix util module '/home/saeesh/ros2_ws/install/_local_setup_util_ps1.py'
[10.072s] INFO:colcon.colcon_core.shell:Creating prefix chain script '/home/saeesh/ros2_ws/install/setup.ps1'
[10.105s] INFO:colcon.colcon_core.shell:Creating prefix script '/home/saeesh/ros2_ws/install/local_setup.sh'
[10.107s] INFO:colcon.colcon_core.shell:Creating prefix util module '/home/saeesh/ros2_ws/install/_local_setup_util_sh.py'
[10.108s] INFO:colcon.colcon_core.shell:Creating prefix chain script '/home/saeesh/ros2_ws/install/setup.sh'
[10.139s] INFO:colcon.colcon_core.shell:Creating prefix script '/home/saeesh/ros2_ws/install/local_setup.bash'
[10.140s] INFO:colcon.colcon_core.shell:Creating prefix chain script '/home/saeesh/ros2_ws/install/setup.bash'
[10.182s] INFO:colcon.colcon_core.shell:Creating prefix script '/home/saeesh/ros2_ws/install/local_setup.zsh'
[10.184s] INFO:colcon.colcon_core.shell:Creating prefix chain script '/home/saeesh/ros2_ws/install/setup.zsh'
