[0.313s] Invoking command in '/home/saeesh/ros2_ws/build/my_robot_interfaces': CMAKE_PREFIX_PATH=${CMAKE_PREFIX_PATH}:/home/saeesh/ros2_ws/install/my_py_pkg:/opt/ros/humble /usr/bin/cmake --build /home/saeesh/ros2_ws/build/my_robot_interfaces -- -j4 -l4
[0.645s] [33mCMake Warning (dev) at CMakeLists.txt:31:
[0.645s]   Syntax Warning in cmake code at column 25
[0.646s] 
[0.646s]   Argument not separated from preceding token by whitespace.
[0.646s] This warning is for project developers.  Use -Wno-dev to suppress it.
[0.646s] [0m
[0.897s] -- Found ament_cmake: 1.3.6 (/opt/ros/humble/share/ament_cmake/cmake)
[1.408s] -- Found ament_lint_auto: 0.12.9 (/opt/ros/humble/share/ament_lint_auto/cmake)
[1.617s] -- Found rosidl_default_generators: 1.2.0 (/opt/ros/humble/share/rosidl_default_generators/cmake)
[1.637s] -- Using all available rosidl_typesupport_c: rosidl_typesupport_fastrtps_c;rosidl_typesupport_introspection_c
[1.643s] -- Found rosidl_adapter: 3.1.5 (/opt/ros/humble/share/rosidl_adapter/cmake)
[1.799s] -- Using all available rosidl_typesupport_cpp: rosidl_typesupport_fastrtps_cpp;rosidl_typesupport_introspection_cpp
[1.906s] [31mCMake Error at /opt/ros/humble/share/rosidl_cmake/cmake/rosidl_generate_interfaces.cmake:93 (message):
[1.906s]   rosidl_generate_interfaces() the passed file ',' doesn't exist relative to
[1.906s]   the CMAKE_CURRENT_SOURCE_DIR '/home/saeesh/ros2_ws/src/my_robot_interfaces'
[1.906s] Call Stack (most recent call first):
[1.907s]   CMakeLists.txt:29 (rosidl_generate_interfaces)
[1.907s] 
[1.907s] [0m
[1.907s] -- Configuring incomplete, errors occurred!
[1.907s] See also "/home/saeesh/ros2_ws/build/my_robot_interfaces/CMakeFiles/CMakeOutput.log".
[1.920s] gmake: *** [Makefile:747: cmake_check_build_system] Error 1
[1.926s] Invoked command in '/home/saeesh/ros2_ws/build/my_robot_interfaces' returned '2': CMAKE_PREFIX_PATH=${CMAKE_PREFIX_PATH}:/home/saeesh/ros2_ws/install/my_py_pkg:/opt/ros/humble /usr/bin/cmake --build /home/saeesh/ros2_ws/build/my_robot_interfaces -- -j4 -l4
