[1.031s] Invoking command in '/home/saeesh/ros2_ws/build/my_robot_description': CMAKE_PREFIX_PATH=${CMAKE_PREFIX_PATH}:/home/saeesh/ros2_ws/install/turtlsim_catch_them_all:/home/saeesh/ros2_ws/install/turtlesim_catch_them_all:/home/saeesh/ros2_ws/install/my_py_pkg:/opt/ros/humble /usr/bin/cmake --build /home/saeesh/ros2_ws/build/my_robot_description -- -j4 -l4
[1.095s] -- Found ament_cmake: 1.3.6 (/opt/ros/humble/share/ament_cmake/cmake)
[1.709s] -- Configuring done
[1.715s] -- Generating done
[1.717s] -- Build files have been written to: /home/saeesh/ros2_ws/build/my_robot_description
[1.929s] Invoked command in '/home/saeesh/ros2_ws/build/my_robot_description' returned '0': CMAKE_PREFIX_PATH=${CMAKE_PREFIX_PATH}:/home/saeesh/ros2_ws/install/turtlsim_catch_them_all:/home/saeesh/ros2_ws/install/turtlesim_catch_them_all:/home/saeesh/ros2_ws/install/my_py_pkg:/opt/ros/humble /usr/bin/cmake --build /home/saeesh/ros2_ws/build/my_robot_description -- -j4 -l4
[2.004s] Invoking command in '/home/saeesh/ros2_ws/build/my_robot_description': CMAKE_PREFIX_PATH=${CMAKE_PREFIX_PATH}:/home/saeesh/ros2_ws/install/turtlsim_catch_them_all:/home/saeesh/ros2_ws/install/turtlesim_catch_them_all:/home/saeesh/ros2_ws/install/my_py_pkg:/opt/ros/humble /usr/bin/cmake --install /home/saeesh/ros2_ws/build/my_robot_description
[2.043s] -- Install configuration: ""
[2.044s] -- Up-to-date: /home/saeesh/ros2_ws/install/my_robot_description/share/my_robot_description//urdf
[2.044s] -- Up-to-date: /home/saeesh/ros2_ws/install/my_robot_description/share/my_robot_description//urdf/my_robot.urdf
[2.044s] -- Installing: /home/saeesh/ros2_ws/install/my_robot_description/share/my_robot_description//launch
[2.044s] -- Up-to-date: /home/saeesh/ros2_ws/install/my_robot_description/share/ament_index/resource_index/package_run_dependencies/my_robot_description
[2.044s] -- Up-to-date: /home/saeesh/ros2_ws/install/my_robot_description/share/ament_index/resource_index/parent_prefix_path/my_robot_description
[2.045s] -- Up-to-date: /home/saeesh/ros2_ws/install/my_robot_description/share/my_robot_description/environment/ament_prefix_path.sh
[2.045s] -- Installing: /home/saeesh/ros2_ws/install/my_robot_description/share/my_robot_description/environment/ament_prefix_path.dsv
[2.045s] -- Up-to-date: /home/saeesh/ros2_ws/install/my_robot_description/share/my_robot_description/environment/path.sh
[2.046s] -- Installing: /home/saeesh/ros2_ws/install/my_robot_description/share/my_robot_description/environment/path.dsv
[2.046s] -- Up-to-date: /home/saeesh/ros2_ws/install/my_robot_description/share/my_robot_description/local_setup.bash
[2.046s] -- Up-to-date: /home/saeesh/ros2_ws/install/my_robot_description/share/my_robot_description/local_setup.sh
[2.046s] -- Up-to-date: /home/saeesh/ros2_ws/install/my_robot_description/share/my_robot_description/local_setup.zsh
[2.048s] -- Installing: /home/saeesh/ros2_ws/install/my_robot_description/share/my_robot_description/local_setup.dsv
[2.048s] -- Installing: /home/saeesh/ros2_ws/install/my_robot_description/share/my_robot_description/package.dsv
[2.048s] -- Up-to-date: /home/saeesh/ros2_ws/install/my_robot_description/share/ament_index/resource_index/packages/my_robot_description
[2.048s] -- Up-to-date: /home/saeesh/ros2_ws/install/my_robot_description/share/my_robot_description/cmake/my_robot_descriptionConfig.cmake
[2.049s] -- Up-to-date: /home/saeesh/ros2_ws/install/my_robot_description/share/my_robot_description/cmake/my_robot_descriptionConfig-version.cmake
[2.049s] -- Up-to-date: /home/saeesh/ros2_ws/install/my_robot_description/share/my_robot_description/package.xml
[2.054s] Invoked command in '/home/saeesh/ros2_ws/build/my_robot_description' returned '0': CMAKE_PREFIX_PATH=${CMAKE_PREFIX_PATH}:/home/saeesh/ros2_ws/install/turtlsim_catch_them_all:/home/saeesh/ros2_ws/install/turtlesim_catch_them_all:/home/saeesh/ros2_ws/install/my_py_pkg:/opt/ros/humble /usr/bin/cmake --install /home/saeesh/ros2_ws/build/my_robot_description
