[1.196s] Invoking command in '/home/saeesh/ros2_ws/src/turtlesim_catch_them_all': PYTHONPATH=/home/saeesh/ros2_ws/build/turtlesim_catch_them_all/prefix_override:/home/saeesh/ros2_ws/install/turtlesim_catch_them_all/lib/python3.10/site-packages:${PYTHONPATH} /usr/bin/python3 setup.py egg_info --egg-base ../../build/turtlesim_catch_them_all build --build-base /home/saeesh/ros2_ws/build/turtlesim_catch_them_all/build install --record /home/saeesh/ros2_ws/build/turtlesim_catch_them_all/install.log --single-version-externally-managed
[1.548s] running egg_info
[1.549s] writing ../../build/turtlesim_catch_them_all/turtlesim_catch_them_all.egg-info/PKG-INFO
[1.549s] writing dependency_links to ../../build/turtlesim_catch_them_all/turtlesim_catch_them_all.egg-info/dependency_links.txt
[1.549s] writing entry points to ../../build/turtlesim_catch_them_all/turtlesim_catch_them_all.egg-info/entry_points.txt
[1.550s] writing requirements to ../../build/turtlesim_catch_them_all/turtlesim_catch_them_all.egg-info/requires.txt
[1.550s] writing top-level names to ../../build/turtlesim_catch_them_all/turtlesim_catch_them_all.egg-info/top_level.txt
[1.552s] reading manifest file '../../build/turtlesim_catch_them_all/turtlesim_catch_them_all.egg-info/SOURCES.txt'
[1.553s] writing manifest file '../../build/turtlesim_catch_them_all/turtlesim_catch_them_all.egg-info/SOURCES.txt'
[1.553s] running build
[1.554s] running build_py
[1.554s] copying turtlesim_catch_them_all/turtle_spawner.py -> /home/saeesh/ros2_ws/build/turtlesim_catch_them_all/build/lib/turtlesim_catch_them_all
[1.554s] running install
[1.554s] running install_lib
[1.555s] copying /home/saeesh/ros2_ws/build/turtlesim_catch_them_all/build/lib/turtlesim_catch_them_all/turtle_spawner.py -> /home/saeesh/ros2_ws/install/turtlesim_catch_them_all/lib/python3.10/site-packages/turtlesim_catch_them_all
[1.557s] byte-compiling /home/saeesh/ros2_ws/install/turtlesim_catch_them_all/lib/python3.10/site-packages/turtlesim_catch_them_all/turtle_spawner.py to turtle_spawner.cpython-310.pyc
[1.558s] running install_data
[1.558s] running install_egg_info
[1.560s] removing '/home/saeesh/ros2_ws/install/turtlesim_catch_them_all/lib/python3.10/site-packages/turtlesim_catch_them_all-0.0.0-py3.10.egg-info' (and everything under it)
[1.561s] Copying ../../build/turtlesim_catch_them_all/turtlesim_catch_them_all.egg-info to /home/saeesh/ros2_ws/install/turtlesim_catch_them_all/lib/python3.10/site-packages/turtlesim_catch_them_all-0.0.0-py3.10.egg-info
[1.563s] running install_scripts
[1.588s] Installing turtle_controller script to /home/saeesh/ros2_ws/install/turtlesim_catch_them_all/lib/turtlesim_catch_them_all
[1.589s] Installing turtle_spawner script to /home/saeesh/ros2_ws/install/turtlesim_catch_them_all/lib/turtlesim_catch_them_all
[1.589s] writing list of installed files to '/home/saeesh/ros2_ws/build/turtlesim_catch_them_all/install.log'
[1.649s] Invoked command in '/home/saeesh/ros2_ws/src/turtlesim_catch_them_all' returned '0': PYTHONPATH=/home/saeesh/ros2_ws/build/turtlesim_catch_them_all/prefix_override:/home/saeesh/ros2_ws/install/turtlesim_catch_them_all/lib/python3.10/site-packages:${PYTHONPATH} /usr/bin/python3 setup.py egg_info --egg-base ../../build/turtlesim_catch_them_all build --build-base /home/saeesh/ros2_ws/build/turtlesim_catch_them_all/build install --record /home/saeesh/ros2_ws/build/turtlesim_catch_them_all/install.log --single-version-externally-managed
