[0.641s] Invoking command in '/home/saeesh/ros2_ws/build/my_robot_interfaces': CMAKE_PREFIX_PATH=/home/saeesh/ros2_ws/install/my_py_pkg:/opt/ros/humble /usr/bin/cmake /home/saeesh/ros2_ws/src/my_robot_interfaces -DCMAKE_INSTALL_PREFIX=/home/saeesh/ros2_ws/install/my_robot_interfaces
[2.327s] -- The C compiler identification is GNU 11.4.0
[3.390s] -- The CXX compiler identification is GNU 11.4.0
[3.471s] -- Detecting C compiler ABI info
[3.702s] -- Detecting C compiler ABI info - done
[3.715s] -- Check for working C compiler: /usr/bin/cc - skipped
[3.716s] -- Detecting C compile features
[3.743s] -- Detecting C compile features - done
[3.751s] -- Detecting CXX compiler ABI info
[4.181s] -- Detecting CXX compiler ABI info - done
[4.311s] -- Check for working CXX compiler: /usr/bin/c++ - skipped
[4.315s] -- Detecting CXX compile features
[4.322s] -- Detecting CXX compile features - done
[4.478s] -- Found ament_cmake: 1.3.6 (/opt/ros/humble/share/ament_cmake/cmake)
[4.978s] -- Found Python3: /usr/bin/python3.10 (found version "3.10.12") found components: Interpreter 
[5.315s] -- Found ament_lint_auto: 0.12.9 (/opt/ros/humble/share/ament_lint_auto/cmake)
[5.709s] [31mCMake Error at CMakeLists.txt:27 (find_package):
[5.710s]   By not providing "Findrosidl_default_generator.cmake" in CMAKE_MODULE_PATH
[5.710s]   this project has asked CMake to find a package configuration file provided
[5.710s]   by "rosidl_default_generator", but CMake did not find one.
[5.710s] 
[5.710s]   Could not find a package configuration file provided by
[5.710s]   "rosidl_default_generator" with any of the following names:
[5.710s] 
[5.711s]     rosidl_default_generatorConfig.cmake
[5.711s]     rosidl_default_generator-config.cmake
[5.711s] 
[5.711s]   Add the installation prefix of "rosidl_default_generator" to
[5.711s]   CMAKE_PREFIX_PATH or set "rosidl_default_generator_DIR" to a directory
[5.711s]   containing one of the above files.  If "rosidl_default_generator" provides
[5.711s]   a separate development package or SDK, be sure it has been installed.
[5.712s] 
[5.712s] [0m
[5.712s] -- Configuring incomplete, errors occurred!
[5.712s] See also "/home/saeesh/ros2_ws/build/my_robot_interfaces/CMakeFiles/CMakeOutput.log".
[5.718s] Invoked command in '/home/saeesh/ros2_ws/build/my_robot_interfaces' returned '1': CMAKE_PREFIX_PATH=/home/saeesh/ros2_ws/install/my_py_pkg:/opt/ros/humble /usr/bin/cmake /home/saeesh/ros2_ws/src/my_robot_interfaces -DCMAKE_INSTALL_PREFIX=/home/saeesh/ros2_ws/install/my_robot_interfaces
