[0.196s] Invoking command in '/home/saeesh/ros2_ws/build/my_robot_interfaces': CMAKE_PREFIX_PATH=${CMAKE_PREFIX_PATH}:/home/saeesh/ros2_ws/install/my_py_pkg:/opt/ros/humble /usr/bin/cmake --build /home/saeesh/ros2_ws/build/my_robot_interfaces -- -j4 -l4
[0.338s] [ 10%] Built target my_robot_interfaces__rosidl_generator_c
[0.339s] [ 12%] Built target my_robot_interfaces__cpp
[0.373s] [ 12%] Built target ament_cmake_python_copy_my_robot_interfaces
[0.411s] [ 31%] Built target my_robot_interfaces__rosidl_typesupport_c
[0.412s] [ 34%] Built target my_robot_interfaces__rosidl_typesupport_introspection_c
[0.416s] [ 44%] Built target my_robot_interfaces__rosidl_typesupport_fastrtps_c
[0.453s] [ 55%] Built target my_robot_interfaces__rosidl_typesupport_fastrtps_cpp
[0.489s] [ 65%] Built target my_robot_interfaces__rosidl_typesupport_cpp
[0.495s] [ 76%] Built target my_robot_interfaces__rosidl_typesupport_introspection_cpp
[0.554s] [ 76%] Built target my_robot_interfaces
[0.614s] [ 78%] Built target my_robot_interfaces__py
[0.680s] [ 87%] Built target my_robot_interfaces__rosidl_generator_py
[0.759s] [ 95%] Built target my_robot_interfaces__rosidl_typesupport_fastrtps_c__pyext
[0.760s] [ 95%] Built target my_robot_interfaces__rosidl_typesupport_c__pyext
[0.764s] [100%] Built target my_robot_interfaces__rosidl_typesupport_introspection_c__pyext
[0.979s] running egg_info
[0.980s] writing my_robot_interfaces.egg-info/PKG-INFO
[0.980s] writing dependency_links to my_robot_interfaces.egg-info/dependency_links.txt
[0.980s] writing top-level names to my_robot_interfaces.egg-info/top_level.txt
[0.983s] reading manifest file 'my_robot_interfaces.egg-info/SOURCES.txt'
[0.984s] writing manifest file 'my_robot_interfaces.egg-info/SOURCES.txt'
[1.021s] [100%] Built target ament_cmake_python_build_my_robot_interfaces_egg
[1.040s] Invoked command in '/home/saeesh/ros2_ws/build/my_robot_interfaces' returned '0': CMAKE_PREFIX_PATH=${CMAKE_PREFIX_PATH}:/home/saeesh/ros2_ws/install/my_py_pkg:/opt/ros/humble /usr/bin/cmake --build /home/saeesh/ros2_ws/build/my_robot_interfaces -- -j4 -l4
[1.207s] Invoking command in '/home/saeesh/ros2_ws/build/my_robot_interfaces': CMAKE_PREFIX_PATH=${CMAKE_PREFIX_PATH}:/home/saeesh/ros2_ws/install/my_py_pkg:/opt/ros/humble /usr/bin/cmake --install /home/saeesh/ros2_ws/build/my_robot_interfaces
[1.219s] -- Install configuration: ""
[1.219s] -- Up-to-date: /home/saeesh/ros2_ws/install/my_robot_interfaces/share/ament_index/resource_index/rosidl_interfaces/my_robot_interfaces
[1.219s] -- Up-to-date: /home/saeesh/ros2_ws/install/my_robot_interfaces/include/my_robot_interfaces/my_robot_interfaces
[1.219s] -- Up-to-date: /home/saeesh/ros2_ws/install/my_robot_interfaces/include/my_robot_interfaces/my_robot_interfaces/srv
[1.219s] -- Up-to-date: /home/saeesh/ros2_ws/install/my_robot_interfaces/include/my_robot_interfaces/my_robot_interfaces/srv/detail
[1.220s] -- Up-to-date: /home/saeesh/ros2_ws/install/my_robot_interfaces/include/my_robot_interfaces/my_robot_interfaces/srv/detail/set_led__functions.c
[1.220s] -- Up-to-date: /home/saeesh/ros2_ws/install/my_robot_interfaces/include/my_robot_interfaces/my_robot_interfaces/srv/detail/set_led__struct.h
[1.220s] -- Up-to-date: /home/saeesh/ros2_ws/install/my_robot_interfaces/include/my_robot_interfaces/my_robot_interfaces/srv/detail/set_led__type_support.h
[1.220s] -- Up-to-date: /home/saeesh/ros2_ws/install/my_robot_interfaces/include/my_robot_interfaces/my_robot_interfaces/srv/detail/set_led__functions.h
[1.220s] -- Up-to-date: /home/saeesh/ros2_ws/install/my_robot_interfaces/include/my_robot_interfaces/my_robot_interfaces/srv/set_led.h
[1.220s] -- Up-to-date: /home/saeesh/ros2_ws/install/my_robot_interfaces/include/my_robot_interfaces/my_robot_interfaces/msg
[1.221s] -- Up-to-date: /home/saeesh/ros2_ws/install/my_robot_interfaces/include/my_robot_interfaces/my_robot_interfaces/msg/led_status_array.h
[1.221s] -- Up-to-date: /home/saeesh/ros2_ws/install/my_robot_interfaces/include/my_robot_interfaces/my_robot_interfaces/msg/rosidl_generator_c__visibility_control.h
[1.221s] -- Up-to-date: /home/saeesh/ros2_ws/install/my_robot_interfaces/include/my_robot_interfaces/my_robot_interfaces/msg/hardware_status.h
[1.221s] -- Up-to-date: /home/saeesh/ros2_ws/install/my_robot_interfaces/include/my_robot_interfaces/my_robot_interfaces/msg/detail
[1.221s] -- Up-to-date: /home/saeesh/ros2_ws/install/my_robot_interfaces/include/my_robot_interfaces/my_robot_interfaces/msg/detail/led_status_array__type_support.h
[1.221s] -- Up-to-date: /home/saeesh/ros2_ws/install/my_robot_interfaces/include/my_robot_interfaces/my_robot_interfaces/msg/detail/led_status_array__struct.h
[1.222s] -- Up-to-date: /home/saeesh/ros2_ws/install/my_robot_interfaces/include/my_robot_interfaces/my_robot_interfaces/msg/detail/hardware_status__type_support.h
[1.222s] -- Up-to-date: /home/saeesh/ros2_ws/install/my_robot_interfaces/include/my_robot_interfaces/my_robot_interfaces/msg/detail/led_status_array__functions.c
[1.222s] -- Up-to-date: /home/saeesh/ros2_ws/install/my_robot_interfaces/include/my_robot_interfaces/my_robot_interfaces/msg/detail/hardware_status__functions.c
[1.222s] -- Up-to-date: /home/saeesh/ros2_ws/install/my_robot_interfaces/include/my_robot_interfaces/my_robot_interfaces/msg/detail/hardware_status__struct.h
[1.222s] -- Up-to-date: /home/saeesh/ros2_ws/install/my_robot_interfaces/include/my_robot_interfaces/my_robot_interfaces/msg/detail/hardware_status__functions.h
[1.222s] -- Up-to-date: /home/saeesh/ros2_ws/install/my_robot_interfaces/include/my_robot_interfaces/my_robot_interfaces/msg/detail/led_status_array__functions.h
[1.223s] -- Up-to-date: /home/saeesh/ros2_ws/install/my_robot_interfaces/share/my_robot_interfaces/environment/library_path.sh
[1.223s] -- Up-to-date: /home/saeesh/ros2_ws/install/my_robot_interfaces/share/my_robot_interfaces/environment/library_path.dsv
[1.223s] -- Up-to-date: /home/saeesh/ros2_ws/install/my_robot_interfaces/lib/libmy_robot_interfaces__rosidl_generator_c.so
[1.223s] -- Up-to-date: /home/saeesh/ros2_ws/install/my_robot_interfaces/include/my_robot_interfaces/my_robot_interfaces
[1.223s] -- Up-to-date: /home/saeesh/ros2_ws/install/my_robot_interfaces/include/my_robot_interfaces/my_robot_interfaces/srv
[1.223s] -- Up-to-date: /home/saeesh/ros2_ws/install/my_robot_interfaces/include/my_robot_interfaces/my_robot_interfaces/srv/detail
[1.223s] -- Up-to-date: /home/saeesh/ros2_ws/install/my_robot_interfaces/include/my_robot_interfaces/my_robot_interfaces/srv/detail/set_led__rosidl_typesupport_fastrtps_c.h
[1.224s] -- Up-to-date: /home/saeesh/ros2_ws/install/my_robot_interfaces/include/my_robot_interfaces/my_robot_interfaces/msg
[1.224s] -- Up-to-date: /home/saeesh/ros2_ws/install/my_robot_interfaces/include/my_robot_interfaces/my_robot_interfaces/msg/rosidl_typesupport_fastrtps_c__visibility_control.h
[1.224s] -- Up-to-date: /home/saeesh/ros2_ws/install/my_robot_interfaces/include/my_robot_interfaces/my_robot_interfaces/msg/detail
[1.224s] -- Up-to-date: /home/saeesh/ros2_ws/install/my_robot_interfaces/include/my_robot_interfaces/my_robot_interfaces/msg/detail/led_status_array__rosidl_typesupport_fastrtps_c.h
[1.224s] -- Up-to-date: /home/saeesh/ros2_ws/install/my_robot_interfaces/include/my_robot_interfaces/my_robot_interfaces/msg/detail/hardware_status__rosidl_typesupport_fastrtps_c.h
[1.225s] -- Up-to-date: /home/saeesh/ros2_ws/install/my_robot_interfaces/lib/libmy_robot_interfaces__rosidl_typesupport_fastrtps_c.so
[1.225s] -- Up-to-date: /home/saeesh/ros2_ws/install/my_robot_interfaces/include/my_robot_interfaces/my_robot_interfaces
[1.225s] -- Up-to-date: /home/saeesh/ros2_ws/install/my_robot_interfaces/include/my_robot_interfaces/my_robot_interfaces/srv
[1.225s] -- Up-to-date: /home/saeesh/ros2_ws/install/my_robot_interfaces/include/my_robot_interfaces/my_robot_interfaces/srv/detail
[1.225s] -- Up-to-date: /home/saeesh/ros2_ws/install/my_robot_interfaces/include/my_robot_interfaces/my_robot_interfaces/srv/detail/set_led__type_support.c
[1.225s] -- Up-to-date: /home/saeesh/ros2_ws/install/my_robot_interfaces/include/my_robot_interfaces/my_robot_interfaces/srv/detail/set_led__rosidl_typesupport_introspection_c.h
[1.226s] -- Up-to-date: /home/saeesh/ros2_ws/install/my_robot_interfaces/include/my_robot_interfaces/my_robot_interfaces/msg
[1.226s] -- Up-to-date: /home/saeesh/ros2_ws/install/my_robot_interfaces/include/my_robot_interfaces/my_robot_interfaces/msg/detail
[1.226s] -- Up-to-date: /home/saeesh/ros2_ws/install/my_robot_interfaces/include/my_robot_interfaces/my_robot_interfaces/msg/detail/hardware_status__rosidl_typesupport_introspection_c.h
[1.226s] -- Up-to-date: /home/saeesh/ros2_ws/install/my_robot_interfaces/include/my_robot_interfaces/my_robot_interfaces/msg/detail/hardware_status__type_support.c
[1.226s] -- Up-to-date: /home/saeesh/ros2_ws/install/my_robot_interfaces/include/my_robot_interfaces/my_robot_interfaces/msg/detail/led_status_array__rosidl_typesupport_introspection_c.h
[1.226s] -- Up-to-date: /home/saeesh/ros2_ws/install/my_robot_interfaces/include/my_robot_interfaces/my_robot_interfaces/msg/detail/led_status_array__type_support.c
[1.226s] -- Up-to-date: /home/saeesh/ros2_ws/install/my_robot_interfaces/include/my_robot_interfaces/my_robot_interfaces/msg/rosidl_typesupport_introspection_c__visibility_control.h
[1.227s] -- Up-to-date: /home/saeesh/ros2_ws/install/my_robot_interfaces/lib/libmy_robot_interfaces__rosidl_typesupport_introspection_c.so
[1.227s] -- Up-to-date: /home/saeesh/ros2_ws/install/my_robot_interfaces/lib/libmy_robot_interfaces__rosidl_typesupport_c.so
[1.227s] -- Up-to-date: /home/saeesh/ros2_ws/install/my_robot_interfaces/include/my_robot_interfaces/my_robot_interfaces
[1.227s] -- Up-to-date: /home/saeesh/ros2_ws/install/my_robot_interfaces/include/my_robot_interfaces/my_robot_interfaces/srv
[1.227s] -- Up-to-date: /home/saeesh/ros2_ws/install/my_robot_interfaces/include/my_robot_interfaces/my_robot_interfaces/srv/detail
[1.227s] -- Up-to-date: /home/saeesh/ros2_ws/install/my_robot_interfaces/include/my_robot_interfaces/my_robot_interfaces/srv/detail/set_led__traits.hpp
[1.227s] -- Up-to-date: /home/saeesh/ros2_ws/install/my_robot_interfaces/include/my_robot_interfaces/my_robot_interfaces/srv/detail/set_led__builder.hpp
[1.228s] -- Up-to-date: /home/saeesh/ros2_ws/install/my_robot_interfaces/include/my_robot_interfaces/my_robot_interfaces/srv/detail/set_led__struct.hpp
[1.228s] -- Up-to-date: /home/saeesh/ros2_ws/install/my_robot_interfaces/include/my_robot_interfaces/my_robot_interfaces/srv/set_led.hpp
[1.228s] -- Up-to-date: /home/saeesh/ros2_ws/install/my_robot_interfaces/include/my_robot_interfaces/my_robot_interfaces/msg
[1.228s] -- Up-to-date: /home/saeesh/ros2_ws/install/my_robot_interfaces/include/my_robot_interfaces/my_robot_interfaces/msg/detail
[1.228s] -- Up-to-date: /home/saeesh/ros2_ws/install/my_robot_interfaces/include/my_robot_interfaces/my_robot_interfaces/msg/detail/led_status_array__traits.hpp
[1.228s] -- Up-to-date: /home/saeesh/ros2_ws/install/my_robot_interfaces/include/my_robot_interfaces/my_robot_interfaces/msg/detail/hardware_status__traits.hpp
[1.229s] -- Up-to-date: /home/saeesh/ros2_ws/install/my_robot_interfaces/include/my_robot_interfaces/my_robot_interfaces/msg/detail/hardware_status__struct.hpp
[1.229s] -- Up-to-date: /home/saeesh/ros2_ws/install/my_robot_interfaces/include/my_robot_interfaces/my_robot_interfaces/msg/detail/led_status_array__struct.hpp
[1.229s] -- Up-to-date: /home/saeesh/ros2_ws/install/my_robot_interfaces/include/my_robot_interfaces/my_robot_interfaces/msg/detail/led_status_array__builder.hpp
[1.229s] -- Up-to-date: /home/saeesh/ros2_ws/install/my_robot_interfaces/include/my_robot_interfaces/my_robot_interfaces/msg/detail/hardware_status__builder.hpp
[1.229s] -- Up-to-date: /home/saeesh/ros2_ws/install/my_robot_interfaces/include/my_robot_interfaces/my_robot_interfaces/msg/led_status_array.hpp
[1.229s] -- Up-to-date: /home/saeesh/ros2_ws/install/my_robot_interfaces/include/my_robot_interfaces/my_robot_interfaces/msg/hardware_status.hpp
[1.230s] -- Up-to-date: /home/saeesh/ros2_ws/install/my_robot_interfaces/include/my_robot_interfaces/my_robot_interfaces
[1.230s] -- Up-to-date: /home/saeesh/ros2_ws/install/my_robot_interfaces/include/my_robot_interfaces/my_robot_interfaces/srv
[1.230s] -- Up-to-date: /home/saeesh/ros2_ws/install/my_robot_interfaces/include/my_robot_interfaces/my_robot_interfaces/srv/detail
[1.230s] -- Up-to-date: /home/saeesh/ros2_ws/install/my_robot_interfaces/include/my_robot_interfaces/my_robot_interfaces/srv/detail/set_led__rosidl_typesupport_fastrtps_cpp.hpp
[1.230s] -- Up-to-date: /home/saeesh/ros2_ws/install/my_robot_interfaces/include/my_robot_interfaces/my_robot_interfaces/srv/detail/dds_fastrtps
[1.230s] -- Up-to-date: /home/saeesh/ros2_ws/install/my_robot_interfaces/include/my_robot_interfaces/my_robot_interfaces/msg
[1.231s] -- Up-to-date: /home/saeesh/ros2_ws/install/my_robot_interfaces/include/my_robot_interfaces/my_robot_interfaces/msg/detail
[1.231s] -- Up-to-date: /home/saeesh/ros2_ws/install/my_robot_interfaces/include/my_robot_interfaces/my_robot_interfaces/msg/detail/led_status_array__rosidl_typesupport_fastrtps_cpp.hpp
[1.231s] -- Up-to-date: /home/saeesh/ros2_ws/install/my_robot_interfaces/include/my_robot_interfaces/my_robot_interfaces/msg/detail/hardware_status__rosidl_typesupport_fastrtps_cpp.hpp
[1.231s] -- Up-to-date: /home/saeesh/ros2_ws/install/my_robot_interfaces/include/my_robot_interfaces/my_robot_interfaces/msg/detail/dds_fastrtps
[1.231s] -- Up-to-date: /home/saeesh/ros2_ws/install/my_robot_interfaces/include/my_robot_interfaces/my_robot_interfaces/msg/rosidl_typesupport_fastrtps_cpp__visibility_control.h
[1.231s] -- Up-to-date: /home/saeesh/ros2_ws/install/my_robot_interfaces/lib/libmy_robot_interfaces__rosidl_typesupport_fastrtps_cpp.so
[1.232s] -- Up-to-date: /home/saeesh/ros2_ws/install/my_robot_interfaces/include/my_robot_interfaces/my_robot_interfaces
[1.232s] -- Up-to-date: /home/saeesh/ros2_ws/install/my_robot_interfaces/include/my_robot_interfaces/my_robot_interfaces/srv
[1.232s] -- Up-to-date: /home/saeesh/ros2_ws/install/my_robot_interfaces/include/my_robot_interfaces/my_robot_interfaces/srv/detail
[1.232s] -- Up-to-date: /home/saeesh/ros2_ws/install/my_robot_interfaces/include/my_robot_interfaces/my_robot_interfaces/srv/detail/set_led__type_support.cpp
[1.232s] -- Up-to-date: /home/saeesh/ros2_ws/install/my_robot_interfaces/include/my_robot_interfaces/my_robot_interfaces/srv/detail/set_led__rosidl_typesupport_introspection_cpp.hpp
[1.233s] -- Up-to-date: /home/saeesh/ros2_ws/install/my_robot_interfaces/include/my_robot_interfaces/my_robot_interfaces/msg
[1.233s] -- Up-to-date: /home/saeesh/ros2_ws/install/my_robot_interfaces/include/my_robot_interfaces/my_robot_interfaces/msg/detail
[1.233s] -- Up-to-date: /home/saeesh/ros2_ws/install/my_robot_interfaces/include/my_robot_interfaces/my_robot_interfaces/msg/detail/led_status_array__rosidl_typesupport_introspection_cpp.hpp
[1.233s] -- Up-to-date: /home/saeesh/ros2_ws/install/my_robot_interfaces/include/my_robot_interfaces/my_robot_interfaces/msg/detail/hardware_status__rosidl_typesupport_introspection_cpp.hpp
[1.233s] -- Up-to-date: /home/saeesh/ros2_ws/install/my_robot_interfaces/include/my_robot_interfaces/my_robot_interfaces/msg/detail/hardware_status__type_support.cpp
[1.233s] -- Up-to-date: /home/saeesh/ros2_ws/install/my_robot_interfaces/include/my_robot_interfaces/my_robot_interfaces/msg/detail/led_status_array__type_support.cpp
[1.233s] -- Up-to-date: /home/saeesh/ros2_ws/install/my_robot_interfaces/lib/libmy_robot_interfaces__rosidl_typesupport_introspection_cpp.so
[1.233s] -- Up-to-date: /home/saeesh/ros2_ws/install/my_robot_interfaces/lib/libmy_robot_interfaces__rosidl_typesupport_cpp.so
[1.234s] -- Up-to-date: /home/saeesh/ros2_ws/install/my_robot_interfaces/share/my_robot_interfaces/environment/pythonpath.sh
[1.234s] -- Up-to-date: /home/saeesh/ros2_ws/install/my_robot_interfaces/share/my_robot_interfaces/environment/pythonpath.dsv
[1.234s] -- Up-to-date: /home/saeesh/ros2_ws/install/my_robot_interfaces/local/lib/python3.10/dist-packages/my_robot_interfaces-0.0.0-py3.10.egg-info
[1.234s] -- Installing: /home/saeesh/ros2_ws/install/my_robot_interfaces/local/lib/python3.10/dist-packages/my_robot_interfaces-0.0.0-py3.10.egg-info/SOURCES.txt
[1.234s] -- Installing: /home/saeesh/ros2_ws/install/my_robot_interfaces/local/lib/python3.10/dist-packages/my_robot_interfaces-0.0.0-py3.10.egg-info/PKG-INFO
[1.234s] -- Installing: /home/saeesh/ros2_ws/install/my_robot_interfaces/local/lib/python3.10/dist-packages/my_robot_interfaces-0.0.0-py3.10.egg-info/dependency_links.txt
[1.234s] -- Installing: /home/saeesh/ros2_ws/install/my_robot_interfaces/local/lib/python3.10/dist-packages/my_robot_interfaces-0.0.0-py3.10.egg-info/top_level.txt
[1.235s] -- Up-to-date: /home/saeesh/ros2_ws/install/my_robot_interfaces/local/lib/python3.10/dist-packages/my_robot_interfaces
[1.235s] -- Up-to-date: /home/saeesh/ros2_ws/install/my_robot_interfaces/local/lib/python3.10/dist-packages/my_robot_interfaces/srv
[1.235s] -- Up-to-date: /home/saeesh/ros2_ws/install/my_robot_interfaces/local/lib/python3.10/dist-packages/my_robot_interfaces/srv/_set_led_s.c
[1.235s] -- Up-to-date: /home/saeesh/ros2_ws/install/my_robot_interfaces/local/lib/python3.10/dist-packages/my_robot_interfaces/srv/_set_led.py
[1.235s] -- Up-to-date: /home/saeesh/ros2_ws/install/my_robot_interfaces/local/lib/python3.10/dist-packages/my_robot_interfaces/srv/__init__.py
[1.235s] -- Up-to-date: /home/saeesh/ros2_ws/install/my_robot_interfaces/local/lib/python3.10/dist-packages/my_robot_interfaces/_my_robot_interfaces_s.ep.rosidl_typesupport_c.c
[1.235s] -- Up-to-date: /home/saeesh/ros2_ws/install/my_robot_interfaces/local/lib/python3.10/dist-packages/my_robot_interfaces/msg
[1.235s] -- Up-to-date: /home/saeesh/ros2_ws/install/my_robot_interfaces/local/lib/python3.10/dist-packages/my_robot_interfaces/msg/_hardware_status_s.c
[1.236s] -- Up-to-date: /home/saeesh/ros2_ws/install/my_robot_interfaces/local/lib/python3.10/dist-packages/my_robot_interfaces/msg/_hardware_status.py
[1.236s] -- Up-to-date: /home/saeesh/ros2_ws/install/my_robot_interfaces/local/lib/python3.10/dist-packages/my_robot_interfaces/msg/_led_status_array_s.c
[1.236s] -- Up-to-date: /home/saeesh/ros2_ws/install/my_robot_interfaces/local/lib/python3.10/dist-packages/my_robot_interfaces/msg/_led_status_array.py
[1.236s] -- Up-to-date: /home/saeesh/ros2_ws/install/my_robot_interfaces/local/lib/python3.10/dist-packages/my_robot_interfaces/msg/__init__.py
[1.236s] -- Up-to-date: /home/saeesh/ros2_ws/install/my_robot_interfaces/local/lib/python3.10/dist-packages/my_robot_interfaces/_my_robot_interfaces_s.ep.rosidl_typesupport_introspection_c.c
[1.236s] -- Up-to-date: /home/saeesh/ros2_ws/install/my_robot_interfaces/local/lib/python3.10/dist-packages/my_robot_interfaces/_my_robot_interfaces_s.ep.rosidl_typesupport_fastrtps_c.c
[1.236s] -- Up-to-date: /home/saeesh/ros2_ws/install/my_robot_interfaces/local/lib/python3.10/dist-packages/my_robot_interfaces/my_robot_interfaces_s__rosidl_typesupport_fastrtps_c.cpython-310-x86_64-linux-gnu.so
[1.236s] -- Up-to-date: /home/saeesh/ros2_ws/install/my_robot_interfaces/local/lib/python3.10/dist-packages/my_robot_interfaces/my_robot_interfaces_s__rosidl_typesupport_introspection_c.cpython-310-x86_64-linux-gnu.so
[1.236s] -- Up-to-date: /home/saeesh/ros2_ws/install/my_robot_interfaces/local/lib/python3.10/dist-packages/my_robot_interfaces/my_robot_interfaces_s__rosidl_typesupport_c.cpython-310-x86_64-linux-gnu.so
[1.237s] -- Up-to-date: /home/saeesh/ros2_ws/install/my_robot_interfaces/local/lib/python3.10/dist-packages/my_robot_interfaces/__init__.py
[1.237s] -- Up-to-date: /home/saeesh/ros2_ws/install/my_robot_interfaces/local/lib/python3.10/dist-packages/my_robot_interfaces/libmy_robot_interfaces__rosidl_generator_py.so
[1.268s] Listing '/home/saeesh/ros2_ws/install/my_robot_interfaces/local/lib/python3.10/dist-packages/my_robot_interfaces'...
[1.269s] Listing '/home/saeesh/ros2_ws/install/my_robot_interfaces/local/lib/python3.10/dist-packages/my_robot_interfaces/msg'...
[1.269s] Listing '/home/saeesh/ros2_ws/install/my_robot_interfaces/local/lib/python3.10/dist-packages/my_robot_interfaces/srv'...
[1.275s] -- Up-to-date: /home/saeesh/ros2_ws/install/my_robot_interfaces/local/lib/python3.10/dist-packages/my_robot_interfaces/my_robot_interfaces_s__rosidl_typesupport_fastrtps_c.cpython-310-x86_64-linux-gnu.so
[1.276s] -- Up-to-date: /home/saeesh/ros2_ws/install/my_robot_interfaces/local/lib/python3.10/dist-packages/my_robot_interfaces/my_robot_interfaces_s__rosidl_typesupport_introspection_c.cpython-310-x86_64-linux-gnu.so
[1.277s] -- Up-to-date: /home/saeesh/ros2_ws/install/my_robot_interfaces/local/lib/python3.10/dist-packages/my_robot_interfaces/my_robot_interfaces_s__rosidl_typesupport_c.cpython-310-x86_64-linux-gnu.so
[1.278s] -- Up-to-date: /home/saeesh/ros2_ws/install/my_robot_interfaces/lib/libmy_robot_interfaces__rosidl_generator_py.so
[1.279s] -- Up-to-date: /home/saeesh/ros2_ws/install/my_robot_interfaces/share/my_robot_interfaces/msg/HardwareStatus.idl
[1.279s] -- Up-to-date: /home/saeesh/ros2_ws/install/my_robot_interfaces/share/my_robot_interfaces/msg/LedStatusArray.idl
[1.279s] -- Up-to-date: /home/saeesh/ros2_ws/install/my_robot_interfaces/share/my_robot_interfaces/srv/SetLed.idl
[1.280s] -- Up-to-date: /home/saeesh/ros2_ws/install/my_robot_interfaces/share/my_robot_interfaces/msg/HardwareStatus.msg
[1.280s] -- Up-to-date: /home/saeesh/ros2_ws/install/my_robot_interfaces/share/my_robot_interfaces/msg/LedStatusArray.msg
[1.280s] -- Up-to-date: /home/saeesh/ros2_ws/install/my_robot_interfaces/share/my_robot_interfaces/srv/SetLed.srv
[1.281s] -- Up-to-date: /home/saeesh/ros2_ws/install/my_robot_interfaces/share/my_robot_interfaces/srv/SetLed_Request.msg
[1.281s] -- Up-to-date: /home/saeesh/ros2_ws/install/my_robot_interfaces/share/my_robot_interfaces/srv/SetLed_Response.msg
[1.281s] -- Up-to-date: /home/saeesh/ros2_ws/install/my_robot_interfaces/share/ament_index/resource_index/package_run_dependencies/my_robot_interfaces
[1.282s] -- Up-to-date: /home/saeesh/ros2_ws/install/my_robot_interfaces/share/ament_index/resource_index/parent_prefix_path/my_robot_interfaces
[1.282s] -- Up-to-date: /home/saeesh/ros2_ws/install/my_robot_interfaces/share/my_robot_interfaces/environment/ament_prefix_path.sh
[1.282s] -- Up-to-date: /home/saeesh/ros2_ws/install/my_robot_interfaces/share/my_robot_interfaces/environment/ament_prefix_path.dsv
[1.283s] -- Up-to-date: /home/saeesh/ros2_ws/install/my_robot_interfaces/share/my_robot_interfaces/environment/path.sh
[1.283s] -- Up-to-date: /home/saeesh/ros2_ws/install/my_robot_interfaces/share/my_robot_interfaces/environment/path.dsv
[1.283s] -- Up-to-date: /home/saeesh/ros2_ws/install/my_robot_interfaces/share/my_robot_interfaces/local_setup.bash
[1.284s] -- Up-to-date: /home/saeesh/ros2_ws/install/my_robot_interfaces/share/my_robot_interfaces/local_setup.sh
[1.284s] -- Up-to-date: /home/saeesh/ros2_ws/install/my_robot_interfaces/share/my_robot_interfaces/local_setup.zsh
[1.284s] -- Up-to-date: /home/saeesh/ros2_ws/install/my_robot_interfaces/share/my_robot_interfaces/local_setup.dsv
[1.285s] -- Installing: /home/saeesh/ros2_ws/install/my_robot_interfaces/share/my_robot_interfaces/package.dsv
[1.285s] -- Up-to-date: /home/saeesh/ros2_ws/install/my_robot_interfaces/share/ament_index/resource_index/packages/my_robot_interfaces
[1.285s] -- Up-to-date: /home/saeesh/ros2_ws/install/my_robot_interfaces/share/my_robot_interfaces/cmake/export_my_robot_interfaces__rosidl_generator_cExport.cmake
[1.286s] -- Up-to-date: /home/saeesh/ros2_ws/install/my_robot_interfaces/share/my_robot_interfaces/cmake/export_my_robot_interfaces__rosidl_generator_cExport-noconfig.cmake
[1.286s] -- Up-to-date: /home/saeesh/ros2_ws/install/my_robot_interfaces/share/my_robot_interfaces/cmake/export_my_robot_interfaces__rosidl_typesupport_fastrtps_cExport.cmake
[1.286s] -- Up-to-date: /home/saeesh/ros2_ws/install/my_robot_interfaces/share/my_robot_interfaces/cmake/export_my_robot_interfaces__rosidl_typesupport_fastrtps_cExport-noconfig.cmake
[1.287s] -- Up-to-date: /home/saeesh/ros2_ws/install/my_robot_interfaces/share/my_robot_interfaces/cmake/my_robot_interfaces__rosidl_typesupport_introspection_cExport.cmake
[1.287s] -- Up-to-date: /home/saeesh/ros2_ws/install/my_robot_interfaces/share/my_robot_interfaces/cmake/my_robot_interfaces__rosidl_typesupport_introspection_cExport-noconfig.cmake
[1.287s] -- Up-to-date: /home/saeesh/ros2_ws/install/my_robot_interfaces/share/my_robot_interfaces/cmake/my_robot_interfaces__rosidl_typesupport_cExport.cmake
[1.288s] -- Up-to-date: /home/saeesh/ros2_ws/install/my_robot_interfaces/share/my_robot_interfaces/cmake/my_robot_interfaces__rosidl_typesupport_cExport-noconfig.cmake
[1.288s] -- Up-to-date: /home/saeesh/ros2_ws/install/my_robot_interfaces/share/my_robot_interfaces/cmake/export_my_robot_interfaces__rosidl_generator_cppExport.cmake
[1.288s] -- Up-to-date: /home/saeesh/ros2_ws/install/my_robot_interfaces/share/my_robot_interfaces/cmake/export_my_robot_interfaces__rosidl_typesupport_fastrtps_cppExport.cmake
[1.289s] -- Up-to-date: /home/saeesh/ros2_ws/install/my_robot_interfaces/share/my_robot_interfaces/cmake/export_my_robot_interfaces__rosidl_typesupport_fastrtps_cppExport-noconfig.cmake
[1.289s] -- Up-to-date: /home/saeesh/ros2_ws/install/my_robot_interfaces/share/my_robot_interfaces/cmake/my_robot_interfaces__rosidl_typesupport_introspection_cppExport.cmake
[1.289s] -- Up-to-date: /home/saeesh/ros2_ws/install/my_robot_interfaces/share/my_robot_interfaces/cmake/my_robot_interfaces__rosidl_typesupport_introspection_cppExport-noconfig.cmake
[1.290s] -- Up-to-date: /home/saeesh/ros2_ws/install/my_robot_interfaces/share/my_robot_interfaces/cmake/my_robot_interfaces__rosidl_typesupport_cppExport.cmake
[1.290s] -- Up-to-date: /home/saeesh/ros2_ws/install/my_robot_interfaces/share/my_robot_interfaces/cmake/my_robot_interfaces__rosidl_typesupport_cppExport-noconfig.cmake
[1.290s] -- Up-to-date: /home/saeesh/ros2_ws/install/my_robot_interfaces/share/my_robot_interfaces/cmake/export_my_robot_interfaces__rosidl_generator_pyExport.cmake
[1.291s] -- Up-to-date: /home/saeesh/ros2_ws/install/my_robot_interfaces/share/my_robot_interfaces/cmake/export_my_robot_interfaces__rosidl_generator_pyExport-noconfig.cmake
[1.291s] -- Up-to-date: /home/saeesh/ros2_ws/install/my_robot_interfaces/share/my_robot_interfaces/cmake/rosidl_cmake-extras.cmake
[1.291s] -- Up-to-date: /home/saeesh/ros2_ws/install/my_robot_interfaces/share/my_robot_interfaces/cmake/ament_cmake_export_include_directories-extras.cmake
[1.292s] -- Up-to-date: /home/saeesh/ros2_ws/install/my_robot_interfaces/share/my_robot_interfaces/cmake/ament_cmake_export_libraries-extras.cmake
[1.292s] -- Up-to-date: /home/saeesh/ros2_ws/install/my_robot_interfaces/share/my_robot_interfaces/cmake/ament_cmake_export_targets-extras.cmake
[1.292s] -- Up-to-date: /home/saeesh/ros2_ws/install/my_robot_interfaces/share/my_robot_interfaces/cmake/rosidl_cmake_export_typesupport_targets-extras.cmake
[1.293s] -- Up-to-date: /home/saeesh/ros2_ws/install/my_robot_interfaces/share/my_robot_interfaces/cmake/ament_cmake_export_dependencies-extras.cmake
[1.293s] -- Up-to-date: /home/saeesh/ros2_ws/install/my_robot_interfaces/share/my_robot_interfaces/cmake/rosidl_cmake_export_typesupport_libraries-extras.cmake
[1.293s] -- Up-to-date: /home/saeesh/ros2_ws/install/my_robot_interfaces/share/my_robot_interfaces/cmake/my_robot_interfacesConfig.cmake
[1.294s] -- Up-to-date: /home/saeesh/ros2_ws/install/my_robot_interfaces/share/my_robot_interfaces/cmake/my_robot_interfacesConfig-version.cmake
[1.294s] -- Up-to-date: /home/saeesh/ros2_ws/install/my_robot_interfaces/share/my_robot_interfaces/package.xml
[1.300s] Invoked command in '/home/saeesh/ros2_ws/build/my_robot_interfaces' returned '0': CMAKE_PREFIX_PATH=${CMAKE_PREFIX_PATH}:/home/saeesh/ros2_ws/install/my_py_pkg:/opt/ros/humble /usr/bin/cmake --install /home/saeesh/ros2_ws/build/my_robot_interfaces
