[1.494s] DEBUG:colcon:Command line arguments: ['/usr/bin/colcon', 'build', '--packages-select', 'my_robot_interface']
[1.495s] DEBUG:colcon:Parsed command line arguments: Namespace(log_base=None, log_level=None, verb_name='build', build_base='build', install_base='install', merge_install=False, symlink_install=False, test_result_base=None, continue_on_error=False, executor='parallel', parallel_workers=4, event_handlers=None, ignore_user_meta=False, metas=['./colcon.meta'], base_paths=['.'], packages_ignore=None, packages_ignore_regex=None, paths=None, packages_up_to=None, packages_up_to_regex=None, packages_above=None, packages_above_and_dependencies=None, packages_above_depth=None, packages_select_by_dep=None, packages_skip_by_dep=None, packages_skip_up_to=None, packages_select_build_failed=False, packages_skip_build_finished=False, packages_select_test_failures=False, packages_skip_test_passed=False, packages_select=['my_robot_interface'], packages_skip=None, packages_select_regex=None, packages_skip_regex=None, packages_start=None, packages_end=None, allow_overriding=[], cmake_args=None, cmake_target=None, cmake_target_skip_unavailable=False, cmake_clean_cache=False, cmake_clean_first=False, cmake_force_configure=False, ament_cmake_args=None, catkin_cmake_args=None, catkin_skip_building_tests=False, verb_parser=<colcon_defaults.argument_parser.defaults.DefaultArgumentsDecorator object at 0x7d2468420070>, verb_extension=<colcon_core.verb.build.BuildVerb object at 0x7d2468595a20>, main=<bound method BuildVerb.main of <colcon_core.verb.build.BuildVerb object at 0x7d2468595a20>>)
[1.563s] Level 1:colcon.colcon_core.package_discovery:discover_packages(colcon_meta) check parameters
[1.563s] Level 1:colcon.colcon_core.package_discovery:discover_packages(recursive) check parameters
[1.563s] Level 1:colcon.colcon_core.package_discovery:discover_packages(ignore) check parameters
[1.563s] Level 1:colcon.colcon_core.package_discovery:discover_packages(path) check parameters
[1.563s] Level 1:colcon.colcon_core.package_discovery:discover_packages(colcon_meta) discover
[1.563s] Level 1:colcon.colcon_core.package_discovery:discover_packages(recursive) discover
[1.563s] INFO:colcon.colcon_core.package_discovery:Crawling recursively for packages in '/home/saeesh/ros2_ws'
[1.564s] Level 1:colcon.colcon_core.package_identification:_identify(.) by extensions ['ignore', 'ignore_ament_install']
[1.564s] Level 1:colcon.colcon_core.package_identification:_identify(.) by extension 'ignore'
[1.564s] Level 1:colcon.colcon_core.package_identification:_identify(.) by extension 'ignore_ament_install'
[1.564s] Level 1:colcon.colcon_core.package_identification:_identify(.) by extensions ['colcon_pkg']
[1.564s] Level 1:colcon.colcon_core.package_identification:_identify(.) by extension 'colcon_pkg'
[1.564s] Level 1:colcon.colcon_core.package_identification:_identify(.) by extensions ['colcon_meta']
[1.564s] Level 1:colcon.colcon_core.package_identification:_identify(.) by extension 'colcon_meta'
[1.564s] Level 1:colcon.colcon_core.package_identification:_identify(.) by extensions ['ros']
[1.564s] Level 1:colcon.colcon_core.package_identification:_identify(.) by extension 'ros'
[1.578s] Level 1:colcon.colcon_core.package_identification:_identify(.) by extensions ['cmake', 'python']
[1.578s] Level 1:colcon.colcon_core.package_identification:_identify(.) by extension 'cmake'
[1.578s] Level 1:colcon.colcon_core.package_identification:_identify(.) by extension 'python'
[1.578s] Level 1:colcon.colcon_core.package_identification:_identify(.) by extensions ['python_setup_py']
[1.578s] Level 1:colcon.colcon_core.package_identification:_identify(.) by extension 'python_setup_py'
[1.578s] Level 1:colcon.colcon_core.package_identification:_identify(build) by extensions ['ignore', 'ignore_ament_install']
[1.578s] Level 1:colcon.colcon_core.package_identification:_identify(build) by extension 'ignore'
[1.578s] Level 1:colcon.colcon_core.package_identification:_identify(build) ignored
[1.579s] Level 1:colcon.colcon_core.package_identification:_identify(install) by extensions ['ignore', 'ignore_ament_install']
[1.579s] Level 1:colcon.colcon_core.package_identification:_identify(install) by extension 'ignore'
[1.579s] Level 1:colcon.colcon_core.package_identification:_identify(install) ignored
[1.579s] Level 1:colcon.colcon_core.package_identification:_identify(log) by extensions ['ignore', 'ignore_ament_install']
[1.579s] Level 1:colcon.colcon_core.package_identification:_identify(log) by extension 'ignore'
[1.579s] Level 1:colcon.colcon_core.package_identification:_identify(log) ignored
[1.579s] Level 1:colcon.colcon_core.package_identification:_identify(src) by extensions ['ignore', 'ignore_ament_install']
[1.579s] Level 1:colcon.colcon_core.package_identification:_identify(src) by extension 'ignore'
[1.580s] Level 1:colcon.colcon_core.package_identification:_identify(src) by extension 'ignore_ament_install'
[1.580s] Level 1:colcon.colcon_core.package_identification:_identify(src) by extensions ['colcon_pkg']
[1.580s] Level 1:colcon.colcon_core.package_identification:_identify(src) by extension 'colcon_pkg'
[1.580s] Level 1:colcon.colcon_core.package_identification:_identify(src) by extensions ['colcon_meta']
[1.580s] Level 1:colcon.colcon_core.package_identification:_identify(src) by extension 'colcon_meta'
[1.580s] Level 1:colcon.colcon_core.package_identification:_identify(src) by extensions ['ros']
[1.580s] Level 1:colcon.colcon_core.package_identification:_identify(src) by extension 'ros'
[1.580s] Level 1:colcon.colcon_core.package_identification:_identify(src) by extensions ['cmake', 'python']
[1.580s] Level 1:colcon.colcon_core.package_identification:_identify(src) by extension 'cmake'
[1.580s] Level 1:colcon.colcon_core.package_identification:_identify(src) by extension 'python'
[1.580s] Level 1:colcon.colcon_core.package_identification:_identify(src) by extensions ['python_setup_py']
[1.580s] Level 1:colcon.colcon_core.package_identification:_identify(src) by extension 'python_setup_py'
[1.580s] Level 1:colcon.colcon_core.package_identification:_identify(src/microROS_bot) by extensions ['ignore', 'ignore_ament_install']
[1.580s] Level 1:colcon.colcon_core.package_identification:_identify(src/microROS_bot) by extension 'ignore'
[1.580s] Level 1:colcon.colcon_core.package_identification:_identify(src/microROS_bot) by extension 'ignore_ament_install'
[1.580s] Level 1:colcon.colcon_core.package_identification:_identify(src/microROS_bot) by extensions ['colcon_pkg']
[1.580s] Level 1:colcon.colcon_core.package_identification:_identify(src/microROS_bot) by extension 'colcon_pkg'
[1.580s] Level 1:colcon.colcon_core.package_identification:_identify(src/microROS_bot) by extensions ['colcon_meta']
[1.581s] Level 1:colcon.colcon_core.package_identification:_identify(src/microROS_bot) by extension 'colcon_meta'
[1.581s] Level 1:colcon.colcon_core.package_identification:_identify(src/microROS_bot) by extensions ['ros']
[1.581s] Level 1:colcon.colcon_core.package_identification:_identify(src/microROS_bot) by extension 'ros'
[1.581s] Level 1:colcon.colcon_core.package_identification:_identify(src/microROS_bot) by extensions ['cmake', 'python']
[1.581s] Level 1:colcon.colcon_core.package_identification:_identify(src/microROS_bot) by extension 'cmake'
[1.581s] Level 1:colcon.colcon_core.package_identification:_identify(src/microROS_bot) by extension 'python'
[1.581s] Level 1:colcon.colcon_core.package_identification:_identify(src/microROS_bot) by extensions ['python_setup_py']
[1.581s] Level 1:colcon.colcon_core.package_identification:_identify(src/microROS_bot) by extension 'python_setup_py'
[1.581s] Level 1:colcon.colcon_core.package_identification:_identify(src/microROS_bot/include) by extensions ['ignore', 'ignore_ament_install']
[1.581s] Level 1:colcon.colcon_core.package_identification:_identify(src/microROS_bot/include) by extension 'ignore'
[1.581s] Level 1:colcon.colcon_core.package_identification:_identify(src/microROS_bot/include) by extension 'ignore_ament_install'
[1.581s] Level 1:colcon.colcon_core.package_identification:_identify(src/microROS_bot/include) by extensions ['colcon_pkg']
[1.581s] Level 1:colcon.colcon_core.package_identification:_identify(src/microROS_bot/include) by extension 'colcon_pkg'
[1.581s] Level 1:colcon.colcon_core.package_identification:_identify(src/microROS_bot/include) by extensions ['colcon_meta']
[1.581s] Level 1:colcon.colcon_core.package_identification:_identify(src/microROS_bot/include) by extension 'colcon_meta'
[1.581s] Level 1:colcon.colcon_core.package_identification:_identify(src/microROS_bot/include) by extensions ['ros']
[1.581s] Level 1:colcon.colcon_core.package_identification:_identify(src/microROS_bot/include) by extension 'ros'
[1.582s] Level 1:colcon.colcon_core.package_identification:_identify(src/microROS_bot/include) by extensions ['cmake', 'python']
[1.582s] Level 1:colcon.colcon_core.package_identification:_identify(src/microROS_bot/include) by extension 'cmake'
[1.582s] Level 1:colcon.colcon_core.package_identification:_identify(src/microROS_bot/include) by extension 'python'
[1.582s] Level 1:colcon.colcon_core.package_identification:_identify(src/microROS_bot/include) by extensions ['python_setup_py']
[1.582s] Level 1:colcon.colcon_core.package_identification:_identify(src/microROS_bot/include) by extension 'python_setup_py'
[1.582s] Level 1:colcon.colcon_core.package_identification:_identify(src/microROS_bot/lib) by extensions ['ignore', 'ignore_ament_install']
[1.582s] Level 1:colcon.colcon_core.package_identification:_identify(src/microROS_bot/lib) by extension 'ignore'
[1.582s] Level 1:colcon.colcon_core.package_identification:_identify(src/microROS_bot/lib) by extension 'ignore_ament_install'
[1.582s] Level 1:colcon.colcon_core.package_identification:_identify(src/microROS_bot/lib) by extensions ['colcon_pkg']
[1.582s] Level 1:colcon.colcon_core.package_identification:_identify(src/microROS_bot/lib) by extension 'colcon_pkg'
[1.582s] Level 1:colcon.colcon_core.package_identification:_identify(src/microROS_bot/lib) by extensions ['colcon_meta']
[1.582s] Level 1:colcon.colcon_core.package_identification:_identify(src/microROS_bot/lib) by extension 'colcon_meta'
[1.582s] Level 1:colcon.colcon_core.package_identification:_identify(src/microROS_bot/lib) by extensions ['ros']
[1.582s] Level 1:colcon.colcon_core.package_identification:_identify(src/microROS_bot/lib) by extension 'ros'
[1.582s] Level 1:colcon.colcon_core.package_identification:_identify(src/microROS_bot/lib) by extensions ['cmake', 'python']
[1.582s] Level 1:colcon.colcon_core.package_identification:_identify(src/microROS_bot/lib) by extension 'cmake'
[1.582s] Level 1:colcon.colcon_core.package_identification:_identify(src/microROS_bot/lib) by extension 'python'
[1.583s] Level 1:colcon.colcon_core.package_identification:_identify(src/microROS_bot/lib) by extensions ['python_setup_py']
[1.583s] Level 1:colcon.colcon_core.package_identification:_identify(src/microROS_bot/lib) by extension 'python_setup_py'
[1.583s] Level 1:colcon.colcon_core.package_identification:_identify(src/microROS_bot/lib/motor_control) by extensions ['ignore', 'ignore_ament_install']
[1.583s] Level 1:colcon.colcon_core.package_identification:_identify(src/microROS_bot/lib/motor_control) by extension 'ignore'
[1.583s] Level 1:colcon.colcon_core.package_identification:_identify(src/microROS_bot/lib/motor_control) by extension 'ignore_ament_install'
[1.583s] Level 1:colcon.colcon_core.package_identification:_identify(src/microROS_bot/lib/motor_control) by extensions ['colcon_pkg']
[1.583s] Level 1:colcon.colcon_core.package_identification:_identify(src/microROS_bot/lib/motor_control) by extension 'colcon_pkg'
[1.583s] Level 1:colcon.colcon_core.package_identification:_identify(src/microROS_bot/lib/motor_control) by extensions ['colcon_meta']
[1.583s] Level 1:colcon.colcon_core.package_identification:_identify(src/microROS_bot/lib/motor_control) by extension 'colcon_meta'
[1.583s] Level 1:colcon.colcon_core.package_identification:_identify(src/microROS_bot/lib/motor_control) by extensions ['ros']
[1.583s] Level 1:colcon.colcon_core.package_identification:_identify(src/microROS_bot/lib/motor_control) by extension 'ros'
[1.583s] Level 1:colcon.colcon_core.package_identification:_identify(src/microROS_bot/lib/motor_control) by extensions ['cmake', 'python']
[1.583s] Level 1:colcon.colcon_core.package_identification:_identify(src/microROS_bot/lib/motor_control) by extension 'cmake'
[1.583s] Level 1:colcon.colcon_core.package_identification:_identify(src/microROS_bot/lib/motor_control) by extension 'python'
[1.583s] Level 1:colcon.colcon_core.package_identification:_identify(src/microROS_bot/lib/motor_control) by extensions ['python_setup_py']
[1.583s] Level 1:colcon.colcon_core.package_identification:_identify(src/microROS_bot/lib/motor_control) by extension 'python_setup_py'
[1.584s] Level 1:colcon.colcon_core.package_identification:_identify(src/microROS_bot/lib/oled_display) by extensions ['ignore', 'ignore_ament_install']
[1.584s] Level 1:colcon.colcon_core.package_identification:_identify(src/microROS_bot/lib/oled_display) by extension 'ignore'
[1.584s] Level 1:colcon.colcon_core.package_identification:_identify(src/microROS_bot/lib/oled_display) by extension 'ignore_ament_install'
[1.584s] Level 1:colcon.colcon_core.package_identification:_identify(src/microROS_bot/lib/oled_display) by extensions ['colcon_pkg']
[1.584s] Level 1:colcon.colcon_core.package_identification:_identify(src/microROS_bot/lib/oled_display) by extension 'colcon_pkg'
[1.584s] Level 1:colcon.colcon_core.package_identification:_identify(src/microROS_bot/lib/oled_display) by extensions ['colcon_meta']
[1.584s] Level 1:colcon.colcon_core.package_identification:_identify(src/microROS_bot/lib/oled_display) by extension 'colcon_meta'
[1.584s] Level 1:colcon.colcon_core.package_identification:_identify(src/microROS_bot/lib/oled_display) by extensions ['ros']
[1.584s] Level 1:colcon.colcon_core.package_identification:_identify(src/microROS_bot/lib/oled_display) by extension 'ros'
[1.584s] Level 1:colcon.colcon_core.package_identification:_identify(src/microROS_bot/lib/oled_display) by extensions ['cmake', 'python']
[1.584s] Level 1:colcon.colcon_core.package_identification:_identify(src/microROS_bot/lib/oled_display) by extension 'cmake'
[1.584s] Level 1:colcon.colcon_core.package_identification:_identify(src/microROS_bot/lib/oled_display) by extension 'python'
[1.584s] Level 1:colcon.colcon_core.package_identification:_identify(src/microROS_bot/lib/oled_display) by extensions ['python_setup_py']
[1.584s] Level 1:colcon.colcon_core.package_identification:_identify(src/microROS_bot/lib/oled_display) by extension 'python_setup_py'
[1.584s] Level 1:colcon.colcon_core.package_identification:_identify(src/microROS_bot/lib/ros_communication) by extensions ['ignore', 'ignore_ament_install']
[1.584s] Level 1:colcon.colcon_core.package_identification:_identify(src/microROS_bot/lib/ros_communication) by extension 'ignore'
[1.585s] Level 1:colcon.colcon_core.package_identification:_identify(src/microROS_bot/lib/ros_communication) by extension 'ignore_ament_install'
[1.585s] Level 1:colcon.colcon_core.package_identification:_identify(src/microROS_bot/lib/ros_communication) by extensions ['colcon_pkg']
[1.585s] Level 1:colcon.colcon_core.package_identification:_identify(src/microROS_bot/lib/ros_communication) by extension 'colcon_pkg'
[1.585s] Level 1:colcon.colcon_core.package_identification:_identify(src/microROS_bot/lib/ros_communication) by extensions ['colcon_meta']
[1.585s] Level 1:colcon.colcon_core.package_identification:_identify(src/microROS_bot/lib/ros_communication) by extension 'colcon_meta'
[1.585s] Level 1:colcon.colcon_core.package_identification:_identify(src/microROS_bot/lib/ros_communication) by extensions ['ros']
[1.585s] Level 1:colcon.colcon_core.package_identification:_identify(src/microROS_bot/lib/ros_communication) by extension 'ros'
[1.585s] Level 1:colcon.colcon_core.package_identification:_identify(src/microROS_bot/lib/ros_communication) by extensions ['cmake', 'python']
[1.585s] Level 1:colcon.colcon_core.package_identification:_identify(src/microROS_bot/lib/ros_communication) by extension 'cmake'
[1.585s] Level 1:colcon.colcon_core.package_identification:_identify(src/microROS_bot/lib/ros_communication) by extension 'python'
[1.585s] Level 1:colcon.colcon_core.package_identification:_identify(src/microROS_bot/lib/ros_communication) by extensions ['python_setup_py']
[1.585s] Level 1:colcon.colcon_core.package_identification:_identify(src/microROS_bot/lib/ros_communication) by extension 'python_setup_py'
[1.585s] Level 1:colcon.colcon_core.package_identification:_identify(src/microROS_bot/src) by extensions ['ignore', 'ignore_ament_install']
[1.585s] Level 1:colcon.colcon_core.package_identification:_identify(src/microROS_bot/src) by extension 'ignore'
[1.585s] Level 1:colcon.colcon_core.package_identification:_identify(src/microROS_bot/src) by extension 'ignore_ament_install'
[1.585s] Level 1:colcon.colcon_core.package_identification:_identify(src/microROS_bot/src) by extensions ['colcon_pkg']
[1.585s] Level 1:colcon.colcon_core.package_identification:_identify(src/microROS_bot/src) by extension 'colcon_pkg'
[1.585s] Level 1:colcon.colcon_core.package_identification:_identify(src/microROS_bot/src) by extensions ['colcon_meta']
[1.586s] Level 1:colcon.colcon_core.package_identification:_identify(src/microROS_bot/src) by extension 'colcon_meta'
[1.586s] Level 1:colcon.colcon_core.package_identification:_identify(src/microROS_bot/src) by extensions ['ros']
[1.586s] Level 1:colcon.colcon_core.package_identification:_identify(src/microROS_bot/src) by extension 'ros'
[1.586s] Level 1:colcon.colcon_core.package_identification:_identify(src/microROS_bot/src) by extensions ['cmake', 'python']
[1.586s] Level 1:colcon.colcon_core.package_identification:_identify(src/microROS_bot/src) by extension 'cmake'
[1.586s] Level 1:colcon.colcon_core.package_identification:_identify(src/microROS_bot/src) by extension 'python'
[1.586s] Level 1:colcon.colcon_core.package_identification:_identify(src/microROS_bot/src) by extensions ['python_setup_py']
[1.586s] Level 1:colcon.colcon_core.package_identification:_identify(src/microROS_bot/src) by extension 'python_setup_py'
[1.586s] Level 1:colcon.colcon_core.package_identification:_identify(src/microROS_bot/test) by extensions ['ignore', 'ignore_ament_install']
[1.586s] Level 1:colcon.colcon_core.package_identification:_identify(src/microROS_bot/test) by extension 'ignore'
[1.586s] Level 1:colcon.colcon_core.package_identification:_identify(src/microROS_bot/test) by extension 'ignore_ament_install'
[1.586s] Level 1:colcon.colcon_core.package_identification:_identify(src/microROS_bot/test) by extensions ['colcon_pkg']
[1.586s] Level 1:colcon.colcon_core.package_identification:_identify(src/microROS_bot/test) by extension 'colcon_pkg'
[1.586s] Level 1:colcon.colcon_core.package_identification:_identify(src/microROS_bot/test) by extensions ['colcon_meta']
[1.586s] Level 1:colcon.colcon_core.package_identification:_identify(src/microROS_bot/test) by extension 'colcon_meta'
[1.586s] Level 1:colcon.colcon_core.package_identification:_identify(src/microROS_bot/test) by extensions ['ros']
[1.586s] Level 1:colcon.colcon_core.package_identification:_identify(src/microROS_bot/test) by extension 'ros'
[1.587s] Level 1:colcon.colcon_core.package_identification:_identify(src/microROS_bot/test) by extensions ['cmake', 'python']
[1.587s] Level 1:colcon.colcon_core.package_identification:_identify(src/microROS_bot/test) by extension 'cmake'
[1.587s] Level 1:colcon.colcon_core.package_identification:_identify(src/microROS_bot/test) by extension 'python'
[1.587s] Level 1:colcon.colcon_core.package_identification:_identify(src/microROS_bot/test) by extensions ['python_setup_py']
[1.587s] Level 1:colcon.colcon_core.package_identification:_identify(src/microROS_bot/test) by extension 'python_setup_py'
[1.587s] Level 1:colcon.colcon_core.package_identification:_identify(src/my_py_pkg) by extensions ['ignore', 'ignore_ament_install']
[1.587s] Level 1:colcon.colcon_core.package_identification:_identify(src/my_py_pkg) by extension 'ignore'
[1.587s] Level 1:colcon.colcon_core.package_identification:_identify(src/my_py_pkg) by extension 'ignore_ament_install'
[1.587s] Level 1:colcon.colcon_core.package_identification:_identify(src/my_py_pkg) by extensions ['colcon_pkg']
[1.587s] Level 1:colcon.colcon_core.package_identification:_identify(src/my_py_pkg) by extension 'colcon_pkg'
[1.587s] Level 1:colcon.colcon_core.package_identification:_identify(src/my_py_pkg) by extensions ['colcon_meta']
[1.587s] Level 1:colcon.colcon_core.package_identification:_identify(src/my_py_pkg) by extension 'colcon_meta'
[1.587s] Level 1:colcon.colcon_core.package_identification:_identify(src/my_py_pkg) by extensions ['ros']
[1.587s] Level 1:colcon.colcon_core.package_identification:_identify(src/my_py_pkg) by extension 'ros'
[1.590s] DEBUG:colcon.colcon_core.package_identification:Package 'src/my_py_pkg' with type 'ros.ament_python' and name 'my_py_pkg'
[1.591s] Level 1:colcon.colcon_core.package_identification:_identify(src/my_robot_description) by extensions ['ignore', 'ignore_ament_install']
[1.591s] Level 1:colcon.colcon_core.package_identification:_identify(src/my_robot_description) by extension 'ignore'
[1.591s] Level 1:colcon.colcon_core.package_identification:_identify(src/my_robot_description) by extension 'ignore_ament_install'
[1.591s] Level 1:colcon.colcon_core.package_identification:_identify(src/my_robot_description) by extensions ['colcon_pkg']
[1.591s] Level 1:colcon.colcon_core.package_identification:_identify(src/my_robot_description) by extension 'colcon_pkg'
[1.591s] Level 1:colcon.colcon_core.package_identification:_identify(src/my_robot_description) by extensions ['colcon_meta']
[1.591s] Level 1:colcon.colcon_core.package_identification:_identify(src/my_robot_description) by extension 'colcon_meta'
[1.591s] Level 1:colcon.colcon_core.package_identification:_identify(src/my_robot_description) by extensions ['ros']
[1.591s] Level 1:colcon.colcon_core.package_identification:_identify(src/my_robot_description) by extension 'ros'
[1.592s] DEBUG:colcon.colcon_core.package_identification:Package 'src/my_robot_description' with type 'ros.ament_cmake' and name 'my_robot_description'
[1.592s] Level 1:colcon.colcon_core.package_identification:_identify(src/my_robot_interface) by extensions ['ignore', 'ignore_ament_install']
[1.592s] Level 1:colcon.colcon_core.package_identification:_identify(src/my_robot_interface) by extension 'ignore'
[1.592s] Level 1:colcon.colcon_core.package_identification:_identify(src/my_robot_interface) by extension 'ignore_ament_install'
[1.592s] Level 1:colcon.colcon_core.package_identification:_identify(src/my_robot_interface) by extensions ['colcon_pkg']
[1.592s] Level 1:colcon.colcon_core.package_identification:_identify(src/my_robot_interface) by extension 'colcon_pkg'
[1.592s] Level 1:colcon.colcon_core.package_identification:_identify(src/my_robot_interface) by extensions ['colcon_meta']
[1.592s] Level 1:colcon.colcon_core.package_identification:_identify(src/my_robot_interface) by extension 'colcon_meta'
[1.592s] Level 1:colcon.colcon_core.package_identification:_identify(src/my_robot_interface) by extensions ['ros']
[1.592s] Level 1:colcon.colcon_core.package_identification:_identify(src/my_robot_interface) by extension 'ros'
[1.593s] DEBUG:colcon.colcon_core.package_identification:Package 'src/my_robot_interface' with type 'ros.ament_cmake' and name 'my_robot_interface'
[1.593s] Level 1:colcon.colcon_core.package_identification:_identify(src/new_bot) by extensions ['ignore', 'ignore_ament_install']
[1.593s] Level 1:colcon.colcon_core.package_identification:_identify(src/new_bot) by extension 'ignore'
[1.593s] Level 1:colcon.colcon_core.package_identification:_identify(src/new_bot) by extension 'ignore_ament_install'
[1.593s] Level 1:colcon.colcon_core.package_identification:_identify(src/new_bot) by extensions ['colcon_pkg']
[1.593s] Level 1:colcon.colcon_core.package_identification:_identify(src/new_bot) by extension 'colcon_pkg'
[1.593s] Level 1:colcon.colcon_core.package_identification:_identify(src/new_bot) by extensions ['colcon_meta']
[1.593s] Level 1:colcon.colcon_core.package_identification:_identify(src/new_bot) by extension 'colcon_meta'
[1.593s] Level 1:colcon.colcon_core.package_identification:_identify(src/new_bot) by extensions ['ros']
[1.593s] Level 1:colcon.colcon_core.package_identification:_identify(src/new_bot) by extension 'ros'
[1.593s] Level 1:colcon.colcon_core.package_identification:_identify(src/new_bot) by extensions ['cmake', 'python']
[1.593s] Level 1:colcon.colcon_core.package_identification:_identify(src/new_bot) by extension 'cmake'
[1.593s] Level 1:colcon.colcon_core.package_identification:_identify(src/new_bot) by extension 'python'
[1.594s] Level 1:colcon.colcon_core.package_identification:_identify(src/new_bot) by extensions ['python_setup_py']
[1.594s] Level 1:colcon.colcon_core.package_identification:_identify(src/new_bot) by extension 'python_setup_py'
[1.594s] Level 1:colcon.colcon_core.package_identification:_identify(src/new_bot/include) by extensions ['ignore', 'ignore_ament_install']
[1.594s] Level 1:colcon.colcon_core.package_identification:_identify(src/new_bot/include) by extension 'ignore'
[1.594s] Level 1:colcon.colcon_core.package_identification:_identify(src/new_bot/include) by extension 'ignore_ament_install'
[1.594s] Level 1:colcon.colcon_core.package_identification:_identify(src/new_bot/include) by extensions ['colcon_pkg']
[1.594s] Level 1:colcon.colcon_core.package_identification:_identify(src/new_bot/include) by extension 'colcon_pkg'
[1.594s] Level 1:colcon.colcon_core.package_identification:_identify(src/new_bot/include) by extensions ['colcon_meta']
[1.594s] Level 1:colcon.colcon_core.package_identification:_identify(src/new_bot/include) by extension 'colcon_meta'
[1.594s] Level 1:colcon.colcon_core.package_identification:_identify(src/new_bot/include) by extensions ['ros']
[1.594s] Level 1:colcon.colcon_core.package_identification:_identify(src/new_bot/include) by extension 'ros'
[1.594s] Level 1:colcon.colcon_core.package_identification:_identify(src/new_bot/include) by extensions ['cmake', 'python']
[1.594s] Level 1:colcon.colcon_core.package_identification:_identify(src/new_bot/include) by extension 'cmake'
[1.594s] Level 1:colcon.colcon_core.package_identification:_identify(src/new_bot/include) by extension 'python'
[1.594s] Level 1:colcon.colcon_core.package_identification:_identify(src/new_bot/include) by extensions ['python_setup_py']
[1.594s] Level 1:colcon.colcon_core.package_identification:_identify(src/new_bot/include) by extension 'python_setup_py'
[1.595s] Level 1:colcon.colcon_core.package_identification:_identify(src/new_bot/lib) by extensions ['ignore', 'ignore_ament_install']
[1.595s] Level 1:colcon.colcon_core.package_identification:_identify(src/new_bot/lib) by extension 'ignore'
[1.595s] Level 1:colcon.colcon_core.package_identification:_identify(src/new_bot/lib) by extension 'ignore_ament_install'
[1.595s] Level 1:colcon.colcon_core.package_identification:_identify(src/new_bot/lib) by extensions ['colcon_pkg']
[1.595s] Level 1:colcon.colcon_core.package_identification:_identify(src/new_bot/lib) by extension 'colcon_pkg'
[1.595s] Level 1:colcon.colcon_core.package_identification:_identify(src/new_bot/lib) by extensions ['colcon_meta']
[1.595s] Level 1:colcon.colcon_core.package_identification:_identify(src/new_bot/lib) by extension 'colcon_meta'
[1.595s] Level 1:colcon.colcon_core.package_identification:_identify(src/new_bot/lib) by extensions ['ros']
[1.595s] Level 1:colcon.colcon_core.package_identification:_identify(src/new_bot/lib) by extension 'ros'
[1.595s] Level 1:colcon.colcon_core.package_identification:_identify(src/new_bot/lib) by extensions ['cmake', 'python']
[1.595s] Level 1:colcon.colcon_core.package_identification:_identify(src/new_bot/lib) by extension 'cmake'
[1.595s] Level 1:colcon.colcon_core.package_identification:_identify(src/new_bot/lib) by extension 'python'
[1.595s] Level 1:colcon.colcon_core.package_identification:_identify(src/new_bot/lib) by extensions ['python_setup_py']
[1.595s] Level 1:colcon.colcon_core.package_identification:_identify(src/new_bot/lib) by extension 'python_setup_py'
[1.595s] Level 1:colcon.colcon_core.package_identification:_identify(src/new_bot/src) by extensions ['ignore', 'ignore_ament_install']
[1.595s] Level 1:colcon.colcon_core.package_identification:_identify(src/new_bot/src) by extension 'ignore'
[1.596s] Level 1:colcon.colcon_core.package_identification:_identify(src/new_bot/src) by extension 'ignore_ament_install'
[1.596s] Level 1:colcon.colcon_core.package_identification:_identify(src/new_bot/src) by extensions ['colcon_pkg']
[1.596s] Level 1:colcon.colcon_core.package_identification:_identify(src/new_bot/src) by extension 'colcon_pkg'
[1.596s] Level 1:colcon.colcon_core.package_identification:_identify(src/new_bot/src) by extensions ['colcon_meta']
[1.596s] Level 1:colcon.colcon_core.package_identification:_identify(src/new_bot/src) by extension 'colcon_meta'
[1.596s] Level 1:colcon.colcon_core.package_identification:_identify(src/new_bot/src) by extensions ['ros']
[1.596s] Level 1:colcon.colcon_core.package_identification:_identify(src/new_bot/src) by extension 'ros'
[1.596s] Level 1:colcon.colcon_core.package_identification:_identify(src/new_bot/src) by extensions ['cmake', 'python']
[1.596s] Level 1:colcon.colcon_core.package_identification:_identify(src/new_bot/src) by extension 'cmake'
[1.596s] Level 1:colcon.colcon_core.package_identification:_identify(src/new_bot/src) by extension 'python'
[1.596s] Level 1:colcon.colcon_core.package_identification:_identify(src/new_bot/src) by extensions ['python_setup_py']
[1.596s] Level 1:colcon.colcon_core.package_identification:_identify(src/new_bot/src) by extension 'python_setup_py'
[1.596s] Level 1:colcon.colcon_core.package_identification:_identify(src/new_bot/test) by extensions ['ignore', 'ignore_ament_install']
[1.596s] Level 1:colcon.colcon_core.package_identification:_identify(src/new_bot/test) by extension 'ignore'
[1.596s] Level 1:colcon.colcon_core.package_identification:_identify(src/new_bot/test) by extension 'ignore_ament_install'
[1.596s] Level 1:colcon.colcon_core.package_identification:_identify(src/new_bot/test) by extensions ['colcon_pkg']
[1.596s] Level 1:colcon.colcon_core.package_identification:_identify(src/new_bot/test) by extension 'colcon_pkg'
[1.596s] Level 1:colcon.colcon_core.package_identification:_identify(src/new_bot/test) by extensions ['colcon_meta']
[1.597s] Level 1:colcon.colcon_core.package_identification:_identify(src/new_bot/test) by extension 'colcon_meta'
[1.597s] Level 1:colcon.colcon_core.package_identification:_identify(src/new_bot/test) by extensions ['ros']
[1.597s] Level 1:colcon.colcon_core.package_identification:_identify(src/new_bot/test) by extension 'ros'
[1.597s] Level 1:colcon.colcon_core.package_identification:_identify(src/new_bot/test) by extensions ['cmake', 'python']
[1.597s] Level 1:colcon.colcon_core.package_identification:_identify(src/new_bot/test) by extension 'cmake'
[1.597s] Level 1:colcon.colcon_core.package_identification:_identify(src/new_bot/test) by extension 'python'
[1.597s] Level 1:colcon.colcon_core.package_identification:_identify(src/new_bot/test) by extensions ['python_setup_py']
[1.597s] Level 1:colcon.colcon_core.package_identification:_identify(src/new_bot/test) by extension 'python_setup_py'
[1.597s] Level 1:colcon.colcon_core.package_identification:_identify(src/turtlesim_catch_them_all) by extensions ['ignore', 'ignore_ament_install']
[1.597s] Level 1:colcon.colcon_core.package_identification:_identify(src/turtlesim_catch_them_all) by extension 'ignore'
[1.597s] Level 1:colcon.colcon_core.package_identification:_identify(src/turtlesim_catch_them_all) by extension 'ignore_ament_install'
[1.597s] Level 1:colcon.colcon_core.package_identification:_identify(src/turtlesim_catch_them_all) by extensions ['colcon_pkg']
[1.597s] Level 1:colcon.colcon_core.package_identification:_identify(src/turtlesim_catch_them_all) by extension 'colcon_pkg'
[1.597s] Level 1:colcon.colcon_core.package_identification:_identify(src/turtlesim_catch_them_all) by extensions ['colcon_meta']
[1.597s] Level 1:colcon.colcon_core.package_identification:_identify(src/turtlesim_catch_them_all) by extension 'colcon_meta'
[1.597s] Level 1:colcon.colcon_core.package_identification:_identify(src/turtlesim_catch_them_all) by extensions ['ros']
[1.597s] Level 1:colcon.colcon_core.package_identification:_identify(src/turtlesim_catch_them_all) by extension 'ros'
[1.599s] DEBUG:colcon.colcon_core.package_identification:Package 'src/turtlesim_catch_them_all' with type 'ros.ament_python' and name 'turtlesim_catch_them_all'
[1.599s] Level 1:colcon.colcon_core.package_discovery:discover_packages(recursive) using defaults
[1.599s] Level 1:colcon.colcon_core.package_discovery:discover_packages(ignore) discover
[1.599s] Level 1:colcon.colcon_core.package_discovery:discover_packages(ignore) using defaults
[1.599s] Level 1:colcon.colcon_core.package_discovery:discover_packages(path) discover
[1.599s] Level 1:colcon.colcon_core.package_discovery:discover_packages(path) using defaults
[1.695s] INFO:colcon.colcon_core.package_selection:Skipping not selected package 'my_py_pkg' in 'src/my_py_pkg'
[1.695s] INFO:colcon.colcon_core.package_selection:Skipping not selected package 'my_robot_description' in 'src/my_robot_description'
[1.695s] INFO:colcon.colcon_core.package_selection:Skipping not selected package 'turtlesim_catch_them_all' in 'src/turtlesim_catch_them_all'
[1.741s] Level 1:colcon.colcon_core.package_discovery:discover_packages(prefix_path) check parameters
[1.741s] Level 1:colcon.colcon_core.package_discovery:discover_packages(prefix_path) discover
[1.809s] DEBUG:colcon.colcon_installed_package_information.package_discovery:Found 3 installed packages in /home/saeesh/ROS2swarm/install
[1.834s] DEBUG:colcon.colcon_installed_package_information.package_discovery:Found 12 installed packages in /home/saeesh/turtlebot3_ws/install
[1.858s] DEBUG:colcon.colcon_installed_package_information.package_discovery:Found 7 installed packages in /home/saeesh/ros2_ws/install
[1.882s] DEBUG:colcon.colcon_installed_package_information.package_discovery:Found 336 installed packages in /opt/ros/humble
[1.884s] Level 1:colcon.colcon_core.package_discovery:discover_packages(prefix_path) using defaults
[2.009s] Level 5:colcon.colcon_core.verb:set package 'my_robot_interface' build argument 'cmake_args' from command line to 'None'
[2.009s] Level 5:colcon.colcon_core.verb:set package 'my_robot_interface' build argument 'cmake_target' from command line to 'None'
[2.009s] Level 5:colcon.colcon_core.verb:set package 'my_robot_interface' build argument 'cmake_target_skip_unavailable' from command line to 'False'
[2.009s] Level 5:colcon.colcon_core.verb:set package 'my_robot_interface' build argument 'cmake_clean_cache' from command line to 'False'
[2.009s] Level 5:colcon.colcon_core.verb:set package 'my_robot_interface' build argument 'cmake_clean_first' from command line to 'False'
[2.009s] Level 5:colcon.colcon_core.verb:set package 'my_robot_interface' build argument 'cmake_force_configure' from command line to 'False'
[2.009s] Level 5:colcon.colcon_core.verb:set package 'my_robot_interface' build argument 'ament_cmake_args' from command line to 'None'
[2.009s] Level 5:colcon.colcon_core.verb:set package 'my_robot_interface' build argument 'catkin_cmake_args' from command line to 'None'
[2.009s] Level 5:colcon.colcon_core.verb:set package 'my_robot_interface' build argument 'catkin_skip_building_tests' from command line to 'False'
[2.009s] DEBUG:colcon.colcon_core.verb:Building package 'my_robot_interface' with the following arguments: {'ament_cmake_args': None, 'build_base': '/home/saeesh/ros2_ws/build/my_robot_interface', 'catkin_cmake_args': None, 'catkin_skip_building_tests': False, 'cmake_args': None, 'cmake_clean_cache': False, 'cmake_clean_first': False, 'cmake_force_configure': False, 'cmake_target': None, 'cmake_target_skip_unavailable': False, 'install_base': '/home/saeesh/ros2_ws/install/my_robot_interface', 'merge_install': False, 'path': '/home/saeesh/ros2_ws/src/my_robot_interface', 'symlink_install': False, 'test_result_base': None}
[2.031s] INFO:colcon.colcon_core.executor:Executing jobs using 'parallel' executor
[2.053s] DEBUG:colcon.colcon_parallel_executor.executor.parallel:run_until_complete
[2.054s] INFO:colcon.colcon_ros.task.ament_cmake.build:Building ROS package in '/home/saeesh/ros2_ws/src/my_robot_interface' with build type 'ament_cmake'
[2.054s] INFO:colcon.colcon_cmake.task.cmake.build:Building CMake package in '/home/saeesh/ros2_ws/src/my_robot_interface'
[2.081s] INFO:colcon.colcon_core.plugin_system:Skipping extension 'colcon_core.shell.bat': Not used on non-Windows systems
[2.081s] INFO:colcon.colcon_core.shell:Skip shell extension 'powershell' for command environment: Not usable outside of PowerShell
[2.082s] DEBUG:colcon.colcon_core.shell:Skip shell extension 'dsv' for command environment
[2.218s] DEBUG:colcon.colcon_core.event_handler.log_command:Invoking command in '/home/saeesh/ros2_ws/build/my_robot_interface': CMAKE_PREFIX_PATH=${CMAKE_PREFIX_PATH}:/home/saeesh/ros2_ws/install/turtlsim_catch_them_all:/home/saeesh/ros2_ws/install/turtlesim_catch_them_all:/home/saeesh/ros2_ws/install/my_py_pkg:/home/saeesh/ROS2swarm/install/ros2swarm:/home/saeesh/ROS2swarm/install/launch_gazebo:/home/saeesh/turtlebot3_ws/install/turtlebot3_teleop:/home/saeesh/turtlebot3_ws/install/turtlebot3_example:/opt/ros/humble /usr/bin/cmake --build /home/saeesh/ros2_ws/build/my_robot_interface -- -j4 -l4
[5.665s] DEBUG:colcon.colcon_core.event_handler.log_command:Invoked command in '/home/saeesh/ros2_ws/build/my_robot_interface' returned '2': CMAKE_PREFIX_PATH=${CMAKE_PREFIX_PATH}:/home/saeesh/ros2_ws/install/turtlsim_catch_them_all:/home/saeesh/ros2_ws/install/turtlesim_catch_them_all:/home/saeesh/ros2_ws/install/my_py_pkg:/home/saeesh/ROS2swarm/install/ros2swarm:/home/saeesh/ROS2swarm/install/launch_gazebo:/home/saeesh/turtlebot3_ws/install/turtlebot3_teleop:/home/saeesh/turtlebot3_ws/install/turtlebot3_example:/opt/ros/humble /usr/bin/cmake --build /home/saeesh/ros2_ws/build/my_robot_interface -- -j4 -l4
[5.952s] Level 1:colcon.colcon_core.environment:create_environment_scripts_only(my_robot_interface)
[5.977s] Level 1:colcon.colcon_core.environment:checking '/home/saeesh/ros2_ws/install/my_robot_interface' for CMake module files
[5.978s] Level 1:colcon.colcon_core.environment:checking '/home/saeesh/ros2_ws/install/my_robot_interface' for CMake config files
[5.978s] Level 1:colcon.colcon_core.shell:create_environment_hook('my_robot_interface', 'cmake_prefix_path')
[6.001s] INFO:colcon.colcon_core.shell:Creating environment hook '/home/saeesh/ros2_ws/install/my_robot_interface/share/my_robot_interface/hook/cmake_prefix_path.ps1'
[6.001s] INFO:colcon.colcon_core.shell:Creating environment descriptor '/home/saeesh/ros2_ws/install/my_robot_interface/share/my_robot_interface/hook/cmake_prefix_path.dsv'
[6.002s] INFO:colcon.colcon_core.shell:Creating environment hook '/home/saeesh/ros2_ws/install/my_robot_interface/share/my_robot_interface/hook/cmake_prefix_path.sh'
[6.003s] Level 1:colcon.colcon_core.environment:checking '/home/saeesh/ros2_ws/install/my_robot_interface/lib'
[6.003s] Level 1:colcon.colcon_core.shell:create_environment_hook('my_robot_interface', 'ld_library_path_lib')
[6.025s] INFO:colcon.colcon_core.shell:Creating environment hook '/home/saeesh/ros2_ws/install/my_robot_interface/share/my_robot_interface/hook/ld_library_path_lib.ps1'
[6.025s] INFO:colcon.colcon_core.shell:Creating environment descriptor '/home/saeesh/ros2_ws/install/my_robot_interface/share/my_robot_interface/hook/ld_library_path_lib.dsv'
[6.026s] INFO:colcon.colcon_core.shell:Creating environment hook '/home/saeesh/ros2_ws/install/my_robot_interface/share/my_robot_interface/hook/ld_library_path_lib.sh'
[6.026s] Level 1:colcon.colcon_core.environment:checking '/home/saeesh/ros2_ws/install/my_robot_interface/bin'
[6.026s] Level 1:colcon.colcon_core.environment:checking '/home/saeesh/ros2_ws/install/my_robot_interface/lib/pkgconfig/my_robot_interface.pc'
[6.026s] Level 1:colcon.colcon_core.environment:checking '/home/saeesh/ros2_ws/install/my_robot_interface/lib/python3.10/site-packages'
[6.026s] Level 1:colcon.colcon_core.environment:checking '/home/saeesh/ros2_ws/install/my_robot_interface/bin'
[6.048s] INFO:colcon.colcon_core.shell:Creating package script '/home/saeesh/ros2_ws/install/my_robot_interface/share/my_robot_interface/package.ps1'
[6.049s] INFO:colcon.colcon_core.shell:Creating package descriptor '/home/saeesh/ros2_ws/install/my_robot_interface/share/my_robot_interface/package.dsv'
[6.050s] INFO:colcon.colcon_core.shell:Creating package script '/home/saeesh/ros2_ws/install/my_robot_interface/share/my_robot_interface/package.sh'
[6.051s] INFO:colcon.colcon_core.shell:Creating package script '/home/saeesh/ros2_ws/install/my_robot_interface/share/my_robot_interface/package.bash'
[6.051s] INFO:colcon.colcon_core.shell:Creating package script '/home/saeesh/ros2_ws/install/my_robot_interface/share/my_robot_interface/package.zsh'
[6.052s] Level 1:colcon.colcon_core.environment:create_file_with_runtime_dependencies(/home/saeesh/ros2_ws/install/my_robot_interface/share/colcon-core/packages/my_robot_interface)
[6.063s] DEBUG:colcon.colcon_parallel_executor.executor.parallel:closing loop
[6.063s] DEBUG:colcon.colcon_parallel_executor.executor.parallel:loop closed
[6.063s] DEBUG:colcon.colcon_parallel_executor.executor.parallel:run_until_complete finished with '2'
[6.063s] DEBUG:colcon.colcon_core.event_reactor:joining thread
[6.146s] INFO:colcon.colcon_core.plugin_system:Skipping extension 'colcon_notification.desktop_notification.terminal_notifier': Not used on non-Darwin systems
[6.147s] INFO:colcon.colcon_core.plugin_system:Skipping extension 'colcon_notification.desktop_notification.win32': Not used on non-Windows systems
[6.147s] INFO:colcon.colcon_notification.desktop_notification:Sending desktop notification using 'notify2'
[6.173s] DEBUG:colcon.colcon_core.event_reactor:joined thread
[6.206s] INFO:colcon.colcon_core.shell:Creating prefix script '/home/saeesh/ros2_ws/install/local_setup.ps1'
[6.207s] INFO:colcon.colcon_core.shell:Creating prefix util module '/home/saeesh/ros2_ws/install/_local_setup_util_ps1.py'
[6.209s] INFO:colcon.colcon_core.shell:Creating prefix chain script '/home/saeesh/ros2_ws/install/setup.ps1'
[6.235s] INFO:colcon.colcon_core.shell:Creating prefix script '/home/saeesh/ros2_ws/install/local_setup.sh'
[6.236s] INFO:colcon.colcon_core.shell:Creating prefix util module '/home/saeesh/ros2_ws/install/_local_setup_util_sh.py'
[6.236s] INFO:colcon.colcon_core.shell:Creating prefix chain script '/home/saeesh/ros2_ws/install/setup.sh'
[6.265s] INFO:colcon.colcon_core.shell:Creating prefix script '/home/saeesh/ros2_ws/install/local_setup.bash'
[6.266s] INFO:colcon.colcon_core.shell:Creating prefix chain script '/home/saeesh/ros2_ws/install/setup.bash'
[6.293s] INFO:colcon.colcon_core.shell:Creating prefix script '/home/saeesh/ros2_ws/install/local_setup.zsh'
[6.294s] INFO:colcon.colcon_core.shell:Creating prefix chain script '/home/saeesh/ros2_ws/install/setup.zsh'
