[0.095s] Invoking command in '/home/saeesh/ros2_ws/build/my_robot_interfaces': CMAKE_PREFIX_PATH=${CMAKE_PREFIX_PATH}:/home/saeesh/ros2_ws/install/my_py_pkg:/opt/ros/humble /usr/bin/cmake --build /home/saeesh/ros2_ws/build/my_robot_interfaces -- -j4 -l4
[0.136s] -- Found ament_cmake: 1.3.6 (/opt/ros/humble/share/ament_cmake/cmake)
[0.342s] -- Found ament_lint_auto: 0.12.9 (/opt/ros/humble/share/ament_lint_auto/cmake)
[0.435s] -- Found rosidl_default_generators: 1.2.0 (/opt/ros/humble/share/rosidl_default_generators/cmake)
[0.438s] -- Using all available rosidl_typesupport_c: rosidl_typesupport_fastrtps_c;rosidl_typesupport_introspection_c
[0.444s] -- Found rosidl_adapter: 3.1.5 (/opt/ros/humble/share/rosidl_adapter/cmake)
[0.487s] -- Using all available rosidl_typesupport_cpp: rosidl_typesupport_fastrtps_cpp;rosidl_typesupport_introspection_cpp
[0.898s] -- Found ament_cmake_ros: 0.10.0 (/opt/ros/humble/share/ament_cmake_ros/cmake)
[1.304s] -- Using all available rosidl_typesupport_c: rosidl_typesupport_fastrtps_c;rosidl_typesupport_introspection_c
[1.797s] -- Using all available rosidl_typesupport_cpp: rosidl_typesupport_fastrtps_cpp;rosidl_typesupport_introspection_cpp
[1.888s] -- Found python_cmake_module: 0.10.0 (/opt/ros/humble/share/python_cmake_module/cmake)
[1.969s] -- Using PYTHON_EXECUTABLE: /usr/bin/python3
[1.969s] -- Using PYTHON_INCLUDE_DIRS: /usr/include/python3.10
[1.969s] -- Using PYTHON_LIBRARIES: /usr/lib/x86_64-linux-gnu/libpython3.10.so
[2.114s] -- Added test 'lint_cmake' to check CMake code style
[2.123s] -- Added test 'xmllint' to check XML markup files
[2.168s] -- Configuring done
[2.598s] -- Generating done
[2.603s] -- Build files have been written to: /home/saeesh/ros2_ws/build/my_robot_interfaces
[2.663s] [  2%] [34m[1mGenerating C code for ROS interfaces[0m
[2.668s] gmake[2]: Warning: File 'CMakeFiles/ament_cmake_python_copy_my_robot_interfaces.dir/progress.make' has modification time 0.39 s in the future
[2.679s] gmake[2]: Warning: File 'CMakeFiles/my_robot_interfaces__cpp.dir/progress.make' has modification time 0.38 s in the future
[2.694s] [  5%] [34m[1mGenerating C++ code for ROS interfaces[0m
[2.790s] gmake[2]: warning:  Clock skew detected.  Your build may be incomplete.
[2.808s] [  5%] Built target ament_cmake_python_copy_my_robot_interfaces
[2.814s] gmake[2]: Warning: File 'CMakeFiles/ament_cmake_python_build_my_robot_interfaces_egg.dir/progress.make' has modification time 0.25 s in the future
[2.843s] gmake[2]: warning:  Clock skew detected.  Your build may be incomplete.
[2.844s] gmake[2]: Warning: File 'CMakeFiles/ament_cmake_python_build_my_robot_interfaces_egg.dir/progress.make' has modification time 0.22 s in the future
[3.596s] gmake[2]: warning:  Clock skew detected.  Your build may be incomplete.
[3.610s] [  5%] Built target my_robot_interfaces__cpp
[3.621s] running egg_info
[3.623s] writing my_robot_interfaces.egg-info/PKG-INFO
[3.624s] writing dependency_links to my_robot_interfaces.egg-info/dependency_links.txt
[3.625s] writing top-level names to my_robot_interfaces.egg-info/top_level.txt
[3.631s] [  7%] [34m[1mGenerating C++ type support for eProsima Fast-RTPS[0m
[3.645s] reading manifest file 'my_robot_interfaces.egg-info/SOURCES.txt'
[3.647s] writing manifest file 'my_robot_interfaces.egg-info/SOURCES.txt'
[3.656s] [ 10%] [34m[1mGenerating C++ introspection for ROS interfaces[0m
[3.696s] gmake[2]: warning:  Clock skew detected.  Your build may be incomplete.
[3.701s] [35m[1mConsolidate compiler generated dependencies of target my_robot_interfaces__rosidl_generator_c[0m
[3.715s] [ 10%] Built target ament_cmake_python_build_my_robot_interfaces_egg
[3.735s] [ 12%] [34m[1mGenerating C++ type support dispatch for ROS interfaces[0m
[3.784s] [ 15%] [32mBuilding C object CMakeFiles/my_robot_interfaces__rosidl_generator_c.dir/rosidl_generator_c/my_robot_interfaces/msg/detail/hardware_status__functions.c.o[0m
[4.135s] [35m[1mConsolidate compiler generated dependencies of target my_robot_interfaces__rosidl_typesupport_introspection_cpp[0m
[4.213s] [35m[1mConsolidate compiler generated dependencies of target my_robot_interfaces__rosidl_typesupport_fastrtps_cpp[0m
[4.214s] [35m[1mConsolidate compiler generated dependencies of target my_robot_interfaces__rosidl_typesupport_cpp[0m
[4.600s] [ 17%] [32mBuilding CXX object CMakeFiles/my_robot_interfaces__rosidl_typesupport_cpp.dir/rosidl_typesupport_cpp/my_robot_interfaces/msg/hardware_status__type_support.cpp.o[0m
[4.660s] [ 20%] [32mBuilding CXX object CMakeFiles/my_robot_interfaces__rosidl_typesupport_fastrtps_cpp.dir/rosidl_typesupport_fastrtps_cpp/my_robot_interfaces/msg/detail/dds_fastrtps/hardware_status__type_support.cpp.o[0m
[4.662s] [ 23%] [32mBuilding CXX object CMakeFiles/my_robot_interfaces__rosidl_typesupport_introspection_cpp.dir/rosidl_typesupport_introspection_cpp/my_robot_interfaces/msg/detail/hardware_status__type_support.cpp.o[0m
[5.284s] [ 25%] [32mBuilding C object CMakeFiles/my_robot_interfaces__rosidl_generator_c.dir/rosidl_generator_c/my_robot_interfaces/msg/detail/led_status_array__functions.c.o[0m
[5.381s] [ 28%] [32m[1mLinking C shared library libmy_robot_interfaces__rosidl_generator_c.so[0m
[5.856s] [ 28%] Built target my_robot_interfaces__rosidl_generator_c
[5.870s] [ 30%] [32mBuilding CXX object CMakeFiles/my_robot_interfaces__rosidl_typesupport_introspection_cpp.dir/rosidl_typesupport_introspection_cpp/my_robot_interfaces/msg/detail/led_status_array__type_support.cpp.o[0m
[7.239s] [ 33%] [32mBuilding CXX object CMakeFiles/my_robot_interfaces__rosidl_typesupport_cpp.dir/rosidl_typesupport_cpp/my_robot_interfaces/msg/led_status_array__type_support.cpp.o[0m
[7.396s] [ 35%] [34m[1mGenerating C type support for eProsima Fast-RTPS[0m
[7.453s] [ 38%] [32m[1mLinking CXX shared library libmy_robot_interfaces__rosidl_typesupport_introspection_cpp.so[0m
[7.561s] [ 41%] [32mBuilding CXX object CMakeFiles/my_robot_interfaces__rosidl_typesupport_fastrtps_cpp.dir/rosidl_typesupport_fastrtps_cpp/my_robot_interfaces/msg/detail/dds_fastrtps/led_status_array__type_support.cpp.o[0m
[7.777s] [ 41%] Built target my_robot_interfaces__rosidl_typesupport_introspection_cpp
[7.798s] [ 43%] [34m[1mGenerating C introspection for ROS interfaces[0m
[7.875s] [ 46%] [32m[1mLinking CXX shared library libmy_robot_interfaces__rosidl_typesupport_cpp.so[0m
[8.026s] [ 46%] Built target my_robot_interfaces__rosidl_typesupport_cpp
[8.048s] [ 48%] [34m[1mGenerating C type support dispatch for ROS interfaces[0m
[8.148s] [35m[1mConsolidate compiler generated dependencies of target my_robot_interfaces__rosidl_typesupport_fastrtps_c[0m
[8.226s] [ 51%] [32mBuilding CXX object CMakeFiles/my_robot_interfaces__rosidl_typesupport_fastrtps_c.dir/rosidl_typesupport_fastrtps_c/my_robot_interfaces/msg/detail/hardware_status__type_support_c.cpp.o[0m
[8.360s] [ 53%] [32m[1mLinking CXX shared library libmy_robot_interfaces__rosidl_typesupport_fastrtps_cpp.so[0m
[8.380s] [35m[1mConsolidate compiler generated dependencies of target my_robot_interfaces__rosidl_typesupport_introspection_c[0m
[8.398s] [ 56%] [32mBuilding C object CMakeFiles/my_robot_interfaces__rosidl_typesupport_introspection_c.dir/rosidl_typesupport_introspection_c/my_robot_interfaces/msg/detail/hardware_status__type_support.c.o[0m
[8.537s] [ 58%] [32mBuilding C object CMakeFiles/my_robot_interfaces__rosidl_typesupport_introspection_c.dir/rosidl_typesupport_introspection_c/my_robot_interfaces/msg/detail/led_status_array__type_support.c.o[0m
[8.545s] [ 58%] Built target my_robot_interfaces__rosidl_typesupport_fastrtps_cpp
[8.561s] [ 61%] [32mBuilding CXX object CMakeFiles/my_robot_interfaces__rosidl_typesupport_fastrtps_c.dir/rosidl_typesupport_fastrtps_c/my_robot_interfaces/msg/detail/led_status_array__type_support_c.cpp.o[0m
[8.570s] [35m[1mConsolidate compiler generated dependencies of target my_robot_interfaces__rosidl_typesupport_c[0m
[8.596s] [ 64%] [32mBuilding CXX object CMakeFiles/my_robot_interfaces__rosidl_typesupport_c.dir/rosidl_typesupport_c/my_robot_interfaces/msg/hardware_status__type_support.cpp.o[0m
[8.612s] [ 66%] [32m[1mLinking C shared library libmy_robot_interfaces__rosidl_typesupport_introspection_c.so[0m
[8.667s] [ 69%] [32mBuilding CXX object CMakeFiles/my_robot_interfaces__rosidl_typesupport_c.dir/rosidl_typesupport_c/my_robot_interfaces/msg/led_status_array__type_support.cpp.o[0m
[8.686s] [ 69%] Built target my_robot_interfaces__rosidl_typesupport_introspection_c
[8.727s] [ 71%] [32m[1mLinking CXX shared library libmy_robot_interfaces__rosidl_typesupport_c.so[0m
[8.820s] [ 71%] Built target my_robot_interfaces__rosidl_typesupport_c
[9.057s] [ 74%] [32m[1mLinking CXX shared library libmy_robot_interfaces__rosidl_typesupport_fastrtps_c.so[0m
[9.199s] [ 74%] Built target my_robot_interfaces__rosidl_typesupport_fastrtps_c
[9.293s] [ 74%] Built target my_robot_interfaces
[9.329s] [ 76%] [34m[1mGenerating Python code for ROS interfaces[0m
[9.833s] [ 76%] Built target my_robot_interfaces__py
[9.881s] [35m[1mConsolidate compiler generated dependencies of target my_robot_interfaces__rosidl_generator_py[0m
[10.027s] [ 82%] [32mBuilding C object CMakeFiles/my_robot_interfaces__rosidl_generator_py.dir/rosidl_generator_py/my_robot_interfaces/msg/_led_status_array_s.c.o[0m
[10.028s] [ 82%] [32mBuilding C object CMakeFiles/my_robot_interfaces__rosidl_generator_py.dir/rosidl_generator_py/my_robot_interfaces/msg/_hardware_status_s.c.o[0m
[10.997s] [ 84%] [32m[1mLinking C shared library rosidl_generator_py/my_robot_interfaces/libmy_robot_interfaces__rosidl_generator_py.so[0m
[11.117s] [ 84%] Built target my_robot_interfaces__rosidl_generator_py
[11.189s] [35m[1mConsolidate compiler generated dependencies of target my_robot_interfaces__rosidl_typesupport_fastrtps_c__pyext[0m
[11.204s] [35m[1mConsolidate compiler generated dependencies of target my_robot_interfaces__rosidl_typesupport_introspection_c__pyext[0m
[11.217s] [ 87%] [32mBuilding C object CMakeFiles/my_robot_interfaces__rosidl_typesupport_fastrtps_c__pyext.dir/rosidl_generator_py/my_robot_interfaces/_my_robot_interfaces_s.ep.rosidl_typesupport_fastrtps_c.c.o[0m
[11.221s] [35m[1mConsolidate compiler generated dependencies of target my_robot_interfaces__rosidl_typesupport_c__pyext[0m
[11.225s] [ 89%] [32mBuilding C object CMakeFiles/my_robot_interfaces__rosidl_typesupport_introspection_c__pyext.dir/rosidl_generator_py/my_robot_interfaces/_my_robot_interfaces_s.ep.rosidl_typesupport_introspection_c.c.o[0m
[11.244s] [ 92%] [32mBuilding C object CMakeFiles/my_robot_interfaces__rosidl_typesupport_c__pyext.dir/rosidl_generator_py/my_robot_interfaces/_my_robot_interfaces_s.ep.rosidl_typesupport_c.c.o[0m
[11.361s] [ 94%] [32m[1mLinking C shared library rosidl_generator_py/my_robot_interfaces/my_robot_interfaces_s__rosidl_typesupport_fastrtps_c.cpython-310-x86_64-linux-gnu.so[0m
[11.431s] [ 97%] [32m[1mLinking C shared library rosidl_generator_py/my_robot_interfaces/my_robot_interfaces_s__rosidl_typesupport_introspection_c.cpython-310-x86_64-linux-gnu.so[0m
[11.450s] [ 97%] Built target my_robot_interfaces__rosidl_typesupport_fastrtps_c__pyext
[11.453s] [100%] [32m[1mLinking C shared library rosidl_generator_py/my_robot_interfaces/my_robot_interfaces_s__rosidl_typesupport_c.cpython-310-x86_64-linux-gnu.so[0m
[11.529s] [100%] Built target my_robot_interfaces__rosidl_typesupport_introspection_c__pyext
[11.550s] [100%] Built target my_robot_interfaces__rosidl_typesupport_c__pyext
[11.589s] Invoked command in '/home/saeesh/ros2_ws/build/my_robot_interfaces' returned '0': CMAKE_PREFIX_PATH=${CMAKE_PREFIX_PATH}:/home/saeesh/ros2_ws/install/my_py_pkg:/opt/ros/humble /usr/bin/cmake --build /home/saeesh/ros2_ws/build/my_robot_interfaces -- -j4 -l4
[11.834s] Invoking command in '/home/saeesh/ros2_ws/build/my_robot_interfaces': CMAKE_PREFIX_PATH=${CMAKE_PREFIX_PATH}:/home/saeesh/ros2_ws/install/my_py_pkg:/opt/ros/humble /usr/bin/cmake --install /home/saeesh/ros2_ws/build/my_robot_interfaces
[11.855s] -- Install configuration: ""
[11.856s] -- Installing: /home/saeesh/ros2_ws/install/my_robot_interfaces/share/ament_index/resource_index/rosidl_interfaces/my_robot_interfaces
[11.883s] -- Up-to-date: /home/saeesh/ros2_ws/install/my_robot_interfaces/include/my_robot_interfaces/my_robot_interfaces
[11.883s] -- Up-to-date: /home/saeesh/ros2_ws/install/my_robot_interfaces/include/my_robot_interfaces/my_robot_interfaces/msg
[11.883s] -- Installing: /home/saeesh/ros2_ws/install/my_robot_interfaces/include/my_robot_interfaces/my_robot_interfaces/msg/led_status_array.h
[11.884s] -- Up-to-date: /home/saeesh/ros2_ws/install/my_robot_interfaces/include/my_robot_interfaces/my_robot_interfaces/msg/rosidl_generator_c__visibility_control.h
[11.884s] -- Installing: /home/saeesh/ros2_ws/install/my_robot_interfaces/include/my_robot_interfaces/my_robot_interfaces/msg/hardware_status.h
[11.884s] -- Up-to-date: /home/saeesh/ros2_ws/install/my_robot_interfaces/include/my_robot_interfaces/my_robot_interfaces/msg/detail
[11.885s] -- Installing: /home/saeesh/ros2_ws/install/my_robot_interfaces/include/my_robot_interfaces/my_robot_interfaces/msg/detail/led_status_array__type_support.h
[11.885s] -- Installing: /home/saeesh/ros2_ws/install/my_robot_interfaces/include/my_robot_interfaces/my_robot_interfaces/msg/detail/led_status_array__struct.h
[11.885s] -- Installing: /home/saeesh/ros2_ws/install/my_robot_interfaces/include/my_robot_interfaces/my_robot_interfaces/msg/detail/hardware_status__type_support.h
[11.886s] -- Installing: /home/saeesh/ros2_ws/install/my_robot_interfaces/include/my_robot_interfaces/my_robot_interfaces/msg/detail/led_status_array__functions.c
[11.886s] -- Installing: /home/saeesh/ros2_ws/install/my_robot_interfaces/include/my_robot_interfaces/my_robot_interfaces/msg/detail/hardware_status__functions.c
[11.887s] -- Installing: /home/saeesh/ros2_ws/install/my_robot_interfaces/include/my_robot_interfaces/my_robot_interfaces/msg/detail/hardware_status__struct.h
[11.887s] -- Installing: /home/saeesh/ros2_ws/install/my_robot_interfaces/include/my_robot_interfaces/my_robot_interfaces/msg/detail/hardware_status__functions.h
[11.888s] -- Installing: /home/saeesh/ros2_ws/install/my_robot_interfaces/include/my_robot_interfaces/my_robot_interfaces/msg/detail/led_status_array__functions.h
[11.888s] -- Up-to-date: /home/saeesh/ros2_ws/install/my_robot_interfaces/share/my_robot_interfaces/environment/library_path.sh
[11.888s] -- Installing: /home/saeesh/ros2_ws/install/my_robot_interfaces/share/my_robot_interfaces/environment/library_path.dsv
[11.890s] -- Installing: /home/saeesh/ros2_ws/install/my_robot_interfaces/lib/libmy_robot_interfaces__rosidl_generator_c.so
[11.891s] -- Set runtime path of "/home/saeesh/ros2_ws/install/my_robot_interfaces/lib/libmy_robot_interfaces__rosidl_generator_c.so" to ""
[11.891s] -- Up-to-date: /home/saeesh/ros2_ws/install/my_robot_interfaces/include/my_robot_interfaces/my_robot_interfaces
[11.892s] -- Up-to-date: /home/saeesh/ros2_ws/install/my_robot_interfaces/include/my_robot_interfaces/my_robot_interfaces/msg
[11.892s] -- Up-to-date: /home/saeesh/ros2_ws/install/my_robot_interfaces/include/my_robot_interfaces/my_robot_interfaces/msg/rosidl_typesupport_fastrtps_c__visibility_control.h
[11.892s] -- Up-to-date: /home/saeesh/ros2_ws/install/my_robot_interfaces/include/my_robot_interfaces/my_robot_interfaces/msg/detail
[11.892s] -- Installing: /home/saeesh/ros2_ws/install/my_robot_interfaces/include/my_robot_interfaces/my_robot_interfaces/msg/detail/led_status_array__rosidl_typesupport_fastrtps_c.h
[11.893s] -- Installing: /home/saeesh/ros2_ws/install/my_robot_interfaces/include/my_robot_interfaces/my_robot_interfaces/msg/detail/hardware_status__rosidl_typesupport_fastrtps_c.h
[11.894s] -- Installing: /home/saeesh/ros2_ws/install/my_robot_interfaces/lib/libmy_robot_interfaces__rosidl_typesupport_fastrtps_c.so
[11.895s] -- Set runtime path of "/home/saeesh/ros2_ws/install/my_robot_interfaces/lib/libmy_robot_interfaces__rosidl_typesupport_fastrtps_c.so" to ""
[11.895s] -- Up-to-date: /home/saeesh/ros2_ws/install/my_robot_interfaces/include/my_robot_interfaces/my_robot_interfaces
[11.895s] -- Up-to-date: /home/saeesh/ros2_ws/install/my_robot_interfaces/include/my_robot_interfaces/my_robot_interfaces/msg
[11.896s] -- Up-to-date: /home/saeesh/ros2_ws/install/my_robot_interfaces/include/my_robot_interfaces/my_robot_interfaces/msg/detail
[11.896s] -- Installing: /home/saeesh/ros2_ws/install/my_robot_interfaces/include/my_robot_interfaces/my_robot_interfaces/msg/detail/hardware_status__rosidl_typesupport_introspection_c.h
[11.896s] -- Installing: /home/saeesh/ros2_ws/install/my_robot_interfaces/include/my_robot_interfaces/my_robot_interfaces/msg/detail/hardware_status__type_support.c
[11.897s] -- Installing: /home/saeesh/ros2_ws/install/my_robot_interfaces/include/my_robot_interfaces/my_robot_interfaces/msg/detail/led_status_array__rosidl_typesupport_introspection_c.h
[11.897s] -- Installing: /home/saeesh/ros2_ws/install/my_robot_interfaces/include/my_robot_interfaces/my_robot_interfaces/msg/detail/led_status_array__type_support.c
[11.897s] -- Up-to-date: /home/saeesh/ros2_ws/install/my_robot_interfaces/include/my_robot_interfaces/my_robot_interfaces/msg/rosidl_typesupport_introspection_c__visibility_control.h
[11.898s] -- Installing: /home/saeesh/ros2_ws/install/my_robot_interfaces/lib/libmy_robot_interfaces__rosidl_typesupport_introspection_c.so
[11.899s] -- Set runtime path of "/home/saeesh/ros2_ws/install/my_robot_interfaces/lib/libmy_robot_interfaces__rosidl_typesupport_introspection_c.so" to ""
[11.900s] -- Installing: /home/saeesh/ros2_ws/install/my_robot_interfaces/lib/libmy_robot_interfaces__rosidl_typesupport_c.so
[11.901s] -- Set runtime path of "/home/saeesh/ros2_ws/install/my_robot_interfaces/lib/libmy_robot_interfaces__rosidl_typesupport_c.so" to ""
[11.901s] -- Up-to-date: /home/saeesh/ros2_ws/install/my_robot_interfaces/include/my_robot_interfaces/my_robot_interfaces
[11.901s] -- Up-to-date: /home/saeesh/ros2_ws/install/my_robot_interfaces/include/my_robot_interfaces/my_robot_interfaces/msg
[11.902s] -- Up-to-date: /home/saeesh/ros2_ws/install/my_robot_interfaces/include/my_robot_interfaces/my_robot_interfaces/msg/detail
[11.902s] -- Installing: /home/saeesh/ros2_ws/install/my_robot_interfaces/include/my_robot_interfaces/my_robot_interfaces/msg/detail/led_status_array__traits.hpp
[11.902s] -- Installing: /home/saeesh/ros2_ws/install/my_robot_interfaces/include/my_robot_interfaces/my_robot_interfaces/msg/detail/hardware_status__traits.hpp
[11.903s] -- Installing: /home/saeesh/ros2_ws/install/my_robot_interfaces/include/my_robot_interfaces/my_robot_interfaces/msg/detail/hardware_status__struct.hpp
[11.903s] -- Installing: /home/saeesh/ros2_ws/install/my_robot_interfaces/include/my_robot_interfaces/my_robot_interfaces/msg/detail/led_status_array__struct.hpp
[11.903s] -- Installing: /home/saeesh/ros2_ws/install/my_robot_interfaces/include/my_robot_interfaces/my_robot_interfaces/msg/detail/led_status_array__builder.hpp
[11.903s] -- Installing: /home/saeesh/ros2_ws/install/my_robot_interfaces/include/my_robot_interfaces/my_robot_interfaces/msg/detail/hardware_status__builder.hpp
[11.904s] -- Installing: /home/saeesh/ros2_ws/install/my_robot_interfaces/include/my_robot_interfaces/my_robot_interfaces/msg/led_status_array.hpp
[11.904s] -- Installing: /home/saeesh/ros2_ws/install/my_robot_interfaces/include/my_robot_interfaces/my_robot_interfaces/msg/hardware_status.hpp
[11.905s] -- Up-to-date: /home/saeesh/ros2_ws/install/my_robot_interfaces/include/my_robot_interfaces/my_robot_interfaces
[11.905s] -- Up-to-date: /home/saeesh/ros2_ws/install/my_robot_interfaces/include/my_robot_interfaces/my_robot_interfaces/msg
[11.905s] -- Up-to-date: /home/saeesh/ros2_ws/install/my_robot_interfaces/include/my_robot_interfaces/my_robot_interfaces/msg/detail
[11.906s] -- Installing: /home/saeesh/ros2_ws/install/my_robot_interfaces/include/my_robot_interfaces/my_robot_interfaces/msg/detail/led_status_array__rosidl_typesupport_fastrtps_cpp.hpp
[11.906s] -- Installing: /home/saeesh/ros2_ws/install/my_robot_interfaces/include/my_robot_interfaces/my_robot_interfaces/msg/detail/hardware_status__rosidl_typesupport_fastrtps_cpp.hpp
[11.906s] -- Up-to-date: /home/saeesh/ros2_ws/install/my_robot_interfaces/include/my_robot_interfaces/my_robot_interfaces/msg/detail/dds_fastrtps
[11.906s] -- Up-to-date: /home/saeesh/ros2_ws/install/my_robot_interfaces/include/my_robot_interfaces/my_robot_interfaces/msg/rosidl_typesupport_fastrtps_cpp__visibility_control.h
[11.907s] -- Installing: /home/saeesh/ros2_ws/install/my_robot_interfaces/lib/libmy_robot_interfaces__rosidl_typesupport_fastrtps_cpp.so
[11.908s] -- Set runtime path of "/home/saeesh/ros2_ws/install/my_robot_interfaces/lib/libmy_robot_interfaces__rosidl_typesupport_fastrtps_cpp.so" to ""
[11.909s] -- Up-to-date: /home/saeesh/ros2_ws/install/my_robot_interfaces/include/my_robot_interfaces/my_robot_interfaces
[11.909s] -- Up-to-date: /home/saeesh/ros2_ws/install/my_robot_interfaces/include/my_robot_interfaces/my_robot_interfaces/msg
[11.909s] -- Up-to-date: /home/saeesh/ros2_ws/install/my_robot_interfaces/include/my_robot_interfaces/my_robot_interfaces/msg/detail
[11.910s] -- Installing: /home/saeesh/ros2_ws/install/my_robot_interfaces/include/my_robot_interfaces/my_robot_interfaces/msg/detail/led_status_array__rosidl_typesupport_introspection_cpp.hpp
[11.910s] -- Installing: /home/saeesh/ros2_ws/install/my_robot_interfaces/include/my_robot_interfaces/my_robot_interfaces/msg/detail/hardware_status__rosidl_typesupport_introspection_cpp.hpp
[11.910s] -- Installing: /home/saeesh/ros2_ws/install/my_robot_interfaces/include/my_robot_interfaces/my_robot_interfaces/msg/detail/hardware_status__type_support.cpp
[11.910s] -- Installing: /home/saeesh/ros2_ws/install/my_robot_interfaces/include/my_robot_interfaces/my_robot_interfaces/msg/detail/led_status_array__type_support.cpp
[11.912s] -- Installing: /home/saeesh/ros2_ws/install/my_robot_interfaces/lib/libmy_robot_interfaces__rosidl_typesupport_introspection_cpp.so
[11.913s] -- Set runtime path of "/home/saeesh/ros2_ws/install/my_robot_interfaces/lib/libmy_robot_interfaces__rosidl_typesupport_introspection_cpp.so" to ""
[11.914s] -- Installing: /home/saeesh/ros2_ws/install/my_robot_interfaces/lib/libmy_robot_interfaces__rosidl_typesupport_cpp.so
[11.915s] -- Set runtime path of "/home/saeesh/ros2_ws/install/my_robot_interfaces/lib/libmy_robot_interfaces__rosidl_typesupport_cpp.so" to ""
[11.915s] -- Up-to-date: /home/saeesh/ros2_ws/install/my_robot_interfaces/share/my_robot_interfaces/environment/pythonpath.sh
[11.916s] -- Installing: /home/saeesh/ros2_ws/install/my_robot_interfaces/share/my_robot_interfaces/environment/pythonpath.dsv
[11.916s] -- Up-to-date: /home/saeesh/ros2_ws/install/my_robot_interfaces/local/lib/python3.10/dist-packages/my_robot_interfaces-0.0.0-py3.10.egg-info
[11.916s] -- Installing: /home/saeesh/ros2_ws/install/my_robot_interfaces/local/lib/python3.10/dist-packages/my_robot_interfaces-0.0.0-py3.10.egg-info/SOURCES.txt
[11.917s] -- Installing: /home/saeesh/ros2_ws/install/my_robot_interfaces/local/lib/python3.10/dist-packages/my_robot_interfaces-0.0.0-py3.10.egg-info/PKG-INFO
[11.917s] -- Installing: /home/saeesh/ros2_ws/install/my_robot_interfaces/local/lib/python3.10/dist-packages/my_robot_interfaces-0.0.0-py3.10.egg-info/dependency_links.txt
[11.917s] -- Installing: /home/saeesh/ros2_ws/install/my_robot_interfaces/local/lib/python3.10/dist-packages/my_robot_interfaces-0.0.0-py3.10.egg-info/top_level.txt
[11.918s] -- Up-to-date: /home/saeesh/ros2_ws/install/my_robot_interfaces/local/lib/python3.10/dist-packages/my_robot_interfaces
[11.918s] -- Installing: /home/saeesh/ros2_ws/install/my_robot_interfaces/local/lib/python3.10/dist-packages/my_robot_interfaces/_my_robot_interfaces_s.ep.rosidl_typesupport_c.c
[11.919s] -- Up-to-date: /home/saeesh/ros2_ws/install/my_robot_interfaces/local/lib/python3.10/dist-packages/my_robot_interfaces/msg
[11.919s] -- Installing: /home/saeesh/ros2_ws/install/my_robot_interfaces/local/lib/python3.10/dist-packages/my_robot_interfaces/msg/_hardware_status_s.c
[11.920s] -- Installing: /home/saeesh/ros2_ws/install/my_robot_interfaces/local/lib/python3.10/dist-packages/my_robot_interfaces/msg/_hardware_status.py
[11.920s] -- Installing: /home/saeesh/ros2_ws/install/my_robot_interfaces/local/lib/python3.10/dist-packages/my_robot_interfaces/msg/_led_status_array_s.c
[11.921s] -- Installing: /home/saeesh/ros2_ws/install/my_robot_interfaces/local/lib/python3.10/dist-packages/my_robot_interfaces/msg/_led_status_array.py
[11.921s] -- Installing: /home/saeesh/ros2_ws/install/my_robot_interfaces/local/lib/python3.10/dist-packages/my_robot_interfaces/msg/__init__.py
[11.922s] -- Installing: /home/saeesh/ros2_ws/install/my_robot_interfaces/local/lib/python3.10/dist-packages/my_robot_interfaces/_my_robot_interfaces_s.ep.rosidl_typesupport_introspection_c.c
[11.922s] -- Installing: /home/saeesh/ros2_ws/install/my_robot_interfaces/local/lib/python3.10/dist-packages/my_robot_interfaces/_my_robot_interfaces_s.ep.rosidl_typesupport_fastrtps_c.c
[11.923s] -- Installing: /home/saeesh/ros2_ws/install/my_robot_interfaces/local/lib/python3.10/dist-packages/my_robot_interfaces/my_robot_interfaces_s__rosidl_typesupport_fastrtps_c.cpython-310-x86_64-linux-gnu.so
[11.924s] -- Installing: /home/saeesh/ros2_ws/install/my_robot_interfaces/local/lib/python3.10/dist-packages/my_robot_interfaces/my_robot_interfaces_s__rosidl_typesupport_introspection_c.cpython-310-x86_64-linux-gnu.so
[11.924s] -- Installing: /home/saeesh/ros2_ws/install/my_robot_interfaces/local/lib/python3.10/dist-packages/my_robot_interfaces/my_robot_interfaces_s__rosidl_typesupport_c.cpython-310-x86_64-linux-gnu.so
[11.925s] -- Installing: /home/saeesh/ros2_ws/install/my_robot_interfaces/local/lib/python3.10/dist-packages/my_robot_interfaces/__init__.py
[11.925s] -- Installing: /home/saeesh/ros2_ws/install/my_robot_interfaces/local/lib/python3.10/dist-packages/my_robot_interfaces/libmy_robot_interfaces__rosidl_generator_py.so
[12.049s] Listing '/home/saeesh/ros2_ws/install/my_robot_interfaces/local/lib/python3.10/dist-packages/my_robot_interfaces'...
[12.050s] Compiling '/home/saeesh/ros2_ws/install/my_robot_interfaces/local/lib/python3.10/dist-packages/my_robot_interfaces/__init__.py'...
[12.050s] Listing '/home/saeesh/ros2_ws/install/my_robot_interfaces/local/lib/python3.10/dist-packages/my_robot_interfaces/msg'...
[12.050s] Compiling '/home/saeesh/ros2_ws/install/my_robot_interfaces/local/lib/python3.10/dist-packages/my_robot_interfaces/msg/__init__.py'...
[12.051s] Compiling '/home/saeesh/ros2_ws/install/my_robot_interfaces/local/lib/python3.10/dist-packages/my_robot_interfaces/msg/_hardware_status.py'...
[12.051s] Compiling '/home/saeesh/ros2_ws/install/my_robot_interfaces/local/lib/python3.10/dist-packages/my_robot_interfaces/msg/_led_status_array.py'...
[12.061s] -- Installing: /home/saeesh/ros2_ws/install/my_robot_interfaces/local/lib/python3.10/dist-packages/my_robot_interfaces/my_robot_interfaces_s__rosidl_typesupport_fastrtps_c.cpython-310-x86_64-linux-gnu.so
[12.062s] -- Set runtime path of "/home/saeesh/ros2_ws/install/my_robot_interfaces/local/lib/python3.10/dist-packages/my_robot_interfaces/my_robot_interfaces_s__rosidl_typesupport_fastrtps_c.cpython-310-x86_64-linux-gnu.so" to ""
[12.063s] -- Installing: /home/saeesh/ros2_ws/install/my_robot_interfaces/local/lib/python3.10/dist-packages/my_robot_interfaces/my_robot_interfaces_s__rosidl_typesupport_introspection_c.cpython-310-x86_64-linux-gnu.so
[12.065s] -- Set runtime path of "/home/saeesh/ros2_ws/install/my_robot_interfaces/local/lib/python3.10/dist-packages/my_robot_interfaces/my_robot_interfaces_s__rosidl_typesupport_introspection_c.cpython-310-x86_64-linux-gnu.so" to ""
[12.065s] -- Installing: /home/saeesh/ros2_ws/install/my_robot_interfaces/local/lib/python3.10/dist-packages/my_robot_interfaces/my_robot_interfaces_s__rosidl_typesupport_c.cpython-310-x86_64-linux-gnu.so
[12.067s] -- Set runtime path of "/home/saeesh/ros2_ws/install/my_robot_interfaces/local/lib/python3.10/dist-packages/my_robot_interfaces/my_robot_interfaces_s__rosidl_typesupport_c.cpython-310-x86_64-linux-gnu.so" to ""
[12.068s] -- Installing: /home/saeesh/ros2_ws/install/my_robot_interfaces/lib/libmy_robot_interfaces__rosidl_generator_py.so
[12.069s] -- Set runtime path of "/home/saeesh/ros2_ws/install/my_robot_interfaces/lib/libmy_robot_interfaces__rosidl_generator_py.so" to ""
[12.070s] -- Up-to-date: /home/saeesh/ros2_ws/install/my_robot_interfaces/share/my_robot_interfaces/msg/HardwareStatus.idl
[12.072s] -- Installing: /home/saeesh/ros2_ws/install/my_robot_interfaces/share/my_robot_interfaces/msg/LedStatusArray.idl
[12.073s] -- Up-to-date: /home/saeesh/ros2_ws/install/my_robot_interfaces/share/my_robot_interfaces/msg/HardwareStatus.msg
[12.073s] -- Installing: /home/saeesh/ros2_ws/install/my_robot_interfaces/share/my_robot_interfaces/msg/LedStatusArray.msg
[12.074s] -- Up-to-date: /home/saeesh/ros2_ws/install/my_robot_interfaces/share/ament_index/resource_index/package_run_dependencies/my_robot_interfaces
[12.074s] -- Installing: /home/saeesh/ros2_ws/install/my_robot_interfaces/share/ament_index/resource_index/parent_prefix_path/my_robot_interfaces
[12.075s] -- Up-to-date: /home/saeesh/ros2_ws/install/my_robot_interfaces/share/my_robot_interfaces/environment/ament_prefix_path.sh
[12.075s] -- Installing: /home/saeesh/ros2_ws/install/my_robot_interfaces/share/my_robot_interfaces/environment/ament_prefix_path.dsv
[12.076s] -- Up-to-date: /home/saeesh/ros2_ws/install/my_robot_interfaces/share/my_robot_interfaces/environment/path.sh
[12.076s] -- Installing: /home/saeesh/ros2_ws/install/my_robot_interfaces/share/my_robot_interfaces/environment/path.dsv
[12.076s] -- Up-to-date: /home/saeesh/ros2_ws/install/my_robot_interfaces/share/my_robot_interfaces/local_setup.bash
[12.077s] -- Up-to-date: /home/saeesh/ros2_ws/install/my_robot_interfaces/share/my_robot_interfaces/local_setup.sh
[12.077s] -- Up-to-date: /home/saeesh/ros2_ws/install/my_robot_interfaces/share/my_robot_interfaces/local_setup.zsh
[12.077s] -- Installing: /home/saeesh/ros2_ws/install/my_robot_interfaces/share/my_robot_interfaces/local_setup.dsv
[12.078s] -- Installing: /home/saeesh/ros2_ws/install/my_robot_interfaces/share/my_robot_interfaces/package.dsv
[12.078s] -- Up-to-date: /home/saeesh/ros2_ws/install/my_robot_interfaces/share/ament_index/resource_index/packages/my_robot_interfaces
[12.079s] -- Up-to-date: /home/saeesh/ros2_ws/install/my_robot_interfaces/share/my_robot_interfaces/cmake/export_my_robot_interfaces__rosidl_generator_cExport.cmake
[12.079s] -- Up-to-date: /home/saeesh/ros2_ws/install/my_robot_interfaces/share/my_robot_interfaces/cmake/export_my_robot_interfaces__rosidl_generator_cExport-noconfig.cmake
[12.080s] -- Up-to-date: /home/saeesh/ros2_ws/install/my_robot_interfaces/share/my_robot_interfaces/cmake/export_my_robot_interfaces__rosidl_typesupport_fastrtps_cExport.cmake
[12.080s] -- Up-to-date: /home/saeesh/ros2_ws/install/my_robot_interfaces/share/my_robot_interfaces/cmake/export_my_robot_interfaces__rosidl_typesupport_fastrtps_cExport-noconfig.cmake
[12.081s] -- Up-to-date: /home/saeesh/ros2_ws/install/my_robot_interfaces/share/my_robot_interfaces/cmake/my_robot_interfaces__rosidl_typesupport_introspection_cExport.cmake
[12.081s] -- Up-to-date: /home/saeesh/ros2_ws/install/my_robot_interfaces/share/my_robot_interfaces/cmake/my_robot_interfaces__rosidl_typesupport_introspection_cExport-noconfig.cmake
[12.082s] -- Up-to-date: /home/saeesh/ros2_ws/install/my_robot_interfaces/share/my_robot_interfaces/cmake/my_robot_interfaces__rosidl_typesupport_cExport.cmake
[12.082s] -- Up-to-date: /home/saeesh/ros2_ws/install/my_robot_interfaces/share/my_robot_interfaces/cmake/my_robot_interfaces__rosidl_typesupport_cExport-noconfig.cmake
[12.082s] -- Up-to-date: /home/saeesh/ros2_ws/install/my_robot_interfaces/share/my_robot_interfaces/cmake/export_my_robot_interfaces__rosidl_generator_cppExport.cmake
[12.083s] -- Up-to-date: /home/saeesh/ros2_ws/install/my_robot_interfaces/share/my_robot_interfaces/cmake/export_my_robot_interfaces__rosidl_typesupport_fastrtps_cppExport.cmake
[12.083s] -- Up-to-date: /home/saeesh/ros2_ws/install/my_robot_interfaces/share/my_robot_interfaces/cmake/export_my_robot_interfaces__rosidl_typesupport_fastrtps_cppExport-noconfig.cmake
[12.084s] -- Up-to-date: /home/saeesh/ros2_ws/install/my_robot_interfaces/share/my_robot_interfaces/cmake/my_robot_interfaces__rosidl_typesupport_introspection_cppExport.cmake
[12.084s] -- Up-to-date: /home/saeesh/ros2_ws/install/my_robot_interfaces/share/my_robot_interfaces/cmake/my_robot_interfaces__rosidl_typesupport_introspection_cppExport-noconfig.cmake
[12.084s] -- Up-to-date: /home/saeesh/ros2_ws/install/my_robot_interfaces/share/my_robot_interfaces/cmake/my_robot_interfaces__rosidl_typesupport_cppExport.cmake
[12.085s] -- Up-to-date: /home/saeesh/ros2_ws/install/my_robot_interfaces/share/my_robot_interfaces/cmake/my_robot_interfaces__rosidl_typesupport_cppExport-noconfig.cmake
[12.085s] -- Up-to-date: /home/saeesh/ros2_ws/install/my_robot_interfaces/share/my_robot_interfaces/cmake/export_my_robot_interfaces__rosidl_generator_pyExport.cmake
[12.085s] -- Up-to-date: /home/saeesh/ros2_ws/install/my_robot_interfaces/share/my_robot_interfaces/cmake/export_my_robot_interfaces__rosidl_generator_pyExport-noconfig.cmake
[12.086s] -- Installing: /home/saeesh/ros2_ws/install/my_robot_interfaces/share/my_robot_interfaces/cmake/rosidl_cmake-extras.cmake
[12.086s] -- Up-to-date: /home/saeesh/ros2_ws/install/my_robot_interfaces/share/my_robot_interfaces/cmake/ament_cmake_export_include_directories-extras.cmake
[12.087s] -- Up-to-date: /home/saeesh/ros2_ws/install/my_robot_interfaces/share/my_robot_interfaces/cmake/ament_cmake_export_libraries-extras.cmake
[12.087s] -- Up-to-date: /home/saeesh/ros2_ws/install/my_robot_interfaces/share/my_robot_interfaces/cmake/ament_cmake_export_targets-extras.cmake
[12.087s] -- Up-to-date: /home/saeesh/ros2_ws/install/my_robot_interfaces/share/my_robot_interfaces/cmake/rosidl_cmake_export_typesupport_targets-extras.cmake
[12.088s] -- Up-to-date: /home/saeesh/ros2_ws/install/my_robot_interfaces/share/my_robot_interfaces/cmake/ament_cmake_export_dependencies-extras.cmake
[12.088s] -- Up-to-date: /home/saeesh/ros2_ws/install/my_robot_interfaces/share/my_robot_interfaces/cmake/rosidl_cmake_export_typesupport_libraries-extras.cmake
[12.088s] -- Up-to-date: /home/saeesh/ros2_ws/install/my_robot_interfaces/share/my_robot_interfaces/cmake/my_robot_interfacesConfig.cmake
[12.088s] -- Up-to-date: /home/saeesh/ros2_ws/install/my_robot_interfaces/share/my_robot_interfaces/cmake/my_robot_interfacesConfig-version.cmake
[12.089s] -- Up-to-date: /home/saeesh/ros2_ws/install/my_robot_interfaces/share/my_robot_interfaces/package.xml
[12.095s] Invoked command in '/home/saeesh/ros2_ws/build/my_robot_interfaces' returned '0': CMAKE_PREFIX_PATH=${CMAKE_PREFIX_PATH}:/home/saeesh/ros2_ws/install/my_py_pkg:/opt/ros/humble /usr/bin/cmake --install /home/saeesh/ros2_ws/build/my_robot_interfaces
