[1.290s] DEBUG:colcon:Command line arguments: ['/usr/bin/colcon', 'build']
[1.290s] DEBUG:colcon:Parsed command line arguments: Namespace(log_base=None, log_level=None, verb_name='build', build_base='build', install_base='install', merge_install=False, symlink_install=False, test_result_base=None, continue_on_error=False, executor='parallel', parallel_workers=4, event_handlers=None, ignore_user_meta=False, metas=['./colcon.meta'], base_paths=['.'], packages_ignore=None, packages_ignore_regex=None, paths=None, packages_up_to=None, packages_up_to_regex=None, packages_above=None, packages_above_and_dependencies=None, packages_above_depth=None, packages_select_by_dep=None, packages_skip_by_dep=None, packages_skip_up_to=None, packages_select_build_failed=False, packages_skip_build_finished=False, packages_select_test_failures=False, packages_skip_test_passed=False, packages_select=None, packages_skip=None, packages_select_regex=None, packages_skip_regex=None, packages_start=None, packages_end=None, allow_overriding=[], cmake_args=None, cmake_target=None, cmake_target_skip_unavailable=False, cmake_clean_cache=False, cmake_clean_first=False, cmake_force_configure=False, ament_cmake_args=None, catkin_cmake_args=None, catkin_skip_building_tests=False, verb_parser=<colcon_defaults.argument_parser.defaults.DefaultArgumentsDecorator object at 0x7f6e5d6785b0>, verb_extension=<colcon_core.verb.build.BuildVerb object at 0x7f6e5d664a90>, main=<bound method BuildVerb.main of <colcon_core.verb.build.BuildVerb object at 0x7f6e5d664a90>>)
[1.348s] Level 1:colcon.colcon_core.package_discovery:discover_packages(colcon_meta) check parameters
[1.348s] Level 1:colcon.colcon_core.package_discovery:discover_packages(recursive) check parameters
[1.348s] Level 1:colcon.colcon_core.package_discovery:discover_packages(ignore) check parameters
[1.348s] Level 1:colcon.colcon_core.package_discovery:discover_packages(path) check parameters
[1.348s] Level 1:colcon.colcon_core.package_discovery:discover_packages(colcon_meta) discover
[1.348s] Level 1:colcon.colcon_core.package_discovery:discover_packages(recursive) discover
[1.349s] INFO:colcon.colcon_core.package_discovery:Crawling recursively for packages in '/home/saeesh/ros2_ws'
[1.349s] Level 1:colcon.colcon_core.package_identification:_identify(.) by extensions ['ignore', 'ignore_ament_install']
[1.349s] Level 1:colcon.colcon_core.package_identification:_identify(.) by extension 'ignore'
[1.349s] Level 1:colcon.colcon_core.package_identification:_identify(.) by extension 'ignore_ament_install'
[1.349s] Level 1:colcon.colcon_core.package_identification:_identify(.) by extensions ['colcon_pkg']
[1.349s] Level 1:colcon.colcon_core.package_identification:_identify(.) by extension 'colcon_pkg'
[1.349s] Level 1:colcon.colcon_core.package_identification:_identify(.) by extensions ['colcon_meta']
[1.349s] Level 1:colcon.colcon_core.package_identification:_identify(.) by extension 'colcon_meta'
[1.349s] Level 1:colcon.colcon_core.package_identification:_identify(.) by extensions ['ros']
[1.349s] Level 1:colcon.colcon_core.package_identification:_identify(.) by extension 'ros'
[1.364s] Level 1:colcon.colcon_core.package_identification:_identify(.) by extensions ['cmake', 'python']
[1.364s] Level 1:colcon.colcon_core.package_identification:_identify(.) by extension 'cmake'
[1.364s] Level 1:colcon.colcon_core.package_identification:_identify(.) by extension 'python'
[1.364s] Level 1:colcon.colcon_core.package_identification:_identify(.) by extensions ['python_setup_py']
[1.364s] Level 1:colcon.colcon_core.package_identification:_identify(.) by extension 'python_setup_py'
[1.364s] Level 1:colcon.colcon_core.package_identification:_identify(build) by extensions ['ignore', 'ignore_ament_install']
[1.364s] Level 1:colcon.colcon_core.package_identification:_identify(build) by extension 'ignore'
[1.364s] Level 1:colcon.colcon_core.package_identification:_identify(build) ignored
[1.364s] Level 1:colcon.colcon_core.package_identification:_identify(install) by extensions ['ignore', 'ignore_ament_install']
[1.365s] Level 1:colcon.colcon_core.package_identification:_identify(install) by extension 'ignore'
[1.365s] Level 1:colcon.colcon_core.package_identification:_identify(install) ignored
[1.365s] Level 1:colcon.colcon_core.package_identification:_identify(log) by extensions ['ignore', 'ignore_ament_install']
[1.365s] Level 1:colcon.colcon_core.package_identification:_identify(log) by extension 'ignore'
[1.365s] Level 1:colcon.colcon_core.package_identification:_identify(log) ignored
[1.365s] Level 1:colcon.colcon_core.package_identification:_identify(src) by extensions ['ignore', 'ignore_ament_install']
[1.365s] Level 1:colcon.colcon_core.package_identification:_identify(src) by extension 'ignore'
[1.365s] Level 1:colcon.colcon_core.package_identification:_identify(src) by extension 'ignore_ament_install'
[1.365s] Level 1:colcon.colcon_core.package_identification:_identify(src) by extensions ['colcon_pkg']
[1.366s] Level 1:colcon.colcon_core.package_identification:_identify(src) by extension 'colcon_pkg'
[1.366s] Level 1:colcon.colcon_core.package_identification:_identify(src) by extensions ['colcon_meta']
[1.366s] Level 1:colcon.colcon_core.package_identification:_identify(src) by extension 'colcon_meta'
[1.366s] Level 1:colcon.colcon_core.package_identification:_identify(src) by extensions ['ros']
[1.366s] Level 1:colcon.colcon_core.package_identification:_identify(src) by extension 'ros'
[1.366s] Level 1:colcon.colcon_core.package_identification:_identify(src) by extensions ['cmake', 'python']
[1.366s] Level 1:colcon.colcon_core.package_identification:_identify(src) by extension 'cmake'
[1.366s] Level 1:colcon.colcon_core.package_identification:_identify(src) by extension 'python'
[1.366s] Level 1:colcon.colcon_core.package_identification:_identify(src) by extensions ['python_setup_py']
[1.366s] Level 1:colcon.colcon_core.package_identification:_identify(src) by extension 'python_setup_py'
[1.366s] Level 1:colcon.colcon_core.package_identification:_identify(src/my_py_pkg) by extensions ['ignore', 'ignore_ament_install']
[1.366s] Level 1:colcon.colcon_core.package_identification:_identify(src/my_py_pkg) by extension 'ignore'
[1.366s] Level 1:colcon.colcon_core.package_identification:_identify(src/my_py_pkg) by extension 'ignore_ament_install'
[1.366s] Level 1:colcon.colcon_core.package_identification:_identify(src/my_py_pkg) by extensions ['colcon_pkg']
[1.366s] Level 1:colcon.colcon_core.package_identification:_identify(src/my_py_pkg) by extension 'colcon_pkg'
[1.367s] Level 1:colcon.colcon_core.package_identification:_identify(src/my_py_pkg) by extensions ['colcon_meta']
[1.367s] Level 1:colcon.colcon_core.package_identification:_identify(src/my_py_pkg) by extension 'colcon_meta'
[1.367s] Level 1:colcon.colcon_core.package_identification:_identify(src/my_py_pkg) by extensions ['ros']
[1.367s] Level 1:colcon.colcon_core.package_identification:_identify(src/my_py_pkg) by extension 'ros'
[1.371s] DEBUG:colcon.colcon_core.package_identification:Package 'src/my_py_pkg' with type 'ros.ament_python' and name 'my_py_pkg'
[1.371s] Level 1:colcon.colcon_core.package_identification:_identify(src/my_robot_bringup) by extensions ['ignore', 'ignore_ament_install']
[1.371s] Level 1:colcon.colcon_core.package_identification:_identify(src/my_robot_bringup) by extension 'ignore'
[1.371s] Level 1:colcon.colcon_core.package_identification:_identify(src/my_robot_bringup) by extension 'ignore_ament_install'
[1.371s] Level 1:colcon.colcon_core.package_identification:_identify(src/my_robot_bringup) by extensions ['colcon_pkg']
[1.372s] Level 1:colcon.colcon_core.package_identification:_identify(src/my_robot_bringup) by extension 'colcon_pkg'
[1.372s] Level 1:colcon.colcon_core.package_identification:_identify(src/my_robot_bringup) by extensions ['colcon_meta']
[1.372s] Level 1:colcon.colcon_core.package_identification:_identify(src/my_robot_bringup) by extension 'colcon_meta'
[1.372s] Level 1:colcon.colcon_core.package_identification:_identify(src/my_robot_bringup) by extensions ['ros']
[1.372s] Level 1:colcon.colcon_core.package_identification:_identify(src/my_robot_bringup) by extension 'ros'
[1.372s] DEBUG:colcon.colcon_core.package_identification:Package 'src/my_robot_bringup' with type 'ros.ament_cmake' and name 'my_robot_bringup'
[1.373s] Level 1:colcon.colcon_core.package_identification:_identify(src/my_robot_interface) by extensions ['ignore', 'ignore_ament_install']
[1.373s] Level 1:colcon.colcon_core.package_identification:_identify(src/my_robot_interface) by extension 'ignore'
[1.373s] Level 1:colcon.colcon_core.package_identification:_identify(src/my_robot_interface) by extension 'ignore_ament_install'
[1.373s] Level 1:colcon.colcon_core.package_identification:_identify(src/my_robot_interface) by extensions ['colcon_pkg']
[1.373s] Level 1:colcon.colcon_core.package_identification:_identify(src/my_robot_interface) by extension 'colcon_pkg'
[1.373s] Level 1:colcon.colcon_core.package_identification:_identify(src/my_robot_interface) by extensions ['colcon_meta']
[1.373s] Level 1:colcon.colcon_core.package_identification:_identify(src/my_robot_interface) by extension 'colcon_meta'
[1.373s] Level 1:colcon.colcon_core.package_identification:_identify(src/my_robot_interface) by extensions ['ros']
[1.373s] Level 1:colcon.colcon_core.package_identification:_identify(src/my_robot_interface) by extension 'ros'
[1.374s] DEBUG:colcon.colcon_core.package_identification:Package 'src/my_robot_interface' with type 'ros.ament_cmake' and name 'my_robot_interface'
[1.374s] Level 1:colcon.colcon_core.package_identification:_identify(src/turtlesim_catch_them_all) by extensions ['ignore', 'ignore_ament_install']
[1.374s] Level 1:colcon.colcon_core.package_identification:_identify(src/turtlesim_catch_them_all) by extension 'ignore'
[1.374s] Level 1:colcon.colcon_core.package_identification:_identify(src/turtlesim_catch_them_all) by extension 'ignore_ament_install'
[1.374s] Level 1:colcon.colcon_core.package_identification:_identify(src/turtlesim_catch_them_all) by extensions ['colcon_pkg']
[1.374s] Level 1:colcon.colcon_core.package_identification:_identify(src/turtlesim_catch_them_all) by extension 'colcon_pkg'
[1.374s] Level 1:colcon.colcon_core.package_identification:_identify(src/turtlesim_catch_them_all) by extensions ['colcon_meta']
[1.374s] Level 1:colcon.colcon_core.package_identification:_identify(src/turtlesim_catch_them_all) by extension 'colcon_meta'
[1.374s] Level 1:colcon.colcon_core.package_identification:_identify(src/turtlesim_catch_them_all) by extensions ['ros']
[1.374s] Level 1:colcon.colcon_core.package_identification:_identify(src/turtlesim_catch_them_all) by extension 'ros'
[1.375s] DEBUG:colcon.colcon_core.package_identification:Package 'src/turtlesim_catch_them_all' with type 'ros.ament_python' and name 'turtlesim_catch_them_all'
[1.375s] Level 1:colcon.colcon_core.package_discovery:discover_packages(recursive) using defaults
[1.376s] Level 1:colcon.colcon_core.package_discovery:discover_packages(ignore) discover
[1.376s] Level 1:colcon.colcon_core.package_discovery:discover_packages(ignore) using defaults
[1.376s] Level 1:colcon.colcon_core.package_discovery:discover_packages(path) discover
[1.376s] Level 1:colcon.colcon_core.package_discovery:discover_packages(path) using defaults
[1.574s] Level 1:colcon.colcon_core.package_discovery:discover_packages(prefix_path) check parameters
[1.575s] Level 1:colcon.colcon_core.package_discovery:discover_packages(prefix_path) discover
[1.657s] DEBUG:colcon.colcon_installed_package_information.package_discovery:Found 5 installed packages in /home/saeesh/ros2_ws/install
[1.700s] DEBUG:colcon.colcon_installed_package_information.package_discovery:Found 275 installed packages in /opt/ros/humble
[1.724s] Level 1:colcon.colcon_core.package_discovery:discover_packages(prefix_path) using defaults
[1.946s] Level 5:colcon.colcon_core.verb:set package 'my_py_pkg' build argument 'cmake_args' from command line to 'None'
[1.946s] Level 5:colcon.colcon_core.verb:set package 'my_py_pkg' build argument 'cmake_target' from command line to 'None'
[1.946s] Level 5:colcon.colcon_core.verb:set package 'my_py_pkg' build argument 'cmake_target_skip_unavailable' from command line to 'False'
[1.946s] Level 5:colcon.colcon_core.verb:set package 'my_py_pkg' build argument 'cmake_clean_cache' from command line to 'False'
[1.946s] Level 5:colcon.colcon_core.verb:set package 'my_py_pkg' build argument 'cmake_clean_first' from command line to 'False'
[1.946s] Level 5:colcon.colcon_core.verb:set package 'my_py_pkg' build argument 'cmake_force_configure' from command line to 'False'
[1.946s] Level 5:colcon.colcon_core.verb:set package 'my_py_pkg' build argument 'ament_cmake_args' from command line to 'None'
[1.946s] Level 5:colcon.colcon_core.verb:set package 'my_py_pkg' build argument 'catkin_cmake_args' from command line to 'None'
[1.946s] Level 5:colcon.colcon_core.verb:set package 'my_py_pkg' build argument 'catkin_skip_building_tests' from command line to 'False'
[1.947s] DEBUG:colcon.colcon_core.verb:Building package 'my_py_pkg' with the following arguments: {'ament_cmake_args': None, 'build_base': '/home/saeesh/ros2_ws/build/my_py_pkg', 'catkin_cmake_args': None, 'catkin_skip_building_tests': False, 'cmake_args': None, 'cmake_clean_cache': False, 'cmake_clean_first': False, 'cmake_force_configure': False, 'cmake_target': None, 'cmake_target_skip_unavailable': False, 'install_base': '/home/saeesh/ros2_ws/install/my_py_pkg', 'merge_install': False, 'path': '/home/saeesh/ros2_ws/src/my_py_pkg', 'symlink_install': False, 'test_result_base': None}
[1.977s] Level 5:colcon.colcon_core.verb:set package 'my_robot_interface' build argument 'cmake_args' from command line to 'None'
[1.977s] Level 5:colcon.colcon_core.verb:set package 'my_robot_interface' build argument 'cmake_target' from command line to 'None'
[1.977s] Level 5:colcon.colcon_core.verb:set package 'my_robot_interface' build argument 'cmake_target_skip_unavailable' from command line to 'False'
[1.977s] Level 5:colcon.colcon_core.verb:set package 'my_robot_interface' build argument 'cmake_clean_cache' from command line to 'False'
[1.977s] Level 5:colcon.colcon_core.verb:set package 'my_robot_interface' build argument 'cmake_clean_first' from command line to 'False'
[1.977s] Level 5:colcon.colcon_core.verb:set package 'my_robot_interface' build argument 'cmake_force_configure' from command line to 'False'
[1.977s] Level 5:colcon.colcon_core.verb:set package 'my_robot_interface' build argument 'ament_cmake_args' from command line to 'None'
[1.977s] Level 5:colcon.colcon_core.verb:set package 'my_robot_interface' build argument 'catkin_cmake_args' from command line to 'None'
[1.977s] Level 5:colcon.colcon_core.verb:set package 'my_robot_interface' build argument 'catkin_skip_building_tests' from command line to 'False'
[1.977s] DEBUG:colcon.colcon_core.verb:Building package 'my_robot_interface' with the following arguments: {'ament_cmake_args': None, 'build_base': '/home/saeesh/ros2_ws/build/my_robot_interface', 'catkin_cmake_args': None, 'catkin_skip_building_tests': False, 'cmake_args': None, 'cmake_clean_cache': False, 'cmake_clean_first': False, 'cmake_force_configure': False, 'cmake_target': None, 'cmake_target_skip_unavailable': False, 'install_base': '/home/saeesh/ros2_ws/install/my_robot_interface', 'merge_install': False, 'path': '/home/saeesh/ros2_ws/src/my_robot_interface', 'symlink_install': False, 'test_result_base': None}
[2.004s] Level 5:colcon.colcon_core.verb:set package 'turtlesim_catch_them_all' build argument 'cmake_args' from command line to 'None'
[2.004s] Level 5:colcon.colcon_core.verb:set package 'turtlesim_catch_them_all' build argument 'cmake_target' from command line to 'None'
[2.004s] Level 5:colcon.colcon_core.verb:set package 'turtlesim_catch_them_all' build argument 'cmake_target_skip_unavailable' from command line to 'False'
[2.005s] Level 5:colcon.colcon_core.verb:set package 'turtlesim_catch_them_all' build argument 'cmake_clean_cache' from command line to 'False'
[2.005s] Level 5:colcon.colcon_core.verb:set package 'turtlesim_catch_them_all' build argument 'cmake_clean_first' from command line to 'False'
[2.005s] Level 5:colcon.colcon_core.verb:set package 'turtlesim_catch_them_all' build argument 'cmake_force_configure' from command line to 'False'
[2.005s] Level 5:colcon.colcon_core.verb:set package 'turtlesim_catch_them_all' build argument 'ament_cmake_args' from command line to 'None'
[2.005s] Level 5:colcon.colcon_core.verb:set package 'turtlesim_catch_them_all' build argument 'catkin_cmake_args' from command line to 'None'
[2.005s] Level 5:colcon.colcon_core.verb:set package 'turtlesim_catch_them_all' build argument 'catkin_skip_building_tests' from command line to 'False'
[2.005s] DEBUG:colcon.colcon_core.verb:Building package 'turtlesim_catch_them_all' with the following arguments: {'ament_cmake_args': None, 'build_base': '/home/saeesh/ros2_ws/build/turtlesim_catch_them_all', 'catkin_cmake_args': None, 'catkin_skip_building_tests': False, 'cmake_args': None, 'cmake_clean_cache': False, 'cmake_clean_first': False, 'cmake_force_configure': False, 'cmake_target': None, 'cmake_target_skip_unavailable': False, 'install_base': '/home/saeesh/ros2_ws/install/turtlesim_catch_them_all', 'merge_install': False, 'path': '/home/saeesh/ros2_ws/src/turtlesim_catch_them_all', 'symlink_install': False, 'test_result_base': None}
[2.030s] Level 5:colcon.colcon_core.verb:set package 'my_robot_bringup' build argument 'cmake_args' from command line to 'None'
[2.030s] Level 5:colcon.colcon_core.verb:set package 'my_robot_bringup' build argument 'cmake_target' from command line to 'None'
[2.030s] Level 5:colcon.colcon_core.verb:set package 'my_robot_bringup' build argument 'cmake_target_skip_unavailable' from command line to 'False'
[2.030s] Level 5:colcon.colcon_core.verb:set package 'my_robot_bringup' build argument 'cmake_clean_cache' from command line to 'False'
[2.030s] Level 5:colcon.colcon_core.verb:set package 'my_robot_bringup' build argument 'cmake_clean_first' from command line to 'False'
[2.030s] Level 5:colcon.colcon_core.verb:set package 'my_robot_bringup' build argument 'cmake_force_configure' from command line to 'False'
[2.030s] Level 5:colcon.colcon_core.verb:set package 'my_robot_bringup' build argument 'ament_cmake_args' from command line to 'None'
[2.030s] Level 5:colcon.colcon_core.verb:set package 'my_robot_bringup' build argument 'catkin_cmake_args' from command line to 'None'
[2.030s] Level 5:colcon.colcon_core.verb:set package 'my_robot_bringup' build argument 'catkin_skip_building_tests' from command line to 'False'
[2.030s] DEBUG:colcon.colcon_core.verb:Building package 'my_robot_bringup' with the following arguments: {'ament_cmake_args': None, 'build_base': '/home/saeesh/ros2_ws/build/my_robot_bringup', 'catkin_cmake_args': None, 'catkin_skip_building_tests': False, 'cmake_args': None, 'cmake_clean_cache': False, 'cmake_clean_first': False, 'cmake_force_configure': False, 'cmake_target': None, 'cmake_target_skip_unavailable': False, 'install_base': '/home/saeesh/ros2_ws/install/my_robot_bringup', 'merge_install': False, 'path': '/home/saeesh/ros2_ws/src/my_robot_bringup', 'symlink_install': False, 'test_result_base': None}
[2.052s] INFO:colcon.colcon_core.executor:Executing jobs using 'parallel' executor
[2.074s] DEBUG:colcon.colcon_parallel_executor.executor.parallel:run_until_complete
[2.074s] INFO:colcon.colcon_ros.task.ament_python.build:Building ROS package in '/home/saeesh/ros2_ws/src/my_py_pkg' with build type 'ament_python'
[2.074s] Level 1:colcon.colcon_core.shell:create_environment_hook('my_py_pkg', 'ament_prefix_path')
[2.098s] INFO:colcon.colcon_core.plugin_system:Skipping extension 'colcon_core.shell.bat': Not used on non-Windows systems
[2.098s] INFO:colcon.colcon_core.shell:Creating environment hook '/home/saeesh/ros2_ws/install/my_py_pkg/share/my_py_pkg/hook/ament_prefix_path.ps1'
[2.099s] INFO:colcon.colcon_core.shell:Creating environment descriptor '/home/saeesh/ros2_ws/install/my_py_pkg/share/my_py_pkg/hook/ament_prefix_path.dsv'
[2.099s] INFO:colcon.colcon_core.shell:Creating environment hook '/home/saeesh/ros2_ws/install/my_py_pkg/share/my_py_pkg/hook/ament_prefix_path.sh'
[2.121s] INFO:colcon.colcon_core.shell:Skip shell extension 'powershell' for command environment: Not usable outside of PowerShell
[2.121s] DEBUG:colcon.colcon_core.shell:Skip shell extension 'dsv' for command environment
[2.186s] INFO:colcon.colcon_ros.task.ament_cmake.build:Building ROS package in '/home/saeesh/ros2_ws/src/my_robot_interface' with build type 'ament_cmake'
[2.186s] INFO:colcon.colcon_cmake.task.cmake.build:Building CMake package in '/home/saeesh/ros2_ws/src/my_robot_interface'
[2.208s] INFO:colcon.colcon_core.shell:Skip shell extension 'powershell' for command environment: Not usable outside of PowerShell
[2.208s] DEBUG:colcon.colcon_core.shell:Skip shell extension 'dsv' for command environment
[2.267s] INFO:colcon.colcon_ros.task.ament_python.build:Building ROS package in '/home/saeesh/ros2_ws/src/turtlesim_catch_them_all' with build type 'ament_python'
[2.268s] Level 1:colcon.colcon_core.shell:create_environment_hook('turtlesim_catch_them_all', 'ament_prefix_path')
[2.289s] INFO:colcon.colcon_core.shell:Creating environment hook '/home/saeesh/ros2_ws/install/turtlesim_catch_them_all/share/turtlesim_catch_them_all/hook/ament_prefix_path.ps1'
[2.290s] INFO:colcon.colcon_core.shell:Creating environment descriptor '/home/saeesh/ros2_ws/install/turtlesim_catch_them_all/share/turtlesim_catch_them_all/hook/ament_prefix_path.dsv'
[2.290s] INFO:colcon.colcon_core.shell:Creating environment hook '/home/saeesh/ros2_ws/install/turtlesim_catch_them_all/share/turtlesim_catch_them_all/hook/ament_prefix_path.sh'
[2.312s] INFO:colcon.colcon_core.shell:Skip shell extension 'powershell' for command environment: Not usable outside of PowerShell
[2.312s] DEBUG:colcon.colcon_core.shell:Skip shell extension 'dsv' for command environment
[2.750s] INFO:colcon.colcon_core.task.python.build:Building Python package in '/home/saeesh/ros2_ws/src/my_py_pkg'
[2.770s] INFO:colcon.colcon_core.shell:Skip shell extension 'powershell' for command environment: Not usable outside of PowerShell
[2.770s] DEBUG:colcon.colcon_core.shell:Skip shell extension 'dsv' for command environment
[2.840s] DEBUG:colcon.colcon_core.event_handler.log_command:Invoking command in '/home/saeesh/ros2_ws/build/my_robot_interface': CMAKE_PREFIX_PATH=${CMAKE_PREFIX_PATH}:/home/saeesh/ros2_ws/install/turtlsim_catch_them_all:/home/saeesh/ros2_ws/install/turtlesim_catch_them_all:/home/saeesh/ros2_ws/install/my_py_pkg:/opt/ros/humble /usr/bin/cmake /home/saeesh/ros2_ws/src/my_robot_interface -DCMAKE_INSTALL_PREFIX=/home/saeesh/ros2_ws/install/my_robot_interface
[3.208s] INFO:colcon.colcon_core.task.python.build:Building Python package in '/home/saeesh/ros2_ws/src/turtlesim_catch_them_all'
[3.240s] INFO:colcon.colcon_core.shell:Skip shell extension 'powershell' for command environment: Not usable outside of PowerShell
[3.240s] DEBUG:colcon.colcon_core.shell:Skip shell extension 'dsv' for command environment
[3.919s] DEBUG:colcon.colcon_core.event_handler.log_command:Invoking command in '/home/saeesh/ros2_ws/build/turtlesim_catch_them_all': PYTHONPATH=/home/saeesh/ros2_ws/build/turtlesim_catch_them_all/prefix_override:/home/saeesh/ros2_ws/install/turtlesim_catch_them_all/lib/python3.10/site-packages:${PYTHONPATH} /usr/bin/python3 setup.py develop --uninstall --editable --build-directory /home/saeesh/ros2_ws/build/turtlesim_catch_them_all/build
[4.046s] DEBUG:colcon.colcon_core.event_handler.log_command:Invoking command in '/home/saeesh/ros2_ws/src/my_py_pkg': PYTHONPATH=/home/saeesh/ros2_ws/build/my_py_pkg/prefix_override:/home/saeesh/ros2_ws/install/my_py_pkg/lib/python3.10/site-packages:${PYTHONPATH} /usr/bin/python3 setup.py egg_info --egg-base ../../build/my_py_pkg build --build-base /home/saeesh/ros2_ws/build/my_py_pkg/build install --record /home/saeesh/ros2_ws/build/my_py_pkg/install.log --single-version-externally-managed
[4.681s] DEBUG:colcon.colcon_core.event_handler.log_command:Invoked command in '/home/saeesh/ros2_ws/src/my_py_pkg' returned '0': PYTHONPATH=/home/saeesh/ros2_ws/build/my_py_pkg/prefix_override:/home/saeesh/ros2_ws/install/my_py_pkg/lib/python3.10/site-packages:${PYTHONPATH} /usr/bin/python3 setup.py egg_info --egg-base ../../build/my_py_pkg build --build-base /home/saeesh/ros2_ws/build/my_py_pkg/build install --record /home/saeesh/ros2_ws/build/my_py_pkg/install.log --single-version-externally-managed
[4.710s] Level 1:colcon.colcon_core.environment:checking '/home/saeesh/ros2_ws/install/my_py_pkg' for CMake module files
[4.711s] Level 1:colcon.colcon_core.environment:checking '/home/saeesh/ros2_ws/install/my_py_pkg' for CMake config files
[4.713s] Level 1:colcon.colcon_core.environment:checking '/home/saeesh/ros2_ws/install/my_py_pkg/lib'
[4.714s] Level 1:colcon.colcon_core.environment:checking '/home/saeesh/ros2_ws/install/my_py_pkg/bin'
[4.714s] Level 1:colcon.colcon_core.environment:checking '/home/saeesh/ros2_ws/install/my_py_pkg/lib/pkgconfig/my_py_pkg.pc'
[4.714s] Level 1:colcon.colcon_core.environment:checking '/home/saeesh/ros2_ws/install/my_py_pkg/lib/python3.10/site-packages'
[4.714s] Level 1:colcon.colcon_core.shell:create_environment_hook('my_py_pkg', 'pythonpath')
[4.736s] INFO:colcon.colcon_core.shell:Creating environment hook '/home/saeesh/ros2_ws/install/my_py_pkg/share/my_py_pkg/hook/pythonpath.ps1'
[4.737s] INFO:colcon.colcon_core.shell:Creating environment descriptor '/home/saeesh/ros2_ws/install/my_py_pkg/share/my_py_pkg/hook/pythonpath.dsv'
[4.737s] INFO:colcon.colcon_core.shell:Creating environment hook '/home/saeesh/ros2_ws/install/my_py_pkg/share/my_py_pkg/hook/pythonpath.sh'
[4.738s] Level 1:colcon.colcon_core.environment:checking '/home/saeesh/ros2_ws/install/my_py_pkg/bin'
[4.738s] Level 1:colcon.colcon_core.environment:create_environment_scripts_only(my_py_pkg)
[4.760s] INFO:colcon.colcon_core.shell:Creating package script '/home/saeesh/ros2_ws/install/my_py_pkg/share/my_py_pkg/package.ps1'
[4.761s] INFO:colcon.colcon_core.shell:Creating package descriptor '/home/saeesh/ros2_ws/install/my_py_pkg/share/my_py_pkg/package.dsv'
[4.762s] INFO:colcon.colcon_core.shell:Creating package script '/home/saeesh/ros2_ws/install/my_py_pkg/share/my_py_pkg/package.sh'
[4.763s] INFO:colcon.colcon_core.shell:Creating package script '/home/saeesh/ros2_ws/install/my_py_pkg/share/my_py_pkg/package.bash'
[4.764s] INFO:colcon.colcon_core.shell:Creating package script '/home/saeesh/ros2_ws/install/my_py_pkg/share/my_py_pkg/package.zsh'
[4.764s] Level 1:colcon.colcon_core.environment:create_file_with_runtime_dependencies(/home/saeesh/ros2_ws/install/my_py_pkg/share/colcon-core/packages/my_py_pkg)
[4.765s] INFO:colcon.colcon_ros.task.ament_cmake.build:Building ROS package in '/home/saeesh/ros2_ws/src/my_robot_bringup' with build type 'ament_cmake'
[4.765s] INFO:colcon.colcon_cmake.task.cmake.build:Building CMake package in '/home/saeesh/ros2_ws/src/my_robot_bringup'
[4.792s] INFO:colcon.colcon_core.shell:Skip shell extension 'powershell' for command environment: Not usable outside of PowerShell
[4.792s] DEBUG:colcon.colcon_core.shell:Skip shell extension 'dsv' for command environment
[4.875s] DEBUG:colcon.colcon_core.event_handler.log_command:Invoked command in '/home/saeesh/ros2_ws/build/turtlesim_catch_them_all' returned '0': PYTHONPATH=/home/saeesh/ros2_ws/build/turtlesim_catch_them_all/prefix_override:/home/saeesh/ros2_ws/install/turtlesim_catch_them_all/lib/python3.10/site-packages:${PYTHONPATH} /usr/bin/python3 setup.py develop --uninstall --editable --build-directory /home/saeesh/ros2_ws/build/turtlesim_catch_them_all/build
[4.877s] DEBUG:colcon.colcon_core.event_handler.log_command:Invoking command in '/home/saeesh/ros2_ws/src/turtlesim_catch_them_all': PYTHONPATH=/home/saeesh/ros2_ws/build/turtlesim_catch_them_all/prefix_override:/home/saeesh/ros2_ws/install/turtlesim_catch_them_all/lib/python3.10/site-packages:${PYTHONPATH} /usr/bin/python3 setup.py egg_info --egg-base ../../build/turtlesim_catch_them_all build --build-base /home/saeesh/ros2_ws/build/turtlesim_catch_them_all/build install --record /home/saeesh/ros2_ws/build/turtlesim_catch_them_all/install.log --single-version-externally-managed
[4.925s] DEBUG:colcon.colcon_core.event_handler.log_command:Invoking command in '/home/saeesh/ros2_ws/build/my_robot_bringup': AMENT_PREFIX_PATH=/home/saeesh/ros2_ws/install/my_py_pkg:/home/saeesh/ros2_ws/install/turtlsim_catch_them_all:/home/saeesh/ros2_ws/install/turtlesim_catch_them_all:/home/saeesh/ros2_ws/install/my_robot_bringup:/home/saeesh/ros2_ws/install/my_robot_interfaces:/opt/ros/humble CMAKE_PREFIX_PATH=${CMAKE_PREFIX_PATH}:/home/saeesh/ros2_ws/install/turtlsim_catch_them_all:/home/saeesh/ros2_ws/install/turtlesim_catch_them_all:/home/saeesh/ros2_ws/install/my_py_pkg:/opt/ros/humble PYTHONPATH=/home/saeesh/ros2_ws/install/my_py_pkg/lib/python3.10/site-packages:/home/saeesh/ros2_ws/build/turtlsim_catch_them_all:/home/saeesh/ros2_ws/install/turtlsim_catch_them_all/lib/python3.10/site-packages:/home/saeesh/ros2_ws/build/turtlesim_catch_them_all:/home/saeesh/ros2_ws/install/turtlesim_catch_them_all/lib/python3.10/site-packages:/opt/ros/humble/lib/python3.10/site-packages:/opt/ros/humble/local/lib/python3.10/dist-packages /usr/bin/cmake /home/saeesh/ros2_ws/src/my_robot_bringup -DCMAKE_INSTALL_PREFIX=/home/saeesh/ros2_ws/install/my_robot_bringup
[5.011s] DEBUG:colcon.colcon_core.event_handler.log_command:Invoked command in '/home/saeesh/ros2_ws/build/my_robot_bringup' returned '1': AMENT_PREFIX_PATH=/home/saeesh/ros2_ws/install/my_py_pkg:/home/saeesh/ros2_ws/install/turtlsim_catch_them_all:/home/saeesh/ros2_ws/install/turtlesim_catch_them_all:/home/saeesh/ros2_ws/install/my_robot_bringup:/home/saeesh/ros2_ws/install/my_robot_interfaces:/opt/ros/humble CMAKE_PREFIX_PATH=${CMAKE_PREFIX_PATH}:/home/saeesh/ros2_ws/install/turtlsim_catch_them_all:/home/saeesh/ros2_ws/install/turtlesim_catch_them_all:/home/saeesh/ros2_ws/install/my_py_pkg:/opt/ros/humble PYTHONPATH=/home/saeesh/ros2_ws/install/my_py_pkg/lib/python3.10/site-packages:/home/saeesh/ros2_ws/build/turtlsim_catch_them_all:/home/saeesh/ros2_ws/install/turtlsim_catch_them_all/lib/python3.10/site-packages:/home/saeesh/ros2_ws/build/turtlesim_catch_them_all:/home/saeesh/ros2_ws/install/turtlesim_catch_them_all/lib/python3.10/site-packages:/opt/ros/humble/lib/python3.10/site-packages:/opt/ros/humble/local/lib/python3.10/dist-packages /usr/bin/cmake /home/saeesh/ros2_ws/src/my_robot_bringup -DCMAKE_INSTALL_PREFIX=/home/saeesh/ros2_ws/install/my_robot_bringup
[5.034s] Level 1:colcon.colcon_core.environment:create_environment_scripts_only(my_robot_bringup)
[5.064s] Level 1:colcon.colcon_core.environment:checking '/home/saeesh/ros2_ws/install/my_robot_bringup' for CMake module files
[5.108s] Level 1:colcon.colcon_core.environment:checking '/home/saeesh/ros2_ws/install/my_robot_bringup' for CMake config files
[5.130s] Level 1:colcon.colcon_core.shell:create_environment_hook('my_robot_bringup', 'cmake_prefix_path')
[5.160s] INFO:colcon.colcon_core.shell:Creating environment hook '/home/saeesh/ros2_ws/install/my_robot_bringup/share/my_robot_bringup/hook/cmake_prefix_path.ps1'
[5.161s] INFO:colcon.colcon_core.shell:Creating environment descriptor '/home/saeesh/ros2_ws/install/my_robot_bringup/share/my_robot_bringup/hook/cmake_prefix_path.dsv'
[5.161s] INFO:colcon.colcon_core.shell:Creating environment hook '/home/saeesh/ros2_ws/install/my_robot_bringup/share/my_robot_bringup/hook/cmake_prefix_path.sh'
[5.162s] Level 1:colcon.colcon_core.environment:checking '/home/saeesh/ros2_ws/install/my_robot_bringup/bin'
[5.163s] Level 1:colcon.colcon_core.environment:checking '/home/saeesh/ros2_ws/install/my_robot_bringup/lib/pkgconfig/my_robot_bringup.pc'
[5.163s] Level 1:colcon.colcon_core.environment:checking '/home/saeesh/ros2_ws/install/my_robot_bringup/lib/python3.10/site-packages'
[5.163s] Level 1:colcon.colcon_core.environment:checking '/home/saeesh/ros2_ws/install/my_robot_bringup/bin'
[5.195s] INFO:colcon.colcon_core.shell:Creating package script '/home/saeesh/ros2_ws/install/my_robot_bringup/share/my_robot_bringup/package.ps1'
[5.195s] INFO:colcon.colcon_core.shell:Creating package descriptor '/home/saeesh/ros2_ws/install/my_robot_bringup/share/my_robot_bringup/package.dsv'
[5.196s] INFO:colcon.colcon_core.shell:Creating package script '/home/saeesh/ros2_ws/install/my_robot_bringup/share/my_robot_bringup/package.sh'
[5.197s] INFO:colcon.colcon_core.shell:Creating package script '/home/saeesh/ros2_ws/install/my_robot_bringup/share/my_robot_bringup/package.bash'
[5.197s] INFO:colcon.colcon_core.shell:Creating package script '/home/saeesh/ros2_ws/install/my_robot_bringup/share/my_robot_bringup/package.zsh'
[5.198s] Level 1:colcon.colcon_core.environment:create_file_with_runtime_dependencies(/home/saeesh/ros2_ws/install/my_robot_bringup/share/colcon-core/packages/my_robot_bringup)
[5.754s] DEBUG:colcon.colcon_parallel_executor.executor.parallel:closing loop
[5.754s] DEBUG:colcon.colcon_parallel_executor.executor.parallel:loop closed
[5.755s] DEBUG:colcon.colcon_parallel_executor.executor.parallel:run_until_complete finished with '1'
[5.755s] DEBUG:colcon.colcon_core.event_reactor:joining thread
[5.785s] INFO:colcon.colcon_core.plugin_system:Skipping extension 'colcon_notification.desktop_notification.terminal_notifier': Not used on non-Darwin systems
[5.785s] INFO:colcon.colcon_core.plugin_system:Skipping extension 'colcon_notification.desktop_notification.win32': Not used on non-Windows systems
[5.785s] INFO:colcon.colcon_notification.desktop_notification:Sending desktop notification using 'notify2'
[5.799s] DEBUG:colcon.colcon_core.event_reactor:joined thread
[5.825s] INFO:colcon.colcon_core.shell:Creating prefix script '/home/saeesh/ros2_ws/install/local_setup.ps1'
[5.826s] INFO:colcon.colcon_core.shell:Creating prefix util module '/home/saeesh/ros2_ws/install/_local_setup_util_ps1.py'
[5.828s] INFO:colcon.colcon_core.shell:Creating prefix chain script '/home/saeesh/ros2_ws/install/setup.ps1'
[5.848s] INFO:colcon.colcon_core.shell:Creating prefix script '/home/saeesh/ros2_ws/install/local_setup.sh'
[5.849s] INFO:colcon.colcon_core.shell:Creating prefix util module '/home/saeesh/ros2_ws/install/_local_setup_util_sh.py'
[5.849s] INFO:colcon.colcon_core.shell:Creating prefix chain script '/home/saeesh/ros2_ws/install/setup.sh'
[5.870s] INFO:colcon.colcon_core.shell:Creating prefix script '/home/saeesh/ros2_ws/install/local_setup.bash'
[5.871s] INFO:colcon.colcon_core.shell:Creating prefix chain script '/home/saeesh/ros2_ws/install/setup.bash'
[5.891s] INFO:colcon.colcon_core.shell:Creating prefix script '/home/saeesh/ros2_ws/install/local_setup.zsh'
[5.892s] INFO:colcon.colcon_core.shell:Creating prefix chain script '/home/saeesh/ros2_ws/install/setup.zsh'
