[1.515s] Invoking command in '/home/saeesh/ros2_ws/src/my_py_pkg': PYTHONPATH=/home/saeesh/ros2_ws/build/my_py_pkg/prefix_override:/home/saeesh/ros2_ws/install/my_py_pkg/lib/python3.10/site-packages:${PYTHONPATH} /usr/bin/python3 setup.py egg_info --egg-base ../../build/my_py_pkg build --build-base /home/saeesh/ros2_ws/build/my_py_pkg/build install --record /home/saeesh/ros2_ws/build/my_py_pkg/install.log --single-version-externally-managed
[1.986s] running egg_info
[1.988s] writing ../../build/my_py_pkg/my_py_pkg.egg-info/PKG-INFO
[1.988s] writing dependency_links to ../../build/my_py_pkg/my_py_pkg.egg-info/dependency_links.txt
[1.989s] writing entry points to ../../build/my_py_pkg/my_py_pkg.egg-info/entry_points.txt
[1.989s] writing requirements to ../../build/my_py_pkg/my_py_pkg.egg-info/requires.txt
[1.989s] writing top-level names to ../../build/my_py_pkg/my_py_pkg.egg-info/top_level.txt
[1.994s] reading manifest file '../../build/my_py_pkg/my_py_pkg.egg-info/SOURCES.txt'
[1.995s] writing manifest file '../../build/my_py_pkg/my_py_pkg.egg-info/SOURCES.txt'
[1.996s] running build
[1.996s] running build_py
[1.997s] copying my_py_pkg/add_two_numbers_cli.py -> /home/saeesh/ros2_ws/build/my_py_pkg/build/lib/my_py_pkg
[1.997s] running install
[1.998s] running install_lib
[2.000s] copying /home/saeesh/ros2_ws/build/my_py_pkg/build/lib/my_py_pkg/add_two_numbers_cli.py -> /home/saeesh/ros2_ws/install/my_py_pkg/lib/python3.10/site-packages/my_py_pkg
[2.001s] byte-compiling /home/saeesh/ros2_ws/install/my_py_pkg/lib/python3.10/site-packages/my_py_pkg/add_two_numbers_cli.py to add_two_numbers_cli.cpython-310.pyc
[2.003s] running install_data
[2.004s] running install_egg_info
[2.007s] removing '/home/saeesh/ros2_ws/install/my_py_pkg/lib/python3.10/site-packages/my_py_pkg-0.0.0-py3.10.egg-info' (and everything under it)
[2.008s] Copying ../../build/my_py_pkg/my_py_pkg.egg-info to /home/saeesh/ros2_ws/install/my_py_pkg/lib/python3.10/site-packages/my_py_pkg-0.0.0-py3.10.egg-info
[2.010s] running install_scripts
[2.048s] Installing activity_pub script to /home/saeesh/ros2_ws/install/my_py_pkg/lib/my_py_pkg
[2.049s] Installing activity_sub script to /home/saeesh/ros2_ws/install/my_py_pkg/lib/my_py_pkg
[2.049s] Installing add_two_numbers_cli script to /home/saeesh/ros2_ws/install/my_py_pkg/lib/my_py_pkg
[2.049s] Installing add_two_numbers_srv script to /home/saeesh/ros2_ws/install/my_py_pkg/lib/my_py_pkg
[2.049s] Installing py_node script to /home/saeesh/ros2_ws/install/my_py_pkg/lib/my_py_pkg
[2.049s] Installing robo_news script to /home/saeesh/ros2_ws/install/my_py_pkg/lib/my_py_pkg
[2.050s] Installing smartphone script to /home/saeesh/ros2_ws/install/my_py_pkg/lib/my_py_pkg
[2.051s] writing list of installed files to '/home/saeesh/ros2_ws/build/my_py_pkg/install.log'
[2.135s] Invoked command in '/home/saeesh/ros2_ws/src/my_py_pkg' returned '0': PYTHONPATH=/home/saeesh/ros2_ws/build/my_py_pkg/prefix_override:/home/saeesh/ros2_ws/install/my_py_pkg/lib/python3.10/site-packages:${PYTHONPATH} /usr/bin/python3 setup.py egg_info --egg-base ../../build/my_py_pkg build --build-base /home/saeesh/ros2_ws/build/my_py_pkg/build install --record /home/saeesh/ros2_ws/build/my_py_pkg/install.log --single-version-externally-managed
