[0.199s] Invoking command in '/home/saeesh/ros2_ws/build/my_robot_description': CMAKE_PREFIX_PATH=${CMAKE_PREFIX_PATH}:/home/saeesh/ros2_ws/install/turtlsim_catch_them_all:/home/saeesh/ros2_ws/install/turtlesim_catch_them_all:/home/saeesh/ros2_ws/install/my_py_pkg:/opt/ros/humble /usr/bin/cmake /home/saeesh/ros2_ws/src/my_robot_description -DCMAKE_INSTALL_PREFIX=/home/saeesh/ros2_ws/install/my_robot_description
[0.691s] -- Found ament_cmake: 1.3.6 (/opt/ros/humble/share/ament_cmake/cmake)
[1.099s] -- Override CMake install command with custom implementation using symlinks instead of copying resources
[1.451s] -- Configuring done
[1.534s] -- Generating done
[1.535s] -- Build files have been written to: /home/saeesh/ros2_ws/build/my_robot_description
[1.541s] Invoked command in '/home/saeesh/ros2_ws/build/my_robot_description' returned '0': CMAKE_PREFIX_PATH=${CMAKE_PREFIX_PATH}:/home/saeesh/ros2_ws/install/turtlsim_catch_them_all:/home/saeesh/ros2_ws/install/turtlesim_catch_them_all:/home/saeesh/ros2_ws/install/my_py_pkg:/opt/ros/humble /usr/bin/cmake /home/saeesh/ros2_ws/src/my_robot_description -DCMAKE_INSTALL_PREFIX=/home/saeesh/ros2_ws/install/my_robot_description
[1.544s] Invoking command in '/home/saeesh/ros2_ws/build/my_robot_description': CMAKE_PREFIX_PATH=${CMAKE_PREFIX_PATH}:/home/saeesh/ros2_ws/install/turtlsim_catch_them_all:/home/saeesh/ros2_ws/install/turtlesim_catch_them_all:/home/saeesh/ros2_ws/install/my_py_pkg:/opt/ros/humble /usr/bin/cmake --build /home/saeesh/ros2_ws/build/my_robot_description -- -j4 -l4
[1.646s] Invoked command in '/home/saeesh/ros2_ws/build/my_robot_description' returned '0': CMAKE_PREFIX_PATH=${CMAKE_PREFIX_PATH}:/home/saeesh/ros2_ws/install/turtlsim_catch_them_all:/home/saeesh/ros2_ws/install/turtlesim_catch_them_all:/home/saeesh/ros2_ws/install/my_py_pkg:/opt/ros/humble /usr/bin/cmake --build /home/saeesh/ros2_ws/build/my_robot_description -- -j4 -l4
[1.703s] Invoking command in '/home/saeesh/ros2_ws/build/my_robot_description': CMAKE_PREFIX_PATH=${CMAKE_PREFIX_PATH}:/home/saeesh/ros2_ws/install/turtlsim_catch_them_all:/home/saeesh/ros2_ws/install/turtlesim_catch_them_all:/home/saeesh/ros2_ws/install/my_py_pkg:/opt/ros/humble /usr/bin/cmake --install /home/saeesh/ros2_ws/build/my_robot_description
[1.717s] -- Install configuration: ""
[1.717s] -- Execute custom install script
[1.735s] -- Up-to-date symlink: /home/saeesh/ros2_ws/install/my_robot_description/share/my_robot_description//urdf/common_properties.xacro
[1.736s] -- Up-to-date symlink: /home/saeesh/ros2_ws/install/my_robot_description/share/my_robot_description//urdf/mobile_base.xacro
[1.752s] -- Up-to-date symlink: /home/saeesh/ros2_ws/install/my_robot_description/share/my_robot_description//urdf/my_robot.urdf.xacro
[1.757s] -- Up-to-date symlink: /home/saeesh/ros2_ws/install/my_robot_description/share/my_robot_description//launch/display.launch.py
[1.757s] -- Up-to-date symlink: /home/saeesh/ros2_ws/install/my_robot_description/share/my_robot_description//launch/display.launch.xml
[1.770s] -- Up-to-date symlink: /home/saeesh/ros2_ws/install/my_robot_description/share/my_robot_description//rviz/urdf_config.rviz
[1.770s] -- Up-to-date symlink: /home/saeesh/ros2_ws/install/my_robot_description/share/ament_index/resource_index/package_run_dependencies/my_robot_description
[1.771s] -- Up-to-date symlink: /home/saeesh/ros2_ws/install/my_robot_description/share/ament_index/resource_index/parent_prefix_path/my_robot_description
[1.771s] -- Up-to-date symlink: /home/saeesh/ros2_ws/install/my_robot_description/share/my_robot_description/environment/ament_prefix_path.sh
[1.771s] -- Up-to-date symlink: /home/saeesh/ros2_ws/install/my_robot_description/share/my_robot_description/environment/ament_prefix_path.dsv
[1.772s] -- Up-to-date symlink: /home/saeesh/ros2_ws/install/my_robot_description/share/my_robot_description/environment/path.sh
[1.772s] -- Up-to-date symlink: /home/saeesh/ros2_ws/install/my_robot_description/share/my_robot_description/environment/path.dsv
[1.773s] -- Up-to-date symlink: /home/saeesh/ros2_ws/install/my_robot_description/share/my_robot_description/local_setup.bash
[1.773s] -- Up-to-date symlink: /home/saeesh/ros2_ws/install/my_robot_description/share/my_robot_description/local_setup.sh
[1.773s] -- Up-to-date symlink: /home/saeesh/ros2_ws/install/my_robot_description/share/my_robot_description/local_setup.zsh
[1.774s] -- Up-to-date symlink: /home/saeesh/ros2_ws/install/my_robot_description/share/my_robot_description/local_setup.dsv
[1.774s] -- Symlinking: /home/saeesh/ros2_ws/install/my_robot_description/share/my_robot_description/package.dsv
[1.792s] -- Up-to-date symlink: /home/saeesh/ros2_ws/install/my_robot_description/share/ament_index/resource_index/packages/my_robot_description
[1.792s] -- Up-to-date symlink: /home/saeesh/ros2_ws/install/my_robot_description/share/my_robot_description/cmake/my_robot_descriptionConfig.cmake
[1.792s] -- Up-to-date symlink: /home/saeesh/ros2_ws/install/my_robot_description/share/my_robot_description/cmake/my_robot_descriptionConfig-version.cmake
[1.793s] -- Up-to-date symlink: /home/saeesh/ros2_ws/install/my_robot_description/share/my_robot_description/package.xml
[1.796s] Invoked command in '/home/saeesh/ros2_ws/build/my_robot_description' returned '0': CMAKE_PREFIX_PATH=${CMAKE_PREFIX_PATH}:/home/saeesh/ros2_ws/install/turtlsim_catch_them_all:/home/saeesh/ros2_ws/install/turtlesim_catch_them_all:/home/saeesh/ros2_ws/install/my_py_pkg:/opt/ros/humble /usr/bin/cmake --install /home/saeesh/ros2_ws/build/my_robot_description
