[1.141s] Invoking command in '/home/saeesh/ros2_ws/src/my_py_pkg': PYTHONPATH=/home/saeesh/ros2_ws/build/my_py_pkg/prefix_override:/home/saeesh/ros2_ws/install/my_py_pkg/lib/python3.10/site-packages:${PYTHONPATH} /usr/bin/python3 setup.py egg_info --egg-base ../../build/my_py_pkg build --build-base /home/saeesh/ros2_ws/build/my_py_pkg/build install --record /home/saeesh/ros2_ws/build/my_py_pkg/install.log --single-version-externally-managed
[1.485s] running egg_info
[1.486s] writing ../../build/my_py_pkg/my_py_pkg.egg-info/PKG-INFO
[1.486s] writing dependency_links to ../../build/my_py_pkg/my_py_pkg.egg-info/dependency_links.txt
[1.486s] writing entry points to ../../build/my_py_pkg/my_py_pkg.egg-info/entry_points.txt
[1.487s] writing requirements to ../../build/my_py_pkg/my_py_pkg.egg-info/requires.txt
[1.487s] writing top-level names to ../../build/my_py_pkg/my_py_pkg.egg-info/top_level.txt
[1.489s] reading manifest file '../../build/my_py_pkg/my_py_pkg.egg-info/SOURCES.txt'
[1.490s] writing manifest file '../../build/my_py_pkg/my_py_pkg.egg-info/SOURCES.txt'
[1.491s] running build
[1.491s] running build_py
[1.491s] copying my_py_pkg/led_panel.py -> /home/saeesh/ros2_ws/build/my_py_pkg/build/lib/my_py_pkg
[1.492s] running install
[1.492s] running install_lib
[1.493s] copying /home/saeesh/ros2_ws/build/my_py_pkg/build/lib/my_py_pkg/led_panel.py -> /home/saeesh/ros2_ws/install/my_py_pkg/lib/python3.10/site-packages/my_py_pkg
[1.495s] byte-compiling /home/saeesh/ros2_ws/install/my_py_pkg/lib/python3.10/site-packages/my_py_pkg/led_panel.py to led_panel.cpython-310.pyc
[1.496s] running install_data
[1.496s] running install_egg_info
[1.499s] removing '/home/saeesh/ros2_ws/install/my_py_pkg/lib/python3.10/site-packages/my_py_pkg-0.0.0-py3.10.egg-info' (and everything under it)
[1.499s] Copying ../../build/my_py_pkg/my_py_pkg.egg-info to /home/saeesh/ros2_ws/install/my_py_pkg/lib/python3.10/site-packages/my_py_pkg-0.0.0-py3.10.egg-info
[1.501s] running install_scripts
[1.526s] Installing activity3_subscriber script to /home/saeesh/ros2_ws/install/my_py_pkg/lib/my_py_pkg
[1.527s] Installing activity_pub script to /home/saeesh/ros2_ws/install/my_py_pkg/lib/my_py_pkg
[1.527s] Installing activity_sub script to /home/saeesh/ros2_ws/install/my_py_pkg/lib/my_py_pkg
[1.527s] Installing add_two_numbers_cli script to /home/saeesh/ros2_ws/install/my_py_pkg/lib/my_py_pkg
[1.527s] Installing add_two_numbers_cli_oop script to /home/saeesh/ros2_ws/install/my_py_pkg/lib/my_py_pkg
[1.528s] Installing add_two_numbers_srv script to /home/saeesh/ros2_ws/install/my_py_pkg/lib/my_py_pkg
[1.528s] Installing hw_status_publisher script to /home/saeesh/ros2_ws/install/my_py_pkg/lib/my_py_pkg
[1.528s] Installing led_panel script to /home/saeesh/ros2_ws/install/my_py_pkg/lib/my_py_pkg
[1.528s] Installing py_node script to /home/saeesh/ros2_ws/install/my_py_pkg/lib/my_py_pkg
[1.528s] Installing robo_news script to /home/saeesh/ros2_ws/install/my_py_pkg/lib/my_py_pkg
[1.529s] Installing smartphone script to /home/saeesh/ros2_ws/install/my_py_pkg/lib/my_py_pkg
[1.530s] writing list of installed files to '/home/saeesh/ros2_ws/build/my_py_pkg/install.log'
[1.585s] Invoked command in '/home/saeesh/ros2_ws/src/my_py_pkg' returned '0': PYTHONPATH=/home/saeesh/ros2_ws/build/my_py_pkg/prefix_override:/home/saeesh/ros2_ws/install/my_py_pkg/lib/python3.10/site-packages:${PYTHONPATH} /usr/bin/python3 setup.py egg_info --egg-base ../../build/my_py_pkg build --build-base /home/saeesh/ros2_ws/build/my_py_pkg/build install --record /home/saeesh/ros2_ws/build/my_py_pkg/install.log --single-version-externally-managed
