[0.436s] Invoking command in '/home/saeesh/ros2_ws/build/my_robot_interface': CMAKE_PREFIX_PATH=${CMAKE_PREFIX_PATH}:/home/saeesh/ros2_ws/install/turtlsim_catch_them_all:/home/saeesh/ros2_ws/install/turtlesim_catch_them_all:/home/saeesh/ros2_ws/install/my_py_pkg:/opt/ros/humble /usr/bin/cmake --build /home/saeesh/ros2_ws/build/my_robot_interface -- -j4 -l4
[1.718s] [  2%] Built target my_robot_interface__cpp
[2.131s] [  2%] Built target ament_cmake_python_copy_my_robot_interface
[3.125s] [ 12%] Built target my_robot_interface__rosidl_generator_c
[3.275s] [ 23%] Built target my_robot_interface__rosidl_typesupport_cpp
[3.313s] [ 34%] Built target my_robot_interface__rosidl_typesupport_introspection_cpp
[3.367s] [ 44%] Built target my_robot_interface__rosidl_typesupport_fastrtps_cpp
[3.750s] [ 55%] Built target my_robot_interface__rosidl_typesupport_c
[3.760s] [ 65%] Built target my_robot_interface__rosidl_typesupport_introspection_c
[3.784s] [ 76%] Built target my_robot_interface__rosidl_typesupport_fastrtps_c
[3.903s] [ 76%] Built target my_robot_interface
[3.989s] running egg_info
[3.990s] writing my_robot_interface.egg-info/PKG-INFO
[3.991s] writing dependency_links to my_robot_interface.egg-info/dependency_links.txt
[3.991s] writing top-level names to my_robot_interface.egg-info/top_level.txt
[4.004s] [ 78%] Built target my_robot_interface__py
[4.067s] reading manifest file 'my_robot_interface.egg-info/SOURCES.txt'
[4.077s] writing manifest file 'my_robot_interface.egg-info/SOURCES.txt'
[4.141s] [ 78%] Built target ament_cmake_python_build_my_robot_interface_egg
[4.469s] [ 87%] Built target my_robot_interface__rosidl_generator_py
[4.581s] [ 95%] Built target my_robot_interface__rosidl_typesupport_fastrtps_c__pyext
[4.581s] [ 95%] Built target my_robot_interface__rosidl_typesupport_c__pyext
[4.601s] [100%] Built target my_robot_interface__rosidl_typesupport_introspection_c__pyext
[4.631s] Invoked command in '/home/saeesh/ros2_ws/build/my_robot_interface' returned '0': CMAKE_PREFIX_PATH=${CMAKE_PREFIX_PATH}:/home/saeesh/ros2_ws/install/turtlsim_catch_them_all:/home/saeesh/ros2_ws/install/turtlesim_catch_them_all:/home/saeesh/ros2_ws/install/my_py_pkg:/opt/ros/humble /usr/bin/cmake --build /home/saeesh/ros2_ws/build/my_robot_interface -- -j4 -l4
[4.878s] Invoking command in '/home/saeesh/ros2_ws/build/my_robot_interface': CMAKE_PREFIX_PATH=${CMAKE_PREFIX_PATH}:/home/saeesh/ros2_ws/install/turtlsim_catch_them_all:/home/saeesh/ros2_ws/install/turtlesim_catch_them_all:/home/saeesh/ros2_ws/install/my_py_pkg:/opt/ros/humble /usr/bin/cmake --install /home/saeesh/ros2_ws/build/my_robot_interface
[4.979s] -- Install configuration: ""
[4.991s] -- Up-to-date: /home/saeesh/ros2_ws/install/my_robot_interface/share/ament_index/resource_index/rosidl_interfaces/my_robot_interface
[5.014s] -- Up-to-date: /home/saeesh/ros2_ws/install/my_robot_interface/include/my_robot_interface/my_robot_interface
[5.015s] -- Up-to-date: /home/saeesh/ros2_ws/install/my_robot_interface/include/my_robot_interface/my_robot_interface/srv
[5.022s] -- Up-to-date: /home/saeesh/ros2_ws/install/my_robot_interface/include/my_robot_interface/my_robot_interface/srv/detail
[5.044s] -- Up-to-date: /home/saeesh/ros2_ws/install/my_robot_interface/include/my_robot_interface/my_robot_interface/srv/detail/catchturtle__struct.h
[5.045s] -- Up-to-date: /home/saeesh/ros2_ws/install/my_robot_interface/include/my_robot_interface/my_robot_interface/srv/detail/catchturtle__functions.h
[5.045s] -- Up-to-date: /home/saeesh/ros2_ws/install/my_robot_interface/include/my_robot_interface/my_robot_interface/srv/detail/catchturtle__type_support.h
[5.045s] -- Up-to-date: /home/saeesh/ros2_ws/install/my_robot_interface/include/my_robot_interface/my_robot_interface/srv/detail/catchturtle__functions.c
[5.045s] -- Up-to-date: /home/saeesh/ros2_ws/install/my_robot_interface/include/my_robot_interface/my_robot_interface/srv/catchturtle.h
[5.046s] -- Up-to-date: /home/saeesh/ros2_ws/install/my_robot_interface/include/my_robot_interface/my_robot_interface/msg
[5.046s] -- Up-to-date: /home/saeesh/ros2_ws/install/my_robot_interface/include/my_robot_interface/my_robot_interface/msg/turtle.h
[5.046s] -- Up-to-date: /home/saeesh/ros2_ws/install/my_robot_interface/include/my_robot_interface/my_robot_interface/msg/rosidl_generator_c__visibility_control.h
[5.047s] -- Up-to-date: /home/saeesh/ros2_ws/install/my_robot_interface/include/my_robot_interface/my_robot_interface/msg/detail
[5.047s] -- Up-to-date: /home/saeesh/ros2_ws/install/my_robot_interface/include/my_robot_interface/my_robot_interface/msg/detail/turtle_array__functions.c
[5.047s] -- Up-to-date: /home/saeesh/ros2_ws/install/my_robot_interface/include/my_robot_interface/my_robot_interface/msg/detail/turtle_array__type_support.h
[5.048s] -- Up-to-date: /home/saeesh/ros2_ws/install/my_robot_interface/include/my_robot_interface/my_robot_interface/msg/detail/turtle__functions.h
[5.048s] -- Up-to-date: /home/saeesh/ros2_ws/install/my_robot_interface/include/my_robot_interface/my_robot_interface/msg/detail/turtle__struct.h
[5.048s] -- Up-to-date: /home/saeesh/ros2_ws/install/my_robot_interface/include/my_robot_interface/my_robot_interface/msg/detail/turtle_array__struct.h
[5.048s] -- Up-to-date: /home/saeesh/ros2_ws/install/my_robot_interface/include/my_robot_interface/my_robot_interface/msg/detail/turtle__type_support.h
[5.049s] -- Up-to-date: /home/saeesh/ros2_ws/install/my_robot_interface/include/my_robot_interface/my_robot_interface/msg/detail/turtle_array__functions.h
[5.049s] -- Up-to-date: /home/saeesh/ros2_ws/install/my_robot_interface/include/my_robot_interface/my_robot_interface/msg/detail/turtle__functions.c
[5.049s] -- Up-to-date: /home/saeesh/ros2_ws/install/my_robot_interface/include/my_robot_interface/my_robot_interface/msg/turtle_array.h
[5.049s] -- Up-to-date: /home/saeesh/ros2_ws/install/my_robot_interface/share/my_robot_interface/environment/library_path.sh
[5.050s] -- Up-to-date: /home/saeesh/ros2_ws/install/my_robot_interface/share/my_robot_interface/environment/library_path.dsv
[5.101s] -- Up-to-date: /home/saeesh/ros2_ws/install/my_robot_interface/lib/libmy_robot_interface__rosidl_generator_c.so
[5.101s] -- Up-to-date: /home/saeesh/ros2_ws/install/my_robot_interface/include/my_robot_interface/my_robot_interface
[5.101s] -- Up-to-date: /home/saeesh/ros2_ws/install/my_robot_interface/include/my_robot_interface/my_robot_interface/srv
[5.102s] -- Up-to-date: /home/saeesh/ros2_ws/install/my_robot_interface/include/my_robot_interface/my_robot_interface/srv/detail
[5.102s] -- Up-to-date: /home/saeesh/ros2_ws/install/my_robot_interface/include/my_robot_interface/my_robot_interface/srv/detail/catchturtle__rosidl_typesupport_fastrtps_c.h
[5.103s] -- Up-to-date: /home/saeesh/ros2_ws/install/my_robot_interface/include/my_robot_interface/my_robot_interface/msg
[5.103s] -- Up-to-date: /home/saeesh/ros2_ws/install/my_robot_interface/include/my_robot_interface/my_robot_interface/msg/rosidl_typesupport_fastrtps_c__visibility_control.h
[5.103s] -- Up-to-date: /home/saeesh/ros2_ws/install/my_robot_interface/include/my_robot_interface/my_robot_interface/msg/detail
[5.103s] -- Up-to-date: /home/saeesh/ros2_ws/install/my_robot_interface/include/my_robot_interface/my_robot_interface/msg/detail/turtle__rosidl_typesupport_fastrtps_c.h
[5.103s] -- Up-to-date: /home/saeesh/ros2_ws/install/my_robot_interface/include/my_robot_interface/my_robot_interface/msg/detail/turtle_array__rosidl_typesupport_fastrtps_c.h
[5.104s] -- Up-to-date: /home/saeesh/ros2_ws/install/my_robot_interface/lib/libmy_robot_interface__rosidl_typesupport_fastrtps_c.so
[5.104s] -- Up-to-date: /home/saeesh/ros2_ws/install/my_robot_interface/include/my_robot_interface/my_robot_interface
[5.104s] -- Up-to-date: /home/saeesh/ros2_ws/install/my_robot_interface/include/my_robot_interface/my_robot_interface/srv
[5.105s] -- Up-to-date: /home/saeesh/ros2_ws/install/my_robot_interface/include/my_robot_interface/my_robot_interface/srv/detail
[5.105s] -- Up-to-date: /home/saeesh/ros2_ws/install/my_robot_interface/include/my_robot_interface/my_robot_interface/srv/detail/catchturtle__type_support.c
[5.105s] -- Up-to-date: /home/saeesh/ros2_ws/install/my_robot_interface/include/my_robot_interface/my_robot_interface/srv/detail/catchturtle__rosidl_typesupport_introspection_c.h
[5.105s] -- Up-to-date: /home/saeesh/ros2_ws/install/my_robot_interface/include/my_robot_interface/my_robot_interface/msg
[5.106s] -- Up-to-date: /home/saeesh/ros2_ws/install/my_robot_interface/include/my_robot_interface/my_robot_interface/msg/detail
[5.106s] -- Up-to-date: /home/saeesh/ros2_ws/install/my_robot_interface/include/my_robot_interface/my_robot_interface/msg/detail/turtle__type_support.c
[5.106s] -- Up-to-date: /home/saeesh/ros2_ws/install/my_robot_interface/include/my_robot_interface/my_robot_interface/msg/detail/turtle__rosidl_typesupport_introspection_c.h
[5.106s] -- Up-to-date: /home/saeesh/ros2_ws/install/my_robot_interface/include/my_robot_interface/my_robot_interface/msg/detail/turtle_array__rosidl_typesupport_introspection_c.h
[5.107s] -- Up-to-date: /home/saeesh/ros2_ws/install/my_robot_interface/include/my_robot_interface/my_robot_interface/msg/detail/turtle_array__type_support.c
[5.107s] -- Up-to-date: /home/saeesh/ros2_ws/install/my_robot_interface/include/my_robot_interface/my_robot_interface/msg/rosidl_typesupport_introspection_c__visibility_control.h
[5.164s] -- Up-to-date: /home/saeesh/ros2_ws/install/my_robot_interface/lib/libmy_robot_interface__rosidl_typesupport_introspection_c.so
[5.165s] -- Up-to-date: /home/saeesh/ros2_ws/install/my_robot_interface/lib/libmy_robot_interface__rosidl_typesupport_c.so
[5.166s] -- Up-to-date: /home/saeesh/ros2_ws/install/my_robot_interface/include/my_robot_interface/my_robot_interface
[5.166s] -- Up-to-date: /home/saeesh/ros2_ws/install/my_robot_interface/include/my_robot_interface/my_robot_interface/srv
[5.166s] -- Up-to-date: /home/saeesh/ros2_ws/install/my_robot_interface/include/my_robot_interface/my_robot_interface/srv/detail
[5.167s] -- Up-to-date: /home/saeesh/ros2_ws/install/my_robot_interface/include/my_robot_interface/my_robot_interface/srv/detail/catchturtle__struct.hpp
[5.167s] -- Up-to-date: /home/saeesh/ros2_ws/install/my_robot_interface/include/my_robot_interface/my_robot_interface/srv/detail/catchturtle__traits.hpp
[5.167s] -- Up-to-date: /home/saeesh/ros2_ws/install/my_robot_interface/include/my_robot_interface/my_robot_interface/srv/detail/catchturtle__builder.hpp
[5.168s] -- Up-to-date: /home/saeesh/ros2_ws/install/my_robot_interface/include/my_robot_interface/my_robot_interface/srv/catchturtle.hpp
[5.168s] -- Up-to-date: /home/saeesh/ros2_ws/install/my_robot_interface/include/my_robot_interface/my_robot_interface/msg
[5.168s] -- Up-to-date: /home/saeesh/ros2_ws/install/my_robot_interface/include/my_robot_interface/my_robot_interface/msg/detail
[5.169s] -- Up-to-date: /home/saeesh/ros2_ws/install/my_robot_interface/include/my_robot_interface/my_robot_interface/msg/detail/turtle__traits.hpp
[5.169s] -- Up-to-date: /home/saeesh/ros2_ws/install/my_robot_interface/include/my_robot_interface/my_robot_interface/msg/detail/turtle__builder.hpp
[5.169s] -- Up-to-date: /home/saeesh/ros2_ws/install/my_robot_interface/include/my_robot_interface/my_robot_interface/msg/detail/turtle_array__builder.hpp
[5.169s] -- Up-to-date: /home/saeesh/ros2_ws/install/my_robot_interface/include/my_robot_interface/my_robot_interface/msg/detail/turtle__struct.hpp
[5.169s] -- Up-to-date: /home/saeesh/ros2_ws/install/my_robot_interface/include/my_robot_interface/my_robot_interface/msg/detail/turtle_array__traits.hpp
[5.170s] -- Up-to-date: /home/saeesh/ros2_ws/install/my_robot_interface/include/my_robot_interface/my_robot_interface/msg/detail/turtle_array__struct.hpp
[5.170s] -- Up-to-date: /home/saeesh/ros2_ws/install/my_robot_interface/include/my_robot_interface/my_robot_interface/msg/turtle.hpp
[5.170s] -- Up-to-date: /home/saeesh/ros2_ws/install/my_robot_interface/include/my_robot_interface/my_robot_interface/msg/turtle_array.hpp
[5.170s] -- Up-to-date: /home/saeesh/ros2_ws/install/my_robot_interface/include/my_robot_interface/my_robot_interface
[5.170s] -- Up-to-date: /home/saeesh/ros2_ws/install/my_robot_interface/include/my_robot_interface/my_robot_interface/srv
[5.171s] -- Up-to-date: /home/saeesh/ros2_ws/install/my_robot_interface/include/my_robot_interface/my_robot_interface/srv/detail
[5.171s] -- Up-to-date: /home/saeesh/ros2_ws/install/my_robot_interface/include/my_robot_interface/my_robot_interface/srv/detail/catchturtle__rosidl_typesupport_fastrtps_cpp.hpp
[5.171s] -- Up-to-date: /home/saeesh/ros2_ws/install/my_robot_interface/include/my_robot_interface/my_robot_interface/srv/detail/dds_fastrtps
[5.171s] -- Up-to-date: /home/saeesh/ros2_ws/install/my_robot_interface/include/my_robot_interface/my_robot_interface/msg
[5.171s] -- Up-to-date: /home/saeesh/ros2_ws/install/my_robot_interface/include/my_robot_interface/my_robot_interface/msg/detail
[5.172s] -- Up-to-date: /home/saeesh/ros2_ws/install/my_robot_interface/include/my_robot_interface/my_robot_interface/msg/detail/turtle__rosidl_typesupport_fastrtps_cpp.hpp
[5.172s] -- Up-to-date: /home/saeesh/ros2_ws/install/my_robot_interface/include/my_robot_interface/my_robot_interface/msg/detail/turtle_array__rosidl_typesupport_fastrtps_cpp.hpp
[5.172s] -- Up-to-date: /home/saeesh/ros2_ws/install/my_robot_interface/include/my_robot_interface/my_robot_interface/msg/detail/dds_fastrtps
[5.172s] -- Up-to-date: /home/saeesh/ros2_ws/install/my_robot_interface/include/my_robot_interface/my_robot_interface/msg/rosidl_typesupport_fastrtps_cpp__visibility_control.h
[5.201s] -- Up-to-date: /home/saeesh/ros2_ws/install/my_robot_interface/lib/libmy_robot_interface__rosidl_typesupport_fastrtps_cpp.so
[5.201s] -- Up-to-date: /home/saeesh/ros2_ws/install/my_robot_interface/include/my_robot_interface/my_robot_interface
[5.202s] -- Up-to-date: /home/saeesh/ros2_ws/install/my_robot_interface/include/my_robot_interface/my_robot_interface/srv
[5.202s] -- Up-to-date: /home/saeesh/ros2_ws/install/my_robot_interface/include/my_robot_interface/my_robot_interface/srv/detail
[5.202s] -- Up-to-date: /home/saeesh/ros2_ws/install/my_robot_interface/include/my_robot_interface/my_robot_interface/srv/detail/catchturtle__rosidl_typesupport_introspection_cpp.hpp
[5.203s] -- Up-to-date: /home/saeesh/ros2_ws/install/my_robot_interface/include/my_robot_interface/my_robot_interface/srv/detail/catchturtle__type_support.cpp
[5.203s] -- Up-to-date: /home/saeesh/ros2_ws/install/my_robot_interface/include/my_robot_interface/my_robot_interface/msg
[5.203s] -- Up-to-date: /home/saeesh/ros2_ws/install/my_robot_interface/include/my_robot_interface/my_robot_interface/msg/detail
[5.203s] -- Up-to-date: /home/saeesh/ros2_ws/install/my_robot_interface/include/my_robot_interface/my_robot_interface/msg/detail/turtle_array__type_support.cpp
[5.203s] -- Up-to-date: /home/saeesh/ros2_ws/install/my_robot_interface/include/my_robot_interface/my_robot_interface/msg/detail/turtle__type_support.cpp
[5.204s] -- Up-to-date: /home/saeesh/ros2_ws/install/my_robot_interface/include/my_robot_interface/my_robot_interface/msg/detail/turtle_array__rosidl_typesupport_introspection_cpp.hpp
[5.204s] -- Up-to-date: /home/saeesh/ros2_ws/install/my_robot_interface/include/my_robot_interface/my_robot_interface/msg/detail/turtle__rosidl_typesupport_introspection_cpp.hpp
[5.204s] -- Up-to-date: /home/saeesh/ros2_ws/install/my_robot_interface/lib/libmy_robot_interface__rosidl_typesupport_introspection_cpp.so
[5.207s] -- Up-to-date: /home/saeesh/ros2_ws/install/my_robot_interface/lib/libmy_robot_interface__rosidl_typesupport_cpp.so
[5.207s] -- Up-to-date: /home/saeesh/ros2_ws/install/my_robot_interface/share/my_robot_interface/environment/pythonpath.sh
[5.208s] -- Up-to-date: /home/saeesh/ros2_ws/install/my_robot_interface/share/my_robot_interface/environment/pythonpath.dsv
[5.208s] -- Up-to-date: /home/saeesh/ros2_ws/install/my_robot_interface/local/lib/python3.10/dist-packages/my_robot_interface-0.0.0-py3.10.egg-info
[5.208s] -- Installing: /home/saeesh/ros2_ws/install/my_robot_interface/local/lib/python3.10/dist-packages/my_robot_interface-0.0.0-py3.10.egg-info/SOURCES.txt
[5.208s] -- Installing: /home/saeesh/ros2_ws/install/my_robot_interface/local/lib/python3.10/dist-packages/my_robot_interface-0.0.0-py3.10.egg-info/PKG-INFO
[5.209s] -- Installing: /home/saeesh/ros2_ws/install/my_robot_interface/local/lib/python3.10/dist-packages/my_robot_interface-0.0.0-py3.10.egg-info/dependency_links.txt
[5.209s] -- Installing: /home/saeesh/ros2_ws/install/my_robot_interface/local/lib/python3.10/dist-packages/my_robot_interface-0.0.0-py3.10.egg-info/top_level.txt
[5.210s] -- Up-to-date: /home/saeesh/ros2_ws/install/my_robot_interface/local/lib/python3.10/dist-packages/my_robot_interface
[5.210s] -- Up-to-date: /home/saeesh/ros2_ws/install/my_robot_interface/local/lib/python3.10/dist-packages/my_robot_interface/my_robot_interface_s__rosidl_typesupport_introspection_c.cpython-310-x86_64-linux-gnu.so
[5.210s] -- Up-to-date: /home/saeesh/ros2_ws/install/my_robot_interface/local/lib/python3.10/dist-packages/my_robot_interface/srv
[5.211s] -- Up-to-date: /home/saeesh/ros2_ws/install/my_robot_interface/local/lib/python3.10/dist-packages/my_robot_interface/srv/_catchturtle_s.c
[5.211s] -- Up-to-date: /home/saeesh/ros2_ws/install/my_robot_interface/local/lib/python3.10/dist-packages/my_robot_interface/srv/_catchturtle.py
[5.211s] -- Up-to-date: /home/saeesh/ros2_ws/install/my_robot_interface/local/lib/python3.10/dist-packages/my_robot_interface/srv/__init__.py
[5.212s] -- Up-to-date: /home/saeesh/ros2_ws/install/my_robot_interface/local/lib/python3.10/dist-packages/my_robot_interface/msg
[5.212s] -- Up-to-date: /home/saeesh/ros2_ws/install/my_robot_interface/local/lib/python3.10/dist-packages/my_robot_interface/msg/_turtle_array.py
[5.212s] -- Up-to-date: /home/saeesh/ros2_ws/install/my_robot_interface/local/lib/python3.10/dist-packages/my_robot_interface/msg/_turtle_array_s.c
[5.212s] -- Up-to-date: /home/saeesh/ros2_ws/install/my_robot_interface/local/lib/python3.10/dist-packages/my_robot_interface/msg/_turtle.py
[5.213s] -- Up-to-date: /home/saeesh/ros2_ws/install/my_robot_interface/local/lib/python3.10/dist-packages/my_robot_interface/msg/__init__.py
[5.213s] -- Up-to-date: /home/saeesh/ros2_ws/install/my_robot_interface/local/lib/python3.10/dist-packages/my_robot_interface/msg/_turtle_s.c
[5.213s] -- Up-to-date: /home/saeesh/ros2_ws/install/my_robot_interface/local/lib/python3.10/dist-packages/my_robot_interface/_my_robot_interface_s.ep.rosidl_typesupport_fastrtps_c.c
[5.213s] -- Up-to-date: /home/saeesh/ros2_ws/install/my_robot_interface/local/lib/python3.10/dist-packages/my_robot_interface/_my_robot_interface_s.ep.rosidl_typesupport_c.c
[5.213s] -- Up-to-date: /home/saeesh/ros2_ws/install/my_robot_interface/local/lib/python3.10/dist-packages/my_robot_interface/libmy_robot_interface__rosidl_generator_py.so
[5.214s] -- Up-to-date: /home/saeesh/ros2_ws/install/my_robot_interface/local/lib/python3.10/dist-packages/my_robot_interface/my_robot_interface_s__rosidl_typesupport_c.cpython-310-x86_64-linux-gnu.so
[5.214s] -- Up-to-date: /home/saeesh/ros2_ws/install/my_robot_interface/local/lib/python3.10/dist-packages/my_robot_interface/_my_robot_interface_s.ep.rosidl_typesupport_introspection_c.c
[5.214s] -- Up-to-date: /home/saeesh/ros2_ws/install/my_robot_interface/local/lib/python3.10/dist-packages/my_robot_interface/my_robot_interface_s__rosidl_typesupport_fastrtps_c.cpython-310-x86_64-linux-gnu.so
[5.214s] -- Up-to-date: /home/saeesh/ros2_ws/install/my_robot_interface/local/lib/python3.10/dist-packages/my_robot_interface/__init__.py
[5.395s] Listing '/home/saeesh/ros2_ws/install/my_robot_interface/local/lib/python3.10/dist-packages/my_robot_interface'...
[5.395s] Listing '/home/saeesh/ros2_ws/install/my_robot_interface/local/lib/python3.10/dist-packages/my_robot_interface/msg'...
[5.396s] Listing '/home/saeesh/ros2_ws/install/my_robot_interface/local/lib/python3.10/dist-packages/my_robot_interface/srv'...
[5.459s] -- Up-to-date: /home/saeesh/ros2_ws/install/my_robot_interface/local/lib/python3.10/dist-packages/my_robot_interface/my_robot_interface_s__rosidl_typesupport_fastrtps_c.cpython-310-x86_64-linux-gnu.so
[5.461s] -- Up-to-date: /home/saeesh/ros2_ws/install/my_robot_interface/local/lib/python3.10/dist-packages/my_robot_interface/my_robot_interface_s__rosidl_typesupport_introspection_c.cpython-310-x86_64-linux-gnu.so
[5.463s] -- Up-to-date: /home/saeesh/ros2_ws/install/my_robot_interface/local/lib/python3.10/dist-packages/my_robot_interface/my_robot_interface_s__rosidl_typesupport_c.cpython-310-x86_64-linux-gnu.so
[5.465s] -- Up-to-date: /home/saeesh/ros2_ws/install/my_robot_interface/lib/libmy_robot_interface__rosidl_generator_py.so
[5.466s] -- Up-to-date: /home/saeesh/ros2_ws/install/my_robot_interface/share/my_robot_interface/msg/Turtle.idl
[5.466s] -- Up-to-date: /home/saeesh/ros2_ws/install/my_robot_interface/share/my_robot_interface/msg/TurtleArray.idl
[5.467s] -- Up-to-date: /home/saeesh/ros2_ws/install/my_robot_interface/share/my_robot_interface/srv/Catchturtle.idl
[5.467s] -- Up-to-date: /home/saeesh/ros2_ws/install/my_robot_interface/share/my_robot_interface/msg/Turtle.msg
[5.467s] -- Up-to-date: /home/saeesh/ros2_ws/install/my_robot_interface/share/my_robot_interface/msg/TurtleArray.msg
[5.467s] -- Up-to-date: /home/saeesh/ros2_ws/install/my_robot_interface/share/my_robot_interface/srv/Catchturtle.srv
[5.467s] -- Up-to-date: /home/saeesh/ros2_ws/install/my_robot_interface/share/my_robot_interface/srv/Catchturtle_Request.msg
[5.467s] -- Up-to-date: /home/saeesh/ros2_ws/install/my_robot_interface/share/my_robot_interface/srv/Catchturtle_Response.msg
[5.468s] -- Up-to-date: /home/saeesh/ros2_ws/install/my_robot_interface/share/ament_index/resource_index/package_run_dependencies/my_robot_interface
[5.477s] -- Up-to-date: /home/saeesh/ros2_ws/install/my_robot_interface/share/ament_index/resource_index/parent_prefix_path/my_robot_interface
[5.477s] -- Up-to-date: /home/saeesh/ros2_ws/install/my_robot_interface/share/my_robot_interface/environment/ament_prefix_path.sh
[5.478s] -- Up-to-date: /home/saeesh/ros2_ws/install/my_robot_interface/share/my_robot_interface/environment/ament_prefix_path.dsv
[5.478s] -- Up-to-date: /home/saeesh/ros2_ws/install/my_robot_interface/share/my_robot_interface/environment/path.sh
[5.478s] -- Up-to-date: /home/saeesh/ros2_ws/install/my_robot_interface/share/my_robot_interface/environment/path.dsv
[5.479s] -- Up-to-date: /home/saeesh/ros2_ws/install/my_robot_interface/share/my_robot_interface/local_setup.bash
[5.479s] -- Up-to-date: /home/saeesh/ros2_ws/install/my_robot_interface/share/my_robot_interface/local_setup.sh
[5.479s] -- Up-to-date: /home/saeesh/ros2_ws/install/my_robot_interface/share/my_robot_interface/local_setup.zsh
[5.479s] -- Up-to-date: /home/saeesh/ros2_ws/install/my_robot_interface/share/my_robot_interface/local_setup.dsv
[5.480s] -- Installing: /home/saeesh/ros2_ws/install/my_robot_interface/share/my_robot_interface/package.dsv
[5.487s] -- Up-to-date: /home/saeesh/ros2_ws/install/my_robot_interface/share/ament_index/resource_index/packages/my_robot_interface
[5.528s] -- Up-to-date: /home/saeesh/ros2_ws/install/my_robot_interface/share/my_robot_interface/cmake/export_my_robot_interface__rosidl_generator_cExport.cmake
[5.528s] -- Up-to-date: /home/saeesh/ros2_ws/install/my_robot_interface/share/my_robot_interface/cmake/export_my_robot_interface__rosidl_generator_cExport-noconfig.cmake
[5.529s] -- Up-to-date: /home/saeesh/ros2_ws/install/my_robot_interface/share/my_robot_interface/cmake/export_my_robot_interface__rosidl_typesupport_fastrtps_cExport.cmake
[5.529s] -- Up-to-date: /home/saeesh/ros2_ws/install/my_robot_interface/share/my_robot_interface/cmake/export_my_robot_interface__rosidl_typesupport_fastrtps_cExport-noconfig.cmake
[5.531s] -- Up-to-date: /home/saeesh/ros2_ws/install/my_robot_interface/share/my_robot_interface/cmake/my_robot_interface__rosidl_typesupport_introspection_cExport.cmake
[5.531s] -- Up-to-date: /home/saeesh/ros2_ws/install/my_robot_interface/share/my_robot_interface/cmake/my_robot_interface__rosidl_typesupport_introspection_cExport-noconfig.cmake
[5.532s] -- Up-to-date: /home/saeesh/ros2_ws/install/my_robot_interface/share/my_robot_interface/cmake/my_robot_interface__rosidl_typesupport_cExport.cmake
[5.532s] -- Up-to-date: /home/saeesh/ros2_ws/install/my_robot_interface/share/my_robot_interface/cmake/my_robot_interface__rosidl_typesupport_cExport-noconfig.cmake
[5.533s] -- Up-to-date: /home/saeesh/ros2_ws/install/my_robot_interface/share/my_robot_interface/cmake/export_my_robot_interface__rosidl_generator_cppExport.cmake
[5.535s] -- Up-to-date: /home/saeesh/ros2_ws/install/my_robot_interface/share/my_robot_interface/cmake/export_my_robot_interface__rosidl_typesupport_fastrtps_cppExport.cmake
[5.536s] -- Up-to-date: /home/saeesh/ros2_ws/install/my_robot_interface/share/my_robot_interface/cmake/export_my_robot_interface__rosidl_typesupport_fastrtps_cppExport-noconfig.cmake
[5.537s] -- Up-to-date: /home/saeesh/ros2_ws/install/my_robot_interface/share/my_robot_interface/cmake/my_robot_interface__rosidl_typesupport_introspection_cppExport.cmake
[5.537s] -- Up-to-date: /home/saeesh/ros2_ws/install/my_robot_interface/share/my_robot_interface/cmake/my_robot_interface__rosidl_typesupport_introspection_cppExport-noconfig.cmake
[5.544s] -- Up-to-date: /home/saeesh/ros2_ws/install/my_robot_interface/share/my_robot_interface/cmake/my_robot_interface__rosidl_typesupport_cppExport.cmake
[5.544s] -- Up-to-date: /home/saeesh/ros2_ws/install/my_robot_interface/share/my_robot_interface/cmake/my_robot_interface__rosidl_typesupport_cppExport-noconfig.cmake
[5.545s] -- Up-to-date: /home/saeesh/ros2_ws/install/my_robot_interface/share/my_robot_interface/cmake/export_my_robot_interface__rosidl_generator_pyExport.cmake
[5.546s] -- Up-to-date: /home/saeesh/ros2_ws/install/my_robot_interface/share/my_robot_interface/cmake/export_my_robot_interface__rosidl_generator_pyExport-noconfig.cmake
[5.547s] -- Up-to-date: /home/saeesh/ros2_ws/install/my_robot_interface/share/my_robot_interface/cmake/rosidl_cmake-extras.cmake
[5.547s] -- Up-to-date: /home/saeesh/ros2_ws/install/my_robot_interface/share/my_robot_interface/cmake/ament_cmake_export_include_directories-extras.cmake
[5.547s] -- Up-to-date: /home/saeesh/ros2_ws/install/my_robot_interface/share/my_robot_interface/cmake/ament_cmake_export_libraries-extras.cmake
[5.547s] -- Up-to-date: /home/saeesh/ros2_ws/install/my_robot_interface/share/my_robot_interface/cmake/ament_cmake_export_targets-extras.cmake
[5.548s] -- Up-to-date: /home/saeesh/ros2_ws/install/my_robot_interface/share/my_robot_interface/cmake/rosidl_cmake_export_typesupport_targets-extras.cmake
[5.548s] -- Up-to-date: /home/saeesh/ros2_ws/install/my_robot_interface/share/my_robot_interface/cmake/ament_cmake_export_dependencies-extras.cmake
[5.548s] -- Up-to-date: /home/saeesh/ros2_ws/install/my_robot_interface/share/my_robot_interface/cmake/rosidl_cmake_export_typesupport_libraries-extras.cmake
[5.548s] -- Up-to-date: /home/saeesh/ros2_ws/install/my_robot_interface/share/my_robot_interface/cmake/my_robot_interfaceConfig.cmake
[5.548s] -- Up-to-date: /home/saeesh/ros2_ws/install/my_robot_interface/share/my_robot_interface/cmake/my_robot_interfaceConfig-version.cmake
[5.549s] -- Up-to-date: /home/saeesh/ros2_ws/install/my_robot_interface/share/my_robot_interface/package.xml
[5.555s] Invoked command in '/home/saeesh/ros2_ws/build/my_robot_interface' returned '0': CMAKE_PREFIX_PATH=${CMAKE_PREFIX_PATH}:/home/saeesh/ros2_ws/install/turtlsim_catch_them_all:/home/saeesh/ros2_ws/install/turtlesim_catch_them_all:/home/saeesh/ros2_ws/install/my_py_pkg:/opt/ros/humble /usr/bin/cmake --install /home/saeesh/ros2_ws/build/my_robot_interface
