[0.096s] Invoking command in '/home/saeesh/ros2_ws/build/my_robot_interfaces': CMAKE_PREFIX_PATH=${CMAKE_PREFIX_PATH}:/home/saeesh/ros2_ws/install/my_py_pkg:/opt/ros/humble /usr/bin/cmake --build /home/saeesh/ros2_ws/build/my_robot_interfaces -- -j4 -l4
[0.134s] -- Found ament_cmake: 1.3.6 (/opt/ros/humble/share/ament_cmake/cmake)
[0.344s] -- Found ament_lint_auto: 0.12.9 (/opt/ros/humble/share/ament_lint_auto/cmake)
[0.465s] -- Found rosidl_default_generators: 1.2.0 (/opt/ros/humble/share/rosidl_default_generators/cmake)
[0.469s] -- Using all available rosidl_typesupport_c: rosidl_typesupport_fastrtps_c;rosidl_typesupport_introspection_c
[0.474s] -- Found rosidl_adapter: 3.1.5 (/opt/ros/humble/share/rosidl_adapter/cmake)
[0.514s] -- Using all available rosidl_typesupport_cpp: rosidl_typesupport_fastrtps_cpp;rosidl_typesupport_introspection_cpp
[1.041s] [31mCMake Error at /opt/ros/humble/share/rosidl_adapter/cmake/rosidl_adapt_interfaces.cmake:59 (message):
[1.041s]   execute_process(/usr/bin/python3.10 -m rosidl_adapter --package-name
[1.041s]   my_robot_interfaces --arguments-file
[1.042s]   /home/saeesh/ros2_ws/build/my_robot_interfaces/rosidl_adapter__arguments__my_robot_interfaces.json
[1.042s]   --output-dir
[1.042s]   /home/saeesh/ros2_ws/build/my_robot_interfaces/rosidl_adapter/my_robot_interfaces
[1.042s]   --output-file
[1.042s]   /home/saeesh/ros2_ws/build/my_robot_interfaces/rosidl_adapter/my_robot_interfaces.idls)
[1.042s]   returned error code 1:
[1.042s] 
[1.042s]   Error processing 'int64[] LedStateArrar' of
[1.042s]   'my_robot_interfaces/LedStatusArray': ''LedStateArrar' is an invalid field
[1.043s]   name.  It should have the pattern '^(?!.*__)(?!.*_$)[a-z][a-z0-9_]*$''
[1.043s] 
[1.043s]   Traceback (most recent call last):
[1.043s] 
[1.043s]     File "/usr/lib/python3.10/runpy.py", line 196, in _run_module_as_main
[1.043s]       return _run_code(code, main_globals, None,
[1.043s]     File "/usr/lib/python3.10/runpy.py", line 86, in _run_code
[1.043s]       exec(code, run_globals)
[1.043s]     File "/opt/ros/humble/local/lib/python3.10/dist-packages/rosidl_adapter/__main__.py", line 19, in <module>
[1.043s]       sys.exit(main())
[1.043s]     File "/opt/ros/humble/local/lib/python3.10/dist-packages/rosidl_adapter/main.py", line 53, in main
[1.044s]       abs_idl_file = convert_to_idl(
[1.044s]     File "/opt/ros/humble/local/lib/python3.10/dist-packages/rosidl_adapter/__init__.py", line 19, in convert_to_idl
[1.044s]       return convert_msg_to_idl(
[1.044s]     File "/opt/ros/humble/local/lib/python3.10/dist-packages/rosidl_adapter/msg/__init__.py", line 28, in convert_msg_to_idl
[1.044s]       msg = parse_message_string(package_name, input_file.stem, content)
[1.044s]     File "/opt/ros/humble/local/lib/python3.10/dist-packages/rosidl_adapter/parser.py", line 519, in parse_message_string
[1.044s]       fields.append(Field(
[1.044s]     File "/opt/ros/humble/local/lib/python3.10/dist-packages/rosidl_adapter/parser.py", line 354, in __init__
[1.044s]       raise NameError(
[1.044s] 
[1.045s]   NameError: 'LedStateArrar' is an invalid field name.  It should have the
[1.045s]   pattern '^(?!.*__)(?!.*_$)[a-z][a-z0-9_]*$'
[1.045s] 
[1.045s] Call Stack (most recent call first):
[1.045s]   /opt/ros/humble/share/rosidl_cmake/cmake/rosidl_generate_interfaces.cmake:130 (rosidl_adapt_interfaces)
[1.045s]   CMakeLists.txt:29 (rosidl_generate_interfaces)
[1.045s] 
[1.045s] [0m
[1.045s] -- Configuring incomplete, errors occurred!
[1.045s] See also "/home/saeesh/ros2_ws/build/my_robot_interfaces/CMakeFiles/CMakeOutput.log".
[1.057s] gmake: *** [Makefile:747: cmake_check_build_system] Error 1
[1.064s] Invoked command in '/home/saeesh/ros2_ws/build/my_robot_interfaces' returned '2': CMAKE_PREFIX_PATH=${CMAKE_PREFIX_PATH}:/home/saeesh/ros2_ws/install/my_py_pkg:/opt/ros/humble /usr/bin/cmake --build /home/saeesh/ros2_ws/build/my_robot_interfaces -- -j4 -l4
