[1.810s] DEBUG:colcon:Command line arguments: ['/usr/bin/colcon', 'build', '--packages-select', 'turtlesim_catch_them_all', '--symlink-install']
[1.810s] DEBUG:colcon:Parsed command line arguments: Namespace(log_base=None, log_level=None, verb_name='build', build_base='build', install_base='install', merge_install=False, symlink_install=True, test_result_base=None, continue_on_error=False, executor='parallel', parallel_workers=4, event_handlers=None, ignore_user_meta=False, metas=['./colcon.meta'], base_paths=['.'], packages_ignore=None, packages_ignore_regex=None, paths=None, packages_up_to=None, packages_up_to_regex=None, packages_above=None, packages_above_and_dependencies=None, packages_above_depth=None, packages_select_by_dep=None, packages_skip_by_dep=None, packages_skip_up_to=None, packages_select_build_failed=False, packages_skip_build_finished=False, packages_select_test_failures=False, packages_skip_test_passed=False, packages_select=['turtlesim_catch_them_all'], packages_skip=None, packages_select_regex=None, packages_skip_regex=None, packages_start=None, packages_end=None, allow_overriding=[], cmake_args=None, cmake_target=None, cmake_target_skip_unavailable=False, cmake_clean_cache=False, cmake_clean_first=False, cmake_force_configure=False, ament_cmake_args=None, catkin_cmake_args=None, catkin_skip_building_tests=False, verb_parser=<colcon_defaults.argument_parser.defaults.DefaultArgumentsDecorator object at 0x7f94e9c227a0>, verb_extension=<colcon_core.verb.build.BuildVerb object at 0x7f94e9dafc70>, main=<bound method BuildVerb.main of <colcon_core.verb.build.BuildVerb object at 0x7f94e9dafc70>>)
[1.874s] Level 1:colcon.colcon_core.package_discovery:discover_packages(colcon_meta) check parameters
[1.874s] Level 1:colcon.colcon_core.package_discovery:discover_packages(recursive) check parameters
[1.874s] Level 1:colcon.colcon_core.package_discovery:discover_packages(ignore) check parameters
[1.874s] Level 1:colcon.colcon_core.package_discovery:discover_packages(path) check parameters
[1.874s] Level 1:colcon.colcon_core.package_discovery:discover_packages(colcon_meta) discover
[1.874s] Level 1:colcon.colcon_core.package_discovery:discover_packages(recursive) discover
[1.874s] INFO:colcon.colcon_core.package_discovery:Crawling recursively for packages in '/home/saeesh/ros2_ws'
[1.874s] Level 1:colcon.colcon_core.package_identification:_identify(.) by extensions ['ignore', 'ignore_ament_install']
[1.874s] Level 1:colcon.colcon_core.package_identification:_identify(.) by extension 'ignore'
[1.874s] Level 1:colcon.colcon_core.package_identification:_identify(.) by extension 'ignore_ament_install'
[1.874s] Level 1:colcon.colcon_core.package_identification:_identify(.) by extensions ['colcon_pkg']
[1.874s] Level 1:colcon.colcon_core.package_identification:_identify(.) by extension 'colcon_pkg'
[1.874s] Level 1:colcon.colcon_core.package_identification:_identify(.) by extensions ['colcon_meta']
[1.874s] Level 1:colcon.colcon_core.package_identification:_identify(.) by extension 'colcon_meta'
[1.875s] Level 1:colcon.colcon_core.package_identification:_identify(.) by extensions ['ros']
[1.875s] Level 1:colcon.colcon_core.package_identification:_identify(.) by extension 'ros'
[1.889s] Level 1:colcon.colcon_core.package_identification:_identify(.) by extensions ['cmake', 'python']
[1.889s] Level 1:colcon.colcon_core.package_identification:_identify(.) by extension 'cmake'
[1.889s] Level 1:colcon.colcon_core.package_identification:_identify(.) by extension 'python'
[1.889s] Level 1:colcon.colcon_core.package_identification:_identify(.) by extensions ['python_setup_py']
[1.890s] Level 1:colcon.colcon_core.package_identification:_identify(.) by extension 'python_setup_py'
[1.890s] Level 1:colcon.colcon_core.package_identification:_identify(build) by extensions ['ignore', 'ignore_ament_install']
[1.890s] Level 1:colcon.colcon_core.package_identification:_identify(build) by extension 'ignore'
[1.890s] Level 1:colcon.colcon_core.package_identification:_identify(build) ignored
[1.890s] Level 1:colcon.colcon_core.package_identification:_identify(install) by extensions ['ignore', 'ignore_ament_install']
[1.890s] Level 1:colcon.colcon_core.package_identification:_identify(install) by extension 'ignore'
[1.890s] Level 1:colcon.colcon_core.package_identification:_identify(install) ignored
[1.891s] Level 1:colcon.colcon_core.package_identification:_identify(log) by extensions ['ignore', 'ignore_ament_install']
[1.891s] Level 1:colcon.colcon_core.package_identification:_identify(log) by extension 'ignore'
[1.891s] Level 1:colcon.colcon_core.package_identification:_identify(log) ignored
[1.891s] Level 1:colcon.colcon_core.package_identification:_identify(src) by extensions ['ignore', 'ignore_ament_install']
[1.891s] Level 1:colcon.colcon_core.package_identification:_identify(src) by extension 'ignore'
[1.891s] Level 1:colcon.colcon_core.package_identification:_identify(src) by extension 'ignore_ament_install'
[1.891s] Level 1:colcon.colcon_core.package_identification:_identify(src) by extensions ['colcon_pkg']
[1.891s] Level 1:colcon.colcon_core.package_identification:_identify(src) by extension 'colcon_pkg'
[1.892s] Level 1:colcon.colcon_core.package_identification:_identify(src) by extensions ['colcon_meta']
[1.892s] Level 1:colcon.colcon_core.package_identification:_identify(src) by extension 'colcon_meta'
[1.892s] Level 1:colcon.colcon_core.package_identification:_identify(src) by extensions ['ros']
[1.892s] Level 1:colcon.colcon_core.package_identification:_identify(src) by extension 'ros'
[1.892s] Level 1:colcon.colcon_core.package_identification:_identify(src) by extensions ['cmake', 'python']
[1.892s] Level 1:colcon.colcon_core.package_identification:_identify(src) by extension 'cmake'
[1.892s] Level 1:colcon.colcon_core.package_identification:_identify(src) by extension 'python'
[1.892s] Level 1:colcon.colcon_core.package_identification:_identify(src) by extensions ['python_setup_py']
[1.892s] Level 1:colcon.colcon_core.package_identification:_identify(src) by extension 'python_setup_py'
[1.892s] Level 1:colcon.colcon_core.package_identification:_identify(src/my_py_pkg) by extensions ['ignore', 'ignore_ament_install']
[1.892s] Level 1:colcon.colcon_core.package_identification:_identify(src/my_py_pkg) by extension 'ignore'
[1.892s] Level 1:colcon.colcon_core.package_identification:_identify(src/my_py_pkg) by extension 'ignore_ament_install'
[1.892s] Level 1:colcon.colcon_core.package_identification:_identify(src/my_py_pkg) by extensions ['colcon_pkg']
[1.892s] Level 1:colcon.colcon_core.package_identification:_identify(src/my_py_pkg) by extension 'colcon_pkg'
[1.892s] Level 1:colcon.colcon_core.package_identification:_identify(src/my_py_pkg) by extensions ['colcon_meta']
[1.892s] Level 1:colcon.colcon_core.package_identification:_identify(src/my_py_pkg) by extension 'colcon_meta'
[1.892s] Level 1:colcon.colcon_core.package_identification:_identify(src/my_py_pkg) by extensions ['ros']
[1.893s] Level 1:colcon.colcon_core.package_identification:_identify(src/my_py_pkg) by extension 'ros'
[1.896s] DEBUG:colcon.colcon_core.package_identification:Package 'src/my_py_pkg' with type 'ros.ament_python' and name 'my_py_pkg'
[1.896s] Level 1:colcon.colcon_core.package_identification:_identify(src/my_robot_description) by extensions ['ignore', 'ignore_ament_install']
[1.896s] Level 1:colcon.colcon_core.package_identification:_identify(src/my_robot_description) by extension 'ignore'
[1.896s] Level 1:colcon.colcon_core.package_identification:_identify(src/my_robot_description) by extension 'ignore_ament_install'
[1.896s] Level 1:colcon.colcon_core.package_identification:_identify(src/my_robot_description) by extensions ['colcon_pkg']
[1.896s] Level 1:colcon.colcon_core.package_identification:_identify(src/my_robot_description) by extension 'colcon_pkg'
[1.896s] Level 1:colcon.colcon_core.package_identification:_identify(src/my_robot_description) by extensions ['colcon_meta']
[1.896s] Level 1:colcon.colcon_core.package_identification:_identify(src/my_robot_description) by extension 'colcon_meta'
[1.896s] Level 1:colcon.colcon_core.package_identification:_identify(src/my_robot_description) by extensions ['ros']
[1.897s] Level 1:colcon.colcon_core.package_identification:_identify(src/my_robot_description) by extension 'ros'
[1.897s] DEBUG:colcon.colcon_core.package_identification:Package 'src/my_robot_description' with type 'ros.ament_cmake' and name 'my_robot_description'
[1.897s] Level 1:colcon.colcon_core.package_identification:_identify(src/my_robot_interface) by extensions ['ignore', 'ignore_ament_install']
[1.897s] Level 1:colcon.colcon_core.package_identification:_identify(src/my_robot_interface) by extension 'ignore'
[1.897s] Level 1:colcon.colcon_core.package_identification:_identify(src/my_robot_interface) by extension 'ignore_ament_install'
[1.897s] Level 1:colcon.colcon_core.package_identification:_identify(src/my_robot_interface) by extensions ['colcon_pkg']
[1.897s] Level 1:colcon.colcon_core.package_identification:_identify(src/my_robot_interface) by extension 'colcon_pkg'
[1.898s] Level 1:colcon.colcon_core.package_identification:_identify(src/my_robot_interface) by extensions ['colcon_meta']
[1.898s] Level 1:colcon.colcon_core.package_identification:_identify(src/my_robot_interface) by extension 'colcon_meta'
[1.898s] Level 1:colcon.colcon_core.package_identification:_identify(src/my_robot_interface) by extensions ['ros']
[1.898s] Level 1:colcon.colcon_core.package_identification:_identify(src/my_robot_interface) by extension 'ros'
[1.898s] DEBUG:colcon.colcon_core.package_identification:Package 'src/my_robot_interface' with type 'ros.ament_cmake' and name 'my_robot_interface'
[1.898s] Level 1:colcon.colcon_core.package_identification:_identify(src/turtlesim_catch_them_all) by extensions ['ignore', 'ignore_ament_install']
[1.898s] Level 1:colcon.colcon_core.package_identification:_identify(src/turtlesim_catch_them_all) by extension 'ignore'
[1.899s] Level 1:colcon.colcon_core.package_identification:_identify(src/turtlesim_catch_them_all) by extension 'ignore_ament_install'
[1.899s] Level 1:colcon.colcon_core.package_identification:_identify(src/turtlesim_catch_them_all) by extensions ['colcon_pkg']
[1.899s] Level 1:colcon.colcon_core.package_identification:_identify(src/turtlesim_catch_them_all) by extension 'colcon_pkg'
[1.899s] Level 1:colcon.colcon_core.package_identification:_identify(src/turtlesim_catch_them_all) by extensions ['colcon_meta']
[1.899s] Level 1:colcon.colcon_core.package_identification:_identify(src/turtlesim_catch_them_all) by extension 'colcon_meta'
[1.899s] Level 1:colcon.colcon_core.package_identification:_identify(src/turtlesim_catch_them_all) by extensions ['ros']
[1.899s] Level 1:colcon.colcon_core.package_identification:_identify(src/turtlesim_catch_them_all) by extension 'ros'
[1.900s] DEBUG:colcon.colcon_core.package_identification:Package 'src/turtlesim_catch_them_all' with type 'ros.ament_python' and name 'turtlesim_catch_them_all'
[1.900s] Level 1:colcon.colcon_core.package_discovery:discover_packages(recursive) using defaults
[1.900s] Level 1:colcon.colcon_core.package_discovery:discover_packages(ignore) discover
[1.900s] Level 1:colcon.colcon_core.package_discovery:discover_packages(ignore) using defaults
[1.900s] Level 1:colcon.colcon_core.package_discovery:discover_packages(path) discover
[1.900s] Level 1:colcon.colcon_core.package_discovery:discover_packages(path) using defaults
[1.991s] INFO:colcon.colcon_core.package_selection:Skipping not selected package 'my_py_pkg' in 'src/my_py_pkg'
[1.991s] INFO:colcon.colcon_core.package_selection:Skipping not selected package 'my_robot_description' in 'src/my_robot_description'
[1.991s] INFO:colcon.colcon_core.package_selection:Skipping not selected package 'my_robot_interface' in 'src/my_robot_interface'
[2.034s] Level 1:colcon.colcon_core.package_discovery:discover_packages(prefix_path) check parameters
[2.034s] Level 1:colcon.colcon_core.package_discovery:discover_packages(prefix_path) discover
[2.080s] DEBUG:colcon.colcon_installed_package_information.package_discovery:Found 7 installed packages in /home/saeesh/ros2_ws/install
[2.119s] DEBUG:colcon.colcon_installed_package_information.package_discovery:Found 328 installed packages in /opt/ros/humble
[2.121s] Level 1:colcon.colcon_core.package_discovery:discover_packages(prefix_path) using defaults
[3.403s] Level 5:colcon.colcon_core.verb:set package 'turtlesim_catch_them_all' build argument 'cmake_args' from command line to 'None'
[3.403s] Level 5:colcon.colcon_core.verb:set package 'turtlesim_catch_them_all' build argument 'cmake_target' from command line to 'None'
[3.403s] Level 5:colcon.colcon_core.verb:set package 'turtlesim_catch_them_all' build argument 'cmake_target_skip_unavailable' from command line to 'False'
[3.403s] Level 5:colcon.colcon_core.verb:set package 'turtlesim_catch_them_all' build argument 'cmake_clean_cache' from command line to 'False'
[3.403s] Level 5:colcon.colcon_core.verb:set package 'turtlesim_catch_them_all' build argument 'cmake_clean_first' from command line to 'False'
[3.403s] Level 5:colcon.colcon_core.verb:set package 'turtlesim_catch_them_all' build argument 'cmake_force_configure' from command line to 'False'
[3.403s] Level 5:colcon.colcon_core.verb:set package 'turtlesim_catch_them_all' build argument 'ament_cmake_args' from command line to 'None'
[3.403s] Level 5:colcon.colcon_core.verb:set package 'turtlesim_catch_them_all' build argument 'catkin_cmake_args' from command line to 'None'
[3.404s] Level 5:colcon.colcon_core.verb:set package 'turtlesim_catch_them_all' build argument 'catkin_skip_building_tests' from command line to 'False'
[3.404s] DEBUG:colcon.colcon_core.verb:Building package 'turtlesim_catch_them_all' with the following arguments: {'ament_cmake_args': None, 'build_base': '/home/saeesh/ros2_ws/build/turtlesim_catch_them_all', 'catkin_cmake_args': None, 'catkin_skip_building_tests': False, 'cmake_args': None, 'cmake_clean_cache': False, 'cmake_clean_first': False, 'cmake_force_configure': False, 'cmake_target': None, 'cmake_target_skip_unavailable': False, 'install_base': '/home/saeesh/ros2_ws/install/turtlesim_catch_them_all', 'merge_install': False, 'path': '/home/saeesh/ros2_ws/src/turtlesim_catch_them_all', 'symlink_install': True, 'test_result_base': None}
[3.424s] INFO:colcon.colcon_core.executor:Executing jobs using 'parallel' executor
[3.445s] DEBUG:colcon.colcon_parallel_executor.executor.parallel:run_until_complete
[3.445s] INFO:colcon.colcon_ros.task.ament_python.build:Building ROS package in '/home/saeesh/ros2_ws/src/turtlesim_catch_them_all' with build type 'ament_python'
[3.445s] Level 1:colcon.colcon_core.shell:create_environment_hook('turtlesim_catch_them_all', 'ament_prefix_path')
[3.468s] INFO:colcon.colcon_core.plugin_system:Skipping extension 'colcon_core.shell.bat': Not used on non-Windows systems
[3.468s] INFO:colcon.colcon_core.shell:Creating environment hook '/home/saeesh/ros2_ws/install/turtlesim_catch_them_all/share/turtlesim_catch_them_all/hook/ament_prefix_path.ps1'
[3.469s] INFO:colcon.colcon_core.shell:Creating environment descriptor '/home/saeesh/ros2_ws/install/turtlesim_catch_them_all/share/turtlesim_catch_them_all/hook/ament_prefix_path.dsv'
[3.470s] INFO:colcon.colcon_core.shell:Creating environment hook '/home/saeesh/ros2_ws/install/turtlesim_catch_them_all/share/turtlesim_catch_them_all/hook/ament_prefix_path.sh'
[3.493s] INFO:colcon.colcon_core.shell:Skip shell extension 'powershell' for command environment: Not usable outside of PowerShell
[3.493s] DEBUG:colcon.colcon_core.shell:Skip shell extension 'dsv' for command environment
[4.305s] INFO:colcon.colcon_core.task.python.build:Building Python package in '/home/saeesh/ros2_ws/src/turtlesim_catch_them_all'
[4.360s] INFO:colcon.colcon_core.shell:Skip shell extension 'powershell' for command environment: Not usable outside of PowerShell
[4.360s] DEBUG:colcon.colcon_core.shell:Skip shell extension 'dsv' for command environment
[5.124s] DEBUG:colcon.colcon_core.event_handler.log_command:Invoking command in '/home/saeesh/ros2_ws/build/turtlesim_catch_them_all': PYTHONPATH=/home/saeesh/ros2_ws/build/turtlesim_catch_them_all/prefix_override:/home/saeesh/ros2_ws/install/turtlesim_catch_them_all/lib/python3.10/site-packages:${PYTHONPATH} /usr/bin/python3 setup.py develop --editable --build-directory /home/saeesh/ros2_ws/build/turtlesim_catch_them_all/build --no-deps install_data
[5.907s] Level 1:colcon.colcon_core.shell:create_environment_hook('turtlesim_catch_them_all', 'pythonpath_develop')
[5.909s] DEBUG:colcon.colcon_core.event_handler.log_command:Invoked command in '/home/saeesh/ros2_ws/build/turtlesim_catch_them_all' returned '0': PYTHONPATH=/home/saeesh/ros2_ws/build/turtlesim_catch_them_all/prefix_override:/home/saeesh/ros2_ws/install/turtlesim_catch_them_all/lib/python3.10/site-packages:${PYTHONPATH} /usr/bin/python3 setup.py develop --editable --build-directory /home/saeesh/ros2_ws/build/turtlesim_catch_them_all/build --no-deps install_data
[5.930s] INFO:colcon.colcon_core.shell:Creating environment hook '/home/saeesh/ros2_ws/build/turtlesim_catch_them_all/share/turtlesim_catch_them_all/hook/pythonpath_develop.ps1'
[5.930s] INFO:colcon.colcon_core.shell:Creating environment descriptor '/home/saeesh/ros2_ws/build/turtlesim_catch_them_all/share/turtlesim_catch_them_all/hook/pythonpath_develop.dsv'
[5.931s] INFO:colcon.colcon_core.shell:Creating environment hook '/home/saeesh/ros2_ws/build/turtlesim_catch_them_all/share/turtlesim_catch_them_all/hook/pythonpath_develop.sh'
[5.955s] Level 1:colcon.colcon_core.environment:checking '/home/saeesh/ros2_ws/install/turtlesim_catch_them_all' for CMake module files
[5.956s] Level 1:colcon.colcon_core.environment:checking '/home/saeesh/ros2_ws/install/turtlesim_catch_them_all' for CMake config files
[5.957s] Level 1:colcon.colcon_core.environment:checking '/home/saeesh/ros2_ws/install/turtlesim_catch_them_all/lib'
[5.957s] Level 1:colcon.colcon_core.environment:checking '/home/saeesh/ros2_ws/install/turtlesim_catch_them_all/bin'
[5.957s] Level 1:colcon.colcon_core.environment:checking '/home/saeesh/ros2_ws/install/turtlesim_catch_them_all/lib/pkgconfig/turtlesim_catch_them_all.pc'
[5.957s] Level 1:colcon.colcon_core.environment:checking '/home/saeesh/ros2_ws/install/turtlesim_catch_them_all/lib/python3.10/site-packages'
[5.957s] Level 1:colcon.colcon_core.shell:create_environment_hook('turtlesim_catch_them_all', 'pythonpath')
[5.980s] INFO:colcon.colcon_core.shell:Creating environment hook '/home/saeesh/ros2_ws/install/turtlesim_catch_them_all/share/turtlesim_catch_them_all/hook/pythonpath.ps1'
[5.981s] INFO:colcon.colcon_core.shell:Creating environment descriptor '/home/saeesh/ros2_ws/install/turtlesim_catch_them_all/share/turtlesim_catch_them_all/hook/pythonpath.dsv'
[5.981s] INFO:colcon.colcon_core.shell:Creating environment hook '/home/saeesh/ros2_ws/install/turtlesim_catch_them_all/share/turtlesim_catch_them_all/hook/pythonpath.sh'
[5.983s] Level 1:colcon.colcon_core.environment:checking '/home/saeesh/ros2_ws/install/turtlesim_catch_them_all/bin'
[5.983s] Level 1:colcon.colcon_core.environment:create_environment_scripts_only(turtlesim_catch_them_all)
[6.007s] INFO:colcon.colcon_core.shell:Creating package script '/home/saeesh/ros2_ws/install/turtlesim_catch_them_all/share/turtlesim_catch_them_all/package.ps1'
[6.008s] INFO:colcon.colcon_core.shell:Creating package descriptor '/home/saeesh/ros2_ws/install/turtlesim_catch_them_all/share/turtlesim_catch_them_all/package.dsv'
[6.009s] INFO:colcon.colcon_core.shell:Creating package script '/home/saeesh/ros2_ws/install/turtlesim_catch_them_all/share/turtlesim_catch_them_all/package.sh'
[6.010s] INFO:colcon.colcon_core.shell:Creating package script '/home/saeesh/ros2_ws/install/turtlesim_catch_them_all/share/turtlesim_catch_them_all/package.bash'
[6.010s] INFO:colcon.colcon_core.shell:Creating package script '/home/saeesh/ros2_ws/install/turtlesim_catch_them_all/share/turtlesim_catch_them_all/package.zsh'
[6.011s] Level 1:colcon.colcon_core.environment:create_file_with_runtime_dependencies(/home/saeesh/ros2_ws/install/turtlesim_catch_them_all/share/colcon-core/packages/turtlesim_catch_them_all)
[6.012s] DEBUG:colcon.colcon_parallel_executor.executor.parallel:closing loop
[6.012s] DEBUG:colcon.colcon_parallel_executor.executor.parallel:loop closed
[6.012s] DEBUG:colcon.colcon_parallel_executor.executor.parallel:run_until_complete finished with '0'
[6.012s] DEBUG:colcon.colcon_core.event_reactor:joining thread
[6.088s] INFO:colcon.colcon_core.plugin_system:Skipping extension 'colcon_notification.desktop_notification.terminal_notifier': Not used on non-Darwin systems
[6.088s] INFO:colcon.colcon_core.plugin_system:Skipping extension 'colcon_notification.desktop_notification.win32': Not used on non-Windows systems
[6.088s] INFO:colcon.colcon_notification.desktop_notification:Sending desktop notification using 'notify2'
[6.108s] DEBUG:colcon.colcon_core.event_reactor:joined thread
[6.140s] INFO:colcon.colcon_core.shell:Creating prefix script '/home/saeesh/ros2_ws/install/local_setup.ps1'
[6.142s] INFO:colcon.colcon_core.shell:Creating prefix util module '/home/saeesh/ros2_ws/install/_local_setup_util_ps1.py'
[6.144s] INFO:colcon.colcon_core.shell:Creating prefix chain script '/home/saeesh/ros2_ws/install/setup.ps1'
[6.171s] INFO:colcon.colcon_core.shell:Creating prefix script '/home/saeesh/ros2_ws/install/local_setup.sh'
[6.172s] INFO:colcon.colcon_core.shell:Creating prefix util module '/home/saeesh/ros2_ws/install/_local_setup_util_sh.py'
[6.172s] INFO:colcon.colcon_core.shell:Creating prefix chain script '/home/saeesh/ros2_ws/install/setup.sh'
[6.198s] INFO:colcon.colcon_core.shell:Creating prefix script '/home/saeesh/ros2_ws/install/local_setup.bash'
[6.199s] INFO:colcon.colcon_core.shell:Creating prefix chain script '/home/saeesh/ros2_ws/install/setup.bash'
[6.224s] INFO:colcon.colcon_core.shell:Creating prefix script '/home/saeesh/ros2_ws/install/local_setup.zsh'
[6.224s] INFO:colcon.colcon_core.shell:Creating prefix chain script '/home/saeesh/ros2_ws/install/setup.zsh'
