[3.250s] DEBUG:colcon:Command line arguments: ['/usr/bin/colcon', 'build']
[3.250s] DEBUG:colcon:Parsed command line arguments: Namespace(log_base=None, log_level=None, verb_name='build', build_base='build', install_base='install', merge_install=False, symlink_install=False, test_result_base=None, continue_on_error=False, executor='parallel', parallel_workers=4, event_handlers=None, ignore_user_meta=False, metas=['./colcon.meta'], base_paths=['.'], packages_ignore=None, packages_ignore_regex=None, paths=None, packages_up_to=None, packages_up_to_regex=None, packages_above=None, packages_above_and_dependencies=None, packages_above_depth=None, packages_select_by_dep=None, packages_skip_by_dep=None, packages_skip_up_to=None, packages_select_build_failed=False, packages_skip_build_finished=False, packages_select_test_failures=False, packages_skip_test_passed=False, packages_select=None, packages_skip=None, packages_select_regex=None, packages_skip_regex=None, packages_start=None, packages_end=None, allow_overriding=[], cmake_args=None, cmake_target=None, cmake_target_skip_unavailable=False, cmake_clean_cache=False, cmake_clean_first=False, cmake_force_configure=False, ament_cmake_args=None, catkin_cmake_args=None, catkin_skip_building_tests=False, verb_parser=<colcon_defaults.argument_parser.defaults.DefaultArgumentsDecorator object at 0x7f0f58a932e0>, verb_extension=<colcon_core.verb.build.BuildVerb object at 0x7f0f59cd3f40>, main=<bound method BuildVerb.main of <colcon_core.verb.build.BuildVerb object at 0x7f0f59cd3f40>>)
[3.490s] Level 1:colcon.colcon_core.package_discovery:discover_packages(colcon_meta) check parameters
[3.490s] Level 1:colcon.colcon_core.package_discovery:discover_packages(recursive) check parameters
[3.490s] Level 1:colcon.colcon_core.package_discovery:discover_packages(ignore) check parameters
[3.490s] Level 1:colcon.colcon_core.package_discovery:discover_packages(path) check parameters
[3.490s] Level 1:colcon.colcon_core.package_discovery:discover_packages(colcon_meta) discover
[3.490s] Level 1:colcon.colcon_core.package_discovery:discover_packages(recursive) discover
[3.490s] INFO:colcon.colcon_core.package_discovery:Crawling recursively for packages in '/home/saeesh/ros2_ws'
[3.493s] Level 1:colcon.colcon_core.package_identification:_identify(.) by extensions ['ignore', 'ignore_ament_install']
[3.493s] Level 1:colcon.colcon_core.package_identification:_identify(.) by extension 'ignore'
[3.493s] Level 1:colcon.colcon_core.package_identification:_identify(.) by extension 'ignore_ament_install'
[3.493s] Level 1:colcon.colcon_core.package_identification:_identify(.) by extensions ['colcon_pkg']
[3.493s] Level 1:colcon.colcon_core.package_identification:_identify(.) by extension 'colcon_pkg'
[3.493s] Level 1:colcon.colcon_core.package_identification:_identify(.) by extensions ['colcon_meta']
[3.493s] Level 1:colcon.colcon_core.package_identification:_identify(.) by extension 'colcon_meta'
[3.493s] Level 1:colcon.colcon_core.package_identification:_identify(.) by extensions ['ros']
[3.493s] Level 1:colcon.colcon_core.package_identification:_identify(.) by extension 'ros'
[3.635s] Level 1:colcon.colcon_core.package_identification:_identify(.) by extensions ['cmake', 'python']
[3.635s] Level 1:colcon.colcon_core.package_identification:_identify(.) by extension 'cmake'
[3.635s] Level 1:colcon.colcon_core.package_identification:_identify(.) by extension 'python'
[3.635s] Level 1:colcon.colcon_core.package_identification:_identify(.) by extensions ['python_setup_py']
[3.636s] Level 1:colcon.colcon_core.package_identification:_identify(.) by extension 'python_setup_py'
[3.636s] Level 1:colcon.colcon_core.package_identification:_identify(build) by extensions ['ignore', 'ignore_ament_install']
[3.636s] Level 1:colcon.colcon_core.package_identification:_identify(build) by extension 'ignore'
[3.636s] Level 1:colcon.colcon_core.package_identification:_identify(build) ignored
[3.637s] Level 1:colcon.colcon_core.package_identification:_identify(install) by extensions ['ignore', 'ignore_ament_install']
[3.637s] Level 1:colcon.colcon_core.package_identification:_identify(install) by extension 'ignore'
[3.637s] Level 1:colcon.colcon_core.package_identification:_identify(install) ignored
[3.637s] Level 1:colcon.colcon_core.package_identification:_identify(log) by extensions ['ignore', 'ignore_ament_install']
[3.637s] Level 1:colcon.colcon_core.package_identification:_identify(log) by extension 'ignore'
[3.638s] Level 1:colcon.colcon_core.package_identification:_identify(log) ignored
[3.638s] Level 1:colcon.colcon_core.package_identification:_identify(src) by extensions ['ignore', 'ignore_ament_install']
[3.638s] Level 1:colcon.colcon_core.package_identification:_identify(src) by extension 'ignore'
[3.638s] Level 1:colcon.colcon_core.package_identification:_identify(src) by extension 'ignore_ament_install'
[3.638s] Level 1:colcon.colcon_core.package_identification:_identify(src) by extensions ['colcon_pkg']
[3.638s] Level 1:colcon.colcon_core.package_identification:_identify(src) by extension 'colcon_pkg'
[3.638s] Level 1:colcon.colcon_core.package_identification:_identify(src) by extensions ['colcon_meta']
[3.639s] Level 1:colcon.colcon_core.package_identification:_identify(src) by extension 'colcon_meta'
[3.639s] Level 1:colcon.colcon_core.package_identification:_identify(src) by extensions ['ros']
[3.639s] Level 1:colcon.colcon_core.package_identification:_identify(src) by extension 'ros'
[3.639s] Level 1:colcon.colcon_core.package_identification:_identify(src) by extensions ['cmake', 'python']
[3.639s] Level 1:colcon.colcon_core.package_identification:_identify(src) by extension 'cmake'
[3.639s] Level 1:colcon.colcon_core.package_identification:_identify(src) by extension 'python'
[3.639s] Level 1:colcon.colcon_core.package_identification:_identify(src) by extensions ['python_setup_py']
[3.639s] Level 1:colcon.colcon_core.package_identification:_identify(src) by extension 'python_setup_py'
[3.640s] Level 1:colcon.colcon_core.package_discovery:discover_packages(recursive) using defaults
[3.640s] Level 1:colcon.colcon_core.package_discovery:discover_packages(ignore) discover
[3.640s] Level 1:colcon.colcon_core.package_discovery:discover_packages(ignore) using defaults
[3.640s] Level 1:colcon.colcon_core.package_discovery:discover_packages(path) discover
[3.640s] Level 1:colcon.colcon_core.package_discovery:discover_packages(path) using defaults
[3.939s] Level 1:colcon.colcon_core.package_discovery:discover_packages(prefix_path) check parameters
[3.939s] Level 1:colcon.colcon_core.package_discovery:discover_packages(prefix_path) discover
[3.979s] DEBUG:colcon.colcon_installed_package_information.package_discovery:Found 270 installed packages in /opt/ros/humble
[3.981s] Level 1:colcon.colcon_core.package_discovery:discover_packages(prefix_path) using defaults
[4.114s] INFO:colcon.colcon_core.executor:Executing jobs using 'parallel' executor
[4.134s] DEBUG:colcon.colcon_parallel_executor.executor.parallel:run_until_complete
[4.134s] DEBUG:colcon.colcon_parallel_executor.executor.parallel:closing loop
[4.134s] DEBUG:colcon.colcon_parallel_executor.executor.parallel:loop closed
[4.134s] DEBUG:colcon.colcon_parallel_executor.executor.parallel:run_until_complete finished with '0'
[4.134s] DEBUG:colcon.colcon_core.event_reactor:joining thread
[4.183s] INFO:colcon.colcon_core.plugin_system:Skipping extension 'colcon_notification.desktop_notification.terminal_notifier': Not used on non-Darwin systems
[4.183s] INFO:colcon.colcon_core.plugin_system:Skipping extension 'colcon_notification.desktop_notification.win32': Not used on non-Windows systems
[4.183s] INFO:colcon.colcon_notification.desktop_notification:Sending desktop notification using 'notify2'
[4.216s] DEBUG:colcon.colcon_core.event_reactor:joined thread
[4.292s] INFO:colcon.colcon_core.plugin_system:Skipping extension 'colcon_core.shell.bat': Not used on non-Windows systems
[4.293s] INFO:colcon.colcon_core.shell:Creating prefix script '/home/saeesh/ros2_ws/install/local_setup.ps1'
[4.294s] INFO:colcon.colcon_core.shell:Creating prefix util module '/home/saeesh/ros2_ws/install/_local_setup_util_ps1.py'
[4.296s] INFO:colcon.colcon_core.shell:Creating prefix chain script '/home/saeesh/ros2_ws/install/setup.ps1'
[4.317s] INFO:colcon.colcon_core.shell:Creating prefix script '/home/saeesh/ros2_ws/install/local_setup.sh'
[4.318s] INFO:colcon.colcon_core.shell:Creating prefix util module '/home/saeesh/ros2_ws/install/_local_setup_util_sh.py'
[4.318s] INFO:colcon.colcon_core.shell:Creating prefix chain script '/home/saeesh/ros2_ws/install/setup.sh'
[4.340s] INFO:colcon.colcon_core.shell:Creating prefix script '/home/saeesh/ros2_ws/install/local_setup.bash'
[4.341s] INFO:colcon.colcon_core.shell:Creating prefix chain script '/home/saeesh/ros2_ws/install/setup.bash'
[4.360s] INFO:colcon.colcon_core.shell:Creating prefix script '/home/saeesh/ros2_ws/install/local_setup.zsh'
[4.361s] INFO:colcon.colcon_core.shell:Creating prefix chain script '/home/saeesh/ros2_ws/install/setup.zsh'
