running egg_info
creating ../../build/turtlsim_catch_them_all/turtlsim_catch_them_all.egg-info
writing ../../build/turtlsim_catch_them_all/turtlsim_catch_them_all.egg-info/PKG-INFO
writing dependency_links to ../../build/turtlsim_catch_them_all/turtlsim_catch_them_all.egg-info/dependency_links.txt
writing entry points to ../../build/turtlsim_catch_them_all/turtlsim_catch_them_all.egg-info/entry_points.txt
writing requirements to ../../build/turtlsim_catch_them_all/turtlsim_catch_them_all.egg-info/requires.txt
writing top-level names to ../../build/turtlsim_catch_them_all/turtlsim_catch_them_all.egg-info/top_level.txt
writing manifest file '../../build/turtlsim_catch_them_all/turtlsim_catch_them_all.egg-info/SOURCES.txt'
reading manifest file '../../build/turtlsim_catch_them_all/turtlsim_catch_them_all.egg-info/SOURCES.txt'
writing manifest file '../../build/turtlsim_catch_them_all/turtlsim_catch_them_all.egg-info/SOURCES.txt'
running build
running build_py
creating /home/saeesh/ros2_ws/build/turtlsim_catch_them_all/build
creating /home/saeesh/ros2_ws/build/turtlsim_catch_them_all/build/lib
creating /home/saeesh/ros2_ws/build/turtlsim_catch_them_all/build/lib/turtlsim_catch_them_all
copying turtlsim_catch_them_all/turtle_controller.py -> /home/saeesh/ros2_ws/build/turtlsim_catch_them_all/build/lib/turtlsim_catch_them_all
copying turtlsim_catch_them_all/__init__.py -> /home/saeesh/ros2_ws/build/turtlsim_catch_them_all/build/lib/turtlsim_catch_them_all
running install
running install_lib
creating /home/saeesh/ros2_ws/install/turtlsim_catch_them_all/lib/python3.10/site-packages/turtlsim_catch_them_all
copying /home/saeesh/ros2_ws/build/turtlsim_catch_them_all/build/lib/turtlsim_catch_them_all/turtle_controller.py -> /home/saeesh/ros2_ws/install/turtlsim_catch_them_all/lib/python3.10/site-packages/turtlsim_catch_them_all
copying /home/saeesh/ros2_ws/build/turtlsim_catch_them_all/build/lib/turtlsim_catch_them_all/__init__.py -> /home/saeesh/ros2_ws/install/turtlsim_catch_them_all/lib/python3.10/site-packages/turtlsim_catch_them_all
byte-compiling /home/saeesh/ros2_ws/install/turtlsim_catch_them_all/lib/python3.10/site-packages/turtlsim_catch_them_all/turtle_controller.py to turtle_controller.cpython-310.pyc
byte-compiling /home/saeesh/ros2_ws/install/turtlsim_catch_them_all/lib/python3.10/site-packages/turtlsim_catch_them_all/__init__.py to __init__.cpython-310.pyc
running install_data
creating /home/saeesh/ros2_ws/install/turtlsim_catch_them_all/share/ament_index
creating /home/saeesh/ros2_ws/install/turtlsim_catch_them_all/share/ament_index/resource_index
creating /home/saeesh/ros2_ws/install/turtlsim_catch_them_all/share/ament_index/resource_index/packages
copying resource/turtlsim_catch_them_all -> /home/saeesh/ros2_ws/install/turtlsim_catch_them_all/share/ament_index/resource_index/packages
copying package.xml -> /home/saeesh/ros2_ws/install/turtlsim_catch_them_all/share/turtlsim_catch_them_all
running install_egg_info
Copying ../../build/turtlsim_catch_them_all/turtlsim_catch_them_all.egg-info to /home/saeesh/ros2_ws/install/turtlsim_catch_them_all/lib/python3.10/site-packages/turtlsim_catch_them_all-0.0.0-py3.10.egg-info
running install_scripts
writing list of installed files to '/home/saeesh/ros2_ws/build/turtlsim_catch_them_all/install.log'
