[1.039s] Invoking command in '/home/saeesh/ros2_ws/src/turtlsim_catch_them_all': PYTHONPATH=/home/saeesh/ros2_ws/build/turtlsim_catch_them_all/prefix_override:/home/saeesh/ros2_ws/install/turtlsim_catch_them_all/lib/python3.10/site-packages:${PYTHONPATH} /usr/bin/python3 setup.py egg_info --egg-base ../../build/turtlsim_catch_them_all build --build-base /home/saeesh/ros2_ws/build/turtlsim_catch_them_all/build install --record /home/saeesh/ros2_ws/build/turtlsim_catch_them_all/install.log --single-version-externally-managed
[1.346s] running egg_info
[1.347s] creating ../../build/turtlsim_catch_them_all/turtlsim_catch_them_all.egg-info
[1.347s] writing ../../build/turtlsim_catch_them_all/turtlsim_catch_them_all.egg-info/PKG-INFO
[1.348s] writing dependency_links to ../../build/turtlsim_catch_them_all/turtlsim_catch_them_all.egg-info/dependency_links.txt
[1.348s] writing entry points to ../../build/turtlsim_catch_them_all/turtlsim_catch_them_all.egg-info/entry_points.txt
[1.348s] writing requirements to ../../build/turtlsim_catch_them_all/turtlsim_catch_them_all.egg-info/requires.txt
[1.348s] writing top-level names to ../../build/turtlsim_catch_them_all/turtlsim_catch_them_all.egg-info/top_level.txt
[1.348s] writing manifest file '../../build/turtlsim_catch_them_all/turtlsim_catch_them_all.egg-info/SOURCES.txt'
[1.350s] reading manifest file '../../build/turtlsim_catch_them_all/turtlsim_catch_them_all.egg-info/SOURCES.txt'
[1.351s] writing manifest file '../../build/turtlsim_catch_them_all/turtlsim_catch_them_all.egg-info/SOURCES.txt'
[1.351s] running build
[1.351s] running build_py
[1.352s] creating /home/saeesh/ros2_ws/build/turtlsim_catch_them_all/build
[1.352s] creating /home/saeesh/ros2_ws/build/turtlsim_catch_them_all/build/lib
[1.352s] creating /home/saeesh/ros2_ws/build/turtlsim_catch_them_all/build/lib/turtlsim_catch_them_all
[1.352s] copying turtlsim_catch_them_all/turtle_controller.py -> /home/saeesh/ros2_ws/build/turtlsim_catch_them_all/build/lib/turtlsim_catch_them_all
[1.353s] copying turtlsim_catch_them_all/__init__.py -> /home/saeesh/ros2_ws/build/turtlsim_catch_them_all/build/lib/turtlsim_catch_them_all
[1.353s] running install
[1.353s] running install_lib
[1.353s] creating /home/saeesh/ros2_ws/install/turtlsim_catch_them_all/lib/python3.10/site-packages/turtlsim_catch_them_all
[1.353s] copying /home/saeesh/ros2_ws/build/turtlsim_catch_them_all/build/lib/turtlsim_catch_them_all/turtle_controller.py -> /home/saeesh/ros2_ws/install/turtlsim_catch_them_all/lib/python3.10/site-packages/turtlsim_catch_them_all
[1.354s] copying /home/saeesh/ros2_ws/build/turtlsim_catch_them_all/build/lib/turtlsim_catch_them_all/__init__.py -> /home/saeesh/ros2_ws/install/turtlsim_catch_them_all/lib/python3.10/site-packages/turtlsim_catch_them_all
[1.354s] byte-compiling /home/saeesh/ros2_ws/install/turtlsim_catch_them_all/lib/python3.10/site-packages/turtlsim_catch_them_all/turtle_controller.py to turtle_controller.cpython-310.pyc
[1.355s] byte-compiling /home/saeesh/ros2_ws/install/turtlsim_catch_them_all/lib/python3.10/site-packages/turtlsim_catch_them_all/__init__.py to __init__.cpython-310.pyc
[1.355s] running install_data
[1.356s] creating /home/saeesh/ros2_ws/install/turtlsim_catch_them_all/share/ament_index
[1.356s] creating /home/saeesh/ros2_ws/install/turtlsim_catch_them_all/share/ament_index/resource_index
[1.356s] creating /home/saeesh/ros2_ws/install/turtlsim_catch_them_all/share/ament_index/resource_index/packages
[1.356s] copying resource/turtlsim_catch_them_all -> /home/saeesh/ros2_ws/install/turtlsim_catch_them_all/share/ament_index/resource_index/packages
[1.356s] copying package.xml -> /home/saeesh/ros2_ws/install/turtlsim_catch_them_all/share/turtlsim_catch_them_all
[1.357s] running install_egg_info
[1.358s] Copying ../../build/turtlsim_catch_them_all/turtlsim_catch_them_all.egg-info to /home/saeesh/ros2_ws/install/turtlsim_catch_them_all/lib/python3.10/site-packages/turtlsim_catch_them_all-0.0.0-py3.10.egg-info
[1.359s] running install_scripts
[1.382s] writing list of installed files to '/home/saeesh/ros2_ws/build/turtlsim_catch_them_all/install.log'
[1.422s] Invoked command in '/home/saeesh/ros2_ws/src/turtlsim_catch_them_all' returned '0': PYTHONPATH=/home/saeesh/ros2_ws/build/turtlsim_catch_them_all/prefix_override:/home/saeesh/ros2_ws/install/turtlsim_catch_them_all/lib/python3.10/site-packages:${PYTHONPATH} /usr/bin/python3 setup.py egg_info --egg-base ../../build/turtlsim_catch_them_all build --build-base /home/saeesh/ros2_ws/build/turtlsim_catch_them_all/build install --record /home/saeesh/ros2_ws/build/turtlsim_catch_them_all/install.log --single-version-externally-managed
