[1.114s] Invoking command in '/home/saeesh/ros2_ws/src/my_py_pkg': PYTHONPATH=/home/saeesh/ros2_ws/build/my_py_pkg/prefix_override:/home/saeesh/ros2_ws/install/my_py_pkg/lib/python3.10/site-packages:${PYTHONPATH} /usr/bin/python3 setup.py egg_info --egg-base ../../build/my_py_pkg build --build-base /home/saeesh/ros2_ws/build/my_py_pkg/build install --record /home/saeesh/ros2_ws/build/my_py_pkg/install.log --single-version-externally-managed
[1.435s] running egg_info
[1.435s] writing ../../build/my_py_pkg/my_py_pkg.egg-info/PKG-INFO
[1.436s] writing dependency_links to ../../build/my_py_pkg/my_py_pkg.egg-info/dependency_links.txt
[1.436s] writing entry points to ../../build/my_py_pkg/my_py_pkg.egg-info/entry_points.txt
[1.437s] writing requirements to ../../build/my_py_pkg/my_py_pkg.egg-info/requires.txt
[1.437s] writing top-level names to ../../build/my_py_pkg/my_py_pkg.egg-info/top_level.txt
[1.439s] reading manifest file '../../build/my_py_pkg/my_py_pkg.egg-info/SOURCES.txt'
[1.440s] writing manifest file '../../build/my_py_pkg/my_py_pkg.egg-info/SOURCES.txt'
[1.441s] running build
[1.441s] running build_py
[1.442s] running install
[1.442s] running install_lib
[1.445s] running install_data
[1.445s] running install_egg_info
[1.448s] removing '/home/saeesh/ros2_ws/install/my_py_pkg/lib/python3.10/site-packages/my_py_pkg-0.0.0-py3.10.egg-info' (and everything under it)
[1.448s] Copying ../../build/my_py_pkg/my_py_pkg.egg-info to /home/saeesh/ros2_ws/install/my_py_pkg/lib/python3.10/site-packages/my_py_pkg-0.0.0-py3.10.egg-info
[1.449s] running install_scripts
[1.477s] Installing activity3_subscriber script to /home/saeesh/ros2_ws/install/my_py_pkg/lib/my_py_pkg
[1.477s] Installing activity_pub script to /home/saeesh/ros2_ws/install/my_py_pkg/lib/my_py_pkg
[1.477s] Installing activity_sub script to /home/saeesh/ros2_ws/install/my_py_pkg/lib/my_py_pkg
[1.478s] Installing add_two_numbers_cli script to /home/saeesh/ros2_ws/install/my_py_pkg/lib/my_py_pkg
[1.478s] Installing add_two_numbers_cli_oop script to /home/saeesh/ros2_ws/install/my_py_pkg/lib/my_py_pkg
[1.478s] Installing add_two_numbers_srv script to /home/saeesh/ros2_ws/install/my_py_pkg/lib/my_py_pkg
[1.478s] Installing bettery script to /home/saeesh/ros2_ws/install/my_py_pkg/lib/my_py_pkg
[1.479s] Installing hw_status_publisher script to /home/saeesh/ros2_ws/install/my_py_pkg/lib/my_py_pkg
[1.479s] Installing led_panel script to /home/saeesh/ros2_ws/install/my_py_pkg/lib/my_py_pkg
[1.479s] Installing py_node script to /home/saeesh/ros2_ws/install/my_py_pkg/lib/my_py_pkg
[1.479s] Installing robo_news script to /home/saeesh/ros2_ws/install/my_py_pkg/lib/my_py_pkg
[1.480s] Installing smartphone script to /home/saeesh/ros2_ws/install/my_py_pkg/lib/my_py_pkg
[1.480s] writing list of installed files to '/home/saeesh/ros2_ws/build/my_py_pkg/install.log'
[1.546s] Invoked command in '/home/saeesh/ros2_ws/src/my_py_pkg' returned '0': PYTHONPATH=/home/saeesh/ros2_ws/build/my_py_pkg/prefix_override:/home/saeesh/ros2_ws/install/my_py_pkg/lib/python3.10/site-packages:${PYTHONPATH} /usr/bin/python3 setup.py egg_info --egg-base ../../build/my_py_pkg build --build-base /home/saeesh/ros2_ws/build/my_py_pkg/build install --record /home/saeesh/ros2_ws/build/my_py_pkg/install.log --single-version-externally-managed
