-- Found ament_cmake: 1.3.6 (/opt/ros/humble/share/ament_cmake/cmake)
-- Found rosidl_default_generators: 1.2.0 (/opt/ros/humble/share/rosidl_default_generators/cmake)
-- Using all available rosidl_typesupport_c: rosidl_typesupport_fastrtps_c;rosidl_typesupport_introspection_c
-- Found rosidl_adapter: 3.1.5 (/opt/ros/humble/share/rosidl_adapter/cmake)
-- Using all available rosidl_typesupport_cpp: rosidl_typesupport_fastrtps_cpp;rosidl_typesupport_introspection_cpp
-- Found ament_cmake_ros: 0.10.0 (/opt/ros/humble/share/ament_cmake_ros/cmake)
-- Using all available rosidl_typesupport_c: rosidl_typesupport_fastrtps_c;rosidl_typesupport_introspection_c
-- Using all available rosidl_typesupport_cpp: rosidl_typesupport_fastrtps_cpp;rosidl_typesupport_introspection_cpp
-- Found python_cmake_module: 0.10.0 (/opt/ros/humble/share/python_cmake_module/cmake)
-- Using PYTHON_EXECUTABLE: /usr/bin/python3
-- Using PYTHON_INCLUDE_DIRS: /usr/include/python3.10
-- Using PYTHON_LIBRARIES: /usr/lib/x86_64-linux-gnu/libpython3.10.so
-- Configuring done
-- Generating done
-- Build files have been written to: /home/saeesh/ros2_ws/build/my_robot_interface
[  2%] [34m[1mGenerating C code for ROS interfaces[0m
[  5%] [34m[1mGenerating C++ code for ROS interfaces[0m
[  5%] Built target ament_cmake_python_copy_my_robot_interface
running egg_info
writing my_robot_interface.egg-info/PKG-INFO
writing dependency_links to my_robot_interface.egg-info/dependency_links.txt
writing top-level names to my_robot_interface.egg-info/top_level.txt
reading manifest file 'my_robot_interface.egg-info/SOURCES.txt'
writing manifest file 'my_robot_interface.egg-info/SOURCES.txt'
[  5%] Built target ament_cmake_python_build_my_robot_interface_egg
[  7%] [32mBuilding C object CMakeFiles/my_robot_interface__rosidl_generator_c.dir/rosidl_generator_c/my_robot_interface/msg/detail/turtle__functions.c.o[0m
[ 10%] [32mBuilding C object CMakeFiles/my_robot_interface__rosidl_generator_c.dir/rosidl_generator_c/my_robot_interface/msg/detail/turtle_array__functions.c.o[0m
[ 10%] Built target my_robot_interface__cpp
[ 15%] [34m[1mGenerating C++ type support for eProsima Fast-RTPS[0m
[ 15%] [34m[1mGenerating C++ type support dispatch for ROS interfaces[0m
[ 17%] [34m[1mGenerating C++ introspection for ROS interfaces[0m
[ 20%] [32m[1mLinking C shared library libmy_robot_interface__rosidl_generator_c.so[0m
[ 20%] Built target my_robot_interface__rosidl_generator_c
[ 23%] [34m[1mGenerating C type support for eProsima Fast-RTPS[0m
[ 25%] [32mBuilding CXX object CMakeFiles/my_robot_interface__rosidl_typesupport_cpp.dir/rosidl_typesupport_cpp/my_robot_interface/msg/turtle__type_support.cpp.o[0m
[ 30%] [32mBuilding CXX object CMakeFiles/my_robot_interface__rosidl_typesupport_introspection_cpp.dir/rosidl_typesupport_introspection_cpp/my_robot_interface/msg/detail/turtle__type_support.cpp.o[0m
[ 30%] [32mBuilding CXX object CMakeFiles/my_robot_interface__rosidl_typesupport_fastrtps_cpp.dir/rosidl_typesupport_fastrtps_cpp/my_robot_interface/msg/detail/dds_fastrtps/turtle__type_support.cpp.o[0m
[ 33%] [32mBuilding CXX object CMakeFiles/my_robot_interface__rosidl_typesupport_fastrtps_c.dir/rosidl_typesupport_fastrtps_c/my_robot_interface/msg/detail/turtle__type_support_c.cpp.o[0m
[ 35%] [32mBuilding CXX object CMakeFiles/my_robot_interface__rosidl_typesupport_cpp.dir/rosidl_typesupport_cpp/my_robot_interface/msg/turtle_array__type_support.cpp.o[0m
[ 38%] [32mBuilding CXX object CMakeFiles/my_robot_interface__rosidl_typesupport_introspection_cpp.dir/rosidl_typesupport_introspection_cpp/my_robot_interface/msg/detail/turtle_array__type_support.cpp.o[0m
[ 41%] [32mBuilding CXX object CMakeFiles/my_robot_interface__rosidl_typesupport_fastrtps_c.dir/rosidl_typesupport_fastrtps_c/my_robot_interface/msg/detail/turtle_array__type_support_c.cpp.o[0m
[ 43%] [32mBuilding CXX object CMakeFiles/my_robot_interface__rosidl_typesupport_fastrtps_cpp.dir/rosidl_typesupport_fastrtps_cpp/my_robot_interface/msg/detail/dds_fastrtps/turtle_array__type_support.cpp.o[0m
[ 46%] [32m[1mLinking CXX shared library libmy_robot_interface__rosidl_typesupport_cpp.so[0m
[ 46%] Built target my_robot_interface__rosidl_typesupport_cpp
[ 48%] [34m[1mGenerating C introspection for ROS interfaces[0m
[ 51%] [32m[1mLinking CXX shared library libmy_robot_interface__rosidl_typesupport_introspection_cpp.so[0m
[ 53%] [32m[1mLinking CXX shared library libmy_robot_interface__rosidl_typesupport_fastrtps_c.so[0m
[ 53%] Built target my_robot_interface__rosidl_typesupport_introspection_cpp
[ 56%] [34m[1mGenerating C type support dispatch for ROS interfaces[0m
[ 56%] Built target my_robot_interface__rosidl_typesupport_fastrtps_c
[ 58%] [32m[1mLinking CXX shared library libmy_robot_interface__rosidl_typesupport_fastrtps_cpp.so[0m
[ 64%] [32mBuilding C object CMakeFiles/my_robot_interface__rosidl_typesupport_introspection_c.dir/rosidl_typesupport_introspection_c/my_robot_interface/msg/detail/turtle__type_support.c.o[0m
[ 64%] [32mBuilding C object CMakeFiles/my_robot_interface__rosidl_typesupport_introspection_c.dir/rosidl_typesupport_introspection_c/my_robot_interface/msg/detail/turtle_array__type_support.c.o[0m
[ 64%] Built target my_robot_interface__rosidl_typesupport_fastrtps_cpp
[ 66%] [32m[1mLinking C shared library libmy_robot_interface__rosidl_typesupport_introspection_c.so[0m
[ 66%] Built target my_robot_interface__rosidl_typesupport_introspection_c
[ 69%] [32mBuilding CXX object CMakeFiles/my_robot_interface__rosidl_typesupport_c.dir/rosidl_typesupport_c/my_robot_interface/msg/turtle_array__type_support.cpp.o[0m
[ 71%] [32mBuilding CXX object CMakeFiles/my_robot_interface__rosidl_typesupport_c.dir/rosidl_typesupport_c/my_robot_interface/msg/turtle__type_support.cpp.o[0m
[ 74%] [32m[1mLinking CXX shared library libmy_robot_interface__rosidl_typesupport_c.so[0m
[ 74%] Built target my_robot_interface__rosidl_typesupport_c
[ 74%] Built target my_robot_interface
[ 76%] [34m[1mGenerating Python code for ROS interfaces[0m
[ 76%] Built target my_robot_interface__py
[ 79%] [32mBuilding C object CMakeFiles/my_robot_interface__rosidl_generator_py.dir/rosidl_generator_py/my_robot_interface/msg/_turtle_array_s.c.o[0m
[ 82%] [32mBuilding C object CMakeFiles/my_robot_interface__rosidl_generator_py.dir/rosidl_generator_py/my_robot_interface/msg/_turtle_s.c.o[0m
[ 84%] [32m[1mLinking C shared library rosidl_generator_py/my_robot_interface/libmy_robot_interface__rosidl_generator_py.so[0m
[ 84%] Built target my_robot_interface__rosidl_generator_py
[ 87%] [32mBuilding C object CMakeFiles/my_robot_interface__rosidl_typesupport_introspection_c__pyext.dir/rosidl_generator_py/my_robot_interface/_my_robot_interface_s.ep.rosidl_typesupport_introspection_c.c.o[0m
[ 89%] [32mBuilding C object CMakeFiles/my_robot_interface__rosidl_typesupport_fastrtps_c__pyext.dir/rosidl_generator_py/my_robot_interface/_my_robot_interface_s.ep.rosidl_typesupport_fastrtps_c.c.o[0m
[ 92%] [32mBuilding C object CMakeFiles/my_robot_interface__rosidl_typesupport_c__pyext.dir/rosidl_generator_py/my_robot_interface/_my_robot_interface_s.ep.rosidl_typesupport_c.c.o[0m
[ 94%] [32m[1mLinking C shared library rosidl_generator_py/my_robot_interface/my_robot_interface_s__rosidl_typesupport_introspection_c.cpython-310-x86_64-linux-gnu.so[0m
[ 94%] Built target my_robot_interface__rosidl_typesupport_introspection_c__pyext
[ 97%] [32m[1mLinking C shared library rosidl_generator_py/my_robot_interface/my_robot_interface_s__rosidl_typesupport_c.cpython-310-x86_64-linux-gnu.so[0m
[100%] [32m[1mLinking C shared library rosidl_generator_py/my_robot_interface/my_robot_interface_s__rosidl_typesupport_fastrtps_c.cpython-310-x86_64-linux-gnu.so[0m
[100%] Built target my_robot_interface__rosidl_typesupport_c__pyext
[100%] Built target my_robot_interface__rosidl_typesupport_fastrtps_c__pyext
-- Install configuration: ""
-- Installing: /home/saeesh/ros2_ws/install/my_robot_interface/share/ament_index/resource_index/rosidl_interfaces/my_robot_interface
-- Installing: /home/saeesh/ros2_ws/install/my_robot_interface/include/my_robot_interface/my_robot_interface
-- Installing: /home/saeesh/ros2_ws/install/my_robot_interface/include/my_robot_interface/my_robot_interface/msg
-- Installing: /home/saeesh/ros2_ws/install/my_robot_interface/include/my_robot_interface/my_robot_interface/msg/turtle.h
-- Installing: /home/saeesh/ros2_ws/install/my_robot_interface/include/my_robot_interface/my_robot_interface/msg/rosidl_generator_c__visibility_control.h
-- Installing: /home/saeesh/ros2_ws/install/my_robot_interface/include/my_robot_interface/my_robot_interface/msg/detail
-- Installing: /home/saeesh/ros2_ws/install/my_robot_interface/include/my_robot_interface/my_robot_interface/msg/detail/turtle_array__functions.c
-- Installing: /home/saeesh/ros2_ws/install/my_robot_interface/include/my_robot_interface/my_robot_interface/msg/detail/turtle_array__type_support.h
-- Installing: /home/saeesh/ros2_ws/install/my_robot_interface/include/my_robot_interface/my_robot_interface/msg/detail/turtle__functions.h
-- Installing: /home/saeesh/ros2_ws/install/my_robot_interface/include/my_robot_interface/my_robot_interface/msg/detail/turtle__struct.h
-- Installing: /home/saeesh/ros2_ws/install/my_robot_interface/include/my_robot_interface/my_robot_interface/msg/detail/turtle_array__struct.h
-- Installing: /home/saeesh/ros2_ws/install/my_robot_interface/include/my_robot_interface/my_robot_interface/msg/detail/turtle__type_support.h
-- Installing: /home/saeesh/ros2_ws/install/my_robot_interface/include/my_robot_interface/my_robot_interface/msg/detail/turtle_array__functions.h
-- Installing: /home/saeesh/ros2_ws/install/my_robot_interface/include/my_robot_interface/my_robot_interface/msg/detail/turtle__functions.c
-- Installing: /home/saeesh/ros2_ws/install/my_robot_interface/include/my_robot_interface/my_robot_interface/msg/turtle_array.h
-- Installing: /home/saeesh/ros2_ws/install/my_robot_interface/share/my_robot_interface/environment/library_path.sh
-- Installing: /home/saeesh/ros2_ws/install/my_robot_interface/share/my_robot_interface/environment/library_path.dsv
-- Installing: /home/saeesh/ros2_ws/install/my_robot_interface/lib/libmy_robot_interface__rosidl_generator_c.so
-- Set runtime path of "/home/saeesh/ros2_ws/install/my_robot_interface/lib/libmy_robot_interface__rosidl_generator_c.so" to ""
-- Up-to-date: /home/saeesh/ros2_ws/install/my_robot_interface/include/my_robot_interface/my_robot_interface
-- Up-to-date: /home/saeesh/ros2_ws/install/my_robot_interface/include/my_robot_interface/my_robot_interface/msg
-- Installing: /home/saeesh/ros2_ws/install/my_robot_interface/include/my_robot_interface/my_robot_interface/msg/rosidl_typesupport_fastrtps_c__visibility_control.h
-- Up-to-date: /home/saeesh/ros2_ws/install/my_robot_interface/include/my_robot_interface/my_robot_interface/msg/detail
-- Installing: /home/saeesh/ros2_ws/install/my_robot_interface/include/my_robot_interface/my_robot_interface/msg/detail/turtle__rosidl_typesupport_fastrtps_c.h
-- Installing: /home/saeesh/ros2_ws/install/my_robot_interface/include/my_robot_interface/my_robot_interface/msg/detail/turtle_array__rosidl_typesupport_fastrtps_c.h
-- Installing: /home/saeesh/ros2_ws/install/my_robot_interface/lib/libmy_robot_interface__rosidl_typesupport_fastrtps_c.so
-- Set runtime path of "/home/saeesh/ros2_ws/install/my_robot_interface/lib/libmy_robot_interface__rosidl_typesupport_fastrtps_c.so" to ""
-- Up-to-date: /home/saeesh/ros2_ws/install/my_robot_interface/include/my_robot_interface/my_robot_interface
-- Up-to-date: /home/saeesh/ros2_ws/install/my_robot_interface/include/my_robot_interface/my_robot_interface/msg
-- Up-to-date: /home/saeesh/ros2_ws/install/my_robot_interface/include/my_robot_interface/my_robot_interface/msg/detail
-- Installing: /home/saeesh/ros2_ws/install/my_robot_interface/include/my_robot_interface/my_robot_interface/msg/detail/turtle__type_support.c
-- Installing: /home/saeesh/ros2_ws/install/my_robot_interface/include/my_robot_interface/my_robot_interface/msg/detail/turtle__rosidl_typesupport_introspection_c.h
-- Installing: /home/saeesh/ros2_ws/install/my_robot_interface/include/my_robot_interface/my_robot_interface/msg/detail/turtle_array__rosidl_typesupport_introspection_c.h
-- Installing: /home/saeesh/ros2_ws/install/my_robot_interface/include/my_robot_interface/my_robot_interface/msg/detail/turtle_array__type_support.c
-- Installing: /home/saeesh/ros2_ws/install/my_robot_interface/include/my_robot_interface/my_robot_interface/msg/rosidl_typesupport_introspection_c__visibility_control.h
-- Installing: /home/saeesh/ros2_ws/install/my_robot_interface/lib/libmy_robot_interface__rosidl_typesupport_introspection_c.so
-- Set runtime path of "/home/saeesh/ros2_ws/install/my_robot_interface/lib/libmy_robot_interface__rosidl_typesupport_introspection_c.so" to ""
-- Installing: /home/saeesh/ros2_ws/install/my_robot_interface/lib/libmy_robot_interface__rosidl_typesupport_c.so
-- Set runtime path of "/home/saeesh/ros2_ws/install/my_robot_interface/lib/libmy_robot_interface__rosidl_typesupport_c.so" to ""
-- Up-to-date: /home/saeesh/ros2_ws/install/my_robot_interface/include/my_robot_interface/my_robot_interface
-- Up-to-date: /home/saeesh/ros2_ws/install/my_robot_interface/include/my_robot_interface/my_robot_interface/msg
-- Up-to-date: /home/saeesh/ros2_ws/install/my_robot_interface/include/my_robot_interface/my_robot_interface/msg/detail
-- Installing: /home/saeesh/ros2_ws/install/my_robot_interface/include/my_robot_interface/my_robot_interface/msg/detail/turtle__traits.hpp
-- Installing: /home/saeesh/ros2_ws/install/my_robot_interface/include/my_robot_interface/my_robot_interface/msg/detail/turtle__builder.hpp
-- Installing: /home/saeesh/ros2_ws/install/my_robot_interface/include/my_robot_interface/my_robot_interface/msg/detail/turtle_array__builder.hpp
-- Installing: /home/saeesh/ros2_ws/install/my_robot_interface/include/my_robot_interface/my_robot_interface/msg/detail/turtle__struct.hpp
-- Installing: /home/saeesh/ros2_ws/install/my_robot_interface/include/my_robot_interface/my_robot_interface/msg/detail/turtle_array__traits.hpp
-- Installing: /home/saeesh/ros2_ws/install/my_robot_interface/include/my_robot_interface/my_robot_interface/msg/detail/turtle_array__struct.hpp
-- Installing: /home/saeesh/ros2_ws/install/my_robot_interface/include/my_robot_interface/my_robot_interface/msg/turtle.hpp
-- Installing: /home/saeesh/ros2_ws/install/my_robot_interface/include/my_robot_interface/my_robot_interface/msg/turtle_array.hpp
-- Up-to-date: /home/saeesh/ros2_ws/install/my_robot_interface/include/my_robot_interface/my_robot_interface
-- Up-to-date: /home/saeesh/ros2_ws/install/my_robot_interface/include/my_robot_interface/my_robot_interface/msg
-- Up-to-date: /home/saeesh/ros2_ws/install/my_robot_interface/include/my_robot_interface/my_robot_interface/msg/detail
-- Installing: /home/saeesh/ros2_ws/install/my_robot_interface/include/my_robot_interface/my_robot_interface/msg/detail/turtle__rosidl_typesupport_fastrtps_cpp.hpp
-- Installing: /home/saeesh/ros2_ws/install/my_robot_interface/include/my_robot_interface/my_robot_interface/msg/detail/turtle_array__rosidl_typesupport_fastrtps_cpp.hpp
-- Installing: /home/saeesh/ros2_ws/install/my_robot_interface/include/my_robot_interface/my_robot_interface/msg/detail/dds_fastrtps
-- Installing: /home/saeesh/ros2_ws/install/my_robot_interface/include/my_robot_interface/my_robot_interface/msg/rosidl_typesupport_fastrtps_cpp__visibility_control.h
-- Installing: /home/saeesh/ros2_ws/install/my_robot_interface/lib/libmy_robot_interface__rosidl_typesupport_fastrtps_cpp.so
-- Set runtime path of "/home/saeesh/ros2_ws/install/my_robot_interface/lib/libmy_robot_interface__rosidl_typesupport_fastrtps_cpp.so" to ""
-- Up-to-date: /home/saeesh/ros2_ws/install/my_robot_interface/include/my_robot_interface/my_robot_interface
-- Up-to-date: /home/saeesh/ros2_ws/install/my_robot_interface/include/my_robot_interface/my_robot_interface/msg
-- Up-to-date: /home/saeesh/ros2_ws/install/my_robot_interface/include/my_robot_interface/my_robot_interface/msg/detail
-- Installing: /home/saeesh/ros2_ws/install/my_robot_interface/include/my_robot_interface/my_robot_interface/msg/detail/turtle_array__type_support.cpp
-- Installing: /home/saeesh/ros2_ws/install/my_robot_interface/include/my_robot_interface/my_robot_interface/msg/detail/turtle__type_support.cpp
-- Installing: /home/saeesh/ros2_ws/install/my_robot_interface/include/my_robot_interface/my_robot_interface/msg/detail/turtle_array__rosidl_typesupport_introspection_cpp.hpp
-- Installing: /home/saeesh/ros2_ws/install/my_robot_interface/include/my_robot_interface/my_robot_interface/msg/detail/turtle__rosidl_typesupport_introspection_cpp.hpp
-- Installing: /home/saeesh/ros2_ws/install/my_robot_interface/lib/libmy_robot_interface__rosidl_typesupport_introspection_cpp.so
-- Set runtime path of "/home/saeesh/ros2_ws/install/my_robot_interface/lib/libmy_robot_interface__rosidl_typesupport_introspection_cpp.so" to ""
-- Installing: /home/saeesh/ros2_ws/install/my_robot_interface/lib/libmy_robot_interface__rosidl_typesupport_cpp.so
-- Set runtime path of "/home/saeesh/ros2_ws/install/my_robot_interface/lib/libmy_robot_interface__rosidl_typesupport_cpp.so" to ""
-- Installing: /home/saeesh/ros2_ws/install/my_robot_interface/share/my_robot_interface/environment/pythonpath.sh
-- Installing: /home/saeesh/ros2_ws/install/my_robot_interface/share/my_robot_interface/environment/pythonpath.dsv
-- Installing: /home/saeesh/ros2_ws/install/my_robot_interface/local/lib/python3.10/dist-packages/my_robot_interface-0.0.0-py3.10.egg-info
-- Installing: /home/saeesh/ros2_ws/install/my_robot_interface/local/lib/python3.10/dist-packages/my_robot_interface-0.0.0-py3.10.egg-info/SOURCES.txt
-- Installing: /home/saeesh/ros2_ws/install/my_robot_interface/local/lib/python3.10/dist-packages/my_robot_interface-0.0.0-py3.10.egg-info/PKG-INFO
-- Installing: /home/saeesh/ros2_ws/install/my_robot_interface/local/lib/python3.10/dist-packages/my_robot_interface-0.0.0-py3.10.egg-info/dependency_links.txt
-- Installing: /home/saeesh/ros2_ws/install/my_robot_interface/local/lib/python3.10/dist-packages/my_robot_interface-0.0.0-py3.10.egg-info/top_level.txt
-- Installing: /home/saeesh/ros2_ws/install/my_robot_interface/local/lib/python3.10/dist-packages/my_robot_interface
-- Installing: /home/saeesh/ros2_ws/install/my_robot_interface/local/lib/python3.10/dist-packages/my_robot_interface/my_robot_interface_s__rosidl_typesupport_introspection_c.cpython-310-x86_64-linux-gnu.so
-- Installing: /home/saeesh/ros2_ws/install/my_robot_interface/local/lib/python3.10/dist-packages/my_robot_interface/msg
-- Installing: /home/saeesh/ros2_ws/install/my_robot_interface/local/lib/python3.10/dist-packages/my_robot_interface/msg/_turtle_array.py
-- Installing: /home/saeesh/ros2_ws/install/my_robot_interface/local/lib/python3.10/dist-packages/my_robot_interface/msg/_turtle_array_s.c
-- Installing: /home/saeesh/ros2_ws/install/my_robot_interface/local/lib/python3.10/dist-packages/my_robot_interface/msg/_turtle.py
-- Installing: /home/saeesh/ros2_ws/install/my_robot_interface/local/lib/python3.10/dist-packages/my_robot_interface/msg/__init__.py
-- Installing: /home/saeesh/ros2_ws/install/my_robot_interface/local/lib/python3.10/dist-packages/my_robot_interface/msg/_turtle_s.c
-- Installing: /home/saeesh/ros2_ws/install/my_robot_interface/local/lib/python3.10/dist-packages/my_robot_interface/_my_robot_interface_s.ep.rosidl_typesupport_fastrtps_c.c
-- Installing: /home/saeesh/ros2_ws/install/my_robot_interface/local/lib/python3.10/dist-packages/my_robot_interface/_my_robot_interface_s.ep.rosidl_typesupport_c.c
-- Installing: /home/saeesh/ros2_ws/install/my_robot_interface/local/lib/python3.10/dist-packages/my_robot_interface/libmy_robot_interface__rosidl_generator_py.so
-- Installing: /home/saeesh/ros2_ws/install/my_robot_interface/local/lib/python3.10/dist-packages/my_robot_interface/my_robot_interface_s__rosidl_typesupport_c.cpython-310-x86_64-linux-gnu.so
-- Installing: /home/saeesh/ros2_ws/install/my_robot_interface/local/lib/python3.10/dist-packages/my_robot_interface/_my_robot_interface_s.ep.rosidl_typesupport_introspection_c.c
-- Installing: /home/saeesh/ros2_ws/install/my_robot_interface/local/lib/python3.10/dist-packages/my_robot_interface/my_robot_interface_s__rosidl_typesupport_fastrtps_c.cpython-310-x86_64-linux-gnu.so
-- Installing: /home/saeesh/ros2_ws/install/my_robot_interface/local/lib/python3.10/dist-packages/my_robot_interface/__init__.py
Listing '/home/saeesh/ros2_ws/install/my_robot_interface/local/lib/python3.10/dist-packages/my_robot_interface'...
Compiling '/home/saeesh/ros2_ws/install/my_robot_interface/local/lib/python3.10/dist-packages/my_robot_interface/__init__.py'...
Listing '/home/saeesh/ros2_ws/install/my_robot_interface/local/lib/python3.10/dist-packages/my_robot_interface/msg'...
Compiling '/home/saeesh/ros2_ws/install/my_robot_interface/local/lib/python3.10/dist-packages/my_robot_interface/msg/__init__.py'...
Compiling '/home/saeesh/ros2_ws/install/my_robot_interface/local/lib/python3.10/dist-packages/my_robot_interface/msg/_turtle.py'...
Compiling '/home/saeesh/ros2_ws/install/my_robot_interface/local/lib/python3.10/dist-packages/my_robot_interface/msg/_turtle_array.py'...
-- Installing: /home/saeesh/ros2_ws/install/my_robot_interface/local/lib/python3.10/dist-packages/my_robot_interface/my_robot_interface_s__rosidl_typesupport_fastrtps_c.cpython-310-x86_64-linux-gnu.so
-- Set runtime path of "/home/saeesh/ros2_ws/install/my_robot_interface/local/lib/python3.10/dist-packages/my_robot_interface/my_robot_interface_s__rosidl_typesupport_fastrtps_c.cpython-310-x86_64-linux-gnu.so" to ""
-- Installing: /home/saeesh/ros2_ws/install/my_robot_interface/local/lib/python3.10/dist-packages/my_robot_interface/my_robot_interface_s__rosidl_typesupport_introspection_c.cpython-310-x86_64-linux-gnu.so
-- Set runtime path of "/home/saeesh/ros2_ws/install/my_robot_interface/local/lib/python3.10/dist-packages/my_robot_interface/my_robot_interface_s__rosidl_typesupport_introspection_c.cpython-310-x86_64-linux-gnu.so" to ""
-- Installing: /home/saeesh/ros2_ws/install/my_robot_interface/local/lib/python3.10/dist-packages/my_robot_interface/my_robot_interface_s__rosidl_typesupport_c.cpython-310-x86_64-linux-gnu.so
-- Set runtime path of "/home/saeesh/ros2_ws/install/my_robot_interface/local/lib/python3.10/dist-packages/my_robot_interface/my_robot_interface_s__rosidl_typesupport_c.cpython-310-x86_64-linux-gnu.so" to ""
-- Installing: /home/saeesh/ros2_ws/install/my_robot_interface/lib/libmy_robot_interface__rosidl_generator_py.so
-- Set runtime path of "/home/saeesh/ros2_ws/install/my_robot_interface/lib/libmy_robot_interface__rosidl_generator_py.so" to ""
-- Installing: /home/saeesh/ros2_ws/install/my_robot_interface/share/my_robot_interface/msg/Turtle.idl
-- Installing: /home/saeesh/ros2_ws/install/my_robot_interface/share/my_robot_interface/msg/TurtleArray.idl
-- Installing: /home/saeesh/ros2_ws/install/my_robot_interface/share/my_robot_interface/msg/Turtle.msg
-- Installing: /home/saeesh/ros2_ws/install/my_robot_interface/share/my_robot_interface/msg/TurtleArray.msg
-- Up-to-date: /home/saeesh/ros2_ws/install/my_robot_interface/share/ament_index/resource_index/package_run_dependencies/my_robot_interface
-- Installing: /home/saeesh/ros2_ws/install/my_robot_interface/share/ament_index/resource_index/parent_prefix_path/my_robot_interface
-- Up-to-date: /home/saeesh/ros2_ws/install/my_robot_interface/share/my_robot_interface/environment/ament_prefix_path.sh
-- Installing: /home/saeesh/ros2_ws/install/my_robot_interface/share/my_robot_interface/environment/ament_prefix_path.dsv
-- Up-to-date: /home/saeesh/ros2_ws/install/my_robot_interface/share/my_robot_interface/environment/path.sh
-- Installing: /home/saeesh/ros2_ws/install/my_robot_interface/share/my_robot_interface/environment/path.dsv
-- Up-to-date: /home/saeesh/ros2_ws/install/my_robot_interface/share/my_robot_interface/local_setup.bash
-- Installing: /home/saeesh/ros2_ws/install/my_robot_interface/share/my_robot_interface/local_setup.sh
-- Up-to-date: /home/saeesh/ros2_ws/install/my_robot_interface/share/my_robot_interface/local_setup.zsh
-- Installing: /home/saeesh/ros2_ws/install/my_robot_interface/share/my_robot_interface/local_setup.dsv
-- Installing: /home/saeesh/ros2_ws/install/my_robot_interface/share/my_robot_interface/package.dsv
-- Up-to-date: /home/saeesh/ros2_ws/install/my_robot_interface/share/ament_index/resource_index/packages/my_robot_interface
-- Installing: /home/saeesh/ros2_ws/install/my_robot_interface/share/my_robot_interface/cmake/export_my_robot_interface__rosidl_generator_cExport.cmake
-- Installing: /home/saeesh/ros2_ws/install/my_robot_interface/share/my_robot_interface/cmake/export_my_robot_interface__rosidl_generator_cExport-noconfig.cmake
-- Installing: /home/saeesh/ros2_ws/install/my_robot_interface/share/my_robot_interface/cmake/export_my_robot_interface__rosidl_typesupport_fastrtps_cExport.cmake
-- Installing: /home/saeesh/ros2_ws/install/my_robot_interface/share/my_robot_interface/cmake/export_my_robot_interface__rosidl_typesupport_fastrtps_cExport-noconfig.cmake
-- Installing: /home/saeesh/ros2_ws/install/my_robot_interface/share/my_robot_interface/cmake/my_robot_interface__rosidl_typesupport_introspection_cExport.cmake
-- Installing: /home/saeesh/ros2_ws/install/my_robot_interface/share/my_robot_interface/cmake/my_robot_interface__rosidl_typesupport_introspection_cExport-noconfig.cmake
-- Installing: /home/saeesh/ros2_ws/install/my_robot_interface/share/my_robot_interface/cmake/my_robot_interface__rosidl_typesupport_cExport.cmake
-- Installing: /home/saeesh/ros2_ws/install/my_robot_interface/share/my_robot_interface/cmake/my_robot_interface__rosidl_typesupport_cExport-noconfig.cmake
-- Installing: /home/saeesh/ros2_ws/install/my_robot_interface/share/my_robot_interface/cmake/export_my_robot_interface__rosidl_generator_cppExport.cmake
-- Installing: /home/saeesh/ros2_ws/install/my_robot_interface/share/my_robot_interface/cmake/export_my_robot_interface__rosidl_typesupport_fastrtps_cppExport.cmake
-- Installing: /home/saeesh/ros2_ws/install/my_robot_interface/share/my_robot_interface/cmake/export_my_robot_interface__rosidl_typesupport_fastrtps_cppExport-noconfig.cmake
-- Installing: /home/saeesh/ros2_ws/install/my_robot_interface/share/my_robot_interface/cmake/my_robot_interface__rosidl_typesupport_introspection_cppExport.cmake
-- Installing: /home/saeesh/ros2_ws/install/my_robot_interface/share/my_robot_interface/cmake/my_robot_interface__rosidl_typesupport_introspection_cppExport-noconfig.cmake
-- Installing: /home/saeesh/ros2_ws/install/my_robot_interface/share/my_robot_interface/cmake/my_robot_interface__rosidl_typesupport_cppExport.cmake
-- Installing: /home/saeesh/ros2_ws/install/my_robot_interface/share/my_robot_interface/cmake/my_robot_interface__rosidl_typesupport_cppExport-noconfig.cmake
-- Installing: /home/saeesh/ros2_ws/install/my_robot_interface/share/my_robot_interface/cmake/export_my_robot_interface__rosidl_generator_pyExport.cmake
-- Installing: /home/saeesh/ros2_ws/install/my_robot_interface/share/my_robot_interface/cmake/export_my_robot_interface__rosidl_generator_pyExport-noconfig.cmake
-- Installing: /home/saeesh/ros2_ws/install/my_robot_interface/share/my_robot_interface/cmake/rosidl_cmake-extras.cmake
-- Installing: /home/saeesh/ros2_ws/install/my_robot_interface/share/my_robot_interface/cmake/ament_cmake_export_include_directories-extras.cmake
-- Installing: /home/saeesh/ros2_ws/install/my_robot_interface/share/my_robot_interface/cmake/ament_cmake_export_libraries-extras.cmake
-- Installing: /home/saeesh/ros2_ws/install/my_robot_interface/share/my_robot_interface/cmake/ament_cmake_export_targets-extras.cmake
-- Installing: /home/saeesh/ros2_ws/install/my_robot_interface/share/my_robot_interface/cmake/rosidl_cmake_export_typesupport_targets-extras.cmake
-- Installing: /home/saeesh/ros2_ws/install/my_robot_interface/share/my_robot_interface/cmake/ament_cmake_export_dependencies-extras.cmake
-- Installing: /home/saeesh/ros2_ws/install/my_robot_interface/share/my_robot_interface/cmake/rosidl_cmake_export_typesupport_libraries-extras.cmake
-- Installing: /home/saeesh/ros2_ws/install/my_robot_interface/share/my_robot_interface/cmake/my_robot_interfaceConfig.cmake
-- Up-to-date: /home/saeesh/ros2_ws/install/my_robot_interface/share/my_robot_interface/cmake/my_robot_interfaceConfig-version.cmake
-- Up-to-date: /home/saeesh/ros2_ws/install/my_robot_interface/share/my_robot_interface/package.xml
