[0.196s] Invoking command in '/home/saeesh/ros2_ws/build/my_robot_bringup': CMAKE_PREFIX_PATH=${CMAKE_PREFIX_PATH}:/home/saeesh/ros2_ws/install/my_py_pkg:/opt/ros/humble /usr/bin/cmake /home/saeesh/ros2_ws/src/my_robot_bringup -DAMENT_CMAKE_SYMLINK_INSTALL=1 -DCMAKE_INSTALL_PREFIX=/home/saeesh/ros2_ws/install/my_robot_bringup
[1.749s] -- The C compiler identification is GNU 11.4.0
[3.161s] -- The CXX compiler identification is GNU 11.4.0
[3.176s] -- Detecting C compiler ABI info
[3.688s] -- Detecting C compiler ABI info - done
[3.703s] -- Check for working C compiler: /usr/bin/cc - skipped
[3.703s] -- Detecting C compile features
[3.730s] -- Detecting C compile features - done
[3.737s] -- Detecting CXX compiler ABI info
[3.955s] -- Detecting CXX compiler ABI info - done
[3.970s] -- Check for working CXX compiler: /usr/bin/c++ - skipped
[3.971s] -- Detecting CXX compile features
[3.972s] -- Detecting CXX compile features - done
[3.987s] -- Found ament_cmake: 1.3.6 (/opt/ros/humble/share/ament_cmake/cmake)
[4.369s] -- Found Python3: /usr/bin/python3.10 (found version "3.10.12") found components: Interpreter 
[4.492s] -- Override CMake install command with custom implementation using symlinks instead of copying resources
[4.592s] -- Found ament_lint_auto: 0.12.9 (/opt/ros/humble/share/ament_lint_auto/cmake)
[4.813s] -- Added test 'flake8' to check Python code syntax and style conventions
[4.827s] -- Added test 'lint_cmake' to check CMake code style
[4.834s] -- Added test 'pep257' to check Python code against some of the docstring style conventions in PEP 257
[4.836s] -- Added test 'xmllint' to check XML markup files
[4.840s] -- Configuring done
[4.847s] -- Generating done
[4.849s] -- Build files have been written to: /home/saeesh/ros2_ws/build/my_robot_bringup
[4.860s] Invoked command in '/home/saeesh/ros2_ws/build/my_robot_bringup' returned '0': CMAKE_PREFIX_PATH=${CMAKE_PREFIX_PATH}:/home/saeesh/ros2_ws/install/my_py_pkg:/opt/ros/humble /usr/bin/cmake /home/saeesh/ros2_ws/src/my_robot_bringup -DAMENT_CMAKE_SYMLINK_INSTALL=1 -DCMAKE_INSTALL_PREFIX=/home/saeesh/ros2_ws/install/my_robot_bringup
[4.864s] Invoking command in '/home/saeesh/ros2_ws/build/my_robot_bringup': CMAKE_PREFIX_PATH=${CMAKE_PREFIX_PATH}:/home/saeesh/ros2_ws/install/my_py_pkg:/opt/ros/humble /usr/bin/cmake --build /home/saeesh/ros2_ws/build/my_robot_bringup -- -j4 -l4
[4.957s] Invoked command in '/home/saeesh/ros2_ws/build/my_robot_bringup' returned '0': CMAKE_PREFIX_PATH=${CMAKE_PREFIX_PATH}:/home/saeesh/ros2_ws/install/my_py_pkg:/opt/ros/humble /usr/bin/cmake --build /home/saeesh/ros2_ws/build/my_robot_bringup -- -j4 -l4
[5.033s] Invoking command in '/home/saeesh/ros2_ws/build/my_robot_bringup': CMAKE_PREFIX_PATH=${CMAKE_PREFIX_PATH}:/home/saeesh/ros2_ws/install/my_py_pkg:/opt/ros/humble /usr/bin/cmake --install /home/saeesh/ros2_ws/build/my_robot_bringup
[5.047s] -- Install configuration: ""
[5.048s] -- Execute custom install script
[5.049s] -- Symlinking: /home/saeesh/ros2_ws/install/my_robot_bringup/share/ament_index/resource_index/package_run_dependencies/my_robot_bringup
[5.073s] -- Symlinking: /home/saeesh/ros2_ws/install/my_robot_bringup/share/ament_index/resource_index/parent_prefix_path/my_robot_bringup
[5.096s] -- Symlinking: /home/saeesh/ros2_ws/install/my_robot_bringup/share/my_robot_bringup/environment/ament_prefix_path.sh
[5.117s] -- Symlinking: /home/saeesh/ros2_ws/install/my_robot_bringup/share/my_robot_bringup/environment/ament_prefix_path.dsv
[5.138s] -- Symlinking: /home/saeesh/ros2_ws/install/my_robot_bringup/share/my_robot_bringup/environment/path.sh
[5.158s] -- Symlinking: /home/saeesh/ros2_ws/install/my_robot_bringup/share/my_robot_bringup/environment/path.dsv
[5.183s] -- Symlinking: /home/saeesh/ros2_ws/install/my_robot_bringup/share/my_robot_bringup/local_setup.bash
[5.204s] -- Symlinking: /home/saeesh/ros2_ws/install/my_robot_bringup/share/my_robot_bringup/local_setup.sh
[5.223s] -- Symlinking: /home/saeesh/ros2_ws/install/my_robot_bringup/share/my_robot_bringup/local_setup.zsh
[5.243s] -- Symlinking: /home/saeesh/ros2_ws/install/my_robot_bringup/share/my_robot_bringup/local_setup.dsv
[5.264s] -- Symlinking: /home/saeesh/ros2_ws/install/my_robot_bringup/share/my_robot_bringup/package.dsv
[5.283s] -- Symlinking: /home/saeesh/ros2_ws/install/my_robot_bringup/share/ament_index/resource_index/packages/my_robot_bringup
[5.304s] -- Symlinking: /home/saeesh/ros2_ws/install/my_robot_bringup/share/my_robot_bringup/cmake/my_robot_bringupConfig.cmake
[5.323s] -- Symlinking: /home/saeesh/ros2_ws/install/my_robot_bringup/share/my_robot_bringup/cmake/my_robot_bringupConfig-version.cmake
[5.344s] -- Symlinking: /home/saeesh/ros2_ws/install/my_robot_bringup/share/my_robot_bringup/package.xml
[5.367s] Invoked command in '/home/saeesh/ros2_ws/build/my_robot_bringup' returned '0': CMAKE_PREFIX_PATH=${CMAKE_PREFIX_PATH}:/home/saeesh/ros2_ws/install/my_py_pkg:/opt/ros/humble /usr/bin/cmake --install /home/saeesh/ros2_ws/build/my_robot_bringup
