[1.088s] Invoking command in '/home/saeesh/ros2_ws/build/my_robot_interface': CMAKE_PREFIX_PATH=${CMAKE_PREFIX_PATH}:/home/saeesh/ros2_ws/install/turtlsim_catch_them_all:/home/saeesh/ros2_ws/install/turtlesim_catch_them_all:/home/saeesh/ros2_ws/install/my_py_pkg:/opt/ros/humble /usr/bin/cmake --build /home/saeesh/ros2_ws/build/my_robot_interface -- -j4 -l4
[1.546s] [  2%] Built target my_robot_interface__cpp
[1.587s] [ 12%] Built target my_robot_interface__rosidl_generator_c
[1.707s] [ 23%] Built target my_robot_interface__rosidl_typesupport_introspection_cpp
[1.711s] [ 42%] Built target my_robot_interface__rosidl_typesupport_fastrtps_cpp
[1.711s] [ 44%] Built target my_robot_interface__rosidl_typesupport_cpp
[1.749s] [ 44%] Built target ament_cmake_python_copy_my_robot_interface
[1.790s] [ 55%] Built target my_robot_interface__rosidl_typesupport_c
[1.794s] [ 65%] Built target my_robot_interface__rosidl_typesupport_introspection_c
[1.872s] [ 76%] Built target my_robot_interface__rosidl_typesupport_fastrtps_c
[2.001s] [ 76%] Built target my_robot_interface
[2.157s] [ 78%] Built target my_robot_interface__py
[2.291s] [ 87%] Built target my_robot_interface__rosidl_generator_py
[2.378s] [ 91%] Built target my_robot_interface__rosidl_typesupport_fastrtps_c__pyext
[2.415s] [ 95%] Built target my_robot_interface__rosidl_typesupport_c__pyext
[2.423s] [100%] Built target my_robot_interface__rosidl_typesupport_introspection_c__pyext
[2.453s] running egg_info
[2.454s] writing my_robot_interface.egg-info/PKG-INFO
[2.455s] writing dependency_links to my_robot_interface.egg-info/dependency_links.txt
[2.455s] writing top-level names to my_robot_interface.egg-info/top_level.txt
[2.463s] reading manifest file 'my_robot_interface.egg-info/SOURCES.txt'
[2.465s] writing manifest file 'my_robot_interface.egg-info/SOURCES.txt'
[2.533s] [100%] Built target ament_cmake_python_build_my_robot_interface_egg
[2.557s] Invoked command in '/home/saeesh/ros2_ws/build/my_robot_interface' returned '0': CMAKE_PREFIX_PATH=${CMAKE_PREFIX_PATH}:/home/saeesh/ros2_ws/install/turtlsim_catch_them_all:/home/saeesh/ros2_ws/install/turtlesim_catch_them_all:/home/saeesh/ros2_ws/install/my_py_pkg:/opt/ros/humble /usr/bin/cmake --build /home/saeesh/ros2_ws/build/my_robot_interface -- -j4 -l4
[2.727s] Invoking command in '/home/saeesh/ros2_ws/build/my_robot_interface': CMAKE_PREFIX_PATH=${CMAKE_PREFIX_PATH}:/home/saeesh/ros2_ws/install/turtlsim_catch_them_all:/home/saeesh/ros2_ws/install/turtlesim_catch_them_all:/home/saeesh/ros2_ws/install/my_py_pkg:/opt/ros/humble /usr/bin/cmake --install /home/saeesh/ros2_ws/build/my_robot_interface
[2.740s] -- Install configuration: ""
[2.740s] -- Up-to-date: /home/saeesh/ros2_ws/install/my_robot_interface/share/ament_index/resource_index/rosidl_interfaces/my_robot_interface
[2.741s] -- Up-to-date: /home/saeesh/ros2_ws/install/my_robot_interface/include/my_robot_interface/my_robot_interface
[2.741s] -- Up-to-date: /home/saeesh/ros2_ws/install/my_robot_interface/include/my_robot_interface/my_robot_interface/srv
[2.741s] -- Up-to-date: /home/saeesh/ros2_ws/install/my_robot_interface/include/my_robot_interface/my_robot_interface/srv/detail
[2.742s] -- Up-to-date: /home/saeesh/ros2_ws/install/my_robot_interface/include/my_robot_interface/my_robot_interface/srv/detail/catchturtle__struct.h
[2.742s] -- Up-to-date: /home/saeesh/ros2_ws/install/my_robot_interface/include/my_robot_interface/my_robot_interface/srv/detail/catchturtle__functions.h
[2.742s] -- Up-to-date: /home/saeesh/ros2_ws/install/my_robot_interface/include/my_robot_interface/my_robot_interface/srv/detail/catchturtle__type_support.h
[2.743s] -- Up-to-date: /home/saeesh/ros2_ws/install/my_robot_interface/include/my_robot_interface/my_robot_interface/srv/detail/catchturtle__functions.c
[2.743s] -- Up-to-date: /home/saeesh/ros2_ws/install/my_robot_interface/include/my_robot_interface/my_robot_interface/srv/catchturtle.h
[2.744s] -- Up-to-date: /home/saeesh/ros2_ws/install/my_robot_interface/include/my_robot_interface/my_robot_interface/msg
[2.744s] -- Up-to-date: /home/saeesh/ros2_ws/install/my_robot_interface/include/my_robot_interface/my_robot_interface/msg/turtle.h
[2.745s] -- Up-to-date: /home/saeesh/ros2_ws/install/my_robot_interface/include/my_robot_interface/my_robot_interface/msg/rosidl_generator_c__visibility_control.h
[2.745s] -- Up-to-date: /home/saeesh/ros2_ws/install/my_robot_interface/include/my_robot_interface/my_robot_interface/msg/detail
[2.745s] -- Up-to-date: /home/saeesh/ros2_ws/install/my_robot_interface/include/my_robot_interface/my_robot_interface/msg/detail/turtle_array__functions.c
[2.745s] -- Up-to-date: /home/saeesh/ros2_ws/install/my_robot_interface/include/my_robot_interface/my_robot_interface/msg/detail/turtle_array__type_support.h
[2.745s] -- Up-to-date: /home/saeesh/ros2_ws/install/my_robot_interface/include/my_robot_interface/my_robot_interface/msg/detail/turtle__functions.h
[2.745s] -- Up-to-date: /home/saeesh/ros2_ws/install/my_robot_interface/include/my_robot_interface/my_robot_interface/msg/detail/turtle__struct.h
[2.745s] -- Up-to-date: /home/saeesh/ros2_ws/install/my_robot_interface/include/my_robot_interface/my_robot_interface/msg/detail/turtle_array__struct.h
[2.746s] -- Up-to-date: /home/saeesh/ros2_ws/install/my_robot_interface/include/my_robot_interface/my_robot_interface/msg/detail/turtle__type_support.h
[2.746s] -- Up-to-date: /home/saeesh/ros2_ws/install/my_robot_interface/include/my_robot_interface/my_robot_interface/msg/detail/turtle_array__functions.h
[2.746s] -- Up-to-date: /home/saeesh/ros2_ws/install/my_robot_interface/include/my_robot_interface/my_robot_interface/msg/detail/turtle__functions.c
[2.746s] -- Up-to-date: /home/saeesh/ros2_ws/install/my_robot_interface/include/my_robot_interface/my_robot_interface/msg/turtle_array.h
[2.746s] -- Up-to-date: /home/saeesh/ros2_ws/install/my_robot_interface/share/my_robot_interface/environment/library_path.sh
[2.746s] -- Up-to-date: /home/saeesh/ros2_ws/install/my_robot_interface/share/my_robot_interface/environment/library_path.dsv
[2.753s] -- Up-to-date: /home/saeesh/ros2_ws/install/my_robot_interface/lib/libmy_robot_interface__rosidl_generator_c.so
[2.753s] -- Up-to-date: /home/saeesh/ros2_ws/install/my_robot_interface/include/my_robot_interface/my_robot_interface
[2.754s] -- Up-to-date: /home/saeesh/ros2_ws/install/my_robot_interface/include/my_robot_interface/my_robot_interface/srv
[2.754s] -- Up-to-date: /home/saeesh/ros2_ws/install/my_robot_interface/include/my_robot_interface/my_robot_interface/srv/detail
[2.754s] -- Up-to-date: /home/saeesh/ros2_ws/install/my_robot_interface/include/my_robot_interface/my_robot_interface/srv/detail/catchturtle__rosidl_typesupport_fastrtps_c.h
[2.754s] -- Up-to-date: /home/saeesh/ros2_ws/install/my_robot_interface/include/my_robot_interface/my_robot_interface/msg
[2.754s] -- Up-to-date: /home/saeesh/ros2_ws/install/my_robot_interface/include/my_robot_interface/my_robot_interface/msg/rosidl_typesupport_fastrtps_c__visibility_control.h
[2.754s] -- Up-to-date: /home/saeesh/ros2_ws/install/my_robot_interface/include/my_robot_interface/my_robot_interface/msg/detail
[2.754s] -- Up-to-date: /home/saeesh/ros2_ws/install/my_robot_interface/include/my_robot_interface/my_robot_interface/msg/detail/turtle__rosidl_typesupport_fastrtps_c.h
[2.754s] -- Up-to-date: /home/saeesh/ros2_ws/install/my_robot_interface/include/my_robot_interface/my_robot_interface/msg/detail/turtle_array__rosidl_typesupport_fastrtps_c.h
[2.755s] -- Up-to-date: /home/saeesh/ros2_ws/install/my_robot_interface/lib/libmy_robot_interface__rosidl_typesupport_fastrtps_c.so
[2.755s] -- Up-to-date: /home/saeesh/ros2_ws/install/my_robot_interface/include/my_robot_interface/my_robot_interface
[2.756s] -- Up-to-date: /home/saeesh/ros2_ws/install/my_robot_interface/include/my_robot_interface/my_robot_interface/srv
[2.756s] -- Up-to-date: /home/saeesh/ros2_ws/install/my_robot_interface/include/my_robot_interface/my_robot_interface/srv/detail
[2.756s] -- Up-to-date: /home/saeesh/ros2_ws/install/my_robot_interface/include/my_robot_interface/my_robot_interface/srv/detail/catchturtle__type_support.c
[2.756s] -- Up-to-date: /home/saeesh/ros2_ws/install/my_robot_interface/include/my_robot_interface/my_robot_interface/srv/detail/catchturtle__rosidl_typesupport_introspection_c.h
[2.756s] -- Up-to-date: /home/saeesh/ros2_ws/install/my_robot_interface/include/my_robot_interface/my_robot_interface/msg
[2.756s] -- Up-to-date: /home/saeesh/ros2_ws/install/my_robot_interface/include/my_robot_interface/my_robot_interface/msg/detail
[2.756s] -- Up-to-date: /home/saeesh/ros2_ws/install/my_robot_interface/include/my_robot_interface/my_robot_interface/msg/detail/turtle__type_support.c
[2.757s] -- Up-to-date: /home/saeesh/ros2_ws/install/my_robot_interface/include/my_robot_interface/my_robot_interface/msg/detail/turtle__rosidl_typesupport_introspection_c.h
[2.757s] -- Up-to-date: /home/saeesh/ros2_ws/install/my_robot_interface/include/my_robot_interface/my_robot_interface/msg/detail/turtle_array__rosidl_typesupport_introspection_c.h
[2.757s] -- Up-to-date: /home/saeesh/ros2_ws/install/my_robot_interface/include/my_robot_interface/my_robot_interface/msg/detail/turtle_array__type_support.c
[2.757s] -- Up-to-date: /home/saeesh/ros2_ws/install/my_robot_interface/include/my_robot_interface/my_robot_interface/msg/rosidl_typesupport_introspection_c__visibility_control.h
[2.757s] -- Up-to-date: /home/saeesh/ros2_ws/install/my_robot_interface/lib/libmy_robot_interface__rosidl_typesupport_introspection_c.so
[2.758s] -- Up-to-date: /home/saeesh/ros2_ws/install/my_robot_interface/lib/libmy_robot_interface__rosidl_typesupport_c.so
[2.759s] -- Up-to-date: /home/saeesh/ros2_ws/install/my_robot_interface/include/my_robot_interface/my_robot_interface
[2.759s] -- Up-to-date: /home/saeesh/ros2_ws/install/my_robot_interface/include/my_robot_interface/my_robot_interface/srv
[2.759s] -- Up-to-date: /home/saeesh/ros2_ws/install/my_robot_interface/include/my_robot_interface/my_robot_interface/srv/detail
[2.759s] -- Up-to-date: /home/saeesh/ros2_ws/install/my_robot_interface/include/my_robot_interface/my_robot_interface/srv/detail/catchturtle__struct.hpp
[2.759s] -- Up-to-date: /home/saeesh/ros2_ws/install/my_robot_interface/include/my_robot_interface/my_robot_interface/srv/detail/catchturtle__traits.hpp
[2.759s] -- Up-to-date: /home/saeesh/ros2_ws/install/my_robot_interface/include/my_robot_interface/my_robot_interface/srv/detail/catchturtle__builder.hpp
[2.760s] -- Up-to-date: /home/saeesh/ros2_ws/install/my_robot_interface/include/my_robot_interface/my_robot_interface/srv/catchturtle.hpp
[2.760s] -- Up-to-date: /home/saeesh/ros2_ws/install/my_robot_interface/include/my_robot_interface/my_robot_interface/msg
[2.760s] -- Up-to-date: /home/saeesh/ros2_ws/install/my_robot_interface/include/my_robot_interface/my_robot_interface/msg/detail
[2.760s] -- Up-to-date: /home/saeesh/ros2_ws/install/my_robot_interface/include/my_robot_interface/my_robot_interface/msg/detail/turtle__traits.hpp
[2.760s] -- Up-to-date: /home/saeesh/ros2_ws/install/my_robot_interface/include/my_robot_interface/my_robot_interface/msg/detail/turtle__builder.hpp
[2.760s] -- Up-to-date: /home/saeesh/ros2_ws/install/my_robot_interface/include/my_robot_interface/my_robot_interface/msg/detail/turtle_array__builder.hpp
[2.761s] -- Up-to-date: /home/saeesh/ros2_ws/install/my_robot_interface/include/my_robot_interface/my_robot_interface/msg/detail/turtle__struct.hpp
[2.761s] -- Up-to-date: /home/saeesh/ros2_ws/install/my_robot_interface/include/my_robot_interface/my_robot_interface/msg/detail/turtle_array__traits.hpp
[2.761s] -- Up-to-date: /home/saeesh/ros2_ws/install/my_robot_interface/include/my_robot_interface/my_robot_interface/msg/detail/turtle_array__struct.hpp
[2.761s] -- Up-to-date: /home/saeesh/ros2_ws/install/my_robot_interface/include/my_robot_interface/my_robot_interface/msg/turtle.hpp
[2.761s] -- Up-to-date: /home/saeesh/ros2_ws/install/my_robot_interface/include/my_robot_interface/my_robot_interface/msg/turtle_array.hpp
[2.761s] -- Up-to-date: /home/saeesh/ros2_ws/install/my_robot_interface/include/my_robot_interface/my_robot_interface
[2.761s] -- Up-to-date: /home/saeesh/ros2_ws/install/my_robot_interface/include/my_robot_interface/my_robot_interface/srv
[2.762s] -- Up-to-date: /home/saeesh/ros2_ws/install/my_robot_interface/include/my_robot_interface/my_robot_interface/srv/detail
[2.762s] -- Up-to-date: /home/saeesh/ros2_ws/install/my_robot_interface/include/my_robot_interface/my_robot_interface/srv/detail/catchturtle__rosidl_typesupport_fastrtps_cpp.hpp
[2.762s] -- Up-to-date: /home/saeesh/ros2_ws/install/my_robot_interface/include/my_robot_interface/my_robot_interface/srv/detail/dds_fastrtps
[2.762s] -- Up-to-date: /home/saeesh/ros2_ws/install/my_robot_interface/include/my_robot_interface/my_robot_interface/msg
[2.762s] -- Up-to-date: /home/saeesh/ros2_ws/install/my_robot_interface/include/my_robot_interface/my_robot_interface/msg/detail
[2.762s] -- Up-to-date: /home/saeesh/ros2_ws/install/my_robot_interface/include/my_robot_interface/my_robot_interface/msg/detail/turtle__rosidl_typesupport_fastrtps_cpp.hpp
[2.762s] -- Up-to-date: /home/saeesh/ros2_ws/install/my_robot_interface/include/my_robot_interface/my_robot_interface/msg/detail/turtle_array__rosidl_typesupport_fastrtps_cpp.hpp
[2.763s] -- Up-to-date: /home/saeesh/ros2_ws/install/my_robot_interface/include/my_robot_interface/my_robot_interface/msg/detail/dds_fastrtps
[2.763s] -- Up-to-date: /home/saeesh/ros2_ws/install/my_robot_interface/include/my_robot_interface/my_robot_interface/msg/rosidl_typesupport_fastrtps_cpp__visibility_control.h
[2.847s] -- Up-to-date: /home/saeesh/ros2_ws/install/my_robot_interface/lib/libmy_robot_interface__rosidl_typesupport_fastrtps_cpp.so
[2.847s] -- Up-to-date: /home/saeesh/ros2_ws/install/my_robot_interface/include/my_robot_interface/my_robot_interface
[2.848s] -- Up-to-date: /home/saeesh/ros2_ws/install/my_robot_interface/include/my_robot_interface/my_robot_interface/srv
[2.848s] -- Up-to-date: /home/saeesh/ros2_ws/install/my_robot_interface/include/my_robot_interface/my_robot_interface/srv/detail
[2.848s] -- Up-to-date: /home/saeesh/ros2_ws/install/my_robot_interface/include/my_robot_interface/my_robot_interface/srv/detail/catchturtle__rosidl_typesupport_introspection_cpp.hpp
[2.848s] -- Up-to-date: /home/saeesh/ros2_ws/install/my_robot_interface/include/my_robot_interface/my_robot_interface/srv/detail/catchturtle__type_support.cpp
[2.848s] -- Up-to-date: /home/saeesh/ros2_ws/install/my_robot_interface/include/my_robot_interface/my_robot_interface/msg
[2.848s] -- Up-to-date: /home/saeesh/ros2_ws/install/my_robot_interface/include/my_robot_interface/my_robot_interface/msg/detail
[2.848s] -- Up-to-date: /home/saeesh/ros2_ws/install/my_robot_interface/include/my_robot_interface/my_robot_interface/msg/detail/turtle_array__type_support.cpp
[2.849s] -- Up-to-date: /home/saeesh/ros2_ws/install/my_robot_interface/include/my_robot_interface/my_robot_interface/msg/detail/turtle__type_support.cpp
[2.849s] -- Up-to-date: /home/saeesh/ros2_ws/install/my_robot_interface/include/my_robot_interface/my_robot_interface/msg/detail/turtle_array__rosidl_typesupport_introspection_cpp.hpp
[2.849s] -- Up-to-date: /home/saeesh/ros2_ws/install/my_robot_interface/include/my_robot_interface/my_robot_interface/msg/detail/turtle__rosidl_typesupport_introspection_cpp.hpp
[2.858s] -- Up-to-date: /home/saeesh/ros2_ws/install/my_robot_interface/lib/libmy_robot_interface__rosidl_typesupport_introspection_cpp.so
[2.859s] -- Up-to-date: /home/saeesh/ros2_ws/install/my_robot_interface/lib/libmy_robot_interface__rosidl_typesupport_cpp.so
[2.860s] -- Up-to-date: /home/saeesh/ros2_ws/install/my_robot_interface/share/my_robot_interface/environment/pythonpath.sh
[2.860s] -- Up-to-date: /home/saeesh/ros2_ws/install/my_robot_interface/share/my_robot_interface/environment/pythonpath.dsv
[2.860s] -- Up-to-date: /home/saeesh/ros2_ws/install/my_robot_interface/local/lib/python3.10/dist-packages/my_robot_interface-0.0.0-py3.10.egg-info
[2.860s] -- Installing: /home/saeesh/ros2_ws/install/my_robot_interface/local/lib/python3.10/dist-packages/my_robot_interface-0.0.0-py3.10.egg-info/SOURCES.txt
[2.860s] -- Installing: /home/saeesh/ros2_ws/install/my_robot_interface/local/lib/python3.10/dist-packages/my_robot_interface-0.0.0-py3.10.egg-info/PKG-INFO
[2.861s] -- Installing: /home/saeesh/ros2_ws/install/my_robot_interface/local/lib/python3.10/dist-packages/my_robot_interface-0.0.0-py3.10.egg-info/dependency_links.txt
[2.861s] -- Installing: /home/saeesh/ros2_ws/install/my_robot_interface/local/lib/python3.10/dist-packages/my_robot_interface-0.0.0-py3.10.egg-info/top_level.txt
[2.861s] -- Up-to-date: /home/saeesh/ros2_ws/install/my_robot_interface/local/lib/python3.10/dist-packages/my_robot_interface
[2.862s] -- Up-to-date: /home/saeesh/ros2_ws/install/my_robot_interface/local/lib/python3.10/dist-packages/my_robot_interface/my_robot_interface_s__rosidl_typesupport_introspection_c.cpython-310-x86_64-linux-gnu.so
[2.862s] -- Up-to-date: /home/saeesh/ros2_ws/install/my_robot_interface/local/lib/python3.10/dist-packages/my_robot_interface/srv
[2.862s] -- Up-to-date: /home/saeesh/ros2_ws/install/my_robot_interface/local/lib/python3.10/dist-packages/my_robot_interface/srv/_catchturtle_s.c
[2.862s] -- Up-to-date: /home/saeesh/ros2_ws/install/my_robot_interface/local/lib/python3.10/dist-packages/my_robot_interface/srv/_catchturtle.py
[2.862s] -- Up-to-date: /home/saeesh/ros2_ws/install/my_robot_interface/local/lib/python3.10/dist-packages/my_robot_interface/srv/__init__.py
[2.863s] -- Up-to-date: /home/saeesh/ros2_ws/install/my_robot_interface/local/lib/python3.10/dist-packages/my_robot_interface/msg
[2.863s] -- Up-to-date: /home/saeesh/ros2_ws/install/my_robot_interface/local/lib/python3.10/dist-packages/my_robot_interface/msg/_turtle_array.py
[2.863s] -- Up-to-date: /home/saeesh/ros2_ws/install/my_robot_interface/local/lib/python3.10/dist-packages/my_robot_interface/msg/_turtle_array_s.c
[2.863s] -- Up-to-date: /home/saeesh/ros2_ws/install/my_robot_interface/local/lib/python3.10/dist-packages/my_robot_interface/msg/_turtle.py
[2.863s] -- Up-to-date: /home/saeesh/ros2_ws/install/my_robot_interface/local/lib/python3.10/dist-packages/my_robot_interface/msg/__init__.py
[2.863s] -- Up-to-date: /home/saeesh/ros2_ws/install/my_robot_interface/local/lib/python3.10/dist-packages/my_robot_interface/msg/_turtle_s.c
[2.863s] -- Up-to-date: /home/saeesh/ros2_ws/install/my_robot_interface/local/lib/python3.10/dist-packages/my_robot_interface/_my_robot_interface_s.ep.rosidl_typesupport_fastrtps_c.c
[2.863s] -- Up-to-date: /home/saeesh/ros2_ws/install/my_robot_interface/local/lib/python3.10/dist-packages/my_robot_interface/_my_robot_interface_s.ep.rosidl_typesupport_c.c
[2.863s] -- Up-to-date: /home/saeesh/ros2_ws/install/my_robot_interface/local/lib/python3.10/dist-packages/my_robot_interface/libmy_robot_interface__rosidl_generator_py.so
[2.864s] -- Up-to-date: /home/saeesh/ros2_ws/install/my_robot_interface/local/lib/python3.10/dist-packages/my_robot_interface/my_robot_interface_s__rosidl_typesupport_c.cpython-310-x86_64-linux-gnu.so
[2.864s] -- Up-to-date: /home/saeesh/ros2_ws/install/my_robot_interface/local/lib/python3.10/dist-packages/my_robot_interface/_my_robot_interface_s.ep.rosidl_typesupport_introspection_c.c
[2.864s] -- Up-to-date: /home/saeesh/ros2_ws/install/my_robot_interface/local/lib/python3.10/dist-packages/my_robot_interface/my_robot_interface_s__rosidl_typesupport_fastrtps_c.cpython-310-x86_64-linux-gnu.so
[2.864s] -- Up-to-date: /home/saeesh/ros2_ws/install/my_robot_interface/local/lib/python3.10/dist-packages/my_robot_interface/__init__.py
[2.950s] Listing '/home/saeesh/ros2_ws/install/my_robot_interface/local/lib/python3.10/dist-packages/my_robot_interface'...
[2.950s] Listing '/home/saeesh/ros2_ws/install/my_robot_interface/local/lib/python3.10/dist-packages/my_robot_interface/msg'...
[2.950s] Listing '/home/saeesh/ros2_ws/install/my_robot_interface/local/lib/python3.10/dist-packages/my_robot_interface/srv'...
[2.957s] -- Up-to-date: /home/saeesh/ros2_ws/install/my_robot_interface/local/lib/python3.10/dist-packages/my_robot_interface/my_robot_interface_s__rosidl_typesupport_fastrtps_c.cpython-310-x86_64-linux-gnu.so
[2.958s] -- Up-to-date: /home/saeesh/ros2_ws/install/my_robot_interface/local/lib/python3.10/dist-packages/my_robot_interface/my_robot_interface_s__rosidl_typesupport_introspection_c.cpython-310-x86_64-linux-gnu.so
[2.959s] -- Up-to-date: /home/saeesh/ros2_ws/install/my_robot_interface/local/lib/python3.10/dist-packages/my_robot_interface/my_robot_interface_s__rosidl_typesupport_c.cpython-310-x86_64-linux-gnu.so
[2.960s] -- Up-to-date: /home/saeesh/ros2_ws/install/my_robot_interface/lib/libmy_robot_interface__rosidl_generator_py.so
[2.960s] -- Up-to-date: /home/saeesh/ros2_ws/install/my_robot_interface/share/my_robot_interface/msg/Turtle.idl
[2.960s] -- Up-to-date: /home/saeesh/ros2_ws/install/my_robot_interface/share/my_robot_interface/msg/TurtleArray.idl
[2.960s] -- Up-to-date: /home/saeesh/ros2_ws/install/my_robot_interface/share/my_robot_interface/srv/Catchturtle.idl
[2.961s] -- Up-to-date: /home/saeesh/ros2_ws/install/my_robot_interface/share/my_robot_interface/msg/Turtle.msg
[2.961s] -- Up-to-date: /home/saeesh/ros2_ws/install/my_robot_interface/share/my_robot_interface/msg/TurtleArray.msg
[2.961s] -- Up-to-date: /home/saeesh/ros2_ws/install/my_robot_interface/share/my_robot_interface/srv/Catchturtle.srv
[2.961s] -- Up-to-date: /home/saeesh/ros2_ws/install/my_robot_interface/share/my_robot_interface/srv/Catchturtle_Request.msg
[2.961s] -- Up-to-date: /home/saeesh/ros2_ws/install/my_robot_interface/share/my_robot_interface/srv/Catchturtle_Response.msg
[2.961s] -- Up-to-date: /home/saeesh/ros2_ws/install/my_robot_interface/share/ament_index/resource_index/package_run_dependencies/my_robot_interface
[2.961s] -- Up-to-date: /home/saeesh/ros2_ws/install/my_robot_interface/share/ament_index/resource_index/parent_prefix_path/my_robot_interface
[2.962s] -- Up-to-date: /home/saeesh/ros2_ws/install/my_robot_interface/share/my_robot_interface/environment/ament_prefix_path.sh
[2.962s] -- Up-to-date: /home/saeesh/ros2_ws/install/my_robot_interface/share/my_robot_interface/environment/ament_prefix_path.dsv
[2.962s] -- Up-to-date: /home/saeesh/ros2_ws/install/my_robot_interface/share/my_robot_interface/environment/path.sh
[2.962s] -- Up-to-date: /home/saeesh/ros2_ws/install/my_robot_interface/share/my_robot_interface/environment/path.dsv
[2.962s] -- Up-to-date: /home/saeesh/ros2_ws/install/my_robot_interface/share/my_robot_interface/local_setup.bash
[2.962s] -- Up-to-date: /home/saeesh/ros2_ws/install/my_robot_interface/share/my_robot_interface/local_setup.sh
[2.962s] -- Up-to-date: /home/saeesh/ros2_ws/install/my_robot_interface/share/my_robot_interface/local_setup.zsh
[2.963s] -- Up-to-date: /home/saeesh/ros2_ws/install/my_robot_interface/share/my_robot_interface/local_setup.dsv
[2.963s] -- Installing: /home/saeesh/ros2_ws/install/my_robot_interface/share/my_robot_interface/package.dsv
[2.972s] -- Up-to-date: /home/saeesh/ros2_ws/install/my_robot_interface/share/ament_index/resource_index/packages/my_robot_interface
[2.984s] -- Up-to-date: /home/saeesh/ros2_ws/install/my_robot_interface/share/my_robot_interface/cmake/export_my_robot_interface__rosidl_generator_cExport.cmake
[2.984s] -- Up-to-date: /home/saeesh/ros2_ws/install/my_robot_interface/share/my_robot_interface/cmake/export_my_robot_interface__rosidl_generator_cExport-noconfig.cmake
[2.985s] -- Up-to-date: /home/saeesh/ros2_ws/install/my_robot_interface/share/my_robot_interface/cmake/export_my_robot_interface__rosidl_typesupport_fastrtps_cExport.cmake
[2.985s] -- Up-to-date: /home/saeesh/ros2_ws/install/my_robot_interface/share/my_robot_interface/cmake/export_my_robot_interface__rosidl_typesupport_fastrtps_cExport-noconfig.cmake
[2.985s] -- Up-to-date: /home/saeesh/ros2_ws/install/my_robot_interface/share/my_robot_interface/cmake/my_robot_interface__rosidl_typesupport_introspection_cExport.cmake
[2.985s] -- Up-to-date: /home/saeesh/ros2_ws/install/my_robot_interface/share/my_robot_interface/cmake/my_robot_interface__rosidl_typesupport_introspection_cExport-noconfig.cmake
[2.986s] -- Up-to-date: /home/saeesh/ros2_ws/install/my_robot_interface/share/my_robot_interface/cmake/my_robot_interface__rosidl_typesupport_cExport.cmake
[2.986s] -- Up-to-date: /home/saeesh/ros2_ws/install/my_robot_interface/share/my_robot_interface/cmake/my_robot_interface__rosidl_typesupport_cExport-noconfig.cmake
[2.987s] -- Up-to-date: /home/saeesh/ros2_ws/install/my_robot_interface/share/my_robot_interface/cmake/export_my_robot_interface__rosidl_generator_cppExport.cmake
[2.988s] -- Up-to-date: /home/saeesh/ros2_ws/install/my_robot_interface/share/my_robot_interface/cmake/export_my_robot_interface__rosidl_typesupport_fastrtps_cppExport.cmake
[2.988s] -- Up-to-date: /home/saeesh/ros2_ws/install/my_robot_interface/share/my_robot_interface/cmake/export_my_robot_interface__rosidl_typesupport_fastrtps_cppExport-noconfig.cmake
[2.988s] -- Up-to-date: /home/saeesh/ros2_ws/install/my_robot_interface/share/my_robot_interface/cmake/my_robot_interface__rosidl_typesupport_introspection_cppExport.cmake
[2.989s] -- Up-to-date: /home/saeesh/ros2_ws/install/my_robot_interface/share/my_robot_interface/cmake/my_robot_interface__rosidl_typesupport_introspection_cppExport-noconfig.cmake
[2.989s] -- Up-to-date: /home/saeesh/ros2_ws/install/my_robot_interface/share/my_robot_interface/cmake/my_robot_interface__rosidl_typesupport_cppExport.cmake
[2.990s] -- Up-to-date: /home/saeesh/ros2_ws/install/my_robot_interface/share/my_robot_interface/cmake/my_robot_interface__rosidl_typesupport_cppExport-noconfig.cmake
[2.990s] -- Up-to-date: /home/saeesh/ros2_ws/install/my_robot_interface/share/my_robot_interface/cmake/export_my_robot_interface__rosidl_generator_pyExport.cmake
[2.990s] -- Up-to-date: /home/saeesh/ros2_ws/install/my_robot_interface/share/my_robot_interface/cmake/export_my_robot_interface__rosidl_generator_pyExport-noconfig.cmake
[2.990s] -- Up-to-date: /home/saeesh/ros2_ws/install/my_robot_interface/share/my_robot_interface/cmake/rosidl_cmake-extras.cmake
[2.990s] -- Up-to-date: /home/saeesh/ros2_ws/install/my_robot_interface/share/my_robot_interface/cmake/ament_cmake_export_include_directories-extras.cmake
[2.991s] -- Up-to-date: /home/saeesh/ros2_ws/install/my_robot_interface/share/my_robot_interface/cmake/ament_cmake_export_libraries-extras.cmake
[2.991s] -- Up-to-date: /home/saeesh/ros2_ws/install/my_robot_interface/share/my_robot_interface/cmake/ament_cmake_export_targets-extras.cmake
[2.991s] -- Up-to-date: /home/saeesh/ros2_ws/install/my_robot_interface/share/my_robot_interface/cmake/rosidl_cmake_export_typesupport_targets-extras.cmake
[2.991s] -- Up-to-date: /home/saeesh/ros2_ws/install/my_robot_interface/share/my_robot_interface/cmake/ament_cmake_export_dependencies-extras.cmake
[2.991s] -- Up-to-date: /home/saeesh/ros2_ws/install/my_robot_interface/share/my_robot_interface/cmake/rosidl_cmake_export_typesupport_libraries-extras.cmake
[2.991s] -- Up-to-date: /home/saeesh/ros2_ws/install/my_robot_interface/share/my_robot_interface/cmake/my_robot_interfaceConfig.cmake
[2.991s] -- Up-to-date: /home/saeesh/ros2_ws/install/my_robot_interface/share/my_robot_interface/cmake/my_robot_interfaceConfig-version.cmake
[2.991s] -- Up-to-date: /home/saeesh/ros2_ws/install/my_robot_interface/share/my_robot_interface/package.xml
[2.995s] Invoked command in '/home/saeesh/ros2_ws/build/my_robot_interface' returned '0': CMAKE_PREFIX_PATH=${CMAKE_PREFIX_PATH}:/home/saeesh/ros2_ws/install/turtlsim_catch_them_all:/home/saeesh/ros2_ws/install/turtlesim_catch_them_all:/home/saeesh/ros2_ws/install/my_py_pkg:/opt/ros/humble /usr/bin/cmake --install /home/saeesh/ros2_ws/build/my_robot_interface
