[0.100s] Invoking command in '/home/saeesh/ros2_ws/build/my_robot_interfaces': CMAKE_PREFIX_PATH=${CMAKE_PREFIX_PATH}:/home/saeesh/ros2_ws/install/my_py_pkg:/opt/ros/humble /usr/bin/cmake --build /home/saeesh/ros2_ws/build/my_robot_interfaces -- -j4 -l4
[0.189s] [  2%] Built target my_robot_interfaces__cpp
[0.196s] [ 12%] Built target my_robot_interfaces__rosidl_generator_c
[0.208s] [ 12%] Built target ament_cmake_python_copy_my_robot_interfaces
[0.234s] [ 23%] Built target my_robot_interfaces__rosidl_typesupport_fastrtps_cpp
[0.247s] [ 33%] Built target my_robot_interfaces__rosidl_typesupport_introspection_cpp
[0.248s] [ 43%] Built target my_robot_interfaces__rosidl_typesupport_cpp
[0.257s] [ 53%] Built target my_robot_interfaces__rosidl_typesupport_fastrtps_c
[0.280s] [ 64%] Built target my_robot_interfaces__rosidl_typesupport_introspection_c
[0.284s] [ 74%] Built target my_robot_interfaces__rosidl_typesupport_c
[0.316s] [ 74%] Built target my_robot_interfaces
[0.353s] [ 76%] Built target my_robot_interfaces__py
[0.386s] [ 84%] Built target my_robot_interfaces__rosidl_generator_py
[0.425s] [ 94%] Built target my_robot_interfaces__rosidl_typesupport_fastrtps_c__pyext
[0.425s] [ 94%] Built target my_robot_interfaces__rosidl_typesupport_c__pyext
[0.441s] [100%] Built target my_robot_interfaces__rosidl_typesupport_introspection_c__pyext
[0.663s] running egg_info
[0.664s] writing my_robot_interfaces.egg-info/PKG-INFO
[0.665s] writing dependency_links to my_robot_interfaces.egg-info/dependency_links.txt
[0.665s] writing top-level names to my_robot_interfaces.egg-info/top_level.txt
[0.668s] reading manifest file 'my_robot_interfaces.egg-info/SOURCES.txt'
[0.668s] writing manifest file 'my_robot_interfaces.egg-info/SOURCES.txt'
[0.709s] [100%] Built target ament_cmake_python_build_my_robot_interfaces_egg
[0.732s] Invoked command in '/home/saeesh/ros2_ws/build/my_robot_interfaces' returned '0': CMAKE_PREFIX_PATH=${CMAKE_PREFIX_PATH}:/home/saeesh/ros2_ws/install/my_py_pkg:/opt/ros/humble /usr/bin/cmake --build /home/saeesh/ros2_ws/build/my_robot_interfaces -- -j4 -l4
[0.874s] Invoking command in '/home/saeesh/ros2_ws/build/my_robot_interfaces': CMAKE_PREFIX_PATH=${CMAKE_PREFIX_PATH}:/home/saeesh/ros2_ws/install/my_py_pkg:/opt/ros/humble /usr/bin/cmake --install /home/saeesh/ros2_ws/build/my_robot_interfaces
[0.886s] -- Install configuration: ""
[0.886s] -- Up-to-date: /home/saeesh/ros2_ws/install/my_robot_interfaces/share/ament_index/resource_index/rosidl_interfaces/my_robot_interfaces
[0.886s] -- Up-to-date: /home/saeesh/ros2_ws/install/my_robot_interfaces/include/my_robot_interfaces/my_robot_interfaces
[0.886s] -- Up-to-date: /home/saeesh/ros2_ws/install/my_robot_interfaces/include/my_robot_interfaces/my_robot_interfaces/msg
[0.887s] -- Up-to-date: /home/saeesh/ros2_ws/install/my_robot_interfaces/include/my_robot_interfaces/my_robot_interfaces/msg/led_status_array.h
[0.887s] -- Up-to-date: /home/saeesh/ros2_ws/install/my_robot_interfaces/include/my_robot_interfaces/my_robot_interfaces/msg/rosidl_generator_c__visibility_control.h
[0.887s] -- Up-to-date: /home/saeesh/ros2_ws/install/my_robot_interfaces/include/my_robot_interfaces/my_robot_interfaces/msg/hardware_status.h
[0.887s] -- Up-to-date: /home/saeesh/ros2_ws/install/my_robot_interfaces/include/my_robot_interfaces/my_robot_interfaces/msg/detail
[0.887s] -- Up-to-date: /home/saeesh/ros2_ws/install/my_robot_interfaces/include/my_robot_interfaces/my_robot_interfaces/msg/detail/led_status_array__type_support.h
[0.887s] -- Up-to-date: /home/saeesh/ros2_ws/install/my_robot_interfaces/include/my_robot_interfaces/my_robot_interfaces/msg/detail/led_status_array__struct.h
[0.887s] -- Up-to-date: /home/saeesh/ros2_ws/install/my_robot_interfaces/include/my_robot_interfaces/my_robot_interfaces/msg/detail/hardware_status__type_support.h
[0.888s] -- Up-to-date: /home/saeesh/ros2_ws/install/my_robot_interfaces/include/my_robot_interfaces/my_robot_interfaces/msg/detail/led_status_array__functions.c
[0.888s] -- Up-to-date: /home/saeesh/ros2_ws/install/my_robot_interfaces/include/my_robot_interfaces/my_robot_interfaces/msg/detail/hardware_status__functions.c
[0.888s] -- Up-to-date: /home/saeesh/ros2_ws/install/my_robot_interfaces/include/my_robot_interfaces/my_robot_interfaces/msg/detail/hardware_status__struct.h
[0.888s] -- Up-to-date: /home/saeesh/ros2_ws/install/my_robot_interfaces/include/my_robot_interfaces/my_robot_interfaces/msg/detail/hardware_status__functions.h
[0.888s] -- Up-to-date: /home/saeesh/ros2_ws/install/my_robot_interfaces/include/my_robot_interfaces/my_robot_interfaces/msg/detail/led_status_array__functions.h
[0.888s] -- Up-to-date: /home/saeesh/ros2_ws/install/my_robot_interfaces/share/my_robot_interfaces/environment/library_path.sh
[0.888s] -- Up-to-date: /home/saeesh/ros2_ws/install/my_robot_interfaces/share/my_robot_interfaces/environment/library_path.dsv
[0.889s] -- Up-to-date: /home/saeesh/ros2_ws/install/my_robot_interfaces/lib/libmy_robot_interfaces__rosidl_generator_c.so
[0.889s] -- Up-to-date: /home/saeesh/ros2_ws/install/my_robot_interfaces/include/my_robot_interfaces/my_robot_interfaces
[0.889s] -- Up-to-date: /home/saeesh/ros2_ws/install/my_robot_interfaces/include/my_robot_interfaces/my_robot_interfaces/msg
[0.889s] -- Up-to-date: /home/saeesh/ros2_ws/install/my_robot_interfaces/include/my_robot_interfaces/my_robot_interfaces/msg/rosidl_typesupport_fastrtps_c__visibility_control.h
[0.889s] -- Up-to-date: /home/saeesh/ros2_ws/install/my_robot_interfaces/include/my_robot_interfaces/my_robot_interfaces/msg/detail
[0.889s] -- Up-to-date: /home/saeesh/ros2_ws/install/my_robot_interfaces/include/my_robot_interfaces/my_robot_interfaces/msg/detail/led_status_array__rosidl_typesupport_fastrtps_c.h
[0.889s] -- Up-to-date: /home/saeesh/ros2_ws/install/my_robot_interfaces/include/my_robot_interfaces/my_robot_interfaces/msg/detail/hardware_status__rosidl_typesupport_fastrtps_c.h
[0.889s] -- Up-to-date: /home/saeesh/ros2_ws/install/my_robot_interfaces/lib/libmy_robot_interfaces__rosidl_typesupport_fastrtps_c.so
[0.890s] -- Up-to-date: /home/saeesh/ros2_ws/install/my_robot_interfaces/include/my_robot_interfaces/my_robot_interfaces
[0.890s] -- Up-to-date: /home/saeesh/ros2_ws/install/my_robot_interfaces/include/my_robot_interfaces/my_robot_interfaces/msg
[0.890s] -- Up-to-date: /home/saeesh/ros2_ws/install/my_robot_interfaces/include/my_robot_interfaces/my_robot_interfaces/msg/detail
[0.890s] -- Up-to-date: /home/saeesh/ros2_ws/install/my_robot_interfaces/include/my_robot_interfaces/my_robot_interfaces/msg/detail/hardware_status__rosidl_typesupport_introspection_c.h
[0.890s] -- Up-to-date: /home/saeesh/ros2_ws/install/my_robot_interfaces/include/my_robot_interfaces/my_robot_interfaces/msg/detail/hardware_status__type_support.c
[0.890s] -- Up-to-date: /home/saeesh/ros2_ws/install/my_robot_interfaces/include/my_robot_interfaces/my_robot_interfaces/msg/detail/led_status_array__rosidl_typesupport_introspection_c.h
[0.891s] -- Up-to-date: /home/saeesh/ros2_ws/install/my_robot_interfaces/include/my_robot_interfaces/my_robot_interfaces/msg/detail/led_status_array__type_support.c
[0.891s] -- Up-to-date: /home/saeesh/ros2_ws/install/my_robot_interfaces/include/my_robot_interfaces/my_robot_interfaces/msg/rosidl_typesupport_introspection_c__visibility_control.h
[0.891s] -- Up-to-date: /home/saeesh/ros2_ws/install/my_robot_interfaces/lib/libmy_robot_interfaces__rosidl_typesupport_introspection_c.so
[0.891s] -- Up-to-date: /home/saeesh/ros2_ws/install/my_robot_interfaces/lib/libmy_robot_interfaces__rosidl_typesupport_c.so
[0.891s] -- Up-to-date: /home/saeesh/ros2_ws/install/my_robot_interfaces/include/my_robot_interfaces/my_robot_interfaces
[0.891s] -- Up-to-date: /home/saeesh/ros2_ws/install/my_robot_interfaces/include/my_robot_interfaces/my_robot_interfaces/msg
[0.891s] -- Up-to-date: /home/saeesh/ros2_ws/install/my_robot_interfaces/include/my_robot_interfaces/my_robot_interfaces/msg/detail
[0.891s] -- Up-to-date: /home/saeesh/ros2_ws/install/my_robot_interfaces/include/my_robot_interfaces/my_robot_interfaces/msg/detail/led_status_array__traits.hpp
[0.892s] -- Up-to-date: /home/saeesh/ros2_ws/install/my_robot_interfaces/include/my_robot_interfaces/my_robot_interfaces/msg/detail/hardware_status__traits.hpp
[0.892s] -- Up-to-date: /home/saeesh/ros2_ws/install/my_robot_interfaces/include/my_robot_interfaces/my_robot_interfaces/msg/detail/hardware_status__struct.hpp
[0.892s] -- Up-to-date: /home/saeesh/ros2_ws/install/my_robot_interfaces/include/my_robot_interfaces/my_robot_interfaces/msg/detail/led_status_array__struct.hpp
[0.892s] -- Up-to-date: /home/saeesh/ros2_ws/install/my_robot_interfaces/include/my_robot_interfaces/my_robot_interfaces/msg/detail/led_status_array__builder.hpp
[0.892s] -- Up-to-date: /home/saeesh/ros2_ws/install/my_robot_interfaces/include/my_robot_interfaces/my_robot_interfaces/msg/detail/hardware_status__builder.hpp
[0.892s] -- Up-to-date: /home/saeesh/ros2_ws/install/my_robot_interfaces/include/my_robot_interfaces/my_robot_interfaces/msg/led_status_array.hpp
[0.892s] -- Up-to-date: /home/saeesh/ros2_ws/install/my_robot_interfaces/include/my_robot_interfaces/my_robot_interfaces/msg/hardware_status.hpp
[0.893s] -- Up-to-date: /home/saeesh/ros2_ws/install/my_robot_interfaces/include/my_robot_interfaces/my_robot_interfaces
[0.893s] -- Up-to-date: /home/saeesh/ros2_ws/install/my_robot_interfaces/include/my_robot_interfaces/my_robot_interfaces/msg
[0.893s] -- Up-to-date: /home/saeesh/ros2_ws/install/my_robot_interfaces/include/my_robot_interfaces/my_robot_interfaces/msg/detail
[0.893s] -- Up-to-date: /home/saeesh/ros2_ws/install/my_robot_interfaces/include/my_robot_interfaces/my_robot_interfaces/msg/detail/led_status_array__rosidl_typesupport_fastrtps_cpp.hpp
[0.893s] -- Up-to-date: /home/saeesh/ros2_ws/install/my_robot_interfaces/include/my_robot_interfaces/my_robot_interfaces/msg/detail/hardware_status__rosidl_typesupport_fastrtps_cpp.hpp
[0.893s] -- Up-to-date: /home/saeesh/ros2_ws/install/my_robot_interfaces/include/my_robot_interfaces/my_robot_interfaces/msg/detail/dds_fastrtps
[0.893s] -- Up-to-date: /home/saeesh/ros2_ws/install/my_robot_interfaces/include/my_robot_interfaces/my_robot_interfaces/msg/rosidl_typesupport_fastrtps_cpp__visibility_control.h
[0.894s] -- Up-to-date: /home/saeesh/ros2_ws/install/my_robot_interfaces/lib/libmy_robot_interfaces__rosidl_typesupport_fastrtps_cpp.so
[0.894s] -- Up-to-date: /home/saeesh/ros2_ws/install/my_robot_interfaces/include/my_robot_interfaces/my_robot_interfaces
[0.894s] -- Up-to-date: /home/saeesh/ros2_ws/install/my_robot_interfaces/include/my_robot_interfaces/my_robot_interfaces/msg
[0.894s] -- Up-to-date: /home/saeesh/ros2_ws/install/my_robot_interfaces/include/my_robot_interfaces/my_robot_interfaces/msg/detail
[0.894s] -- Up-to-date: /home/saeesh/ros2_ws/install/my_robot_interfaces/include/my_robot_interfaces/my_robot_interfaces/msg/detail/led_status_array__rosidl_typesupport_introspection_cpp.hpp
[0.894s] -- Up-to-date: /home/saeesh/ros2_ws/install/my_robot_interfaces/include/my_robot_interfaces/my_robot_interfaces/msg/detail/hardware_status__rosidl_typesupport_introspection_cpp.hpp
[0.894s] -- Up-to-date: /home/saeesh/ros2_ws/install/my_robot_interfaces/include/my_robot_interfaces/my_robot_interfaces/msg/detail/hardware_status__type_support.cpp
[0.895s] -- Up-to-date: /home/saeesh/ros2_ws/install/my_robot_interfaces/include/my_robot_interfaces/my_robot_interfaces/msg/detail/led_status_array__type_support.cpp
[0.895s] -- Up-to-date: /home/saeesh/ros2_ws/install/my_robot_interfaces/lib/libmy_robot_interfaces__rosidl_typesupport_introspection_cpp.so
[0.895s] -- Up-to-date: /home/saeesh/ros2_ws/install/my_robot_interfaces/lib/libmy_robot_interfaces__rosidl_typesupport_cpp.so
[0.895s] -- Up-to-date: /home/saeesh/ros2_ws/install/my_robot_interfaces/share/my_robot_interfaces/environment/pythonpath.sh
[0.895s] -- Up-to-date: /home/saeesh/ros2_ws/install/my_robot_interfaces/share/my_robot_interfaces/environment/pythonpath.dsv
[0.895s] -- Up-to-date: /home/saeesh/ros2_ws/install/my_robot_interfaces/local/lib/python3.10/dist-packages/my_robot_interfaces-0.0.0-py3.10.egg-info
[0.896s] -- Installing: /home/saeesh/ros2_ws/install/my_robot_interfaces/local/lib/python3.10/dist-packages/my_robot_interfaces-0.0.0-py3.10.egg-info/SOURCES.txt
[0.896s] -- Installing: /home/saeesh/ros2_ws/install/my_robot_interfaces/local/lib/python3.10/dist-packages/my_robot_interfaces-0.0.0-py3.10.egg-info/PKG-INFO
[0.896s] -- Installing: /home/saeesh/ros2_ws/install/my_robot_interfaces/local/lib/python3.10/dist-packages/my_robot_interfaces-0.0.0-py3.10.egg-info/dependency_links.txt
[0.896s] -- Installing: /home/saeesh/ros2_ws/install/my_robot_interfaces/local/lib/python3.10/dist-packages/my_robot_interfaces-0.0.0-py3.10.egg-info/top_level.txt
[0.896s] -- Up-to-date: /home/saeesh/ros2_ws/install/my_robot_interfaces/local/lib/python3.10/dist-packages/my_robot_interfaces
[0.896s] -- Up-to-date: /home/saeesh/ros2_ws/install/my_robot_interfaces/local/lib/python3.10/dist-packages/my_robot_interfaces/_my_robot_interfaces_s.ep.rosidl_typesupport_c.c
[0.896s] -- Up-to-date: /home/saeesh/ros2_ws/install/my_robot_interfaces/local/lib/python3.10/dist-packages/my_robot_interfaces/msg
[0.896s] -- Up-to-date: /home/saeesh/ros2_ws/install/my_robot_interfaces/local/lib/python3.10/dist-packages/my_robot_interfaces/msg/_hardware_status_s.c
[0.897s] -- Up-to-date: /home/saeesh/ros2_ws/install/my_robot_interfaces/local/lib/python3.10/dist-packages/my_robot_interfaces/msg/_hardware_status.py
[0.897s] -- Up-to-date: /home/saeesh/ros2_ws/install/my_robot_interfaces/local/lib/python3.10/dist-packages/my_robot_interfaces/msg/_led_status_array_s.c
[0.897s] -- Up-to-date: /home/saeesh/ros2_ws/install/my_robot_interfaces/local/lib/python3.10/dist-packages/my_robot_interfaces/msg/_led_status_array.py
[0.897s] -- Up-to-date: /home/saeesh/ros2_ws/install/my_robot_interfaces/local/lib/python3.10/dist-packages/my_robot_interfaces/msg/__init__.py
[0.897s] -- Up-to-date: /home/saeesh/ros2_ws/install/my_robot_interfaces/local/lib/python3.10/dist-packages/my_robot_interfaces/_my_robot_interfaces_s.ep.rosidl_typesupport_introspection_c.c
[0.897s] -- Up-to-date: /home/saeesh/ros2_ws/install/my_robot_interfaces/local/lib/python3.10/dist-packages/my_robot_interfaces/_my_robot_interfaces_s.ep.rosidl_typesupport_fastrtps_c.c
[0.897s] -- Up-to-date: /home/saeesh/ros2_ws/install/my_robot_interfaces/local/lib/python3.10/dist-packages/my_robot_interfaces/my_robot_interfaces_s__rosidl_typesupport_fastrtps_c.cpython-310-x86_64-linux-gnu.so
[0.897s] -- Up-to-date: /home/saeesh/ros2_ws/install/my_robot_interfaces/local/lib/python3.10/dist-packages/my_robot_interfaces/my_robot_interfaces_s__rosidl_typesupport_introspection_c.cpython-310-x86_64-linux-gnu.so
[0.897s] -- Up-to-date: /home/saeesh/ros2_ws/install/my_robot_interfaces/local/lib/python3.10/dist-packages/my_robot_interfaces/my_robot_interfaces_s__rosidl_typesupport_c.cpython-310-x86_64-linux-gnu.so
[0.898s] -- Up-to-date: /home/saeesh/ros2_ws/install/my_robot_interfaces/local/lib/python3.10/dist-packages/my_robot_interfaces/__init__.py
[0.898s] -- Up-to-date: /home/saeesh/ros2_ws/install/my_robot_interfaces/local/lib/python3.10/dist-packages/my_robot_interfaces/libmy_robot_interfaces__rosidl_generator_py.so
[0.940s] Listing '/home/saeesh/ros2_ws/install/my_robot_interfaces/local/lib/python3.10/dist-packages/my_robot_interfaces'...
[0.940s] Listing '/home/saeesh/ros2_ws/install/my_robot_interfaces/local/lib/python3.10/dist-packages/my_robot_interfaces/msg'...
[0.948s] -- Up-to-date: /home/saeesh/ros2_ws/install/my_robot_interfaces/local/lib/python3.10/dist-packages/my_robot_interfaces/my_robot_interfaces_s__rosidl_typesupport_fastrtps_c.cpython-310-x86_64-linux-gnu.so
[0.948s] -- Up-to-date: /home/saeesh/ros2_ws/install/my_robot_interfaces/local/lib/python3.10/dist-packages/my_robot_interfaces/my_robot_interfaces_s__rosidl_typesupport_introspection_c.cpython-310-x86_64-linux-gnu.so
[0.948s] -- Up-to-date: /home/saeesh/ros2_ws/install/my_robot_interfaces/local/lib/python3.10/dist-packages/my_robot_interfaces/my_robot_interfaces_s__rosidl_typesupport_c.cpython-310-x86_64-linux-gnu.so
[0.949s] -- Up-to-date: /home/saeesh/ros2_ws/install/my_robot_interfaces/lib/libmy_robot_interfaces__rosidl_generator_py.so
[0.949s] -- Up-to-date: /home/saeesh/ros2_ws/install/my_robot_interfaces/share/my_robot_interfaces/msg/HardwareStatus.idl
[0.949s] -- Up-to-date: /home/saeesh/ros2_ws/install/my_robot_interfaces/share/my_robot_interfaces/msg/LedStatusArray.idl
[0.949s] -- Up-to-date: /home/saeesh/ros2_ws/install/my_robot_interfaces/share/my_robot_interfaces/msg/HardwareStatus.msg
[0.950s] -- Up-to-date: /home/saeesh/ros2_ws/install/my_robot_interfaces/share/my_robot_interfaces/msg/LedStatusArray.msg
[0.950s] -- Up-to-date: /home/saeesh/ros2_ws/install/my_robot_interfaces/share/ament_index/resource_index/package_run_dependencies/my_robot_interfaces
[0.950s] -- Up-to-date: /home/saeesh/ros2_ws/install/my_robot_interfaces/share/ament_index/resource_index/parent_prefix_path/my_robot_interfaces
[0.950s] -- Up-to-date: /home/saeesh/ros2_ws/install/my_robot_interfaces/share/my_robot_interfaces/environment/ament_prefix_path.sh
[0.950s] -- Up-to-date: /home/saeesh/ros2_ws/install/my_robot_interfaces/share/my_robot_interfaces/environment/ament_prefix_path.dsv
[0.951s] -- Up-to-date: /home/saeesh/ros2_ws/install/my_robot_interfaces/share/my_robot_interfaces/environment/path.sh
[0.951s] -- Up-to-date: /home/saeesh/ros2_ws/install/my_robot_interfaces/share/my_robot_interfaces/environment/path.dsv
[0.951s] -- Up-to-date: /home/saeesh/ros2_ws/install/my_robot_interfaces/share/my_robot_interfaces/local_setup.bash
[0.951s] -- Up-to-date: /home/saeesh/ros2_ws/install/my_robot_interfaces/share/my_robot_interfaces/local_setup.sh
[0.951s] -- Up-to-date: /home/saeesh/ros2_ws/install/my_robot_interfaces/share/my_robot_interfaces/local_setup.zsh
[0.951s] -- Up-to-date: /home/saeesh/ros2_ws/install/my_robot_interfaces/share/my_robot_interfaces/local_setup.dsv
[0.951s] -- Installing: /home/saeesh/ros2_ws/install/my_robot_interfaces/share/my_robot_interfaces/package.dsv
[0.952s] -- Up-to-date: /home/saeesh/ros2_ws/install/my_robot_interfaces/share/ament_index/resource_index/packages/my_robot_interfaces
[0.952s] -- Up-to-date: /home/saeesh/ros2_ws/install/my_robot_interfaces/share/my_robot_interfaces/cmake/export_my_robot_interfaces__rosidl_generator_cExport.cmake
[0.952s] -- Up-to-date: /home/saeesh/ros2_ws/install/my_robot_interfaces/share/my_robot_interfaces/cmake/export_my_robot_interfaces__rosidl_generator_cExport-noconfig.cmake
[0.952s] -- Up-to-date: /home/saeesh/ros2_ws/install/my_robot_interfaces/share/my_robot_interfaces/cmake/export_my_robot_interfaces__rosidl_typesupport_fastrtps_cExport.cmake
[0.952s] -- Up-to-date: /home/saeesh/ros2_ws/install/my_robot_interfaces/share/my_robot_interfaces/cmake/export_my_robot_interfaces__rosidl_typesupport_fastrtps_cExport-noconfig.cmake
[0.952s] -- Up-to-date: /home/saeesh/ros2_ws/install/my_robot_interfaces/share/my_robot_interfaces/cmake/my_robot_interfaces__rosidl_typesupport_introspection_cExport.cmake
[0.953s] -- Up-to-date: /home/saeesh/ros2_ws/install/my_robot_interfaces/share/my_robot_interfaces/cmake/my_robot_interfaces__rosidl_typesupport_introspection_cExport-noconfig.cmake
[0.953s] -- Up-to-date: /home/saeesh/ros2_ws/install/my_robot_interfaces/share/my_robot_interfaces/cmake/my_robot_interfaces__rosidl_typesupport_cExport.cmake
[0.953s] -- Up-to-date: /home/saeesh/ros2_ws/install/my_robot_interfaces/share/my_robot_interfaces/cmake/my_robot_interfaces__rosidl_typesupport_cExport-noconfig.cmake
[0.953s] -- Up-to-date: /home/saeesh/ros2_ws/install/my_robot_interfaces/share/my_robot_interfaces/cmake/export_my_robot_interfaces__rosidl_generator_cppExport.cmake
[0.953s] -- Up-to-date: /home/saeesh/ros2_ws/install/my_robot_interfaces/share/my_robot_interfaces/cmake/export_my_robot_interfaces__rosidl_typesupport_fastrtps_cppExport.cmake
[0.953s] -- Up-to-date: /home/saeesh/ros2_ws/install/my_robot_interfaces/share/my_robot_interfaces/cmake/export_my_robot_interfaces__rosidl_typesupport_fastrtps_cppExport-noconfig.cmake
[0.954s] -- Up-to-date: /home/saeesh/ros2_ws/install/my_robot_interfaces/share/my_robot_interfaces/cmake/my_robot_interfaces__rosidl_typesupport_introspection_cppExport.cmake
[0.954s] -- Up-to-date: /home/saeesh/ros2_ws/install/my_robot_interfaces/share/my_robot_interfaces/cmake/my_robot_interfaces__rosidl_typesupport_introspection_cppExport-noconfig.cmake
[0.954s] -- Up-to-date: /home/saeesh/ros2_ws/install/my_robot_interfaces/share/my_robot_interfaces/cmake/my_robot_interfaces__rosidl_typesupport_cppExport.cmake
[0.954s] -- Up-to-date: /home/saeesh/ros2_ws/install/my_robot_interfaces/share/my_robot_interfaces/cmake/my_robot_interfaces__rosidl_typesupport_cppExport-noconfig.cmake
[0.954s] -- Up-to-date: /home/saeesh/ros2_ws/install/my_robot_interfaces/share/my_robot_interfaces/cmake/export_my_robot_interfaces__rosidl_generator_pyExport.cmake
[0.954s] -- Up-to-date: /home/saeesh/ros2_ws/install/my_robot_interfaces/share/my_robot_interfaces/cmake/export_my_robot_interfaces__rosidl_generator_pyExport-noconfig.cmake
[0.955s] -- Up-to-date: /home/saeesh/ros2_ws/install/my_robot_interfaces/share/my_robot_interfaces/cmake/rosidl_cmake-extras.cmake
[0.955s] -- Up-to-date: /home/saeesh/ros2_ws/install/my_robot_interfaces/share/my_robot_interfaces/cmake/ament_cmake_export_include_directories-extras.cmake
[0.955s] -- Up-to-date: /home/saeesh/ros2_ws/install/my_robot_interfaces/share/my_robot_interfaces/cmake/ament_cmake_export_libraries-extras.cmake
[0.955s] -- Up-to-date: /home/saeesh/ros2_ws/install/my_robot_interfaces/share/my_robot_interfaces/cmake/ament_cmake_export_targets-extras.cmake
[0.955s] -- Up-to-date: /home/saeesh/ros2_ws/install/my_robot_interfaces/share/my_robot_interfaces/cmake/rosidl_cmake_export_typesupport_targets-extras.cmake
[0.955s] -- Up-to-date: /home/saeesh/ros2_ws/install/my_robot_interfaces/share/my_robot_interfaces/cmake/ament_cmake_export_dependencies-extras.cmake
[0.955s] -- Up-to-date: /home/saeesh/ros2_ws/install/my_robot_interfaces/share/my_robot_interfaces/cmake/rosidl_cmake_export_typesupport_libraries-extras.cmake
[0.955s] -- Up-to-date: /home/saeesh/ros2_ws/install/my_robot_interfaces/share/my_robot_interfaces/cmake/my_robot_interfacesConfig.cmake
[0.955s] -- Up-to-date: /home/saeesh/ros2_ws/install/my_robot_interfaces/share/my_robot_interfaces/cmake/my_robot_interfacesConfig-version.cmake
[0.956s] -- Up-to-date: /home/saeesh/ros2_ws/install/my_robot_interfaces/share/my_robot_interfaces/package.xml
[0.958s] Invoked command in '/home/saeesh/ros2_ws/build/my_robot_interfaces' returned '0': CMAKE_PREFIX_PATH=${CMAKE_PREFIX_PATH}:/home/saeesh/ros2_ws/install/my_py_pkg:/opt/ros/humble /usr/bin/cmake --install /home/saeesh/ros2_ws/build/my_robot_interfaces
