[1.328s] DEBUG:colcon:Command line arguments: ['/usr/bin/colcon', 'build']
[1.328s] DEBUG:colcon:Parsed command line arguments: Namespace(log_base=None, log_level=None, verb_name='build', build_base='build', install_base='install', merge_install=False, symlink_install=False, test_result_base=None, continue_on_error=False, executor='parallel', parallel_workers=4, event_handlers=None, ignore_user_meta=False, metas=['./colcon.meta'], base_paths=['.'], packages_ignore=None, packages_ignore_regex=None, paths=None, packages_up_to=None, packages_up_to_regex=None, packages_above=None, packages_above_and_dependencies=None, packages_above_depth=None, packages_select_by_dep=None, packages_skip_by_dep=None, packages_skip_up_to=None, packages_select_build_failed=False, packages_skip_build_finished=False, packages_select_test_failures=False, packages_skip_test_passed=False, packages_select=None, packages_skip=None, packages_select_regex=None, packages_skip_regex=None, packages_start=None, packages_end=None, allow_overriding=[], cmake_args=None, cmake_target=None, cmake_target_skip_unavailable=False, cmake_clean_cache=False, cmake_clean_first=False, cmake_force_configure=False, ament_cmake_args=None, catkin_cmake_args=None, catkin_skip_building_tests=False, verb_parser=<colcon_defaults.argument_parser.defaults.DefaultArgumentsDecorator object at 0x7f071bc981f0>, verb_extension=<colcon_core.verb.build.BuildVerb object at 0x7f071bc86890>, main=<bound method BuildVerb.main of <colcon_core.verb.build.BuildVerb object at 0x7f071bc86890>>)
[1.385s] Level 1:colcon.colcon_core.package_discovery:discover_packages(colcon_meta) check parameters
[1.385s] Level 1:colcon.colcon_core.package_discovery:discover_packages(recursive) check parameters
[1.385s] Level 1:colcon.colcon_core.package_discovery:discover_packages(ignore) check parameters
[1.385s] Level 1:colcon.colcon_core.package_discovery:discover_packages(path) check parameters
[1.385s] Level 1:colcon.colcon_core.package_discovery:discover_packages(colcon_meta) discover
[1.385s] Level 1:colcon.colcon_core.package_discovery:discover_packages(recursive) discover
[1.385s] INFO:colcon.colcon_core.package_discovery:Crawling recursively for packages in '/home/saeesh/ros2_ws'
[1.385s] Level 1:colcon.colcon_core.package_identification:_identify(.) by extensions ['ignore', 'ignore_ament_install']
[1.385s] Level 1:colcon.colcon_core.package_identification:_identify(.) by extension 'ignore'
[1.385s] Level 1:colcon.colcon_core.package_identification:_identify(.) by extension 'ignore_ament_install'
[1.386s] Level 1:colcon.colcon_core.package_identification:_identify(.) by extensions ['colcon_pkg']
[1.386s] Level 1:colcon.colcon_core.package_identification:_identify(.) by extension 'colcon_pkg'
[1.386s] Level 1:colcon.colcon_core.package_identification:_identify(.) by extensions ['colcon_meta']
[1.386s] Level 1:colcon.colcon_core.package_identification:_identify(.) by extension 'colcon_meta'
[1.386s] Level 1:colcon.colcon_core.package_identification:_identify(.) by extensions ['ros']
[1.386s] Level 1:colcon.colcon_core.package_identification:_identify(.) by extension 'ros'
[1.398s] Level 1:colcon.colcon_core.package_identification:_identify(.) by extensions ['cmake', 'python']
[1.398s] Level 1:colcon.colcon_core.package_identification:_identify(.) by extension 'cmake'
[1.398s] Level 1:colcon.colcon_core.package_identification:_identify(.) by extension 'python'
[1.398s] Level 1:colcon.colcon_core.package_identification:_identify(.) by extensions ['python_setup_py']
[1.398s] Level 1:colcon.colcon_core.package_identification:_identify(.) by extension 'python_setup_py'
[1.398s] Level 1:colcon.colcon_core.package_identification:_identify(build) by extensions ['ignore', 'ignore_ament_install']
[1.398s] Level 1:colcon.colcon_core.package_identification:_identify(build) by extension 'ignore'
[1.398s] Level 1:colcon.colcon_core.package_identification:_identify(build) ignored
[1.398s] Level 1:colcon.colcon_core.package_identification:_identify(install) by extensions ['ignore', 'ignore_ament_install']
[1.399s] Level 1:colcon.colcon_core.package_identification:_identify(install) by extension 'ignore'
[1.399s] Level 1:colcon.colcon_core.package_identification:_identify(install) ignored
[1.399s] Level 1:colcon.colcon_core.package_identification:_identify(log) by extensions ['ignore', 'ignore_ament_install']
[1.399s] Level 1:colcon.colcon_core.package_identification:_identify(log) by extension 'ignore'
[1.399s] Level 1:colcon.colcon_core.package_identification:_identify(log) ignored
[1.399s] Level 1:colcon.colcon_core.package_identification:_identify(src) by extensions ['ignore', 'ignore_ament_install']
[1.399s] Level 1:colcon.colcon_core.package_identification:_identify(src) by extension 'ignore'
[1.399s] Level 1:colcon.colcon_core.package_identification:_identify(src) by extension 'ignore_ament_install'
[1.399s] Level 1:colcon.colcon_core.package_identification:_identify(src) by extensions ['colcon_pkg']
[1.399s] Level 1:colcon.colcon_core.package_identification:_identify(src) by extension 'colcon_pkg'
[1.399s] Level 1:colcon.colcon_core.package_identification:_identify(src) by extensions ['colcon_meta']
[1.399s] Level 1:colcon.colcon_core.package_identification:_identify(src) by extension 'colcon_meta'
[1.400s] Level 1:colcon.colcon_core.package_identification:_identify(src) by extensions ['ros']
[1.400s] Level 1:colcon.colcon_core.package_identification:_identify(src) by extension 'ros'
[1.400s] Level 1:colcon.colcon_core.package_identification:_identify(src) by extensions ['cmake', 'python']
[1.400s] Level 1:colcon.colcon_core.package_identification:_identify(src) by extension 'cmake'
[1.400s] Level 1:colcon.colcon_core.package_identification:_identify(src) by extension 'python'
[1.400s] Level 1:colcon.colcon_core.package_identification:_identify(src) by extensions ['python_setup_py']
[1.400s] Level 1:colcon.colcon_core.package_identification:_identify(src) by extension 'python_setup_py'
[1.400s] Level 1:colcon.colcon_core.package_identification:_identify(src/my_py_pkg) by extensions ['ignore', 'ignore_ament_install']
[1.400s] Level 1:colcon.colcon_core.package_identification:_identify(src/my_py_pkg) by extension 'ignore'
[1.400s] Level 1:colcon.colcon_core.package_identification:_identify(src/my_py_pkg) by extension 'ignore_ament_install'
[1.400s] Level 1:colcon.colcon_core.package_identification:_identify(src/my_py_pkg) by extensions ['colcon_pkg']
[1.400s] Level 1:colcon.colcon_core.package_identification:_identify(src/my_py_pkg) by extension 'colcon_pkg'
[1.400s] Level 1:colcon.colcon_core.package_identification:_identify(src/my_py_pkg) by extensions ['colcon_meta']
[1.400s] Level 1:colcon.colcon_core.package_identification:_identify(src/my_py_pkg) by extension 'colcon_meta'
[1.400s] Level 1:colcon.colcon_core.package_identification:_identify(src/my_py_pkg) by extensions ['ros']
[1.400s] Level 1:colcon.colcon_core.package_identification:_identify(src/my_py_pkg) by extension 'ros'
[1.403s] DEBUG:colcon.colcon_core.package_identification:Package 'src/my_py_pkg' with type 'ros.ament_python' and name 'my_py_pkg'
[1.403s] Level 1:colcon.colcon_core.package_identification:_identify(src/my_robot_interfaces) by extensions ['ignore', 'ignore_ament_install']
[1.403s] Level 1:colcon.colcon_core.package_identification:_identify(src/my_robot_interfaces) by extension 'ignore'
[1.404s] Level 1:colcon.colcon_core.package_identification:_identify(src/my_robot_interfaces) by extension 'ignore_ament_install'
[1.404s] Level 1:colcon.colcon_core.package_identification:_identify(src/my_robot_interfaces) by extensions ['colcon_pkg']
[1.404s] Level 1:colcon.colcon_core.package_identification:_identify(src/my_robot_interfaces) by extension 'colcon_pkg'
[1.404s] Level 1:colcon.colcon_core.package_identification:_identify(src/my_robot_interfaces) by extensions ['colcon_meta']
[1.404s] Level 1:colcon.colcon_core.package_identification:_identify(src/my_robot_interfaces) by extension 'colcon_meta'
[1.404s] Level 1:colcon.colcon_core.package_identification:_identify(src/my_robot_interfaces) by extensions ['ros']
[1.404s] Level 1:colcon.colcon_core.package_identification:_identify(src/my_robot_interfaces) by extension 'ros'
[1.404s] DEBUG:colcon.colcon_core.package_identification:Package 'src/my_robot_interfaces' with type 'ros.ament_cmake' and name 'my_robot_interfaces'
[1.404s] Level 1:colcon.colcon_core.package_discovery:discover_packages(recursive) using defaults
[1.404s] Level 1:colcon.colcon_core.package_discovery:discover_packages(ignore) discover
[1.405s] Level 1:colcon.colcon_core.package_discovery:discover_packages(ignore) using defaults
[1.405s] Level 1:colcon.colcon_core.package_discovery:discover_packages(path) discover
[1.405s] Level 1:colcon.colcon_core.package_discovery:discover_packages(path) using defaults
[1.516s] Level 1:colcon.colcon_core.package_discovery:discover_packages(prefix_path) check parameters
[1.516s] Level 1:colcon.colcon_core.package_discovery:discover_packages(prefix_path) discover
[1.553s] DEBUG:colcon.colcon_installed_package_information.package_discovery:Found 2 installed packages in /home/saeesh/ros2_ws/install
[1.572s] DEBUG:colcon.colcon_installed_package_information.package_discovery:Found 270 installed packages in /opt/ros/humble
[1.589s] Level 1:colcon.colcon_core.package_discovery:discover_packages(prefix_path) using defaults
[1.715s] Level 5:colcon.colcon_core.verb:set package 'my_robot_interfaces' build argument 'cmake_args' from command line to 'None'
[1.715s] Level 5:colcon.colcon_core.verb:set package 'my_robot_interfaces' build argument 'cmake_target' from command line to 'None'
[1.715s] Level 5:colcon.colcon_core.verb:set package 'my_robot_interfaces' build argument 'cmake_target_skip_unavailable' from command line to 'False'
[1.715s] Level 5:colcon.colcon_core.verb:set package 'my_robot_interfaces' build argument 'cmake_clean_cache' from command line to 'False'
[1.715s] Level 5:colcon.colcon_core.verb:set package 'my_robot_interfaces' build argument 'cmake_clean_first' from command line to 'False'
[1.715s] Level 5:colcon.colcon_core.verb:set package 'my_robot_interfaces' build argument 'cmake_force_configure' from command line to 'False'
[1.715s] Level 5:colcon.colcon_core.verb:set package 'my_robot_interfaces' build argument 'ament_cmake_args' from command line to 'None'
[1.715s] Level 5:colcon.colcon_core.verb:set package 'my_robot_interfaces' build argument 'catkin_cmake_args' from command line to 'None'
[1.715s] Level 5:colcon.colcon_core.verb:set package 'my_robot_interfaces' build argument 'catkin_skip_building_tests' from command line to 'False'
[1.715s] DEBUG:colcon.colcon_core.verb:Building package 'my_robot_interfaces' with the following arguments: {'ament_cmake_args': None, 'build_base': '/home/saeesh/ros2_ws/build/my_robot_interfaces', 'catkin_cmake_args': None, 'catkin_skip_building_tests': False, 'cmake_args': None, 'cmake_clean_cache': False, 'cmake_clean_first': False, 'cmake_force_configure': False, 'cmake_target': None, 'cmake_target_skip_unavailable': False, 'install_base': '/home/saeesh/ros2_ws/install/my_robot_interfaces', 'merge_install': False, 'path': '/home/saeesh/ros2_ws/src/my_robot_interfaces', 'symlink_install': False, 'test_result_base': None}
[1.745s] Level 5:colcon.colcon_core.verb:set package 'my_py_pkg' build argument 'cmake_args' from command line to 'None'
[1.746s] Level 5:colcon.colcon_core.verb:set package 'my_py_pkg' build argument 'cmake_target' from command line to 'None'
[1.746s] Level 5:colcon.colcon_core.verb:set package 'my_py_pkg' build argument 'cmake_target_skip_unavailable' from command line to 'False'
[1.746s] Level 5:colcon.colcon_core.verb:set package 'my_py_pkg' build argument 'cmake_clean_cache' from command line to 'False'
[1.746s] Level 5:colcon.colcon_core.verb:set package 'my_py_pkg' build argument 'cmake_clean_first' from command line to 'False'
[1.746s] Level 5:colcon.colcon_core.verb:set package 'my_py_pkg' build argument 'cmake_force_configure' from command line to 'False'
[1.746s] Level 5:colcon.colcon_core.verb:set package 'my_py_pkg' build argument 'ament_cmake_args' from command line to 'None'
[1.746s] Level 5:colcon.colcon_core.verb:set package 'my_py_pkg' build argument 'catkin_cmake_args' from command line to 'None'
[1.746s] Level 5:colcon.colcon_core.verb:set package 'my_py_pkg' build argument 'catkin_skip_building_tests' from command line to 'False'
[1.746s] DEBUG:colcon.colcon_core.verb:Building package 'my_py_pkg' with the following arguments: {'ament_cmake_args': None, 'build_base': '/home/saeesh/ros2_ws/build/my_py_pkg', 'catkin_cmake_args': None, 'catkin_skip_building_tests': False, 'cmake_args': None, 'cmake_clean_cache': False, 'cmake_clean_first': False, 'cmake_force_configure': False, 'cmake_target': None, 'cmake_target_skip_unavailable': False, 'install_base': '/home/saeesh/ros2_ws/install/my_py_pkg', 'merge_install': False, 'path': '/home/saeesh/ros2_ws/src/my_py_pkg', 'symlink_install': False, 'test_result_base': None}
[1.778s] INFO:colcon.colcon_core.executor:Executing jobs using 'parallel' executor
[1.814s] DEBUG:colcon.colcon_parallel_executor.executor.parallel:run_until_complete
[1.815s] INFO:colcon.colcon_ros.task.ament_cmake.build:Building ROS package in '/home/saeesh/ros2_ws/src/my_robot_interfaces' with build type 'ament_cmake'
[1.815s] INFO:colcon.colcon_cmake.task.cmake.build:Building CMake package in '/home/saeesh/ros2_ws/src/my_robot_interfaces'
[1.859s] INFO:colcon.colcon_core.plugin_system:Skipping extension 'colcon_core.shell.bat': Not used on non-Windows systems
[1.860s] INFO:colcon.colcon_core.shell:Skip shell extension 'powershell' for command environment: Not usable outside of PowerShell
[1.860s] DEBUG:colcon.colcon_core.shell:Skip shell extension 'dsv' for command environment
[2.009s] DEBUG:colcon.colcon_core.event_handler.log_command:Invoking command in '/home/saeesh/ros2_ws/build/my_robot_interfaces': CMAKE_PREFIX_PATH=${CMAKE_PREFIX_PATH}:/home/saeesh/ros2_ws/install/my_py_pkg:/opt/ros/humble /usr/bin/cmake --build /home/saeesh/ros2_ws/build/my_robot_interfaces -- -j4 -l4
[2.678s] DEBUG:colcon.colcon_core.event_handler.log_command:Invoked command in '/home/saeesh/ros2_ws/build/my_robot_interfaces' returned '0': CMAKE_PREFIX_PATH=${CMAKE_PREFIX_PATH}:/home/saeesh/ros2_ws/install/my_py_pkg:/opt/ros/humble /usr/bin/cmake --build /home/saeesh/ros2_ws/build/my_robot_interfaces -- -j4 -l4
[2.830s] DEBUG:colcon.colcon_core.event_handler.log_command:Invoking command in '/home/saeesh/ros2_ws/build/my_robot_interfaces': CMAKE_PREFIX_PATH=${CMAKE_PREFIX_PATH}:/home/saeesh/ros2_ws/install/my_py_pkg:/opt/ros/humble /usr/bin/cmake --install /home/saeesh/ros2_ws/build/my_robot_interfaces
[2.923s] Level 1:colcon.colcon_core.environment:create_environment_scripts_only(my_robot_interfaces)
[2.925s] DEBUG:colcon.colcon_core.event_handler.log_command:Invoked command in '/home/saeesh/ros2_ws/build/my_robot_interfaces' returned '0': CMAKE_PREFIX_PATH=${CMAKE_PREFIX_PATH}:/home/saeesh/ros2_ws/install/my_py_pkg:/opt/ros/humble /usr/bin/cmake --install /home/saeesh/ros2_ws/build/my_robot_interfaces
[2.952s] Level 1:colcon.colcon_core.environment:checking '/home/saeesh/ros2_ws/install/my_robot_interfaces' for CMake module files
[2.952s] Level 1:colcon.colcon_core.environment:checking '/home/saeesh/ros2_ws/install/my_robot_interfaces' for CMake config files
[2.953s] Level 1:colcon.colcon_core.shell:create_environment_hook('my_robot_interfaces', 'cmake_prefix_path')
[2.973s] INFO:colcon.colcon_core.shell:Creating environment hook '/home/saeesh/ros2_ws/install/my_robot_interfaces/share/my_robot_interfaces/hook/cmake_prefix_path.ps1'
[2.974s] INFO:colcon.colcon_core.shell:Creating environment descriptor '/home/saeesh/ros2_ws/install/my_robot_interfaces/share/my_robot_interfaces/hook/cmake_prefix_path.dsv'
[2.974s] INFO:colcon.colcon_core.shell:Creating environment hook '/home/saeesh/ros2_ws/install/my_robot_interfaces/share/my_robot_interfaces/hook/cmake_prefix_path.sh'
[2.975s] Level 1:colcon.colcon_core.environment:checking '/home/saeesh/ros2_ws/install/my_robot_interfaces/lib'
[2.975s] Level 1:colcon.colcon_core.shell:create_environment_hook('my_robot_interfaces', 'ld_library_path_lib')
[2.995s] INFO:colcon.colcon_core.shell:Creating environment hook '/home/saeesh/ros2_ws/install/my_robot_interfaces/share/my_robot_interfaces/hook/ld_library_path_lib.ps1'
[2.996s] INFO:colcon.colcon_core.shell:Creating environment descriptor '/home/saeesh/ros2_ws/install/my_robot_interfaces/share/my_robot_interfaces/hook/ld_library_path_lib.dsv'
[2.996s] INFO:colcon.colcon_core.shell:Creating environment hook '/home/saeesh/ros2_ws/install/my_robot_interfaces/share/my_robot_interfaces/hook/ld_library_path_lib.sh'
[2.997s] Level 1:colcon.colcon_core.environment:checking '/home/saeesh/ros2_ws/install/my_robot_interfaces/bin'
[2.997s] Level 1:colcon.colcon_core.environment:checking '/home/saeesh/ros2_ws/install/my_robot_interfaces/lib/pkgconfig/my_robot_interfaces.pc'
[2.997s] Level 1:colcon.colcon_core.environment:checking '/home/saeesh/ros2_ws/install/my_robot_interfaces/lib/python3.10/site-packages'
[2.997s] Level 1:colcon.colcon_core.environment:checking '/home/saeesh/ros2_ws/install/my_robot_interfaces/bin'
[3.018s] INFO:colcon.colcon_core.shell:Creating package script '/home/saeesh/ros2_ws/install/my_robot_interfaces/share/my_robot_interfaces/package.ps1'
[3.019s] INFO:colcon.colcon_core.shell:Creating package descriptor '/home/saeesh/ros2_ws/install/my_robot_interfaces/share/my_robot_interfaces/package.dsv'
[3.020s] INFO:colcon.colcon_core.shell:Creating package script '/home/saeesh/ros2_ws/install/my_robot_interfaces/share/my_robot_interfaces/package.sh'
[3.021s] INFO:colcon.colcon_core.shell:Creating package script '/home/saeesh/ros2_ws/install/my_robot_interfaces/share/my_robot_interfaces/package.bash'
[3.022s] INFO:colcon.colcon_core.shell:Creating package script '/home/saeesh/ros2_ws/install/my_robot_interfaces/share/my_robot_interfaces/package.zsh'
[3.022s] Level 1:colcon.colcon_core.environment:create_file_with_runtime_dependencies(/home/saeesh/ros2_ws/install/my_robot_interfaces/share/colcon-core/packages/my_robot_interfaces)
[3.192s] Level 1:colcon.colcon_core.environment:create_environment_scripts_only(my_robot_interfaces)
[3.213s] Level 1:colcon.colcon_core.environment:checking '/home/saeesh/ros2_ws/install/my_robot_interfaces' for CMake module files
[3.213s] Level 1:colcon.colcon_core.environment:checking '/home/saeesh/ros2_ws/install/my_robot_interfaces' for CMake config files
[3.214s] Level 1:colcon.colcon_core.shell:create_environment_hook('my_robot_interfaces', 'cmake_prefix_path')
[3.235s] INFO:colcon.colcon_core.shell:Creating environment hook '/home/saeesh/ros2_ws/install/my_robot_interfaces/share/my_robot_interfaces/hook/cmake_prefix_path.ps1'
[3.235s] INFO:colcon.colcon_core.shell:Creating environment descriptor '/home/saeesh/ros2_ws/install/my_robot_interfaces/share/my_robot_interfaces/hook/cmake_prefix_path.dsv'
[3.236s] INFO:colcon.colcon_core.shell:Creating environment hook '/home/saeesh/ros2_ws/install/my_robot_interfaces/share/my_robot_interfaces/hook/cmake_prefix_path.sh'
[3.236s] Level 1:colcon.colcon_core.environment:checking '/home/saeesh/ros2_ws/install/my_robot_interfaces/lib'
[3.236s] Level 1:colcon.colcon_core.shell:create_environment_hook('my_robot_interfaces', 'ld_library_path_lib')
[3.259s] INFO:colcon.colcon_core.shell:Creating environment hook '/home/saeesh/ros2_ws/install/my_robot_interfaces/share/my_robot_interfaces/hook/ld_library_path_lib.ps1'
[3.260s] INFO:colcon.colcon_core.shell:Creating environment descriptor '/home/saeesh/ros2_ws/install/my_robot_interfaces/share/my_robot_interfaces/hook/ld_library_path_lib.dsv'
[3.260s] INFO:colcon.colcon_core.shell:Creating environment hook '/home/saeesh/ros2_ws/install/my_robot_interfaces/share/my_robot_interfaces/hook/ld_library_path_lib.sh'
[3.260s] Level 1:colcon.colcon_core.environment:checking '/home/saeesh/ros2_ws/install/my_robot_interfaces/bin'
[3.260s] Level 1:colcon.colcon_core.environment:checking '/home/saeesh/ros2_ws/install/my_robot_interfaces/lib/pkgconfig/my_robot_interfaces.pc'
[3.261s] Level 1:colcon.colcon_core.environment:checking '/home/saeesh/ros2_ws/install/my_robot_interfaces/lib/python3.10/site-packages'
[3.261s] Level 1:colcon.colcon_core.environment:checking '/home/saeesh/ros2_ws/install/my_robot_interfaces/bin'
[3.282s] INFO:colcon.colcon_core.shell:Creating package script '/home/saeesh/ros2_ws/install/my_robot_interfaces/share/my_robot_interfaces/package.ps1'
[3.283s] INFO:colcon.colcon_core.shell:Creating package descriptor '/home/saeesh/ros2_ws/install/my_robot_interfaces/share/my_robot_interfaces/package.dsv'
[3.283s] INFO:colcon.colcon_core.shell:Creating package script '/home/saeesh/ros2_ws/install/my_robot_interfaces/share/my_robot_interfaces/package.sh'
[3.284s] INFO:colcon.colcon_core.shell:Creating package script '/home/saeesh/ros2_ws/install/my_robot_interfaces/share/my_robot_interfaces/package.bash'
[3.284s] INFO:colcon.colcon_core.shell:Creating package script '/home/saeesh/ros2_ws/install/my_robot_interfaces/share/my_robot_interfaces/package.zsh'
[3.285s] Level 1:colcon.colcon_core.environment:create_file_with_runtime_dependencies(/home/saeesh/ros2_ws/install/my_robot_interfaces/share/colcon-core/packages/my_robot_interfaces)
[3.285s] INFO:colcon.colcon_ros.task.ament_python.build:Building ROS package in '/home/saeesh/ros2_ws/src/my_py_pkg' with build type 'ament_python'
[3.286s] Level 1:colcon.colcon_core.shell:create_environment_hook('my_py_pkg', 'ament_prefix_path')
[3.309s] INFO:colcon.colcon_core.shell:Creating environment hook '/home/saeesh/ros2_ws/install/my_py_pkg/share/my_py_pkg/hook/ament_prefix_path.ps1'
[3.310s] INFO:colcon.colcon_core.shell:Creating environment descriptor '/home/saeesh/ros2_ws/install/my_py_pkg/share/my_py_pkg/hook/ament_prefix_path.dsv'
[3.310s] INFO:colcon.colcon_core.shell:Creating environment hook '/home/saeesh/ros2_ws/install/my_py_pkg/share/my_py_pkg/hook/ament_prefix_path.sh'
[3.333s] INFO:colcon.colcon_core.shell:Skip shell extension 'powershell' for command environment: Not usable outside of PowerShell
[3.333s] DEBUG:colcon.colcon_core.shell:Skip shell extension 'dsv' for command environment
[3.777s] INFO:colcon.colcon_core.task.python.build:Building Python package in '/home/saeesh/ros2_ws/src/my_py_pkg'
[3.795s] INFO:colcon.colcon_core.shell:Skip shell extension 'powershell' for command environment: Not usable outside of PowerShell
[3.795s] DEBUG:colcon.colcon_core.shell:Skip shell extension 'dsv' for command environment
[4.337s] DEBUG:colcon.colcon_core.event_handler.log_command:Invoking command in '/home/saeesh/ros2_ws/src/my_py_pkg': PYTHONPATH=/home/saeesh/ros2_ws/build/my_py_pkg/prefix_override:/home/saeesh/ros2_ws/install/my_py_pkg/lib/python3.10/site-packages:${PYTHONPATH} /usr/bin/python3 setup.py egg_info --egg-base ../../build/my_py_pkg build --build-base /home/saeesh/ros2_ws/build/my_py_pkg/build install --record /home/saeesh/ros2_ws/build/my_py_pkg/install.log --single-version-externally-managed
[4.742s] DEBUG:colcon.colcon_core.event_handler.log_command:Invoked command in '/home/saeesh/ros2_ws/src/my_py_pkg' returned '0': PYTHONPATH=/home/saeesh/ros2_ws/build/my_py_pkg/prefix_override:/home/saeesh/ros2_ws/install/my_py_pkg/lib/python3.10/site-packages:${PYTHONPATH} /usr/bin/python3 setup.py egg_info --egg-base ../../build/my_py_pkg build --build-base /home/saeesh/ros2_ws/build/my_py_pkg/build install --record /home/saeesh/ros2_ws/build/my_py_pkg/install.log --single-version-externally-managed
[4.793s] Level 1:colcon.colcon_core.environment:checking '/home/saeesh/ros2_ws/install/my_py_pkg' for CMake module files
[4.795s] Level 1:colcon.colcon_core.environment:checking '/home/saeesh/ros2_ws/install/my_py_pkg' for CMake config files
[4.796s] Level 1:colcon.colcon_core.environment:checking '/home/saeesh/ros2_ws/install/my_py_pkg/lib'
[4.796s] Level 1:colcon.colcon_core.environment:checking '/home/saeesh/ros2_ws/install/my_py_pkg/bin'
[4.797s] Level 1:colcon.colcon_core.environment:checking '/home/saeesh/ros2_ws/install/my_py_pkg/lib/pkgconfig/my_py_pkg.pc'
[4.797s] Level 1:colcon.colcon_core.environment:checking '/home/saeesh/ros2_ws/install/my_py_pkg/lib/python3.10/site-packages'
[4.797s] Level 1:colcon.colcon_core.shell:create_environment_hook('my_py_pkg', 'pythonpath')
[4.836s] INFO:colcon.colcon_core.shell:Creating environment hook '/home/saeesh/ros2_ws/install/my_py_pkg/share/my_py_pkg/hook/pythonpath.ps1'
[4.836s] INFO:colcon.colcon_core.shell:Creating environment descriptor '/home/saeesh/ros2_ws/install/my_py_pkg/share/my_py_pkg/hook/pythonpath.dsv'
[4.837s] INFO:colcon.colcon_core.shell:Creating environment hook '/home/saeesh/ros2_ws/install/my_py_pkg/share/my_py_pkg/hook/pythonpath.sh'
[4.837s] Level 1:colcon.colcon_core.environment:checking '/home/saeesh/ros2_ws/install/my_py_pkg/bin'
[4.837s] Level 1:colcon.colcon_core.environment:create_environment_scripts_only(my_py_pkg)
[4.857s] INFO:colcon.colcon_core.shell:Creating package script '/home/saeesh/ros2_ws/install/my_py_pkg/share/my_py_pkg/package.ps1'
[4.857s] INFO:colcon.colcon_core.shell:Creating package descriptor '/home/saeesh/ros2_ws/install/my_py_pkg/share/my_py_pkg/package.dsv'
[4.858s] INFO:colcon.colcon_core.shell:Creating package script '/home/saeesh/ros2_ws/install/my_py_pkg/share/my_py_pkg/package.sh'
[4.858s] INFO:colcon.colcon_core.shell:Creating package script '/home/saeesh/ros2_ws/install/my_py_pkg/share/my_py_pkg/package.bash'
[4.859s] INFO:colcon.colcon_core.shell:Creating package script '/home/saeesh/ros2_ws/install/my_py_pkg/share/my_py_pkg/package.zsh'
[4.859s] Level 1:colcon.colcon_core.environment:create_file_with_runtime_dependencies(/home/saeesh/ros2_ws/install/my_py_pkg/share/colcon-core/packages/my_py_pkg)
[4.859s] DEBUG:colcon.colcon_parallel_executor.executor.parallel:closing loop
[4.860s] DEBUG:colcon.colcon_parallel_executor.executor.parallel:loop closed
[4.860s] DEBUG:colcon.colcon_parallel_executor.executor.parallel:run_until_complete finished with '0'
[4.860s] DEBUG:colcon.colcon_core.event_reactor:joining thread
[4.892s] INFO:colcon.colcon_core.plugin_system:Skipping extension 'colcon_notification.desktop_notification.terminal_notifier': Not used on non-Darwin systems
[4.892s] INFO:colcon.colcon_core.plugin_system:Skipping extension 'colcon_notification.desktop_notification.win32': Not used on non-Windows systems
[4.892s] INFO:colcon.colcon_notification.desktop_notification:Sending desktop notification using 'notify2'
[4.907s] DEBUG:colcon.colcon_core.event_reactor:joined thread
[4.933s] INFO:colcon.colcon_core.shell:Creating prefix script '/home/saeesh/ros2_ws/install/local_setup.ps1'
[4.935s] INFO:colcon.colcon_core.shell:Creating prefix util module '/home/saeesh/ros2_ws/install/_local_setup_util_ps1.py'
[4.936s] INFO:colcon.colcon_core.shell:Creating prefix chain script '/home/saeesh/ros2_ws/install/setup.ps1'
[4.960s] INFO:colcon.colcon_core.shell:Creating prefix script '/home/saeesh/ros2_ws/install/local_setup.sh'
[4.960s] INFO:colcon.colcon_core.shell:Creating prefix util module '/home/saeesh/ros2_ws/install/_local_setup_util_sh.py'
[4.961s] INFO:colcon.colcon_core.shell:Creating prefix chain script '/home/saeesh/ros2_ws/install/setup.sh'
[4.984s] INFO:colcon.colcon_core.shell:Creating prefix script '/home/saeesh/ros2_ws/install/local_setup.bash'
[4.984s] INFO:colcon.colcon_core.shell:Creating prefix chain script '/home/saeesh/ros2_ws/install/setup.bash'
[5.008s] INFO:colcon.colcon_core.shell:Creating prefix script '/home/saeesh/ros2_ws/install/local_setup.zsh'
[5.008s] INFO:colcon.colcon_core.shell:Creating prefix chain script '/home/saeesh/ros2_ws/install/setup.zsh'
