[1.344s] Invoking command in '/home/saeesh/ros2_ws/src/my_py_pkg': PYTHONPATH=/home/saeesh/ros2_ws/build/my_py_pkg/prefix_override:/home/saeesh/ros2_ws/install/my_py_pkg/lib/python3.10/site-packages:${PYTHONPATH} /usr/bin/python3 setup.py egg_info --egg-base ../../build/my_py_pkg build --build-base /home/saeesh/ros2_ws/build/my_py_pkg/build install --record /home/saeesh/ros2_ws/build/my_py_pkg/install.log --single-version-externally-managed
[1.671s] running egg_info
[1.672s] writing ../../build/my_py_pkg/my_py_pkg.egg-info/PKG-INFO
[1.672s] writing dependency_links to ../../build/my_py_pkg/my_py_pkg.egg-info/dependency_links.txt
[1.672s] writing entry points to ../../build/my_py_pkg/my_py_pkg.egg-info/entry_points.txt
[1.672s] writing requirements to ../../build/my_py_pkg/my_py_pkg.egg-info/requires.txt
[1.673s] writing top-level names to ../../build/my_py_pkg/my_py_pkg.egg-info/top_level.txt
[1.675s] reading manifest file '../../build/my_py_pkg/my_py_pkg.egg-info/SOURCES.txt'
[1.676s] writing manifest file '../../build/my_py_pkg/my_py_pkg.egg-info/SOURCES.txt'
[1.676s] running build
[1.676s] running build_py
[1.677s] copying my_py_pkg/activity_pub.py -> /home/saeesh/ros2_ws/build/my_py_pkg/build/lib/my_py_pkg
[1.677s] running install
[1.677s] running install_lib
[1.679s] copying /home/saeesh/ros2_ws/build/my_py_pkg/build/lib/my_py_pkg/activity_pub.py -> /home/saeesh/ros2_ws/install/my_py_pkg/lib/python3.10/site-packages/my_py_pkg
[1.680s] byte-compiling /home/saeesh/ros2_ws/install/my_py_pkg/lib/python3.10/site-packages/my_py_pkg/activity_pub.py to activity_pub.cpython-310.pyc
[1.681s] running install_data
[1.681s] running install_egg_info
[1.685s] removing '/home/saeesh/ros2_ws/install/my_py_pkg/lib/python3.10/site-packages/my_py_pkg-0.0.0-py3.10.egg-info' (and everything under it)
[1.686s] Copying ../../build/my_py_pkg/my_py_pkg.egg-info to /home/saeesh/ros2_ws/install/my_py_pkg/lib/python3.10/site-packages/my_py_pkg-0.0.0-py3.10.egg-info
[1.686s] running install_scripts
[1.710s] Installing activity_pub script to /home/saeesh/ros2_ws/install/my_py_pkg/lib/my_py_pkg
[1.711s] Installing activity_sub script to /home/saeesh/ros2_ws/install/my_py_pkg/lib/my_py_pkg
[1.711s] Installing py_node script to /home/saeesh/ros2_ws/install/my_py_pkg/lib/my_py_pkg
[1.711s] Installing robo_news script to /home/saeesh/ros2_ws/install/my_py_pkg/lib/my_py_pkg
[1.711s] Installing smartphone script to /home/saeesh/ros2_ws/install/my_py_pkg/lib/my_py_pkg
[1.711s] writing list of installed files to '/home/saeesh/ros2_ws/build/my_py_pkg/install.log'
[1.760s] Invoked command in '/home/saeesh/ros2_ws/src/my_py_pkg' returned '0': PYTHONPATH=/home/saeesh/ros2_ws/build/my_py_pkg/prefix_override:/home/saeesh/ros2_ws/install/my_py_pkg/lib/python3.10/site-packages:${PYTHONPATH} /usr/bin/python3 setup.py egg_info --egg-base ../../build/my_py_pkg build --build-base /home/saeesh/ros2_ws/build/my_py_pkg/build install --record /home/saeesh/ros2_ws/build/my_py_pkg/install.log --single-version-externally-managed
